[ 2020-03-19T14:02:31+08:00 ] ::1 /chikwong/NewRPJ/index.php/home/about/about
INFO: [ app_init ] --START--
INFO: Run Behavior\BuildLiteBehavior [ RunTime:0.000015s ]
INFO: [ app_init ] --END-- [ RunTime:0.000412s ]
INFO: [ app_begin ] --START--
INFO: Run Behavior\ReadHtmlCacheBehavior [ RunTime:0.000433s ]
INFO: [ app_begin ] --END-- [ RunTime:0.000485s ]
SQL: SHOW COLUMNS FROM `rpj_company` [ RunTime:0.0532s ]
SQL: SHOW COLUMNS FROM `rpj_product` [ RunTime:0.0530s ]
SQL: SHOW COLUMNS FROM `rpj_brand` [ RunTime:0.0533s ]
SQL: select rpj_product.category_id,
                                            rpj_procategory.category_name
                                from rpj_product
                                inner join rpj_procategory on rpj_product.category_id = rpj_procategory.category_id
                                group by rpj_product.category_id [ RunTime:0.0532s ]
SQL: select rpj_product.brand_id,
                                    rpj_product.category_id,
                                    rpj_brand.brand_name,
                                    rpj_procategory.category_name
                                from rpj_product
                                inner join rpj_brand on rpj_product.brand_id = rpj_brand.brand_id
                                inner join rpj_procategory on rpj_product.category_id = rpj_procategory.category_id
                                group by rpj_product.brand_id,rpj_product.category_id [ RunTime:0.0527s ]
SQL: SELECT * FROM `rpj_company` WHERE `id` = 1 LIMIT 1   [ RunTime:0.0529s ]
SQL: SELECT * FROM `rpj_product`  [ RunTime:0.0526s ]
SQL: SELECT * FROM `rpj_brand`  [ RunTime:0.0527s ]
INFO: [ view_parse ] --START--
INFO: [ template_filter ] --START--
INFO: Run Behavior\ContentReplaceBehavior [ RunTime:0.000149s ]
INFO: [ template_filter ] --END-- [ RunTime:0.000193s ]
INFO: Run Behavior\ParseTemplateBehavior [ RunTime:0.041047s ]
INFO: [ view_parse ] --END-- [ RunTime:0.041115s ]
INFO: [ view_filter ] --START--
INFO: Run Behavior\WriteHtmlCacheBehavior [ RunTime:0.000196s ]
INFO: [ view_filter ] --END-- [ RunTime:0.000224s ]
INFO: [ app_end ] --START--
INFO: Run Behavior\ShowPageTraceBehavior [ RunTime:0.001054s ]
INFO: [ app_end ] --END-- [ RunTime:0.001131s ]

[ 2020-03-19T14:02:40+08:00 ] ::1 /chikwong/NewRPJ/index.php/home/product/product
INFO: [ app_init ] --START--
INFO: Run Behavior\BuildLiteBehavior [ RunTime:0.000012s ]
INFO: [ app_init ] --END-- [ RunTime:0.000306s ]
INFO: [ app_begin ] --START--
INFO: Run Behavior\ReadHtmlCacheBehavior [ RunTime:0.000573s ]
INFO: [ app_begin ] --END-- [ RunTime:0.000639s ]
SQL: SHOW COLUMNS FROM `rpj_company` [ RunTime:0.0537s ]
SQL: SHOW COLUMNS FROM `rpj_product` [ RunTime:0.0539s ]
SQL: SHOW COLUMNS FROM `rpj_brand` [ RunTime:0.0526s ]
SQL: select rpj_product.category_id,
                                            rpj_procategory.category_name
                                from rpj_product
                                inner join rpj_procategory on rpj_product.category_id = rpj_procategory.category_id
                                group by rpj_product.category_id [ RunTime:0.0534s ]
SQL: select rpj_product.brand_id,
                                    rpj_product.category_id,
                                    rpj_brand.brand_name,
                                    rpj_procategory.category_name
                                from rpj_product
                                inner join rpj_brand on rpj_product.brand_id = rpj_brand.brand_id
                                inner join rpj_procategory on rpj_product.category_id = rpj_procategory.category_id
                                group by rpj_product.brand_id,rpj_product.category_id [ RunTime:0.0529s ]
SQL: SELECT * FROM `rpj_company` WHERE `id` = 1 LIMIT 1   [ RunTime:0.0531s ]
SQL: SELECT * FROM `rpj_product`  [ RunTime:0.0522s ]
SQL: SELECT * FROM `rpj_brand`  [ RunTime:0.0529s ]
INFO: [ view_parse ] --START--
INFO: [ template_filter ] --START--
INFO: Run Behavior\ContentReplaceBehavior [ RunTime:0.000247s ]
INFO: [ template_filter ] --END-- [ RunTime:0.000290s ]
INFO: Run Behavior\ParseTemplateBehavior [ RunTime:0.052416s ]
INFO: [ view_parse ] --END-- [ RunTime:0.052517s ]
INFO: [ view_filter ] --START--
INFO: Run Behavior\WriteHtmlCacheBehavior [ RunTime:0.000433s ]
INFO: [ view_filter ] --END-- [ RunTime:0.000469s ]
INFO: [ app_end ] --START--
INFO: Run Behavior\ShowPageTraceBehavior [ RunTime:0.000835s ]
INFO: [ app_end ] --END-- [ RunTime:0.000916s ]

