[ 2020-03-16T21:23:36+08:00 ] ::1 /NewRPJ/index.php/home/about/about
INFO: [ app_init ] --START--
INFO: Run Behavior\BuildLiteBehavior [ RunTime:0.000016s ]
INFO: [ app_init ] --END-- [ RunTime:0.000442s ]
INFO: [ app_begin ] --START--
INFO: Run Behavior\ReadHtmlCacheBehavior [ RunTime:0.000514s ]
INFO: [ app_begin ] --END-- [ RunTime:0.000545s ]
SQL: SHOW COLUMNS FROM `rpj_company` [ RunTime:0.0437s ]
SQL: SHOW COLUMNS FROM `rpj_product` [ RunTime:0.0426s ]
SQL: SHOW COLUMNS FROM `rpj_brand` [ RunTime:0.0427s ]
SQL: select rpj_product.category_id,
                                            rpj_procategory.category_name
                                from rpj_product
                                inner join rpj_procategory on rpj_product.category_id = rpj_procategory.category_id
                                group by rpj_product.category_id [ RunTime:0.0425s ]
SQL: select rpj_product.brand_id,
                                    rpj_product.category_id,
                                    rpj_brand.brand_name,
                                    rpj_procategory.category_name
                                from rpj_product
                                inner join rpj_brand on rpj_product.brand_id = rpj_brand.brand_id
                                inner join rpj_procategory on rpj_product.category_id = rpj_procategory.category_id
                                group by rpj_product.brand_id,rpj_product.category_id [ RunTime:0.0429s ]
SQL: SELECT * FROM `rpj_company` WHERE `id` = 1 LIMIT 1   [ RunTime:0.0428s ]
SQL: SELECT * FROM `rpj_product`  [ RunTime:0.0425s ]
SQL: SELECT * FROM `rpj_brand`  [ RunTime:0.0422s ]
INFO: [ view_parse ] --START--
INFO: [ template_filter ] --START--
INFO: Run Behavior\ContentReplaceBehavior [ RunTime:0.000190s ]
INFO: [ template_filter ] --END-- [ RunTime:0.000230s ]
INFO: Run Behavior\ParseTemplateBehavior [ RunTime:0.021551s ]
INFO: [ view_parse ] --END-- [ RunTime:0.021584s ]
INFO: [ view_filter ] --START--
INFO: Run Behavior\WriteHtmlCacheBehavior [ RunTime:0.000239s ]
INFO: [ view_filter ] --END-- [ RunTime:0.000264s ]
INFO: [ app_end ] --START--
INFO: Run Behavior\ShowPageTraceBehavior [ RunTime:0.000582s ]
INFO: [ app_end ] --END-- [ RunTime:0.000612s ]

[ 2020-03-16T21:23:52+08:00 ] ::1 /NewRPJ/index.php/home/product/product
INFO: [ app_init ] --START--
INFO: Run Behavior\BuildLiteBehavior [ RunTime:0.000016s ]
INFO: [ app_init ] --END-- [ RunTime:0.000439s ]
INFO: [ app_begin ] --START--
INFO: Run Behavior\ReadHtmlCacheBehavior [ RunTime:0.000520s ]
INFO: [ app_begin ] --END-- [ RunTime:0.000551s ]
SQL: SHOW COLUMNS FROM `rpj_company` [ RunTime:0.0422s ]
SQL: SHOW COLUMNS FROM `rpj_product` [ RunTime:0.0421s ]
SQL: SHOW COLUMNS FROM `rpj_brand` [ RunTime:0.0421s ]
SQL: select rpj_product.category_id,
                                            rpj_procategory.category_name
                                from rpj_product
                                inner join rpj_procategory on rpj_product.category_id = rpj_procategory.category_id
                                group by rpj_product.category_id [ RunTime:0.0419s ]
SQL: select rpj_product.brand_id,
                                    rpj_product.category_id,
                                    rpj_brand.brand_name,
                                    rpj_procategory.category_name
                                from rpj_product
                                inner join rpj_brand on rpj_product.brand_id = rpj_brand.brand_id
                                inner join rpj_procategory on rpj_product.category_id = rpj_procategory.category_id
                                group by rpj_product.brand_id,rpj_product.category_id [ RunTime:0.0422s ]
SQL: SELECT * FROM `rpj_company` WHERE `id` = 1 LIMIT 1   [ RunTime:0.0425s ]
SQL: SELECT * FROM `rpj_product`  [ RunTime:0.0422s ]
SQL: SELECT * FROM `rpj_brand`  [ RunTime:0.0417s ]
INFO: [ view_parse ] --START--
INFO: [ template_filter ] --START--
INFO: Run Behavior\ContentReplaceBehavior [ RunTime:0.000327s ]
INFO: [ template_filter ] --END-- [ RunTime:0.000367s ]
INFO: Run Behavior\ParseTemplateBehavior [ RunTime:0.031640s ]
INFO: [ view_parse ] --END-- [ RunTime:0.031675s ]
INFO: [ view_filter ] --START--
INFO: Run Behavior\WriteHtmlCacheBehavior [ RunTime:0.000247s ]
INFO: [ view_filter ] --END-- [ RunTime:0.000271s ]
INFO: [ app_end ] --START--
INFO: Run Behavior\ShowPageTraceBehavior [ RunTime:0.001123s ]
INFO: [ app_end ] --END-- [ RunTime:0.001224s ]

