[ 2020-05-28T09:38:58+08:00 ] ::1 /chikwong/NewRPJ/index.php/home/index/index
INFO: [ app_init ] --START--
INFO: Run Behavior\BuildLiteBehavior [ RunTime:0.000030s ]
INFO: [ app_init ] --END-- [ RunTime:0.004000s ]
INFO: [ app_begin ] --START--
INFO: Run Behavior\ReadHtmlCacheBehavior [ RunTime:0.000432s ]
INFO: [ app_begin ] --END-- [ RunTime:0.000476s ]
SQL: SHOW COLUMNS FROM `rpj_company` [ RunTime:0.0551s ]
SQL: SHOW COLUMNS FROM `rpj_brand` [ RunTime:0.0549s ]
SQL: select distinct rpj_product.category_id,
                                                     rpj_procategory.category_name
                                     from rpj_product
                                     inner join rpj_procategory on rpj_product.category_id = rpj_procategory.category_id
                                     group by rpj_product.category_id [ RunTime:0.0700s ]
SQL: select distinct rpj_product.brand_id,
                                             rpj_product.category_id,
                                             brand_name
                            from rpj_product
                            inner join rpj_brand
                            on rpj_brand.brand_id = rpj_product.brand_id [ RunTime:0.0555s ]
SQL: SELECT * FROM `rpj_company` WHERE `id` = 1 LIMIT 1   [ RunTime:0.0540s ]
SQL: select * from rpj_product
                                  inner join rpj_procategory on rpj_product.category_id = rpj_procategory.category_id
                                  inner join rpj_brand       on rpj_product.brand_id    = rpj_brand.brand_id [ RunTime:0.0546s ]
SQL: SELECT * FROM `rpj_brand`  [ RunTime:0.0530s ]
INFO: [ view_parse ] --START--
INFO: [ template_filter ] --START--
INFO: Run Behavior\ContentReplaceBehavior [ RunTime:0.002367s ]
INFO: [ template_filter ] --END-- [ RunTime:0.002429s ]
NOTIC: [8] Use of undefined constant brand_id - assumed 'brand_id' D:\xampp\htdocs\chikwong\NewRPJ\Application\Runtime\Cache\Home\2a94b8bda04ff446dcedd42276fc99ee.php 第 95 行.
NOTIC: [8] Use of undefined constant product_id - assumed 'product_id' D:\xampp\htdocs\chikwong\NewRPJ\Application\Runtime\Cache\Home\2a94b8bda04ff446dcedd42276fc99ee.php 第 97 行.
NOTIC: [8] Use of undefined constant brand_id - assumed 'brand_id' D:\xampp\htdocs\chikwong\NewRPJ\Application\Runtime\Cache\Home\2a94b8bda04ff446dcedd42276fc99ee.php 第 95 行.
NOTIC: [8] Use of undefined constant product_id - assumed 'product_id' D:\xampp\htdocs\chikwong\NewRPJ\Application\Runtime\Cache\Home\2a94b8bda04ff446dcedd42276fc99ee.php 第 97 行.
NOTIC: [8] Use of undefined constant brand_id - assumed 'brand_id' D:\xampp\htdocs\chikwong\NewRPJ\Application\Runtime\Cache\Home\2a94b8bda04ff446dcedd42276fc99ee.php 第 95 行.
NOTIC: [8] Use of undefined constant product_id - assumed 'product_id' D:\xampp\htdocs\chikwong\NewRPJ\Application\Runtime\Cache\Home\2a94b8bda04ff446dcedd42276fc99ee.php 第 97 行.
NOTIC: [8] Use of undefined constant category_id - assumed 'category_id' D:\xampp\htdocs\chikwong\NewRPJ\Application\Runtime\Cache\Home\2a94b8bda04ff446dcedd42276fc99ee.php 第 137 行.
NOTIC: [8] Use of undefined constant brand_id - assumed 'brand_id' D:\xampp\htdocs\chikwong\NewRPJ\Application\Runtime\Cache\Home\2a94b8bda04ff446dcedd42276fc99ee.php 第 140 行.
NOTIC: [8] Use of undefined constant product_id - assumed 'product_id' D:\xampp\htdocs\chikwong\NewRPJ\Application\Runtime\Cache\Home\2a94b8bda04ff446dcedd42276fc99ee.php 第 142 行.
NOTIC: [8] Use of undefined constant brand_id - assumed 'brand_id' D:\xampp\htdocs\chikwong\NewRPJ\Application\Runtime\Cache\Home\2a94b8bda04ff446dcedd42276fc99ee.php 第 140 行.
NOTIC: [8] Use of undefined constant product_id - assumed 'product_id' D:\xampp\htdocs\chikwong\NewRPJ\Application\Runtime\Cache\Home\2a94b8bda04ff446dcedd42276fc99ee.php 第 142 行.
NOTIC: [8] Use of undefined constant category_id - assumed 'category_id' D:\xampp\htdocs\chikwong\NewRPJ\Application\Runtime\Cache\Home\2a94b8bda04ff446dcedd42276fc99ee.php 第 137 行.
NOTIC: [8] Use of undefined constant brand_id - assumed 'brand_id' D:\xampp\htdocs\chikwong\NewRPJ\Application\Runtime\Cache\Home\2a94b8bda04ff446dcedd42276fc99ee.php 第 140 行.
NOTIC: [8] Use of undefined constant product_id - assumed 'product_id' D:\xampp\htdocs\chikwong\NewRPJ\Application\Runtime\Cache\Home\2a94b8bda04ff446dcedd42276fc99ee.php 第 142 行.
NOTIC: [8] Use of undefined constant product_id - assumed 'product_id' D:\xampp\htdocs\chikwong\NewRPJ\Application\Runtime\Cache\Home\2a94b8bda04ff446dcedd42276fc99ee.php 第 194 行.
NOTIC: [8] Use of undefined constant product_id - assumed 'product_id' D:\xampp\htdocs\chikwong\NewRPJ\Application\Runtime\Cache\Home\2a94b8bda04ff446dcedd42276fc99ee.php 第 194 行.
NOTIC: [8] Undefined index: brand_image D:\xampp\htdocs\chikwong\NewRPJ\Application\Runtime\Cache\Home\2a94b8bda04ff446dcedd42276fc99ee.php 第 355 行.
NOTIC: [8] Undefined index: brand_image D:\xampp\htdocs\chikwong\NewRPJ\Application\Runtime\Cache\Home\2a94b8bda04ff446dcedd42276fc99ee.php 第 355 行.
NOTIC: [8] Undefined index: brand_image D:\xampp\htdocs\chikwong\NewRPJ\Application\Runtime\Cache\Home\2a94b8bda04ff446dcedd42276fc99ee.php 第 355 行.
INFO: Run Behavior\ParseTemplateBehavior [ RunTime:0.080868s ]
INFO: [ view_parse ] --END-- [ RunTime:0.080931s ]
INFO: [ view_filter ] --START--
INFO: Run Behavior\WriteHtmlCacheBehavior [ RunTime:0.000557s ]
INFO: [ view_filter ] --END-- [ RunTime:0.000636s ]
INFO: [ app_end ] --START--
INFO: Run Behavior\ShowPageTraceBehavior [ RunTime:0.000803s ]
INFO: [ app_end ] --END-- [ RunTime:0.000889s ]

[ 2020-05-28T09:39:04+08:00 ] ::1 /chikwong/NewRPJ/index.php/home/attach/attach.html
INFO: [ app_init ] --START--
INFO: Run Behavior\BuildLiteBehavior [ RunTime:0.000008s ]
INFO: [ app_init ] --END-- [ RunTime:0.000282s ]
INFO: [ app_begin ] --START--
INFO: Run Behavior\ReadHtmlCacheBehavior [ RunTime:0.001047s ]
INFO: [ app_begin ] --END-- [ RunTime:0.001274s ]
SQL: SHOW COLUMNS FROM `rpj_company` [ RunTime:0.0528s ]
SQL: SHOW COLUMNS FROM `rpj_product` [ RunTime:0.0536s ]
SQL: SHOW COLUMNS FROM `rpj_brand` [ RunTime:0.0543s ]
SQL: SHOW COLUMNS FROM `rpj_prod_att` [ RunTime:0.0535s ]
SQL: select distinct rpj_product.category_id,
                                                     rpj_procategory.category_name
                                     from rpj_product
                                     inner join rpj_procategory on rpj_product.category_id = rpj_procategory.category_id
                                     group by rpj_product.category_id [ RunTime:0.0525s ]
SQL: select rpj_product.brand_id,
                                      rpj_product.category_id,
                                      rpj_brand.brand_name,
                                      rpj_procategory.category_name
                                from rpj_product
                                inner join rpj_brand on rpj_product.brand_id = rpj_brand.brand_id
                                inner join rpj_procategory on rpj_product.category_id = rpj_procategory.category_id
                                group by rpj_product.brand_id,rpj_product.category_id [ RunTime:0.0534s ]
SQL: SELECT * FROM `rpj_company` WHERE `id` = 1 LIMIT 1   [ RunTime:0.0524s ]
SQL: SELECT * FROM `rpj_product`  [ RunTime:0.0524s ]
SQL: SELECT * FROM `rpj_brand`  [ RunTime:0.0520s ]
SQL: SELECT * FROM `rpj_prod_att`  [ RunTime:0.0519s ]
INFO: [ view_parse ] --START--
INFO: [ template_filter ] --START--
INFO: Run Behavior\ContentReplaceBehavior [ RunTime:0.000182s ]
INFO: [ template_filter ] --END-- [ RunTime:0.000232s ]
NOTIC: [8] Use of undefined constant brand_id - assumed 'brand_id' D:\xampp\htdocs\chikwong\NewRPJ\Application\Runtime\Cache\Home\c6a4fb6a50edf3e182ec96f7e9a5109e.php 第 95 行.
NOTIC: [8] Use of undefined constant product_id - assumed 'product_id' D:\xampp\htdocs\chikwong\NewRPJ\Application\Runtime\Cache\Home\c6a4fb6a50edf3e182ec96f7e9a5109e.php 第 97 行.
NOTIC: [8] Use of undefined constant brand_id - assumed 'brand_id' D:\xampp\htdocs\chikwong\NewRPJ\Application\Runtime\Cache\Home\c6a4fb6a50edf3e182ec96f7e9a5109e.php 第 95 行.
NOTIC: [8] Use of undefined constant product_id - assumed 'product_id' D:\xampp\htdocs\chikwong\NewRPJ\Application\Runtime\Cache\Home\c6a4fb6a50edf3e182ec96f7e9a5109e.php 第 97 行.
NOTIC: [8] Use of undefined constant brand_id - assumed 'brand_id' D:\xampp\htdocs\chikwong\NewRPJ\Application\Runtime\Cache\Home\c6a4fb6a50edf3e182ec96f7e9a5109e.php 第 95 行.
NOTIC: [8] Use of undefined constant product_id - assumed 'product_id' D:\xampp\htdocs\chikwong\NewRPJ\Application\Runtime\Cache\Home\c6a4fb6a50edf3e182ec96f7e9a5109e.php 第 97 行.
NOTIC: [8] Use of undefined constant category_id - assumed 'category_id' D:\xampp\htdocs\chikwong\NewRPJ\Application\Runtime\Cache\Home\c6a4fb6a50edf3e182ec96f7e9a5109e.php 第 137 行.
NOTIC: [8] Use of undefined constant brand_id - assumed 'brand_id' D:\xampp\htdocs\chikwong\NewRPJ\Application\Runtime\Cache\Home\c6a4fb6a50edf3e182ec96f7e9a5109e.php 第 140 行.
NOTIC: [8] Use of undefined constant product_id - assumed 'product_id' D:\xampp\htdocs\chikwong\NewRPJ\Application\Runtime\Cache\Home\c6a4fb6a50edf3e182ec96f7e9a5109e.php 第 142 行.
NOTIC: [8] Use of undefined constant brand_id - assumed 'brand_id' D:\xampp\htdocs\chikwong\NewRPJ\Application\Runtime\Cache\Home\c6a4fb6a50edf3e182ec96f7e9a5109e.php 第 140 行.
NOTIC: [8] Use of undefined constant product_id - assumed 'product_id' D:\xampp\htdocs\chikwong\NewRPJ\Application\Runtime\Cache\Home\c6a4fb6a50edf3e182ec96f7e9a5109e.php 第 142 行.
NOTIC: [8] Use of undefined constant category_id - assumed 'category_id' D:\xampp\htdocs\chikwong\NewRPJ\Application\Runtime\Cache\Home\c6a4fb6a50edf3e182ec96f7e9a5109e.php 第 137 行.
NOTIC: [8] Use of undefined constant brand_id - assumed 'brand_id' D:\xampp\htdocs\chikwong\NewRPJ\Application\Runtime\Cache\Home\c6a4fb6a50edf3e182ec96f7e9a5109e.php 第 140 行.
NOTIC: [8] Use of undefined constant product_id - assumed 'product_id' D:\xampp\htdocs\chikwong\NewRPJ\Application\Runtime\Cache\Home\c6a4fb6a50edf3e182ec96f7e9a5109e.php 第 142 行.
NOTIC: [8] Use of undefined constant product_id - assumed 'product_id' D:\xampp\htdocs\chikwong\NewRPJ\Application\Runtime\Cache\Home\c6a4fb6a50edf3e182ec96f7e9a5109e.php 第 225 行.
INFO: Run Behavior\ParseTemplateBehavior [ RunTime:0.022666s ]
INFO: [ view_parse ] --END-- [ RunTime:0.022733s ]
INFO: [ view_filter ] --START--
INFO: Run Behavior\WriteHtmlCacheBehavior [ RunTime:0.000794s ]
INFO: [ view_filter ] --END-- [ RunTime:0.000864s ]
INFO: [ app_end ] --START--
INFO: Run Behavior\ShowPageTraceBehavior [ RunTime:0.000611s ]
INFO: [ app_end ] --END-- [ RunTime:0.000670s ]

[ 2020-05-28T09:39:04+08:00 ] ::1 /chikwong/NewRPJ/index.php/home/attach/img/blog/blog1.jpg
INFO: [ app_init ] --START--
INFO: Run Behavior\BuildLiteBehavior [ RunTime:0.000049s ]
INFO: [ app_init ] --END-- [ RunTime:0.000447s ]

[ 2020-05-28T09:49:42+08:00 ] ::1 /chikwong/NewRPJ/index.php/home/attach/attach.html
INFO: [ app_init ] --START--
INFO: Run Behavior\BuildLiteBehavior [ RunTime:0.000010s ]
INFO: [ app_init ] --END-- [ RunTime:0.000339s ]
INFO: [ app_begin ] --START--
INFO: Run Behavior\ReadHtmlCacheBehavior [ RunTime:0.000396s ]
INFO: [ app_begin ] --END-- [ RunTime:0.000433s ]
SQL: SHOW COLUMNS FROM `rpj_company` [ RunTime:0.0540s ]
SQL: SHOW COLUMNS FROM `rpj_product` [ RunTime:0.0555s ]
SQL: SHOW COLUMNS FROM `rpj_brand` [ RunTime:0.0550s ]
SQL: SHOW COLUMNS FROM `rpj_prod_att` [ RunTime:0.0537s ]
SQL: select distinct rpj_product.category_id,
                                                     rpj_procategory.category_name
                                     from rpj_product
                                     inner join rpj_procategory on rpj_product.category_id = rpj_procategory.category_id
                                     group by rpj_product.category_id [ RunTime:0.0532s ]
SQL: select rpj_product.brand_id,
                                      rpj_product.category_id,
                                      rpj_brand.brand_name,
                                      rpj_procategory.category_name
                                from rpj_product
                                inner join rpj_brand on rpj_product.brand_id = rpj_brand.brand_id
                                inner join rpj_procategory on rpj_product.category_id = rpj_procategory.category_id
                                group by rpj_product.brand_id,rpj_product.category_id [ RunTime:0.0539s ]
SQL: SELECT * FROM `rpj_company` WHERE `id` = 1 LIMIT 1   [ RunTime:0.0539s ]
SQL: SELECT * FROM `rpj_product`  [ RunTime:0.0541s ]
SQL: SELECT * FROM `rpj_brand`  [ RunTime:0.0536s ]
SQL: SELECT * FROM `rpj_prod_att`  [ RunTime:0.0526s ]
INFO: [ view_parse ] --START--
INFO: [ template_filter ] --START--
INFO: Run Behavior\ContentReplaceBehavior [ RunTime:0.000195s ]
INFO: [ template_filter ] --END-- [ RunTime:0.000248s ]
NOTIC: [8] Use of undefined constant brand_id - assumed 'brand_id' D:\xampp\htdocs\chikwong\NewRPJ\Application\Runtime\Cache\Home\c6a4fb6a50edf3e182ec96f7e9a5109e.php 第 95 行.
NOTIC: [8] Use of undefined constant product_id - assumed 'product_id' D:\xampp\htdocs\chikwong\NewRPJ\Application\Runtime\Cache\Home\c6a4fb6a50edf3e182ec96f7e9a5109e.php 第 97 行.
NOTIC: [8] Use of undefined constant brand_id - assumed 'brand_id' D:\xampp\htdocs\chikwong\NewRPJ\Application\Runtime\Cache\Home\c6a4fb6a50edf3e182ec96f7e9a5109e.php 第 95 行.
NOTIC: [8] Use of undefined constant product_id - assumed 'product_id' D:\xampp\htdocs\chikwong\NewRPJ\Application\Runtime\Cache\Home\c6a4fb6a50edf3e182ec96f7e9a5109e.php 第 97 行.
NOTIC: [8] Use of undefined constant brand_id - assumed 'brand_id' D:\xampp\htdocs\chikwong\NewRPJ\Application\Runtime\Cache\Home\c6a4fb6a50edf3e182ec96f7e9a5109e.php 第 95 行.
NOTIC: [8] Use of undefined constant product_id - assumed 'product_id' D:\xampp\htdocs\chikwong\NewRPJ\Application\Runtime\Cache\Home\c6a4fb6a50edf3e182ec96f7e9a5109e.php 第 97 行.
NOTIC: [8] Use of undefined constant category_id - assumed 'category_id' D:\xampp\htdocs\chikwong\NewRPJ\Application\Runtime\Cache\Home\c6a4fb6a50edf3e182ec96f7e9a5109e.php 第 137 行.
NOTIC: [8] Use of undefined constant brand_id - assumed 'brand_id' D:\xampp\htdocs\chikwong\NewRPJ\Application\Runtime\Cache\Home\c6a4fb6a50edf3e182ec96f7e9a5109e.php 第 140 行.
NOTIC: [8] Use of undefined constant product_id - assumed 'product_id' D:\xampp\htdocs\chikwong\NewRPJ\Application\Runtime\Cache\Home\c6a4fb6a50edf3e182ec96f7e9a5109e.php 第 142 行.
NOTIC: [8] Use of undefined constant brand_id - assumed 'brand_id' D:\xampp\htdocs\chikwong\NewRPJ\Application\Runtime\Cache\Home\c6a4fb6a50edf3e182ec96f7e9a5109e.php 第 140 行.
NOTIC: [8] Use of undefined constant product_id - assumed 'product_id' D:\xampp\htdocs\chikwong\NewRPJ\Application\Runtime\Cache\Home\c6a4fb6a50edf3e182ec96f7e9a5109e.php 第 142 行.
NOTIC: [8] Use of undefined constant category_id - assumed 'category_id' D:\xampp\htdocs\chikwong\NewRPJ\Application\Runtime\Cache\Home\c6a4fb6a50edf3e182ec96f7e9a5109e.php 第 137 行.
NOTIC: [8] Use of undefined constant brand_id - assumed 'brand_id' D:\xampp\htdocs\chikwong\NewRPJ\Application\Runtime\Cache\Home\c6a4fb6a50edf3e182ec96f7e9a5109e.php 第 140 行.
NOTIC: [8] Use of undefined constant product_id - assumed 'product_id' D:\xampp\htdocs\chikwong\NewRPJ\Application\Runtime\Cache\Home\c6a4fb6a50edf3e182ec96f7e9a5109e.php 第 142 行.
NOTIC: [8] Use of undefined constant product_id - assumed 'product_id' D:\xampp\htdocs\chikwong\NewRPJ\Application\Runtime\Cache\Home\c6a4fb6a50edf3e182ec96f7e9a5109e.php 第 225 行.
INFO: Run Behavior\ParseTemplateBehavior [ RunTime:0.029797s ]
INFO: [ view_parse ] --END-- [ RunTime:0.029856s ]
INFO: [ view_filter ] --START--
INFO: Run Behavior\WriteHtmlCacheBehavior [ RunTime:0.000353s ]
INFO: [ view_filter ] --END-- [ RunTime:0.000386s ]
INFO: [ app_end ] --START--
INFO: Run Behavior\ShowPageTraceBehavior [ RunTime:0.000611s ]
INFO: [ app_end ] --END-- [ RunTime:0.000665s ]

[ 2020-05-28T09:49:43+08:00 ] ::1 /chikwong/NewRPJ/index.php/home/attach/attach.html
INFO: [ app_init ] --START--
INFO: Run Behavior\BuildLiteBehavior [ RunTime:0.000009s ]
INFO: [ app_init ] --END-- [ RunTime:0.000266s ]
INFO: [ app_begin ] --START--
INFO: Run Behavior\ReadHtmlCacheBehavior [ RunTime:0.000379s ]
INFO: [ app_begin ] --END-- [ RunTime:0.000423s ]
SQL: SHOW COLUMNS FROM `rpj_company` [ RunTime:0.0525s ]
SQL: SHOW COLUMNS FROM `rpj_product` [ RunTime:0.0527s ]
SQL: SHOW COLUMNS FROM `rpj_brand` [ RunTime:0.0522s ]
SQL: SHOW COLUMNS FROM `rpj_prod_att` [ RunTime:0.0517s ]
SQL: select distinct rpj_product.category_id,
                                                     rpj_procategory.category_name
                                     from rpj_product
                                     inner join rpj_procategory on rpj_product.category_id = rpj_procategory.category_id
                                     group by rpj_product.category_id [ RunTime:0.0520s ]
SQL: select rpj_product.brand_id,
                                      rpj_product.category_id,
                                      rpj_brand.brand_name,
                                      rpj_procategory.category_name
                                from rpj_product
                                inner join rpj_brand on rpj_product.brand_id = rpj_brand.brand_id
                                inner join rpj_procategory on rpj_product.category_id = rpj_procategory.category_id
                                group by rpj_product.brand_id,rpj_product.category_id [ RunTime:0.0521s ]
SQL: SELECT * FROM `rpj_company` WHERE `id` = 1 LIMIT 1   [ RunTime:0.0527s ]
SQL: SELECT * FROM `rpj_product`  [ RunTime:0.0522s ]
SQL: SELECT * FROM `rpj_brand`  [ RunTime:0.0516s ]
SQL: SELECT * FROM `rpj_prod_att`  [ RunTime:0.0521s ]
INFO: [ view_parse ] --START--
INFO: [ template_filter ] --START--
INFO: Run Behavior\ContentReplaceBehavior [ RunTime:0.000216s ]
INFO: [ template_filter ] --END-- [ RunTime:0.000277s ]
NOTIC: [8] Use of undefined constant brand_id - assumed 'brand_id' D:\xampp\htdocs\chikwong\NewRPJ\Application\Runtime\Cache\Home\c6a4fb6a50edf3e182ec96f7e9a5109e.php 第 95 行.
NOTIC: [8] Use of undefined constant product_id - assumed 'product_id' D:\xampp\htdocs\chikwong\NewRPJ\Application\Runtime\Cache\Home\c6a4fb6a50edf3e182ec96f7e9a5109e.php 第 97 行.
NOTIC: [8] Use of undefined constant brand_id - assumed 'brand_id' D:\xampp\htdocs\chikwong\NewRPJ\Application\Runtime\Cache\Home\c6a4fb6a50edf3e182ec96f7e9a5109e.php 第 95 行.
NOTIC: [8] Use of undefined constant product_id - assumed 'product_id' D:\xampp\htdocs\chikwong\NewRPJ\Application\Runtime\Cache\Home\c6a4fb6a50edf3e182ec96f7e9a5109e.php 第 97 行.
NOTIC: [8] Use of undefined constant brand_id - assumed 'brand_id' D:\xampp\htdocs\chikwong\NewRPJ\Application\Runtime\Cache\Home\c6a4fb6a50edf3e182ec96f7e9a5109e.php 第 95 行.
NOTIC: [8] Use of undefined constant product_id - assumed 'product_id' D:\xampp\htdocs\chikwong\NewRPJ\Application\Runtime\Cache\Home\c6a4fb6a50edf3e182ec96f7e9a5109e.php 第 97 行.
NOTIC: [8] Use of undefined constant category_id - assumed 'category_id' D:\xampp\htdocs\chikwong\NewRPJ\Application\Runtime\Cache\Home\c6a4fb6a50edf3e182ec96f7e9a5109e.php 第 137 行.
NOTIC: [8] Use of undefined constant brand_id - assumed 'brand_id' D:\xampp\htdocs\chikwong\NewRPJ\Application\Runtime\Cache\Home\c6a4fb6a50edf3e182ec96f7e9a5109e.php 第 140 行.
NOTIC: [8] Use of undefined constant product_id - assumed 'product_id' D:\xampp\htdocs\chikwong\NewRPJ\Application\Runtime\Cache\Home\c6a4fb6a50edf3e182ec96f7e9a5109e.php 第 142 行.
NOTIC: [8] Use of undefined constant brand_id - assumed 'brand_id' D:\xampp\htdocs\chikwong\NewRPJ\Application\Runtime\Cache\Home\c6a4fb6a50edf3e182ec96f7e9a5109e.php 第 140 行.
NOTIC: [8] Use of undefined constant product_id - assumed 'product_id' D:\xampp\htdocs\chikwong\NewRPJ\Application\Runtime\Cache\Home\c6a4fb6a50edf3e182ec96f7e9a5109e.php 第 142 行.
NOTIC: [8] Use of undefined constant category_id - assumed 'category_id' D:\xampp\htdocs\chikwong\NewRPJ\Application\Runtime\Cache\Home\c6a4fb6a50edf3e182ec96f7e9a5109e.php 第 137 行.
NOTIC: [8] Use of undefined constant brand_id - assumed 'brand_id' D:\xampp\htdocs\chikwong\NewRPJ\Application\Runtime\Cache\Home\c6a4fb6a50edf3e182ec96f7e9a5109e.php 第 140 行.
NOTIC: [8] Use of undefined constant product_id - assumed 'product_id' D:\xampp\htdocs\chikwong\NewRPJ\Application\Runtime\Cache\Home\c6a4fb6a50edf3e182ec96f7e9a5109e.php 第 142 行.
NOTIC: [8] Use of undefined constant product_id - assumed 'product_id' D:\xampp\htdocs\chikwong\NewRPJ\Application\Runtime\Cache\Home\c6a4fb6a50edf3e182ec96f7e9a5109e.php 第 225 行.
INFO: Run Behavior\ParseTemplateBehavior [ RunTime:0.035622s ]
INFO: [ view_parse ] --END-- [ RunTime:0.035706s ]
INFO: [ view_filter ] --START--
INFO: Run Behavior\WriteHtmlCacheBehavior [ RunTime:0.000365s ]
INFO: [ view_filter ] --END-- [ RunTime:0.000400s ]
INFO: [ app_end ] --START--
INFO: Run Behavior\ShowPageTraceBehavior [ RunTime:0.000722s ]
INFO: [ app_end ] --END-- [ RunTime:0.000788s ]

[ 2020-05-28T09:49:43+08:00 ] ::1 /chikwong/NewRPJ/index.php/home/attach/img/blog/blog1.jpg
INFO: [ app_init ] --START--
INFO: Run Behavior\BuildLiteBehavior [ RunTime:0.000013s ]
INFO: [ app_init ] --END-- [ RunTime:0.000353s ]

[ 2020-05-28T10:42:46+08:00 ] ::1 /chikwong/NewRPJ/index.php/home/attach/attach.html
INFO: [ app_init ] --START--
INFO: Run Behavior\BuildLiteBehavior [ RunTime:0.000009s ]
INFO: [ app_init ] --END-- [ RunTime:0.000403s ]
INFO: [ app_begin ] --START--
INFO: Run Behavior\ReadHtmlCacheBehavior [ RunTime:0.000400s ]
INFO: [ app_begin ] --END-- [ RunTime:0.000439s ]
SQL: SHOW COLUMNS FROM `rpj_company` [ RunTime:0.0548s ]
SQL: SHOW COLUMNS FROM `rpj_product` [ RunTime:0.0540s ]
SQL: SHOW COLUMNS FROM `rpj_brand` [ RunTime:0.0534s ]
SQL: SHOW COLUMNS FROM `rpj_prod_att` [ RunTime:0.0534s ]
SQL: SELECT COUNT(product_id) AS tp_count FROM `rpj_prod_att` LIMIT 1   [ RunTime:0.0525s ]

[ 2020-05-28T10:51:40+08:00 ] ::1 /chikwong/NewRPJ/index.php/home/attach/attach.html
INFO: [ app_init ] --START--
INFO: Run Behavior\BuildLiteBehavior [ RunTime:0.000008s ]
INFO: [ app_init ] --END-- [ RunTime:0.000291s ]
INFO: [ app_begin ] --START--
INFO: Run Behavior\ReadHtmlCacheBehavior [ RunTime:0.000504s ]
INFO: [ app_begin ] --END-- [ RunTime:0.000538s ]
SQL: SHOW COLUMNS FROM `rpj_company` [ RunTime:0.0529s ]
SQL: SHOW COLUMNS FROM `rpj_product` [ RunTime:0.0532s ]
SQL: SHOW COLUMNS FROM `rpj_brand` [ RunTime:0.0529s ]
SQL: SHOW COLUMNS FROM `rpj_prod_att` [ RunTime:0.0533s ]
SQL: SELECT COUNT(product_id) AS tp_count FROM `rpj_prod_att` LIMIT 1   [ RunTime:0.0516s ]

[ 2020-05-28T10:58:06+08:00 ] ::1 /chikwong/NewRPJ/index.php/home/attach/attach.html
INFO: [ app_init ] --START--
INFO: Run Behavior\BuildLiteBehavior [ RunTime:0.000010s ]
INFO: [ app_init ] --END-- [ RunTime:0.000983s ]
INFO: [ app_begin ] --START--
INFO: Run Behavior\ReadHtmlCacheBehavior [ RunTime:0.000512s ]
INFO: [ app_begin ] --END-- [ RunTime:0.000547s ]
SQL: SHOW COLUMNS FROM `rpj_company` [ RunTime:0.0542s ]
SQL: SHOW COLUMNS FROM `rpj_product` [ RunTime:0.0537s ]
SQL: SHOW COLUMNS FROM `rpj_brand` [ RunTime:0.0534s ]
SQL: SHOW COLUMNS FROM `rpj_prod_att` [ RunTime:0.0535s ]
SQL: SELECT `product_id`,count(product_id) FROM `rpj_prod_att` GROUP BY product_id  [ RunTime:0.0535s ]

[ 2020-05-28T10:58:28+08:00 ] ::1 /chikwong/NewRPJ/index.php/home/attach/attach.html
INFO: [ app_init ] --START--
INFO: Run Behavior\BuildLiteBehavior [ RunTime:0.000009s ]
INFO: [ app_init ] --END-- [ RunTime:0.000289s ]
INFO: [ app_begin ] --START--
INFO: Run Behavior\ReadHtmlCacheBehavior [ RunTime:0.000496s ]
INFO: [ app_begin ] --END-- [ RunTime:0.000531s ]
SQL: SHOW COLUMNS FROM `rpj_company` [ RunTime:0.0527s ]
SQL: SHOW COLUMNS FROM `rpj_product` [ RunTime:0.0539s ]
SQL: SHOW COLUMNS FROM `rpj_brand` [ RunTime:0.0538s ]
SQL: SHOW COLUMNS FROM `rpj_prod_att` [ RunTime:0.0536s ]
SQL: SELECT `product_id`,count(product_id) as count FROM `rpj_prod_att` GROUP BY product_id  [ RunTime:0.0526s ]

[ 2020-05-28T11:02:15+08:00 ] ::1 /chikwong/NewRPJ/index.php/home/attach/attach.html
INFO: [ app_init ] --START--
INFO: Run Behavior\BuildLiteBehavior [ RunTime:0.000114s ]
INFO: [ app_init ] --END-- [ RunTime:0.001202s ]
INFO: [ app_begin ] --START--
INFO: Run Behavior\ReadHtmlCacheBehavior [ RunTime:0.000532s ]
INFO: [ app_begin ] --END-- [ RunTime:0.000571s ]
SQL: SHOW COLUMNS FROM `rpj_company` [ RunTime:0.0533s ]
SQL: SHOW COLUMNS FROM `rpj_product` [ RunTime:0.0537s ]
SQL: SHOW COLUMNS FROM `rpj_brand` [ RunTime:0.0530s ]
SQL: SHOW COLUMNS FROM `rpj_prod_att` [ RunTime:0.0525s ]
SQL: SELECT `product_id`,count(product_id) as count FROM `rpj_prod_att` GROUP BY product_id  [ RunTime:0.0539s ]
SQL: select distinct rpj_product.category_id,
                                                     rpj_procategory.category_name
                                     from rpj_product
                                     inner join rpj_procategory on rpj_product.category_id = rpj_procategory.category_id
                                     group by rpj_product.category_id [ RunTime:0.0530s ]
SQL: select rpj_product.brand_id,
                                      rpj_product.category_id,
                                      rpj_brand.brand_name,
                                      rpj_procategory.category_name
                                from rpj_product
                                inner join rpj_brand on rpj_product.brand_id = rpj_brand.brand_id
                                inner join rpj_procategory on rpj_product.category_id = rpj_procategory.category_id
                                group by rpj_product.brand_id,rpj_product.category_id [ RunTime:0.0525s ]
SQL: SELECT * FROM `rpj_company` WHERE `id` = 1 LIMIT 1   [ RunTime:0.0522s ]
SQL: SELECT * FROM `rpj_product`  [ RunTime:0.0529s ]
SQL: SELECT * FROM `rpj_brand`  [ RunTime:0.0525s ]
SQL: SELECT * FROM `rpj_prod_att`  [ RunTime:0.0523s ]
INFO: [ view_parse ] --START--
INFO: [ template_filter ] --START--
INFO: Run Behavior\ContentReplaceBehavior [ RunTime:0.000176s ]
INFO: [ template_filter ] --END-- [ RunTime:0.000264s ]
NOTIC: [8] Use of undefined constant brand_id - assumed 'brand_id' D:\xampp\htdocs\chikwong\NewRPJ\Application\Runtime\Cache\Home\c6a4fb6a50edf3e182ec96f7e9a5109e.php 第 95 行.
NOTIC: [8] Use of undefined constant product_id - assumed 'product_id' D:\xampp\htdocs\chikwong\NewRPJ\Application\Runtime\Cache\Home\c6a4fb6a50edf3e182ec96f7e9a5109e.php 第 97 行.
NOTIC: [8] Use of undefined constant brand_id - assumed 'brand_id' D:\xampp\htdocs\chikwong\NewRPJ\Application\Runtime\Cache\Home\c6a4fb6a50edf3e182ec96f7e9a5109e.php 第 95 行.
NOTIC: [8] Use of undefined constant product_id - assumed 'product_id' D:\xampp\htdocs\chikwong\NewRPJ\Application\Runtime\Cache\Home\c6a4fb6a50edf3e182ec96f7e9a5109e.php 第 97 行.
NOTIC: [8] Use of undefined constant brand_id - assumed 'brand_id' D:\xampp\htdocs\chikwong\NewRPJ\Application\Runtime\Cache\Home\c6a4fb6a50edf3e182ec96f7e9a5109e.php 第 95 行.
NOTIC: [8] Use of undefined constant product_id - assumed 'product_id' D:\xampp\htdocs\chikwong\NewRPJ\Application\Runtime\Cache\Home\c6a4fb6a50edf3e182ec96f7e9a5109e.php 第 97 行.
NOTIC: [8] Use of undefined constant category_id - assumed 'category_id' D:\xampp\htdocs\chikwong\NewRPJ\Application\Runtime\Cache\Home\c6a4fb6a50edf3e182ec96f7e9a5109e.php 第 137 行.
NOTIC: [8] Use of undefined constant brand_id - assumed 'brand_id' D:\xampp\htdocs\chikwong\NewRPJ\Application\Runtime\Cache\Home\c6a4fb6a50edf3e182ec96f7e9a5109e.php 第 140 行.
NOTIC: [8] Use of undefined constant product_id - assumed 'product_id' D:\xampp\htdocs\chikwong\NewRPJ\Application\Runtime\Cache\Home\c6a4fb6a50edf3e182ec96f7e9a5109e.php 第 142 行.
NOTIC: [8] Use of undefined constant brand_id - assumed 'brand_id' D:\xampp\htdocs\chikwong\NewRPJ\Application\Runtime\Cache\Home\c6a4fb6a50edf3e182ec96f7e9a5109e.php 第 140 行.
NOTIC: [8] Use of undefined constant product_id - assumed 'product_id' D:\xampp\htdocs\chikwong\NewRPJ\Application\Runtime\Cache\Home\c6a4fb6a50edf3e182ec96f7e9a5109e.php 第 142 行.
NOTIC: [8] Use of undefined constant category_id - assumed 'category_id' D:\xampp\htdocs\chikwong\NewRPJ\Application\Runtime\Cache\Home\c6a4fb6a50edf3e182ec96f7e9a5109e.php 第 137 行.
NOTIC: [8] Use of undefined constant brand_id - assumed 'brand_id' D:\xampp\htdocs\chikwong\NewRPJ\Application\Runtime\Cache\Home\c6a4fb6a50edf3e182ec96f7e9a5109e.php 第 140 行.
NOTIC: [8] Use of undefined constant product_id - assumed 'product_id' D:\xampp\htdocs\chikwong\NewRPJ\Application\Runtime\Cache\Home\c6a4fb6a50edf3e182ec96f7e9a5109e.php 第 142 行.
NOTIC: [8] Use of undefined constant product_id - assumed 'product_id' D:\xampp\htdocs\chikwong\NewRPJ\Application\Runtime\Cache\Home\c6a4fb6a50edf3e182ec96f7e9a5109e.php 第 225 行.
NOTIC: [8] Use of undefined constant product_id - assumed 'product_id' D:\xampp\htdocs\chikwong\NewRPJ\Application\Runtime\Cache\Home\c6a4fb6a50edf3e182ec96f7e9a5109e.php 第 225 行.
NOTIC: [8] Use of undefined constant product_id - assumed 'product_id' D:\xampp\htdocs\chikwong\NewRPJ\Application\Runtime\Cache\Home\c6a4fb6a50edf3e182ec96f7e9a5109e.php 第 258 行.
NOTIC: [8] Use of undefined constant product_id - assumed 'product_id' D:\xampp\htdocs\chikwong\NewRPJ\Application\Runtime\Cache\Home\c6a4fb6a50edf3e182ec96f7e9a5109e.php 第 258 行.
NOTIC: [8] Use of undefined constant product_id - assumed 'product_id' D:\xampp\htdocs\chikwong\NewRPJ\Application\Runtime\Cache\Home\c6a4fb6a50edf3e182ec96f7e9a5109e.php 第 258 行.
INFO: Run Behavior\ParseTemplateBehavior [ RunTime:0.037378s ]
INFO: [ view_parse ] --END-- [ RunTime:0.037483s ]
INFO: [ view_filter ] --START--
INFO: Run Behavior\WriteHtmlCacheBehavior [ RunTime:0.000973s ]
INFO: [ view_filter ] --END-- [ RunTime:0.001027s ]
INFO: [ app_end ] --START--
INFO: Run Behavior\ShowPageTraceBehavior [ RunTime:0.000738s ]
INFO: [ app_end ] --END-- [ RunTime:0.000821s ]

[ 2020-05-28T11:02:16+08:00 ] ::1 /chikwong/NewRPJ/index.php/home/attach/img/blog/blog1.jpg
INFO: [ app_init ] --START--
INFO: Run Behavior\BuildLiteBehavior [ RunTime:0.000015s ]
INFO: [ app_init ] --END-- [ RunTime:0.000537s ]

[ 2020-05-28T11:04:18+08:00 ] ::1 /chikwong/NewRPJ/index.php/home/attach/attach.html
INFO: [ app_init ] --START--
INFO: Run Behavior\BuildLiteBehavior [ RunTime:0.000008s ]
INFO: [ app_init ] --END-- [ RunTime:0.000286s ]
INFO: [ app_begin ] --START--
INFO: Run Behavior\ReadHtmlCacheBehavior [ RunTime:0.000532s ]
INFO: [ app_begin ] --END-- [ RunTime:0.000568s ]
SQL: SHOW COLUMNS FROM `rpj_company` [ RunTime:0.0544s ]
SQL: SHOW COLUMNS FROM `rpj_product` [ RunTime:0.0538s ]
SQL: SHOW COLUMNS FROM `rpj_brand` [ RunTime:0.0533s ]
SQL: SHOW COLUMNS FROM `rpj_prod_att` [ RunTime:0.0536s ]
SQL: SELECT `product_id`,count(product_id) as count FROM `rpj_prod_att` GROUP BY product_id  [ RunTime:0.0526s ]
SQL: select distinct rpj_product.category_id,
                                                     rpj_procategory.category_name
                                     from rpj_product
                                     inner join rpj_procategory on rpj_product.category_id = rpj_procategory.category_id
                                     group by rpj_product.category_id [ RunTime:0.0530s ]
SQL: select rpj_product.brand_id,
                                      rpj_product.category_id,
                                      rpj_brand.brand_name,
                                      rpj_procategory.category_name
                                from rpj_product
                                inner join rpj_brand on rpj_product.brand_id = rpj_brand.brand_id
                                inner join rpj_procategory on rpj_product.category_id = rpj_procategory.category_id
                                group by rpj_product.brand_id,rpj_product.category_id [ RunTime:0.0533s ]
SQL: SELECT * FROM `rpj_company` WHERE `id` = 1 LIMIT 1   [ RunTime:0.0534s ]
SQL: SELECT * FROM `rpj_product`  [ RunTime:0.0529s ]
SQL: SELECT * FROM `rpj_brand`  [ RunTime:0.0531s ]
SQL: SELECT * FROM `rpj_prod_att`  [ RunTime:0.0540s ]
INFO: [ view_parse ] --START--
INFO: [ template_filter ] --START--
INFO: Run Behavior\ContentReplaceBehavior [ RunTime:0.000157s ]
INFO: [ template_filter ] --END-- [ RunTime:0.000201s ]
NOTIC: [8] Use of undefined constant brand_id - assumed 'brand_id' D:\xampp\htdocs\chikwong\NewRPJ\Application\Runtime\Cache\Home\c6a4fb6a50edf3e182ec96f7e9a5109e.php 第 95 行.
NOTIC: [8] Use of undefined constant product_id - assumed 'product_id' D:\xampp\htdocs\chikwong\NewRPJ\Application\Runtime\Cache\Home\c6a4fb6a50edf3e182ec96f7e9a5109e.php 第 97 行.
NOTIC: [8] Use of undefined constant brand_id - assumed 'brand_id' D:\xampp\htdocs\chikwong\NewRPJ\Application\Runtime\Cache\Home\c6a4fb6a50edf3e182ec96f7e9a5109e.php 第 95 行.
NOTIC: [8] Use of undefined constant product_id - assumed 'product_id' D:\xampp\htdocs\chikwong\NewRPJ\Application\Runtime\Cache\Home\c6a4fb6a50edf3e182ec96f7e9a5109e.php 第 97 行.
NOTIC: [8] Use of undefined constant brand_id - assumed 'brand_id' D:\xampp\htdocs\chikwong\NewRPJ\Application\Runtime\Cache\Home\c6a4fb6a50edf3e182ec96f7e9a5109e.php 第 95 行.
NOTIC: [8] Use of undefined constant product_id - assumed 'product_id' D:\xampp\htdocs\chikwong\NewRPJ\Application\Runtime\Cache\Home\c6a4fb6a50edf3e182ec96f7e9a5109e.php 第 97 行.
NOTIC: [8] Use of undefined constant category_id - assumed 'category_id' D:\xampp\htdocs\chikwong\NewRPJ\Application\Runtime\Cache\Home\c6a4fb6a50edf3e182ec96f7e9a5109e.php 第 137 行.
NOTIC: [8] Use of undefined constant brand_id - assumed 'brand_id' D:\xampp\htdocs\chikwong\NewRPJ\Application\Runtime\Cache\Home\c6a4fb6a50edf3e182ec96f7e9a5109e.php 第 140 行.
NOTIC: [8] Use of undefined constant product_id - assumed 'product_id' D:\xampp\htdocs\chikwong\NewRPJ\Application\Runtime\Cache\Home\c6a4fb6a50edf3e182ec96f7e9a5109e.php 第 142 行.
NOTIC: [8] Use of undefined constant brand_id - assumed 'brand_id' D:\xampp\htdocs\chikwong\NewRPJ\Application\Runtime\Cache\Home\c6a4fb6a50edf3e182ec96f7e9a5109e.php 第 140 行.
NOTIC: [8] Use of undefined constant product_id - assumed 'product_id' D:\xampp\htdocs\chikwong\NewRPJ\Application\Runtime\Cache\Home\c6a4fb6a50edf3e182ec96f7e9a5109e.php 第 142 行.
NOTIC: [8] Use of undefined constant category_id - assumed 'category_id' D:\xampp\htdocs\chikwong\NewRPJ\Application\Runtime\Cache\Home\c6a4fb6a50edf3e182ec96f7e9a5109e.php 第 137 行.
NOTIC: [8] Use of undefined constant brand_id - assumed 'brand_id' D:\xampp\htdocs\chikwong\NewRPJ\Application\Runtime\Cache\Home\c6a4fb6a50edf3e182ec96f7e9a5109e.php 第 140 行.
NOTIC: [8] Use of undefined constant product_id - assumed 'product_id' D:\xampp\htdocs\chikwong\NewRPJ\Application\Runtime\Cache\Home\c6a4fb6a50edf3e182ec96f7e9a5109e.php 第 142 行.
NOTIC: [8] Use of undefined constant product_id - assumed 'product_id' D:\xampp\htdocs\chikwong\NewRPJ\Application\Runtime\Cache\Home\c6a4fb6a50edf3e182ec96f7e9a5109e.php 第 225 行.
NOTIC: [8] Use of undefined constant product_id - assumed 'product_id' D:\xampp\htdocs\chikwong\NewRPJ\Application\Runtime\Cache\Home\c6a4fb6a50edf3e182ec96f7e9a5109e.php 第 225 行.
NOTIC: [8] Use of undefined constant product_id - assumed 'product_id' D:\xampp\htdocs\chikwong\NewRPJ\Application\Runtime\Cache\Home\c6a4fb6a50edf3e182ec96f7e9a5109e.php 第 258 行.
NOTIC: [8] Use of undefined constant product_id - assumed 'product_id' D:\xampp\htdocs\chikwong\NewRPJ\Application\Runtime\Cache\Home\c6a4fb6a50edf3e182ec96f7e9a5109e.php 第 258 行.
NOTIC: [8] Use of undefined constant product_id - assumed 'product_id' D:\xampp\htdocs\chikwong\NewRPJ\Application\Runtime\Cache\Home\c6a4fb6a50edf3e182ec96f7e9a5109e.php 第 258 行.
INFO: Run Behavior\ParseTemplateBehavior [ RunTime:0.058362s ]
INFO: [ view_parse ] --END-- [ RunTime:0.058456s ]
INFO: [ view_filter ] --START--
INFO: Run Behavior\WriteHtmlCacheBehavior [ RunTime:0.000424s ]
INFO: [ view_filter ] --END-- [ RunTime:0.000451s ]
INFO: [ app_end ] --START--
INFO: Run Behavior\ShowPageTraceBehavior [ RunTime:0.000729s ]
INFO: [ app_end ] --END-- [ RunTime:0.000824s ]

[ 2020-05-28T11:04:18+08:00 ] ::1 /chikwong/NewRPJ/index.php/home/attach/img/blog/blog1.jpg
INFO: [ app_init ] --START--
INFO: Run Behavior\BuildLiteBehavior [ RunTime:0.000011s ]
INFO: [ app_init ] --END-- [ RunTime:0.000289s ]

[ 2020-05-28T11:12:09+08:00 ] ::1 /chikwong/NewRPJ/index.php/home/attach/attach.html
INFO: [ app_init ] --START--
INFO: Run Behavior\BuildLiteBehavior [ RunTime:0.000014s ]
INFO: [ app_init ] --END-- [ RunTime:0.000281s ]
INFO: [ app_begin ] --START--
INFO: Run Behavior\ReadHtmlCacheBehavior [ RunTime:0.000511s ]
INFO: [ app_begin ] --END-- [ RunTime:0.000555s ]
SQL: SHOW COLUMNS FROM `rpj_company` [ RunTime:0.0552s ]
SQL: SHOW COLUMNS FROM `rpj_product` [ RunTime:0.0545s ]
SQL: SHOW COLUMNS FROM `rpj_brand` [ RunTime:0.0538s ]
SQL: SHOW COLUMNS FROM `rpj_prod_att` [ RunTime:0.0536s ]
SQL: SELECT `product_id`,count(product_id) as count FROM `rpj_prod_att` GROUP BY product_id  [ RunTime:0.0542s ]
SQL: select distinct rpj_product.category_id,
                                                     rpj_procategory.category_name
                                     from rpj_product
                                     inner join rpj_procategory on rpj_product.category_id = rpj_procategory.category_id
                                     group by rpj_product.category_id [ RunTime:0.0534s ]
SQL: select rpj_product.brand_id,
                                      rpj_product.category_id,
                                      rpj_brand.brand_name,
                                      rpj_procategory.category_name
                                from rpj_product
                                inner join rpj_brand on rpj_product.brand_id = rpj_brand.brand_id
                                inner join rpj_procategory on rpj_product.category_id = rpj_procategory.category_id
                                group by rpj_product.brand_id,rpj_product.category_id [ RunTime:0.0539s ]
SQL: SELECT * FROM `rpj_company` WHERE `id` = 1 LIMIT 1   [ RunTime:0.0541s ]
SQL: SELECT * FROM `rpj_product`  [ RunTime:0.0535s ]
SQL: SELECT * FROM `rpj_brand`  [ RunTime:0.0529s ]
SQL: SELECT * FROM `rpj_prod_att`  [ RunTime:0.0540s ]
INFO: [ view_parse ] --START--
INFO: [ template_filter ] --START--
INFO: Run Behavior\ContentReplaceBehavior [ RunTime:0.000242s ]
INFO: [ template_filter ] --END-- [ RunTime:0.000315s ]
NOTIC: [8] Use of undefined constant brand_id - assumed 'brand_id' D:\xampp\htdocs\chikwong\NewRPJ\Application\Runtime\Cache\Home\c6a4fb6a50edf3e182ec96f7e9a5109e.php 第 95 行.
NOTIC: [8] Use of undefined constant product_id - assumed 'product_id' D:\xampp\htdocs\chikwong\NewRPJ\Application\Runtime\Cache\Home\c6a4fb6a50edf3e182ec96f7e9a5109e.php 第 97 行.
NOTIC: [8] Use of undefined constant brand_id - assumed 'brand_id' D:\xampp\htdocs\chikwong\NewRPJ\Application\Runtime\Cache\Home\c6a4fb6a50edf3e182ec96f7e9a5109e.php 第 95 行.
NOTIC: [8] Use of undefined constant product_id - assumed 'product_id' D:\xampp\htdocs\chikwong\NewRPJ\Application\Runtime\Cache\Home\c6a4fb6a50edf3e182ec96f7e9a5109e.php 第 97 行.
NOTIC: [8] Use of undefined constant brand_id - assumed 'brand_id' D:\xampp\htdocs\chikwong\NewRPJ\Application\Runtime\Cache\Home\c6a4fb6a50edf3e182ec96f7e9a5109e.php 第 95 行.
NOTIC: [8] Use of undefined constant product_id - assumed 'product_id' D:\xampp\htdocs\chikwong\NewRPJ\Application\Runtime\Cache\Home\c6a4fb6a50edf3e182ec96f7e9a5109e.php 第 97 行.
NOTIC: [8] Use of undefined constant category_id - assumed 'category_id' D:\xampp\htdocs\chikwong\NewRPJ\Application\Runtime\Cache\Home\c6a4fb6a50edf3e182ec96f7e9a5109e.php 第 137 行.
NOTIC: [8] Use of undefined constant brand_id - assumed 'brand_id' D:\xampp\htdocs\chikwong\NewRPJ\Application\Runtime\Cache\Home\c6a4fb6a50edf3e182ec96f7e9a5109e.php 第 140 行.
NOTIC: [8] Use of undefined constant product_id - assumed 'product_id' D:\xampp\htdocs\chikwong\NewRPJ\Application\Runtime\Cache\Home\c6a4fb6a50edf3e182ec96f7e9a5109e.php 第 142 行.
NOTIC: [8] Use of undefined constant brand_id - assumed 'brand_id' D:\xampp\htdocs\chikwong\NewRPJ\Application\Runtime\Cache\Home\c6a4fb6a50edf3e182ec96f7e9a5109e.php 第 140 行.
NOTIC: [8] Use of undefined constant product_id - assumed 'product_id' D:\xampp\htdocs\chikwong\NewRPJ\Application\Runtime\Cache\Home\c6a4fb6a50edf3e182ec96f7e9a5109e.php 第 142 行.
NOTIC: [8] Use of undefined constant category_id - assumed 'category_id' D:\xampp\htdocs\chikwong\NewRPJ\Application\Runtime\Cache\Home\c6a4fb6a50edf3e182ec96f7e9a5109e.php 第 137 行.
NOTIC: [8] Use of undefined constant brand_id - assumed 'brand_id' D:\xampp\htdocs\chikwong\NewRPJ\Application\Runtime\Cache\Home\c6a4fb6a50edf3e182ec96f7e9a5109e.php 第 140 行.
NOTIC: [8] Use of undefined constant product_id - assumed 'product_id' D:\xampp\htdocs\chikwong\NewRPJ\Application\Runtime\Cache\Home\c6a4fb6a50edf3e182ec96f7e9a5109e.php 第 142 行.
NOTIC: [8] Use of undefined constant product_id - assumed 'product_id' D:\xampp\htdocs\chikwong\NewRPJ\Application\Runtime\Cache\Home\c6a4fb6a50edf3e182ec96f7e9a5109e.php 第 225 行.
NOTIC: [8] Use of undefined constant product_id - assumed 'product_id' D:\xampp\htdocs\chikwong\NewRPJ\Application\Runtime\Cache\Home\c6a4fb6a50edf3e182ec96f7e9a5109e.php 第 225 行.
NOTIC: [8] Use of undefined constant product_id - assumed 'product_id' D:\xampp\htdocs\chikwong\NewRPJ\Application\Runtime\Cache\Home\c6a4fb6a50edf3e182ec96f7e9a5109e.php 第 258 行.
NOTIC: [8] Use of undefined constant product_id - assumed 'product_id' D:\xampp\htdocs\chikwong\NewRPJ\Application\Runtime\Cache\Home\c6a4fb6a50edf3e182ec96f7e9a5109e.php 第 258 行.
NOTIC: [8] Use of undefined constant product_id - assumed 'product_id' D:\xampp\htdocs\chikwong\NewRPJ\Application\Runtime\Cache\Home\c6a4fb6a50edf3e182ec96f7e9a5109e.php 第 258 行.
NOTIC: [8] Undefined variable: Product D:\xampp\htdocs\chikwong\NewRPJ\Application\Runtime\Cache\Home\c6a4fb6a50edf3e182ec96f7e9a5109e.php 第 278 行.
INFO: Run Behavior\ParseTemplateBehavior [ RunTime:0.062165s ]
INFO: [ view_parse ] --END-- [ RunTime:0.062244s ]
INFO: [ view_filter ] --START--
INFO: Run Behavior\WriteHtmlCacheBehavior [ RunTime:0.000504s ]
INFO: [ view_filter ] --END-- [ RunTime:0.000531s ]
INFO: [ app_end ] --START--
INFO: Run Behavior\ShowPageTraceBehavior [ RunTime:0.001345s ]
INFO: [ app_end ] --END-- [ RunTime:0.001533s ]

[ 2020-05-28T11:12:09+08:00 ] ::1 /chikwong/NewRPJ/index.php/home/attach/img/blog/blog1.jpg
INFO: [ app_init ] --START--
INFO: Run Behavior\BuildLiteBehavior [ RunTime:0.000011s ]
INFO: [ app_init ] --END-- [ RunTime:0.000454s ]

[ 2020-05-28T11:12:39+08:00 ] ::1 /chikwong/NewRPJ/index.php/home/attach/attach.html
INFO: [ app_init ] --START--
INFO: Run Behavior\BuildLiteBehavior [ RunTime:0.000008s ]
INFO: [ app_init ] --END-- [ RunTime:0.000270s ]
INFO: [ app_begin ] --START--
INFO: Run Behavior\ReadHtmlCacheBehavior [ RunTime:0.000503s ]
INFO: [ app_begin ] --END-- [ RunTime:0.000538s ]
SQL: SHOW COLUMNS FROM `rpj_company` [ RunTime:0.0539s ]
SQL: SHOW COLUMNS FROM `rpj_product` [ RunTime:0.0541s ]
SQL: SHOW COLUMNS FROM `rpj_brand` [ RunTime:0.0533s ]
SQL: SHOW COLUMNS FROM `rpj_prod_att` [ RunTime:0.0533s ]
SQL: SELECT `product_id`,count(product_id) as count FROM `rpj_prod_att` GROUP BY product_id  [ RunTime:0.0535s ]
SQL: select distinct rpj_product.category_id,
                                                     rpj_procategory.category_name
                                     from rpj_product
                                     inner join rpj_procategory on rpj_product.category_id = rpj_procategory.category_id
                                     group by rpj_product.category_id [ RunTime:0.0535s ]
SQL: select rpj_product.brand_id,
                                      rpj_product.category_id,
                                      rpj_brand.brand_name,
                                      rpj_procategory.category_name
                                from rpj_product
                                inner join rpj_brand on rpj_product.brand_id = rpj_brand.brand_id
                                inner join rpj_procategory on rpj_product.category_id = rpj_procategory.category_id
                                group by rpj_product.brand_id,rpj_product.category_id [ RunTime:0.0534s ]
SQL: SELECT * FROM `rpj_company` WHERE `id` = 1 LIMIT 1   [ RunTime:0.0548s ]
SQL: SELECT * FROM `rpj_product`  [ RunTime:0.0542s ]
SQL: SELECT * FROM `rpj_brand`  [ RunTime:0.0533s ]
SQL: SELECT * FROM `rpj_prod_att`  [ RunTime:0.0525s ]
INFO: [ view_parse ] --START--
INFO: [ template_filter ] --START--
INFO: Run Behavior\ContentReplaceBehavior [ RunTime:0.000149s ]
INFO: [ template_filter ] --END-- [ RunTime:0.000189s ]
NOTIC: [8] Use of undefined constant brand_id - assumed 'brand_id' D:\xampp\htdocs\chikwong\NewRPJ\Application\Runtime\Cache\Home\c6a4fb6a50edf3e182ec96f7e9a5109e.php 第 95 行.
NOTIC: [8] Use of undefined constant product_id - assumed 'product_id' D:\xampp\htdocs\chikwong\NewRPJ\Application\Runtime\Cache\Home\c6a4fb6a50edf3e182ec96f7e9a5109e.php 第 97 行.
NOTIC: [8] Use of undefined constant brand_id - assumed 'brand_id' D:\xampp\htdocs\chikwong\NewRPJ\Application\Runtime\Cache\Home\c6a4fb6a50edf3e182ec96f7e9a5109e.php 第 95 行.
NOTIC: [8] Use of undefined constant product_id - assumed 'product_id' D:\xampp\htdocs\chikwong\NewRPJ\Application\Runtime\Cache\Home\c6a4fb6a50edf3e182ec96f7e9a5109e.php 第 97 行.
NOTIC: [8] Use of undefined constant brand_id - assumed 'brand_id' D:\xampp\htdocs\chikwong\NewRPJ\Application\Runtime\Cache\Home\c6a4fb6a50edf3e182ec96f7e9a5109e.php 第 95 行.
NOTIC: [8] Use of undefined constant product_id - assumed 'product_id' D:\xampp\htdocs\chikwong\NewRPJ\Application\Runtime\Cache\Home\c6a4fb6a50edf3e182ec96f7e9a5109e.php 第 97 行.
NOTIC: [8] Use of undefined constant category_id - assumed 'category_id' D:\xampp\htdocs\chikwong\NewRPJ\Application\Runtime\Cache\Home\c6a4fb6a50edf3e182ec96f7e9a5109e.php 第 137 行.
NOTIC: [8] Use of undefined constant brand_id - assumed 'brand_id' D:\xampp\htdocs\chikwong\NewRPJ\Application\Runtime\Cache\Home\c6a4fb6a50edf3e182ec96f7e9a5109e.php 第 140 行.
NOTIC: [8] Use of undefined constant product_id - assumed 'product_id' D:\xampp\htdocs\chikwong\NewRPJ\Application\Runtime\Cache\Home\c6a4fb6a50edf3e182ec96f7e9a5109e.php 第 142 行.
NOTIC: [8] Use of undefined constant brand_id - assumed 'brand_id' D:\xampp\htdocs\chikwong\NewRPJ\Application\Runtime\Cache\Home\c6a4fb6a50edf3e182ec96f7e9a5109e.php 第 140 行.
NOTIC: [8] Use of undefined constant product_id - assumed 'product_id' D:\xampp\htdocs\chikwong\NewRPJ\Application\Runtime\Cache\Home\c6a4fb6a50edf3e182ec96f7e9a5109e.php 第 142 行.
NOTIC: [8] Use of undefined constant category_id - assumed 'category_id' D:\xampp\htdocs\chikwong\NewRPJ\Application\Runtime\Cache\Home\c6a4fb6a50edf3e182ec96f7e9a5109e.php 第 137 行.
NOTIC: [8] Use of undefined constant brand_id - assumed 'brand_id' D:\xampp\htdocs\chikwong\NewRPJ\Application\Runtime\Cache\Home\c6a4fb6a50edf3e182ec96f7e9a5109e.php 第 140 行.
NOTIC: [8] Use of undefined constant product_id - assumed 'product_id' D:\xampp\htdocs\chikwong\NewRPJ\Application\Runtime\Cache\Home\c6a4fb6a50edf3e182ec96f7e9a5109e.php 第 142 行.
NOTIC: [8] Use of undefined constant product_id - assumed 'product_id' D:\xampp\htdocs\chikwong\NewRPJ\Application\Runtime\Cache\Home\c6a4fb6a50edf3e182ec96f7e9a5109e.php 第 225 行.
NOTIC: [8] Use of undefined constant product_id - assumed 'product_id' D:\xampp\htdocs\chikwong\NewRPJ\Application\Runtime\Cache\Home\c6a4fb6a50edf3e182ec96f7e9a5109e.php 第 225 行.
NOTIC: [8] Use of undefined constant product_id - assumed 'product_id' D:\xampp\htdocs\chikwong\NewRPJ\Application\Runtime\Cache\Home\c6a4fb6a50edf3e182ec96f7e9a5109e.php 第 258 行.
NOTIC: [8] Use of undefined constant product_id - assumed 'product_id' D:\xampp\htdocs\chikwong\NewRPJ\Application\Runtime\Cache\Home\c6a4fb6a50edf3e182ec96f7e9a5109e.php 第 258 行.
NOTIC: [8] Use of undefined constant product_id - assumed 'product_id' D:\xampp\htdocs\chikwong\NewRPJ\Application\Runtime\Cache\Home\c6a4fb6a50edf3e182ec96f7e9a5109e.php 第 258 行.
NOTIC: [8] Use of undefined constant product_id - assumed 'product_id' D:\xampp\htdocs\chikwong\NewRPJ\Application\Runtime\Cache\Home\c6a4fb6a50edf3e182ec96f7e9a5109e.php 第 279 行.
NOTIC: [8] Use of undefined constant product_id - assumed 'product_id' D:\xampp\htdocs\chikwong\NewRPJ\Application\Runtime\Cache\Home\c6a4fb6a50edf3e182ec96f7e9a5109e.php 第 279 行.
NOTIC: [8] Use of undefined constant product_id - assumed 'product_id' D:\xampp\htdocs\chikwong\NewRPJ\Application\Runtime\Cache\Home\c6a4fb6a50edf3e182ec96f7e9a5109e.php 第 279 行.
INFO: Run Behavior\ParseTemplateBehavior [ RunTime:0.020332s ]
INFO: [ view_parse ] --END-- [ RunTime:0.020382s ]
INFO: [ view_filter ] --START--
INFO: Run Behavior\WriteHtmlCacheBehavior [ RunTime:0.000432s ]
INFO: [ view_filter ] --END-- [ RunTime:0.000460s ]
INFO: [ app_end ] --START--
INFO: Run Behavior\ShowPageTraceBehavior [ RunTime:0.000746s ]
INFO: [ app_end ] --END-- [ RunTime:0.000806s ]

[ 2020-05-28T11:12:39+08:00 ] ::1 /chikwong/NewRPJ/index.php/home/attach/img/blog/blog1.jpg
INFO: [ app_init ] --START--
INFO: Run Behavior\BuildLiteBehavior [ RunTime:0.000014s ]
INFO: [ app_init ] --END-- [ RunTime:0.000519s ]

