[ 2020-03-09T10:44:55+08:00 ] ::1 /chikwong/NewRPJ/index.php/home/about/about
INFO: [ app_init ] --START--
INFO: Run Behavior\BuildLiteBehavior [ RunTime:0.000043s ]
INFO: [ app_init ] --END-- [ RunTime:0.024978s ]
INFO: [ app_begin ] --START--
INFO: Run Behavior\ReadHtmlCacheBehavior [ RunTime:0.010840s ]
INFO: [ app_begin ] --END-- [ RunTime:0.010901s ]
SQL: SHOW COLUMNS FROM `rpj_company` [ RunTime:0.0535s ]
SQL: SHOW COLUMNS FROM `rpj_product` [ RunTime:0.0531s ]
SQL: SHOW COLUMNS FROM `rpj_brand` [ RunTime:0.0523s ]
SQL: select rpj_product.category_id,
                                                rpj_procategory.category_name
                                    from rpj_product
                                    inner join rpj_procategory on rpj_product.category_id = rpj_procategory.category_id
                                    group by rpj_product.category_id [ RunTime:0.0526s ]
SQL: select rpj_product.brand_id,
                                        rpj_product.category_id,
                                        rpj_brand.brand_name,
                                        rpj_procategory.category_name
                                    from rpj_product
                                    inner join rpj_brand on rpj_product.brand_id = rpj_brand.brand_id
                                    inner join rpj_procategory on rpj_product.category_id = rpj_procategory.category_id
                                    group by rpj_product.brand_id,rpj_product.category_id [ RunTime:0.0529s ]
SQL: SELECT * FROM `rpj_company` WHERE `id` = 1 LIMIT 1   [ RunTime:0.0526s ]
SQL: SELECT * FROM `rpj_product`  [ RunTime:0.0523s ]
SQL: SELECT * FROM `rpj_brand`  [ RunTime:0.0520s ]
INFO: [ view_parse ] --START--
INFO: [ template_filter ] --START--
INFO: Run Behavior\ContentReplaceBehavior [ RunTime:0.002268s ]
INFO: [ template_filter ] --END-- [ RunTime:0.002339s ]
INFO: Run Behavior\ParseTemplateBehavior [ RunTime:0.077590s ]
INFO: [ view_parse ] --END-- [ RunTime:0.077672s ]
INFO: [ view_filter ] --START--
INFO: Run Behavior\WriteHtmlCacheBehavior [ RunTime:0.009686s ]
INFO: [ view_filter ] --END-- [ RunTime:0.009767s ]
INFO: [ app_end ] --START--
INFO: Run Behavior\ShowPageTraceBehavior [ RunTime:0.001432s ]
INFO: [ app_end ] --END-- [ RunTime:0.001508s ]

[ 2020-03-09T10:45:03+08:00 ] ::1 /chikwong/NewRPJ/index.php/home/product/product
INFO: [ app_init ] --START--
INFO: Run Behavior\BuildLiteBehavior [ RunTime:0.000018s ]
INFO: [ app_init ] --END-- [ RunTime:0.000600s ]
INFO: [ app_begin ] --START--
INFO: Run Behavior\ReadHtmlCacheBehavior [ RunTime:0.000396s ]
INFO: [ app_begin ] --END-- [ RunTime:0.000436s ]
INFO: [ view_parse ] --START--
INFO: [ template_filter ] --START--
INFO: Run Behavior\ContentReplaceBehavior [ RunTime:0.000279s ]
INFO: [ template_filter ] --END-- [ RunTime:0.000321s ]
NOTIC: [8] Undefined variable: company D:\xampp\htdocs\chikwong\NewRPJ\Application\Runtime\Cache\Home\5b87b1808583e75413168b00f7d913de.php 第 73 行.
NOTIC: [8] Undefined variable: brands D:\xampp\htdocs\chikwong\NewRPJ\Application\Runtime\Cache\Home\5b87b1808583e75413168b00f7d913de.php 第 95 行.
NOTIC: [8] Undefined variable: company D:\xampp\htdocs\chikwong\NewRPJ\Application\Runtime\Cache\Home\5b87b1808583e75413168b00f7d913de.php 第 110 行.
NOTIC: [8] Undefined variable: category D:\xampp\htdocs\chikwong\NewRPJ\Application\Runtime\Cache\Home\5b87b1808583e75413168b00f7d913de.php 第 135 行.
NOTIC: [8] Undefined variable: category D:\xampp\htdocs\chikwong\NewRPJ\Application\Runtime\Cache\Home\5b87b1808583e75413168b00f7d913de.php 第 159 行.
NOTIC: [8] Undefined variable: company D:\xampp\htdocs\chikwong\NewRPJ\Application\Runtime\Cache\Home\5b87b1808583e75413168b00f7d913de.php 第 750 行.
NOTIC: [8] Undefined variable: company D:\xampp\htdocs\chikwong\NewRPJ\Application\Runtime\Cache\Home\5b87b1808583e75413168b00f7d913de.php 第 763 行.
NOTIC: [8] Undefined variable: company D:\xampp\htdocs\chikwong\NewRPJ\Application\Runtime\Cache\Home\5b87b1808583e75413168b00f7d913de.php 第 776 行.
NOTIC: [8] Undefined variable: company D:\xampp\htdocs\chikwong\NewRPJ\Application\Runtime\Cache\Home\5b87b1808583e75413168b00f7d913de.php 第 797 行.
NOTIC: [8] Undefined variable: company D:\xampp\htdocs\chikwong\NewRPJ\Application\Runtime\Cache\Home\5b87b1808583e75413168b00f7d913de.php 第 801 行.
NOTIC: [8] Undefined variable: company D:\xampp\htdocs\chikwong\NewRPJ\Application\Runtime\Cache\Home\5b87b1808583e75413168b00f7d913de.php 第 802 行.
NOTIC: [8] Undefined variable: company D:\xampp\htdocs\chikwong\NewRPJ\Application\Runtime\Cache\Home\5b87b1808583e75413168b00f7d913de.php 第 803 行.
NOTIC: [8] Undefined variable: company D:\xampp\htdocs\chikwong\NewRPJ\Application\Runtime\Cache\Home\5b87b1808583e75413168b00f7d913de.php 第 865 行.
NOTIC: [8] Undefined variable: company D:\xampp\htdocs\chikwong\NewRPJ\Application\Runtime\Cache\Home\5b87b1808583e75413168b00f7d913de.php 第 865 行.
INFO: Run Behavior\ParseTemplateBehavior [ RunTime:0.038418s ]
INFO: [ view_parse ] --END-- [ RunTime:0.038454s ]
INFO: [ view_filter ] --START--
INFO: Run Behavior\WriteHtmlCacheBehavior [ RunTime:0.000244s ]
INFO: [ view_filter ] --END-- [ RunTime:0.000268s ]
INFO: [ app_end ] --START--
INFO: Run Behavior\ShowPageTraceBehavior [ RunTime:0.000934s ]
INFO: [ app_end ] --END-- [ RunTime:0.001010s ]

[ 2020-03-09T10:47:25+08:00 ] ::1 /chikwong/NewRPJ/index.php/home/about/about
INFO: [ app_init ] --START--
INFO: Run Behavior\BuildLiteBehavior [ RunTime:0.000012s ]
INFO: [ app_init ] --END-- [ RunTime:0.000300s ]
INFO: [ app_begin ] --START--
INFO: Run Behavior\ReadHtmlCacheBehavior [ RunTime:0.000455s ]
INFO: [ app_begin ] --END-- [ RunTime:0.000496s ]
SQL: SHOW COLUMNS FROM `rpj_company` [ RunTime:0.0554s ]
SQL: SHOW COLUMNS FROM `rpj_product` [ RunTime:0.0541s ]
SQL: SHOW COLUMNS FROM `rpj_brand` [ RunTime:0.0533s ]
SQL: select rpj_product.category_id,
                                                rpj_procategory.category_name
                                    from rpj_product
                                    inner join rpj_procategory on rpj_product.category_id = rpj_procategory.category_id
                                    group by rpj_product.category_id [ RunTime:0.0517s ]
SQL: select rpj_product.brand_id,
                                        rpj_product.category_id,
                                        rpj_brand.brand_name,
                                        rpj_procategory.category_name
                                    from rpj_product
                                    inner join rpj_brand on rpj_product.brand_id = rpj_brand.brand_id
                                    inner join rpj_procategory on rpj_product.category_id = rpj_procategory.category_id
                                    group by rpj_product.brand_id,rpj_product.category_id [ RunTime:0.0521s ]
SQL: SELECT * FROM `rpj_company` WHERE `id` = 1 LIMIT 1   [ RunTime:0.0527s ]
SQL: SELECT * FROM `rpj_product`  [ RunTime:0.0520s ]
SQL: SELECT * FROM `rpj_brand`  [ RunTime:0.0519s ]
INFO: [ view_parse ] --START--
INFO: [ template_filter ] --START--
INFO: Run Behavior\ContentReplaceBehavior [ RunTime:0.000133s ]
INFO: [ template_filter ] --END-- [ RunTime:0.000175s ]
INFO: Run Behavior\ParseTemplateBehavior [ RunTime:0.013257s ]
INFO: [ view_parse ] --END-- [ RunTime:0.013299s ]
INFO: [ view_filter ] --START--
INFO: Run Behavior\WriteHtmlCacheBehavior [ RunTime:0.000284s ]
INFO: [ view_filter ] --END-- [ RunTime:0.000311s ]
INFO: [ app_end ] --START--
INFO: Run Behavior\ShowPageTraceBehavior [ RunTime:0.000658s ]
INFO: [ app_end ] --END-- [ RunTime:0.000718s ]

[ 2020-03-09T10:47:42+08:00 ] ::1 /chikwong/NewRPJ/index.php/home/productlist/productlist
INFO: [ app_init ] --START--
INFO: Run Behavior\BuildLiteBehavior [ RunTime:0.000008s ]
INFO: [ app_init ] --END-- [ RunTime:0.000223s ]
INFO: [ app_begin ] --START--
INFO: Run Behavior\ReadHtmlCacheBehavior [ RunTime:0.000279s ]
INFO: [ app_begin ] --END-- [ RunTime:0.000312s ]
ERR: 无法加载控制器:Productlist

[ 2020-03-09T10:48:42+08:00 ] ::1 /chikwong/NewRPJ/index.php/home/productlist/productlist
INFO: [ app_init ] --START--
INFO: Run Behavior\BuildLiteBehavior [ RunTime:0.000008s ]
INFO: [ app_init ] --END-- [ RunTime:0.000222s ]
INFO: [ app_begin ] --START--
INFO: Run Behavior\ReadHtmlCacheBehavior [ RunTime:0.000288s ]
INFO: [ app_begin ] --END-- [ RunTime:0.000328s ]
ERR: 无法加载控制器:Productlist

[ 2020-03-09T10:48:50+08:00 ] ::1 /chikwong/NewRPJ/index.php/home/product/product
INFO: [ app_init ] --START--
INFO: Run Behavior\BuildLiteBehavior [ RunTime:0.000008s ]
INFO: [ app_init ] --END-- [ RunTime:0.000258s ]
INFO: [ app_begin ] --START--
INFO: Run Behavior\ReadHtmlCacheBehavior [ RunTime:0.000414s ]
INFO: [ app_begin ] --END-- [ RunTime:0.000450s ]
INFO: [ view_parse ] --START--
INFO: [ template_filter ] --START--
INFO: Run Behavior\ContentReplaceBehavior [ RunTime:0.000253s ]
INFO: [ template_filter ] --END-- [ RunTime:0.000293s ]
NOTIC: [8] Undefined variable: company D:\xampp\htdocs\chikwong\NewRPJ\Application\Runtime\Cache\Home\5b87b1808583e75413168b00f7d913de.php 第 73 行.
NOTIC: [8] Undefined variable: brands D:\xampp\htdocs\chikwong\NewRPJ\Application\Runtime\Cache\Home\5b87b1808583e75413168b00f7d913de.php 第 95 行.
NOTIC: [8] Undefined variable: company D:\xampp\htdocs\chikwong\NewRPJ\Application\Runtime\Cache\Home\5b87b1808583e75413168b00f7d913de.php 第 110 行.
NOTIC: [8] Undefined variable: category D:\xampp\htdocs\chikwong\NewRPJ\Application\Runtime\Cache\Home\5b87b1808583e75413168b00f7d913de.php 第 135 行.
NOTIC: [8] Undefined variable: category D:\xampp\htdocs\chikwong\NewRPJ\Application\Runtime\Cache\Home\5b87b1808583e75413168b00f7d913de.php 第 159 行.
NOTIC: [8] Undefined variable: company D:\xampp\htdocs\chikwong\NewRPJ\Application\Runtime\Cache\Home\5b87b1808583e75413168b00f7d913de.php 第 750 行.
NOTIC: [8] Undefined variable: company D:\xampp\htdocs\chikwong\NewRPJ\Application\Runtime\Cache\Home\5b87b1808583e75413168b00f7d913de.php 第 763 行.
NOTIC: [8] Undefined variable: company D:\xampp\htdocs\chikwong\NewRPJ\Application\Runtime\Cache\Home\5b87b1808583e75413168b00f7d913de.php 第 776 行.
NOTIC: [8] Undefined variable: company D:\xampp\htdocs\chikwong\NewRPJ\Application\Runtime\Cache\Home\5b87b1808583e75413168b00f7d913de.php 第 797 行.
NOTIC: [8] Undefined variable: company D:\xampp\htdocs\chikwong\NewRPJ\Application\Runtime\Cache\Home\5b87b1808583e75413168b00f7d913de.php 第 801 行.
NOTIC: [8] Undefined variable: company D:\xampp\htdocs\chikwong\NewRPJ\Application\Runtime\Cache\Home\5b87b1808583e75413168b00f7d913de.php 第 802 行.
NOTIC: [8] Undefined variable: company D:\xampp\htdocs\chikwong\NewRPJ\Application\Runtime\Cache\Home\5b87b1808583e75413168b00f7d913de.php 第 803 行.
NOTIC: [8] Undefined variable: company D:\xampp\htdocs\chikwong\NewRPJ\Application\Runtime\Cache\Home\5b87b1808583e75413168b00f7d913de.php 第 865 行.
NOTIC: [8] Undefined variable: company D:\xampp\htdocs\chikwong\NewRPJ\Application\Runtime\Cache\Home\5b87b1808583e75413168b00f7d913de.php 第 865 行.
INFO: Run Behavior\ParseTemplateBehavior [ RunTime:0.020672s ]
INFO: [ view_parse ] --END-- [ RunTime:0.020723s ]
INFO: [ view_filter ] --START--
INFO: Run Behavior\WriteHtmlCacheBehavior [ RunTime:0.000851s ]
INFO: [ view_filter ] --END-- [ RunTime:0.000915s ]
INFO: [ app_end ] --START--
INFO: Run Behavior\ShowPageTraceBehavior [ RunTime:0.000687s ]
INFO: [ app_end ] --END-- [ RunTime:0.000747s ]

[ 2020-03-09T10:48:59+08:00 ] ::1 /chikwong/NewRPJ/index.php/home/productlist/productlist
INFO: [ app_init ] --START--
INFO: Run Behavior\BuildLiteBehavior [ RunTime:0.000009s ]
INFO: [ app_init ] --END-- [ RunTime:0.000260s ]
INFO: [ app_begin ] --START--
INFO: Run Behavior\ReadHtmlCacheBehavior [ RunTime:0.000535s ]
INFO: [ app_begin ] --END-- [ RunTime:0.000614s ]
ERR: 无法加载控制器:Productlist

[ 2020-03-09T10:52:18+08:00 ] ::1 /chikwong/NewRPJ/index.php/home/productlist/productlist
INFO: [ app_init ] --START--
INFO: Run Behavior\BuildLiteBehavior [ RunTime:0.000009s ]
INFO: [ app_init ] --END-- [ RunTime:0.000289s ]
INFO: [ app_begin ] --START--
INFO: Run Behavior\ReadHtmlCacheBehavior [ RunTime:0.000389s ]
INFO: [ app_begin ] --END-- [ RunTime:0.000428s ]
ERR: 无法加载控制器:Productlist

[ 2020-03-09T10:52:27+08:00 ] ::1 /chikwong/NewRPJ/index.php/home/prodlist/prodlist
INFO: [ app_init ] --START--
INFO: Run Behavior\BuildLiteBehavior [ RunTime:0.000008s ]
INFO: [ app_init ] --END-- [ RunTime:0.000270s ]
INFO: [ app_begin ] --START--
INFO: Run Behavior\ReadHtmlCacheBehavior [ RunTime:0.000364s ]
INFO: [ app_begin ] --END-- [ RunTime:0.000398s ]
ERR: 模板不存在:./Application/Home/View/Prodlist/prodlist.html

[ 2020-03-09T10:52:57+08:00 ] ::1 /chikwong/NewRPJ/index.php/home/prodlist/prodlist
INFO: [ app_init ] --START--
INFO: Run Behavior\BuildLiteBehavior [ RunTime:0.000013s ]
INFO: [ app_init ] --END-- [ RunTime:0.000267s ]
INFO: [ app_begin ] --START--
INFO: Run Behavior\ReadHtmlCacheBehavior [ RunTime:0.000299s ]
INFO: [ app_begin ] --END-- [ RunTime:0.000335s ]
INFO: [ view_parse ] --START--
INFO: [ template_filter ] --START--
INFO: Run Behavior\ContentReplaceBehavior [ RunTime:0.000502s ]
INFO: [ template_filter ] --END-- [ RunTime:0.000559s ]
NOTIC: [8] Undefined variable: company D:\xampp\htdocs\chikwong\NewRPJ\Application\Runtime\Cache\Home\ee003ac5a02d3cd1eaf30a5d0f4ce7ce.php 第 73 行.
NOTIC: [8] Undefined variable: brands D:\xampp\htdocs\chikwong\NewRPJ\Application\Runtime\Cache\Home\ee003ac5a02d3cd1eaf30a5d0f4ce7ce.php 第 95 行.
NOTIC: [8] Undefined variable: company D:\xampp\htdocs\chikwong\NewRPJ\Application\Runtime\Cache\Home\ee003ac5a02d3cd1eaf30a5d0f4ce7ce.php 第 110 行.
NOTIC: [8] Undefined variable: category D:\xampp\htdocs\chikwong\NewRPJ\Application\Runtime\Cache\Home\ee003ac5a02d3cd1eaf30a5d0f4ce7ce.php 第 135 行.
NOTIC: [8] Undefined variable: category D:\xampp\htdocs\chikwong\NewRPJ\Application\Runtime\Cache\Home\ee003ac5a02d3cd1eaf30a5d0f4ce7ce.php 第 159 行.
NOTIC: [8] Undefined variable: company D:\xampp\htdocs\chikwong\NewRPJ\Application\Runtime\Cache\Home\ee003ac5a02d3cd1eaf30a5d0f4ce7ce.php 第 1332 行.
NOTIC: [8] Undefined variable: company D:\xampp\htdocs\chikwong\NewRPJ\Application\Runtime\Cache\Home\ee003ac5a02d3cd1eaf30a5d0f4ce7ce.php 第 1345 行.
NOTIC: [8] Undefined variable: company D:\xampp\htdocs\chikwong\NewRPJ\Application\Runtime\Cache\Home\ee003ac5a02d3cd1eaf30a5d0f4ce7ce.php 第 1358 行.
NOTIC: [8] Undefined variable: company D:\xampp\htdocs\chikwong\NewRPJ\Application\Runtime\Cache\Home\ee003ac5a02d3cd1eaf30a5d0f4ce7ce.php 第 1379 行.
NOTIC: [8] Undefined variable: company D:\xampp\htdocs\chikwong\NewRPJ\Application\Runtime\Cache\Home\ee003ac5a02d3cd1eaf30a5d0f4ce7ce.php 第 1383 行.
NOTIC: [8] Undefined variable: company D:\xampp\htdocs\chikwong\NewRPJ\Application\Runtime\Cache\Home\ee003ac5a02d3cd1eaf30a5d0f4ce7ce.php 第 1384 行.
NOTIC: [8] Undefined variable: company D:\xampp\htdocs\chikwong\NewRPJ\Application\Runtime\Cache\Home\ee003ac5a02d3cd1eaf30a5d0f4ce7ce.php 第 1385 行.
NOTIC: [8] Undefined variable: company D:\xampp\htdocs\chikwong\NewRPJ\Application\Runtime\Cache\Home\ee003ac5a02d3cd1eaf30a5d0f4ce7ce.php 第 1447 行.
NOTIC: [8] Undefined variable: company D:\xampp\htdocs\chikwong\NewRPJ\Application\Runtime\Cache\Home\ee003ac5a02d3cd1eaf30a5d0f4ce7ce.php 第 1447 行.
INFO: Run Behavior\ParseTemplateBehavior [ RunTime:0.025874s ]
INFO: [ view_parse ] --END-- [ RunTime:0.025918s ]
INFO: [ view_filter ] --START--
INFO: Run Behavior\WriteHtmlCacheBehavior [ RunTime:0.000440s ]
INFO: [ view_filter ] --END-- [ RunTime:0.000474s ]
INFO: [ app_end ] --START--
INFO: Run Behavior\ShowPageTraceBehavior [ RunTime:0.000675s ]
INFO: [ app_end ] --END-- [ RunTime:0.000740s ]

[ 2020-03-09T10:52:58+08:00 ] ::1 /chikwong/NewRPJ/index.php/home/prodlist/img/product/product6.jpg
INFO: [ app_init ] --START--
INFO: Run Behavior\BuildLiteBehavior [ RunTime:0.000017s ]
INFO: [ app_init ] --END-- [ RunTime:0.000453s ]

[ 2020-03-09T13:58:24+08:00 ] ::1 /chikwong/NewRPJ/index.php/home/about/about
INFO: [ app_init ] --START--
INFO: Run Behavior\BuildLiteBehavior [ RunTime:0.000013s ]
INFO: [ app_init ] --END-- [ RunTime:0.000402s ]
INFO: [ app_begin ] --START--
INFO: Run Behavior\ReadHtmlCacheBehavior [ RunTime:0.000746s ]
INFO: [ app_begin ] --END-- [ RunTime:0.000801s ]
SQL: SHOW COLUMNS FROM `rpj_company` [ RunTime:0.0524s ]
SQL: SHOW COLUMNS FROM `rpj_product` [ RunTime:0.0522s ]
SQL: SHOW COLUMNS FROM `rpj_brand` [ RunTime:0.0523s ]
SQL: select rpj_product.category_id,
                                                rpj_procategory.category_name
                                    from rpj_product
                                    inner join rpj_procategory on rpj_product.category_id = rpj_procategory.category_id
                                    group by rpj_product.category_id [ RunTime:0.0515s ]
SQL: select rpj_product.brand_id,
                                        rpj_product.category_id,
                                        rpj_brand.brand_name,
                                        rpj_procategory.category_name
                                    from rpj_product
                                    inner join rpj_brand on rpj_product.brand_id = rpj_brand.brand_id
                                    inner join rpj_procategory on rpj_product.category_id = rpj_procategory.category_id
                                    group by rpj_product.brand_id,rpj_product.category_id [ RunTime:0.0523s ]
SQL: SELECT * FROM `rpj_company` WHERE `id` = 1 LIMIT 1   [ RunTime:0.0517s ]
SQL: SELECT * FROM `rpj_product`  [ RunTime:0.0517s ]
SQL: SELECT * FROM `rpj_brand`  [ RunTime:0.0517s ]
INFO: [ view_parse ] --START--
INFO: [ template_filter ] --START--
INFO: Run Behavior\ContentReplaceBehavior [ RunTime:0.000173s ]
INFO: [ template_filter ] --END-- [ RunTime:0.000223s ]
INFO: Run Behavior\ParseTemplateBehavior [ RunTime:0.021670s ]
INFO: [ view_parse ] --END-- [ RunTime:0.021736s ]
INFO: [ view_filter ] --START--
INFO: Run Behavior\WriteHtmlCacheBehavior [ RunTime:0.000336s ]
INFO: [ view_filter ] --END-- [ RunTime:0.000365s ]
INFO: [ app_end ] --START--
INFO: Run Behavior\ShowPageTraceBehavior [ RunTime:0.000787s ]
INFO: [ app_end ] --END-- [ RunTime:0.000846s ]

[ 2020-03-09T13:58:33+08:00 ] ::1 /chikwong/NewRPJ/index.php/home/product/product
INFO: [ app_init ] --START--
INFO: Run Behavior\BuildLiteBehavior [ RunTime:0.000009s ]
INFO: [ app_init ] --END-- [ RunTime:0.000326s ]
INFO: [ app_begin ] --START--
INFO: Run Behavior\ReadHtmlCacheBehavior [ RunTime:0.000367s ]
INFO: [ app_begin ] --END-- [ RunTime:0.000402s ]
INFO: [ view_parse ] --START--
INFO: [ template_filter ] --START--
INFO: Run Behavior\ContentReplaceBehavior [ RunTime:0.000261s ]
INFO: [ template_filter ] --END-- [ RunTime:0.000340s ]
NOTIC: [8] Undefined variable: company D:\xampp\htdocs\chikwong\NewRPJ\Application\Runtime\Cache\Home\5b87b1808583e75413168b00f7d913de.php 第 73 行.
NOTIC: [8] Undefined variable: brands D:\xampp\htdocs\chikwong\NewRPJ\Application\Runtime\Cache\Home\5b87b1808583e75413168b00f7d913de.php 第 95 行.
NOTIC: [8] Undefined variable: company D:\xampp\htdocs\chikwong\NewRPJ\Application\Runtime\Cache\Home\5b87b1808583e75413168b00f7d913de.php 第 110 行.
NOTIC: [8] Undefined variable: category D:\xampp\htdocs\chikwong\NewRPJ\Application\Runtime\Cache\Home\5b87b1808583e75413168b00f7d913de.php 第 135 行.
NOTIC: [8] Undefined variable: category D:\xampp\htdocs\chikwong\NewRPJ\Application\Runtime\Cache\Home\5b87b1808583e75413168b00f7d913de.php 第 159 行.
NOTIC: [8] Undefined variable: company D:\xampp\htdocs\chikwong\NewRPJ\Application\Runtime\Cache\Home\5b87b1808583e75413168b00f7d913de.php 第 750 行.
NOTIC: [8] Undefined variable: company D:\xampp\htdocs\chikwong\NewRPJ\Application\Runtime\Cache\Home\5b87b1808583e75413168b00f7d913de.php 第 763 行.
NOTIC: [8] Undefined variable: company D:\xampp\htdocs\chikwong\NewRPJ\Application\Runtime\Cache\Home\5b87b1808583e75413168b00f7d913de.php 第 776 行.
NOTIC: [8] Undefined variable: company D:\xampp\htdocs\chikwong\NewRPJ\Application\Runtime\Cache\Home\5b87b1808583e75413168b00f7d913de.php 第 797 行.
NOTIC: [8] Undefined variable: company D:\xampp\htdocs\chikwong\NewRPJ\Application\Runtime\Cache\Home\5b87b1808583e75413168b00f7d913de.php 第 801 行.
NOTIC: [8] Undefined variable: company D:\xampp\htdocs\chikwong\NewRPJ\Application\Runtime\Cache\Home\5b87b1808583e75413168b00f7d913de.php 第 802 行.
NOTIC: [8] Undefined variable: company D:\xampp\htdocs\chikwong\NewRPJ\Application\Runtime\Cache\Home\5b87b1808583e75413168b00f7d913de.php 第 803 行.
NOTIC: [8] Undefined variable: company D:\xampp\htdocs\chikwong\NewRPJ\Application\Runtime\Cache\Home\5b87b1808583e75413168b00f7d913de.php 第 865 行.
NOTIC: [8] Undefined variable: company D:\xampp\htdocs\chikwong\NewRPJ\Application\Runtime\Cache\Home\5b87b1808583e75413168b00f7d913de.php 第 865 行.
INFO: Run Behavior\ParseTemplateBehavior [ RunTime:0.022206s ]
INFO: [ view_parse ] --END-- [ RunTime:0.022238s ]
INFO: [ view_filter ] --START--
INFO: Run Behavior\WriteHtmlCacheBehavior [ RunTime:0.000248s ]
INFO: [ view_filter ] --END-- [ RunTime:0.000273s ]
INFO: [ app_end ] --START--
INFO: Run Behavior\ShowPageTraceBehavior [ RunTime:0.000847s ]
INFO: [ app_end ] --END-- [ RunTime:0.000916s ]

[ 2020-03-09T13:58:53+08:00 ] ::1 /chikwong/NewRPJ/index.php/home/contact/contact
INFO: [ app_init ] --START--
INFO: Run Behavior\BuildLiteBehavior [ RunTime:0.000009s ]
INFO: [ app_init ] --END-- [ RunTime:0.000242s ]
INFO: [ app_begin ] --START--
INFO: Run Behavior\ReadHtmlCacheBehavior [ RunTime:0.000308s ]
INFO: [ app_begin ] --END-- [ RunTime:0.000341s ]
INFO: [ view_parse ] --START--
INFO: [ template_filter ] --START--
INFO: Run Behavior\ContentReplaceBehavior [ RunTime:0.000276s ]
INFO: [ template_filter ] --END-- [ RunTime:0.000334s ]
INFO: Run Behavior\ParseTemplateBehavior [ RunTime:0.013575s ]
INFO: [ view_parse ] --END-- [ RunTime:0.013634s ]
INFO: [ view_filter ] --START--
INFO: Run Behavior\WriteHtmlCacheBehavior [ RunTime:0.000198s ]
INFO: [ view_filter ] --END-- [ RunTime:0.000225s ]
INFO: [ app_end ] --START--
INFO: Run Behavior\ShowPageTraceBehavior [ RunTime:0.000519s ]
INFO: [ app_end ] --END-- [ RunTime:0.000579s ]

[ 2020-03-09T13:58:54+08:00 ] ::1 /chikwong/NewRPJ/index.php/home/contact/img/single-product/small/small1.jpg
INFO: [ app_init ] --START--
INFO: Run Behavior\BuildLiteBehavior [ RunTime:0.000013s ]
INFO: [ app_init ] --END-- [ RunTime:0.000339s ]

[ 2020-03-09T13:58:54+08:00 ] ::1 /chikwong/NewRPJ/index.php/home/contact/img/single-product/small/small2.jpg
INFO: [ app_init ] --START--
INFO: Run Behavior\BuildLiteBehavior [ RunTime:0.000017s ]
INFO: [ app_init ] --END-- [ RunTime:0.000419s ]

[ 2020-03-09T13:58:54+08:00 ] ::1 /chikwong/NewRPJ/index.php/home/contact/img/single-product/small/small3.jpg
INFO: [ app_init ] --START--
INFO: Run Behavior\BuildLiteBehavior [ RunTime:0.000014s ]
INFO: [ app_init ] --END-- [ RunTime:0.000451s ]

[ 2020-03-09T13:58:54+08:00 ] ::1 /chikwong/NewRPJ/index.php/home/contact/img/single-product/small/small4.jpg
INFO: [ app_init ] --START--
INFO: Run Behavior\BuildLiteBehavior [ RunTime:0.000014s ]
INFO: [ app_init ] --END-- [ RunTime:0.000416s ]

[ 2020-03-09T13:58:54+08:00 ] ::1 /chikwong/NewRPJ/index.php/home/contact/img/single-product/small/small4.jpg
INFO: [ app_init ] --START--
INFO: Run Behavior\BuildLiteBehavior [ RunTime:0.000014s ]
INFO: [ app_init ] --END-- [ RunTime:0.000321s ]

[ 2020-03-09T13:58:54+08:00 ] ::1 /chikwong/NewRPJ/index.php/home/contact/img/single-product/small/small3.jpg
INFO: [ app_init ] --START--
INFO: Run Behavior\BuildLiteBehavior [ RunTime:0.000012s ]
INFO: [ app_init ] --END-- [ RunTime:0.000380s ]

[ 2020-03-09T13:58:54+08:00 ] ::1 /chikwong/NewRPJ/index.php/home/contact/img/single-product/small/small2.jpg
INFO: [ app_init ] --START--
INFO: Run Behavior\BuildLiteBehavior [ RunTime:0.000015s ]
INFO: [ app_init ] --END-- [ RunTime:0.000352s ]

[ 2020-03-09T13:58:54+08:00 ] ::1 /chikwong/NewRPJ/index.php/home/contact/img/single-product/small/small1.jpg
INFO: [ app_init ] --START--
INFO: Run Behavior\BuildLiteBehavior [ RunTime:0.000014s ]
INFO: [ app_init ] --END-- [ RunTime:0.000390s ]

[ 2020-03-09T14:00:11+08:00 ] ::1 /chikwong/NewRPJ/index.php/home/contact/contact
INFO: [ app_init ] --START--
INFO: Run Behavior\BuildLiteBehavior [ RunTime:0.000012s ]
INFO: [ app_init ] --END-- [ RunTime:0.000350s ]
INFO: [ app_begin ] --START--
INFO: Run Behavior\ReadHtmlCacheBehavior [ RunTime:0.000539s ]
INFO: [ app_begin ] --END-- [ RunTime:0.000594s ]
INFO: [ view_parse ] --START--
INFO: [ template_filter ] --START--
INFO: Run Behavior\ContentReplaceBehavior [ RunTime:0.000219s ]
INFO: [ template_filter ] --END-- [ RunTime:0.000293s ]
NOTIC: [8] Undefined variable: company D:\xampp\htdocs\chikwong\NewRPJ\Application\Runtime\Cache\Home\eb2e5548204b43da1a4358751a3a2cb1.php 第 73 行.
NOTIC: [8] Undefined variable: brands D:\xampp\htdocs\chikwong\NewRPJ\Application\Runtime\Cache\Home\eb2e5548204b43da1a4358751a3a2cb1.php 第 95 行.
NOTIC: [8] Undefined variable: company D:\xampp\htdocs\chikwong\NewRPJ\Application\Runtime\Cache\Home\eb2e5548204b43da1a4358751a3a2cb1.php 第 110 行.
NOTIC: [8] Undefined variable: category D:\xampp\htdocs\chikwong\NewRPJ\Application\Runtime\Cache\Home\eb2e5548204b43da1a4358751a3a2cb1.php 第 135 行.
NOTIC: [8] Undefined variable: category D:\xampp\htdocs\chikwong\NewRPJ\Application\Runtime\Cache\Home\eb2e5548204b43da1a4358751a3a2cb1.php 第 159 行.
NOTIC: [8] Undefined variable: company D:\xampp\htdocs\chikwong\NewRPJ\Application\Runtime\Cache\Home\eb2e5548204b43da1a4358751a3a2cb1.php 第 204 行.
NOTIC: [8] Undefined variable: company D:\xampp\htdocs\chikwong\NewRPJ\Application\Runtime\Cache\Home\eb2e5548204b43da1a4358751a3a2cb1.php 第 212 行.
NOTIC: [8] Undefined variable: company D:\xampp\htdocs\chikwong\NewRPJ\Application\Runtime\Cache\Home\eb2e5548204b43da1a4358751a3a2cb1.php 第 213 行.
NOTIC: [8] Undefined variable: company D:\xampp\htdocs\chikwong\NewRPJ\Application\Runtime\Cache\Home\eb2e5548204b43da1a4358751a3a2cb1.php 第 214 行.
NOTIC: [8] Undefined variable: company D:\xampp\htdocs\chikwong\NewRPJ\Application\Runtime\Cache\Home\eb2e5548204b43da1a4358751a3a2cb1.php 第 215 行.
NOTIC: [8] Undefined variable: company D:\xampp\htdocs\chikwong\NewRPJ\Application\Runtime\Cache\Home\eb2e5548204b43da1a4358751a3a2cb1.php 第 216 行.
NOTIC: [8] Undefined variable: company D:\xampp\htdocs\chikwong\NewRPJ\Application\Runtime\Cache\Home\eb2e5548204b43da1a4358751a3a2cb1.php 第 217 行.
NOTIC: [8] Undefined variable: company D:\xampp\htdocs\chikwong\NewRPJ\Application\Runtime\Cache\Home\eb2e5548204b43da1a4358751a3a2cb1.php 第 286 行.
NOTIC: [8] Undefined variable: company D:\xampp\htdocs\chikwong\NewRPJ\Application\Runtime\Cache\Home\eb2e5548204b43da1a4358751a3a2cb1.php 第 290 行.
NOTIC: [8] Undefined variable: company D:\xampp\htdocs\chikwong\NewRPJ\Application\Runtime\Cache\Home\eb2e5548204b43da1a4358751a3a2cb1.php 第 291 行.
NOTIC: [8] Undefined variable: company D:\xampp\htdocs\chikwong\NewRPJ\Application\Runtime\Cache\Home\eb2e5548204b43da1a4358751a3a2cb1.php 第 292 行.
NOTIC: [8] Undefined variable: company D:\xampp\htdocs\chikwong\NewRPJ\Application\Runtime\Cache\Home\eb2e5548204b43da1a4358751a3a2cb1.php 第 354 行.
NOTIC: [8] Undefined variable: company D:\xampp\htdocs\chikwong\NewRPJ\Application\Runtime\Cache\Home\eb2e5548204b43da1a4358751a3a2cb1.php 第 354 行.
INFO: Run Behavior\ParseTemplateBehavior [ RunTime:0.018280s ]
INFO: [ view_parse ] --END-- [ RunTime:0.018329s ]
INFO: [ view_filter ] --START--
INFO: Run Behavior\WriteHtmlCacheBehavior [ RunTime:0.000426s ]
INFO: [ view_filter ] --END-- [ RunTime:0.000510s ]
INFO: [ app_end ] --START--
INFO: Run Behavior\ShowPageTraceBehavior [ RunTime:0.000749s ]
INFO: [ app_end ] --END-- [ RunTime:0.000838s ]

[ 2020-03-09T14:01:05+08:00 ] ::1 /chikwong/NewRPJ/index.php/home/prodlist/prodlist
INFO: [ app_init ] --START--
INFO: Run Behavior\BuildLiteBehavior [ RunTime:0.000013s ]
INFO: [ app_init ] --END-- [ RunTime:0.001613s ]
INFO: [ app_begin ] --START--
INFO: Run Behavior\ReadHtmlCacheBehavior [ RunTime:0.000324s ]
INFO: [ app_begin ] --END-- [ RunTime:0.000381s ]
INFO: [ view_parse ] --START--
INFO: [ template_filter ] --START--
INFO: Run Behavior\ContentReplaceBehavior [ RunTime:0.000816s ]
INFO: [ template_filter ] --END-- [ RunTime:0.000924s ]
NOTIC: [8] Undefined variable: company D:\xampp\htdocs\chikwong\NewRPJ\Application\Runtime\Cache\Home\ee003ac5a02d3cd1eaf30a5d0f4ce7ce.php 第 73 行.
NOTIC: [8] Undefined variable: brands D:\xampp\htdocs\chikwong\NewRPJ\Application\Runtime\Cache\Home\ee003ac5a02d3cd1eaf30a5d0f4ce7ce.php 第 95 行.
NOTIC: [8] Undefined variable: company D:\xampp\htdocs\chikwong\NewRPJ\Application\Runtime\Cache\Home\ee003ac5a02d3cd1eaf30a5d0f4ce7ce.php 第 110 行.
NOTIC: [8] Undefined variable: category D:\xampp\htdocs\chikwong\NewRPJ\Application\Runtime\Cache\Home\ee003ac5a02d3cd1eaf30a5d0f4ce7ce.php 第 135 行.
NOTIC: [8] Undefined variable: category D:\xampp\htdocs\chikwong\NewRPJ\Application\Runtime\Cache\Home\ee003ac5a02d3cd1eaf30a5d0f4ce7ce.php 第 159 行.
NOTIC: [8] Undefined variable: company D:\xampp\htdocs\chikwong\NewRPJ\Application\Runtime\Cache\Home\ee003ac5a02d3cd1eaf30a5d0f4ce7ce.php 第 1332 行.
NOTIC: [8] Undefined variable: company D:\xampp\htdocs\chikwong\NewRPJ\Application\Runtime\Cache\Home\ee003ac5a02d3cd1eaf30a5d0f4ce7ce.php 第 1345 行.
NOTIC: [8] Undefined variable: company D:\xampp\htdocs\chikwong\NewRPJ\Application\Runtime\Cache\Home\ee003ac5a02d3cd1eaf30a5d0f4ce7ce.php 第 1358 行.
NOTIC: [8] Undefined variable: company D:\xampp\htdocs\chikwong\NewRPJ\Application\Runtime\Cache\Home\ee003ac5a02d3cd1eaf30a5d0f4ce7ce.php 第 1379 行.
NOTIC: [8] Undefined variable: company D:\xampp\htdocs\chikwong\NewRPJ\Application\Runtime\Cache\Home\ee003ac5a02d3cd1eaf30a5d0f4ce7ce.php 第 1383 行.
NOTIC: [8] Undefined variable: company D:\xampp\htdocs\chikwong\NewRPJ\Application\Runtime\Cache\Home\ee003ac5a02d3cd1eaf30a5d0f4ce7ce.php 第 1384 行.
NOTIC: [8] Undefined variable: company D:\xampp\htdocs\chikwong\NewRPJ\Application\Runtime\Cache\Home\ee003ac5a02d3cd1eaf30a5d0f4ce7ce.php 第 1385 行.
NOTIC: [8] Undefined variable: company D:\xampp\htdocs\chikwong\NewRPJ\Application\Runtime\Cache\Home\ee003ac5a02d3cd1eaf30a5d0f4ce7ce.php 第 1447 行.
NOTIC: [8] Undefined variable: company D:\xampp\htdocs\chikwong\NewRPJ\Application\Runtime\Cache\Home\ee003ac5a02d3cd1eaf30a5d0f4ce7ce.php 第 1447 行.
INFO: Run Behavior\ParseTemplateBehavior [ RunTime:0.032399s ]
INFO: [ view_parse ] --END-- [ RunTime:0.032434s ]
INFO: [ view_filter ] --START--
INFO: Run Behavior\WriteHtmlCacheBehavior [ RunTime:0.000213s ]
INFO: [ view_filter ] --END-- [ RunTime:0.000238s ]
INFO: [ app_end ] --START--
INFO: Run Behavior\ShowPageTraceBehavior [ RunTime:0.001039s ]
INFO: [ app_end ] --END-- [ RunTime:0.001219s ]

[ 2020-03-09T14:01:05+08:00 ] ::1 /chikwong/NewRPJ/index.php/home/prodlist/img/product/product6.jpg
INFO: [ app_init ] --START--
INFO: Run Behavior\BuildLiteBehavior [ RunTime:0.000013s ]
INFO: [ app_init ] --END-- [ RunTime:0.000409s ]

[ 2020-03-09T14:02:09+08:00 ] ::1 /chikwong/NewRPJ/index.php/home/prodlist/prodlist
INFO: [ app_init ] --START--
INFO: Run Behavior\BuildLiteBehavior [ RunTime:0.000009s ]
INFO: [ app_init ] --END-- [ RunTime:0.000249s ]
INFO: [ app_begin ] --START--
INFO: Run Behavior\ReadHtmlCacheBehavior [ RunTime:0.000456s ]
INFO: [ app_begin ] --END-- [ RunTime:0.000492s ]
INFO: [ view_parse ] --START--
INFO: [ template_filter ] --START--
INFO: Run Behavior\ContentReplaceBehavior [ RunTime:0.000532s ]
INFO: [ template_filter ] --END-- [ RunTime:0.000624s ]
NOTIC: [8] Undefined variable: company D:\xampp\htdocs\chikwong\NewRPJ\Application\Runtime\Cache\Home\ee003ac5a02d3cd1eaf30a5d0f4ce7ce.php 第 73 行.
NOTIC: [8] Undefined variable: brands D:\xampp\htdocs\chikwong\NewRPJ\Application\Runtime\Cache\Home\ee003ac5a02d3cd1eaf30a5d0f4ce7ce.php 第 95 行.
NOTIC: [8] Undefined variable: company D:\xampp\htdocs\chikwong\NewRPJ\Application\Runtime\Cache\Home\ee003ac5a02d3cd1eaf30a5d0f4ce7ce.php 第 110 行.
NOTIC: [8] Undefined variable: category D:\xampp\htdocs\chikwong\NewRPJ\Application\Runtime\Cache\Home\ee003ac5a02d3cd1eaf30a5d0f4ce7ce.php 第 135 行.
NOTIC: [8] Undefined variable: category D:\xampp\htdocs\chikwong\NewRPJ\Application\Runtime\Cache\Home\ee003ac5a02d3cd1eaf30a5d0f4ce7ce.php 第 159 行.
NOTIC: [8] Undefined variable: company D:\xampp\htdocs\chikwong\NewRPJ\Application\Runtime\Cache\Home\ee003ac5a02d3cd1eaf30a5d0f4ce7ce.php 第 1286 行.
NOTIC: [8] Undefined variable: company D:\xampp\htdocs\chikwong\NewRPJ\Application\Runtime\Cache\Home\ee003ac5a02d3cd1eaf30a5d0f4ce7ce.php 第 1299 行.
NOTIC: [8] Undefined variable: company D:\xampp\htdocs\chikwong\NewRPJ\Application\Runtime\Cache\Home\ee003ac5a02d3cd1eaf30a5d0f4ce7ce.php 第 1312 行.
NOTIC: [8] Undefined variable: company D:\xampp\htdocs\chikwong\NewRPJ\Application\Runtime\Cache\Home\ee003ac5a02d3cd1eaf30a5d0f4ce7ce.php 第 1333 行.
NOTIC: [8] Undefined variable: company D:\xampp\htdocs\chikwong\NewRPJ\Application\Runtime\Cache\Home\ee003ac5a02d3cd1eaf30a5d0f4ce7ce.php 第 1337 行.
NOTIC: [8] Undefined variable: company D:\xampp\htdocs\chikwong\NewRPJ\Application\Runtime\Cache\Home\ee003ac5a02d3cd1eaf30a5d0f4ce7ce.php 第 1338 行.
NOTIC: [8] Undefined variable: company D:\xampp\htdocs\chikwong\NewRPJ\Application\Runtime\Cache\Home\ee003ac5a02d3cd1eaf30a5d0f4ce7ce.php 第 1339 行.
NOTIC: [8] Undefined variable: company D:\xampp\htdocs\chikwong\NewRPJ\Application\Runtime\Cache\Home\ee003ac5a02d3cd1eaf30a5d0f4ce7ce.php 第 1401 行.
NOTIC: [8] Undefined variable: company D:\xampp\htdocs\chikwong\NewRPJ\Application\Runtime\Cache\Home\ee003ac5a02d3cd1eaf30a5d0f4ce7ce.php 第 1401 行.
INFO: Run Behavior\ParseTemplateBehavior [ RunTime:0.048340s ]
INFO: [ view_parse ] --END-- [ RunTime:0.048439s ]
INFO: [ view_filter ] --START--
INFO: Run Behavior\WriteHtmlCacheBehavior [ RunTime:0.001099s ]
INFO: [ view_filter ] --END-- [ RunTime:0.001154s ]
INFO: [ app_end ] --START--
INFO: Run Behavior\ShowPageTraceBehavior [ RunTime:0.001150s ]
INFO: [ app_end ] --END-- [ RunTime:0.001540s ]

[ 2020-03-09T14:02:09+08:00 ] ::1 /chikwong/NewRPJ/index.php/home/prodlist/img/product/product6.jpg
INFO: [ app_init ] --START--
INFO: Run Behavior\BuildLiteBehavior [ RunTime:0.000014s ]
INFO: [ app_init ] --END-- [ RunTime:0.000413s ]

[ 2020-03-09T14:04:40+08:00 ] ::1 /chikwong/NewRPJ/index.php/home/index/index
INFO: [ app_init ] --START--
INFO: Run Behavior\BuildLiteBehavior [ RunTime:0.000008s ]
INFO: [ app_init ] --END-- [ RunTime:0.000257s ]
INFO: [ app_begin ] --START--
INFO: Run Behavior\ReadHtmlCacheBehavior [ RunTime:0.000360s ]
INFO: [ app_begin ] --END-- [ RunTime:0.000395s ]
INFO: [ view_parse ] --START--
INFO: [ template_filter ] --START--
INFO: Run Behavior\ContentReplaceBehavior [ RunTime:0.001255s ]
INFO: [ template_filter ] --END-- [ RunTime:0.001364s ]
NOTIC: [8] Undefined variable: company D:\xampp\htdocs\chikwong\NewRPJ\Application\Runtime\Cache\Home\2a94b8bda04ff446dcedd42276fc99ee.php 第 2270 行.
NOTIC: [8] Undefined variable: company D:\xampp\htdocs\chikwong\NewRPJ\Application\Runtime\Cache\Home\2a94b8bda04ff446dcedd42276fc99ee.php 第 2283 行.
NOTIC: [8] Undefined variable: company D:\xampp\htdocs\chikwong\NewRPJ\Application\Runtime\Cache\Home\2a94b8bda04ff446dcedd42276fc99ee.php 第 2296 行.
NOTIC: [8] Undefined variable: company D:\xampp\htdocs\chikwong\NewRPJ\Application\Runtime\Cache\Home\2a94b8bda04ff446dcedd42276fc99ee.php 第 2317 行.
NOTIC: [8] Undefined variable: company D:\xampp\htdocs\chikwong\NewRPJ\Application\Runtime\Cache\Home\2a94b8bda04ff446dcedd42276fc99ee.php 第 2321 行.
NOTIC: [8] Undefined variable: company D:\xampp\htdocs\chikwong\NewRPJ\Application\Runtime\Cache\Home\2a94b8bda04ff446dcedd42276fc99ee.php 第 2322 行.
NOTIC: [8] Undefined variable: company D:\xampp\htdocs\chikwong\NewRPJ\Application\Runtime\Cache\Home\2a94b8bda04ff446dcedd42276fc99ee.php 第 2323 行.
NOTIC: [8] Undefined variable: company D:\xampp\htdocs\chikwong\NewRPJ\Application\Runtime\Cache\Home\2a94b8bda04ff446dcedd42276fc99ee.php 第 2385 行.
NOTIC: [8] Undefined variable: company D:\xampp\htdocs\chikwong\NewRPJ\Application\Runtime\Cache\Home\2a94b8bda04ff446dcedd42276fc99ee.php 第 2385 行.
INFO: Run Behavior\ParseTemplateBehavior [ RunTime:0.038828s ]
INFO: [ view_parse ] --END-- [ RunTime:0.038867s ]
INFO: [ view_filter ] --START--
INFO: Run Behavior\WriteHtmlCacheBehavior [ RunTime:0.001155s ]
INFO: [ view_filter ] --END-- [ RunTime:0.001327s ]
INFO: [ app_end ] --START--
INFO: Run Behavior\ShowPageTraceBehavior [ RunTime:0.001402s ]
INFO: [ app_end ] --END-- [ RunTime:0.001473s ]

[ 2020-03-09T14:04:40+08:00 ] ::1 /chikwong/NewRPJ/index.php/home/index/img/banner/slider-banner1.png
INFO: [ app_init ] --START--
INFO: Run Behavior\BuildLiteBehavior [ RunTime:0.000011s ]
INFO: [ app_init ] --END-- [ RunTime:0.000321s ]

[ 2020-03-09T14:05:38+08:00 ] ::1 /chikwong/NewRPJ/index.php/home/index/index
INFO: [ app_init ] --START--
INFO: Run Behavior\BuildLiteBehavior [ RunTime:0.000008s ]
INFO: [ app_init ] --END-- [ RunTime:0.000260s ]
INFO: [ app_begin ] --START--
INFO: Run Behavior\ReadHtmlCacheBehavior [ RunTime:0.000417s ]
INFO: [ app_begin ] --END-- [ RunTime:0.000455s ]
INFO: [ view_parse ] --START--
INFO: [ template_filter ] --START--
INFO: Run Behavior\ContentReplaceBehavior [ RunTime:0.001268s ]
INFO: [ template_filter ] --END-- [ RunTime:0.001656s ]
NOTIC: [8] Undefined variable: company D:\xampp\htdocs\chikwong\NewRPJ\Application\Runtime\Cache\Home\2a94b8bda04ff446dcedd42276fc99ee.php 第 2225 行.
NOTIC: [8] Undefined variable: company D:\xampp\htdocs\chikwong\NewRPJ\Application\Runtime\Cache\Home\2a94b8bda04ff446dcedd42276fc99ee.php 第 2238 行.
NOTIC: [8] Undefined variable: company D:\xampp\htdocs\chikwong\NewRPJ\Application\Runtime\Cache\Home\2a94b8bda04ff446dcedd42276fc99ee.php 第 2251 行.
NOTIC: [8] Undefined variable: company D:\xampp\htdocs\chikwong\NewRPJ\Application\Runtime\Cache\Home\2a94b8bda04ff446dcedd42276fc99ee.php 第 2272 行.
NOTIC: [8] Undefined variable: company D:\xampp\htdocs\chikwong\NewRPJ\Application\Runtime\Cache\Home\2a94b8bda04ff446dcedd42276fc99ee.php 第 2276 行.
NOTIC: [8] Undefined variable: company D:\xampp\htdocs\chikwong\NewRPJ\Application\Runtime\Cache\Home\2a94b8bda04ff446dcedd42276fc99ee.php 第 2277 行.
NOTIC: [8] Undefined variable: company D:\xampp\htdocs\chikwong\NewRPJ\Application\Runtime\Cache\Home\2a94b8bda04ff446dcedd42276fc99ee.php 第 2278 行.
NOTIC: [8] Undefined variable: company D:\xampp\htdocs\chikwong\NewRPJ\Application\Runtime\Cache\Home\2a94b8bda04ff446dcedd42276fc99ee.php 第 2340 行.
NOTIC: [8] Undefined variable: company D:\xampp\htdocs\chikwong\NewRPJ\Application\Runtime\Cache\Home\2a94b8bda04ff446dcedd42276fc99ee.php 第 2340 行.
INFO: Run Behavior\ParseTemplateBehavior [ RunTime:0.038545s ]
INFO: [ view_parse ] --END-- [ RunTime:0.038579s ]
INFO: [ view_filter ] --START--
INFO: Run Behavior\WriteHtmlCacheBehavior [ RunTime:0.000255s ]
INFO: [ view_filter ] --END-- [ RunTime:0.000280s ]
INFO: [ app_end ] --START--
INFO: Run Behavior\ShowPageTraceBehavior [ RunTime:0.000939s ]
INFO: [ app_end ] --END-- [ RunTime:0.001021s ]

[ 2020-03-09T14:05:38+08:00 ] ::1 /chikwong/NewRPJ/index.php/home/index/img/banner/slider-banner1.png
INFO: [ app_init ] --START--
INFO: Run Behavior\BuildLiteBehavior [ RunTime:0.000013s ]
INFO: [ app_init ] --END-- [ RunTime:0.000338s ]

[ 2020-03-09T14:08:19+08:00 ] ::1 /chikwong/NewRPJ/index.php/home/index/index
INFO: [ app_init ] --START--
INFO: Run Behavior\BuildLiteBehavior [ RunTime:0.000024s ]
INFO: [ app_init ] --END-- [ RunTime:0.001259s ]
INFO: [ app_begin ] --START--
INFO: Run Behavior\ReadHtmlCacheBehavior [ RunTime:0.000588s ]
INFO: [ app_begin ] --END-- [ RunTime:0.000648s ]
SQL: SHOW COLUMNS FROM `rpj_company` [ RunTime:0.0530s ]
SQL: SHOW COLUMNS FROM `rpj_product` [ RunTime:0.0533s ]
SQL: SHOW COLUMNS FROM `rpj_brand` [ RunTime:0.0527s ]
SQL: select rpj_product.category_id,
                                                  rpj_procategory.category_name
                                      from rpj_product
                                      inner join rpj_procategory on rpj_product.category_id = rpj_procategory.category_id
                                      group by rpj_product.category_id [ RunTime:0.0522s ]
SQL: select rpj_product.brand_id,
                                          rpj_product.category_id,
                                          rpj_brand.brand_name,
                                          rpj_procategory.category_name
                                      from rpj_product
                                      inner join rpj_brand on rpj_product.brand_id = rpj_brand.brand_id
                                      inner join rpj_procategory on rpj_product.category_id = rpj_procategory.category_id
                                      group by rpj_product.brand_id,rpj_product.category_id [ RunTime:0.0530s ]
SQL: SELECT * FROM `rpj_company` WHERE `id` = 1 LIMIT 1   [ RunTime:0.0524s ]
SQL: SELECT * FROM `rpj_product`  [ RunTime:0.0523s ]
SQL: SELECT * FROM `rpj_brand`  [ RunTime:0.0525s ]
INFO: [ view_parse ] --START--
INFO: [ template_filter ] --START--
INFO: Run Behavior\ContentReplaceBehavior [ RunTime:0.000637s ]
INFO: [ template_filter ] --END-- [ RunTime:0.000684s ]
INFO: Run Behavior\ParseTemplateBehavior [ RunTime:0.050895s ]
INFO: [ view_parse ] --END-- [ RunTime:0.050969s ]
INFO: [ view_filter ] --START--
INFO: Run Behavior\WriteHtmlCacheBehavior [ RunTime:0.000502s ]
INFO: [ view_filter ] --END-- [ RunTime:0.000548s ]
INFO: [ app_end ] --START--
INFO: Run Behavior\ShowPageTraceBehavior [ RunTime:0.000853s ]
INFO: [ app_end ] --END-- [ RunTime:0.000933s ]

[ 2020-03-09T14:08:19+08:00 ] ::1 /chikwong/NewRPJ/index.php/home/index/img/banner/slider-banner1.png
INFO: [ app_init ] --START--
INFO: Run Behavior\BuildLiteBehavior [ RunTime:0.000048s ]
INFO: [ app_init ] --END-- [ RunTime:0.000458s ]

[ 2020-03-09T14:08:54+08:00 ] ::1 /chikwong/NewRPJ/index.php/home/product/product
INFO: [ app_init ] --START--
INFO: Run Behavior\BuildLiteBehavior [ RunTime:0.000008s ]
INFO: [ app_init ] --END-- [ RunTime:0.000250s ]
INFO: [ app_begin ] --START--
INFO: Run Behavior\ReadHtmlCacheBehavior [ RunTime:0.000292s ]
INFO: [ app_begin ] --END-- [ RunTime:0.000325s ]
SQL: SHOW COLUMNS FROM `rpj_company` [ RunTime:0.0530s ]
SQL: SHOW COLUMNS FROM `rpj_product` [ RunTime:0.0532s ]
SQL: SHOW COLUMNS FROM `rpj_brand` [ RunTime:0.0531s ]
SQL: select rpj_product.category_id,
                                                  rpj_procategory.category_name
                                      from rpj_product
                                      inner join rpj_procategory on rpj_product.category_id = rpj_procategory.category_id
                                      group by rpj_product.category_id [ RunTime:0.0530s ]
SQL: select rpj_product.brand_id,
                                          rpj_product.category_id,
                                          rpj_brand.brand_name,
                                          rpj_procategory.category_name
                                      from rpj_product
                                      inner join rpj_brand on rpj_product.brand_id = rpj_brand.brand_id
                                      inner join rpj_procategory on rpj_product.category_id = rpj_procategory.category_id
                                      group by rpj_product.brand_id,rpj_product.category_id [ RunTime:0.0527s ]
SQL: SELECT * FROM `rpj_company` WHERE `id` = 1 LIMIT 1   [ RunTime:0.0528s ]
SQL: SELECT * FROM `rpj_product`  [ RunTime:0.0529s ]
SQL: SELECT * FROM `rpj_brand`  [ RunTime:0.0525s ]
INFO: [ view_parse ] --START--
INFO: [ template_filter ] --START--
INFO: Run Behavior\ContentReplaceBehavior [ RunTime:0.000266s ]
INFO: [ template_filter ] --END-- [ RunTime:0.000313s ]
INFO: Run Behavior\ParseTemplateBehavior [ RunTime:0.016517s ]
INFO: [ view_parse ] --END-- [ RunTime:0.016617s ]
INFO: [ view_filter ] --START--
INFO: Run Behavior\WriteHtmlCacheBehavior [ RunTime:0.000169s ]
INFO: [ view_filter ] --END-- [ RunTime:0.000192s ]
INFO: [ app_end ] --START--
INFO: Run Behavior\ShowPageTraceBehavior [ RunTime:0.000771s ]
INFO: [ app_end ] --END-- [ RunTime:0.000902s ]

[ 2020-03-09T14:09:15+08:00 ] ::1 /chikwong/NewRPJ/index.php/home/prolist/prodlist
INFO: [ app_init ] --START--
INFO: Run Behavior\BuildLiteBehavior [ RunTime:0.000015s ]
INFO: [ app_init ] --END-- [ RunTime:0.000438s ]
INFO: [ app_begin ] --START--
INFO: Run Behavior\ReadHtmlCacheBehavior [ RunTime:0.000646s ]
INFO: [ app_begin ] --END-- [ RunTime:0.000726s ]
ERR: 无法加载控制器:Prolist

[ 2020-03-09T14:09:21+08:00 ] ::1 /chikwong/NewRPJ/index.php/home/prodlist/prodlist
INFO: [ app_init ] --START--
INFO: Run Behavior\BuildLiteBehavior [ RunTime:0.000025s ]
INFO: [ app_init ] --END-- [ RunTime:0.000721s ]
INFO: [ app_begin ] --START--
INFO: Run Behavior\ReadHtmlCacheBehavior [ RunTime:0.000395s ]
INFO: [ app_begin ] --END-- [ RunTime:0.000436s ]
SQL: SHOW COLUMNS FROM `rpj_company` [ RunTime:0.0537s ]
SQL: SHOW COLUMNS FROM `rpj_product` [ RunTime:0.0536s ]
SQL: SHOW COLUMNS FROM `rpj_brand` [ RunTime:0.0535s ]
SQL: select rpj_product.category_id,
                                                  rpj_procategory.category_name
                                      from rpj_product
                                      inner join rpj_procategory on rpj_product.category_id = rpj_procategory.category_id
                                      group by rpj_product.category_id [ RunTime:0.0527s ]
SQL: select rpj_product.brand_id,
                                          rpj_product.category_id,
                                          rpj_brand.brand_name,
                                          rpj_procategory.category_name
                                      from rpj_product
                                      inner join rpj_brand on rpj_product.brand_id = rpj_brand.brand_id
                                      inner join rpj_procategory on rpj_product.category_id = rpj_procategory.category_id
                                      group by rpj_product.brand_id,rpj_product.category_id [ RunTime:0.0529s ]
SQL: SELECT * FROM `rpj_company` WHERE `id` = 1 LIMIT 1   [ RunTime:0.0532s ]
SQL: SELECT * FROM `rpj_product`  [ RunTime:0.0527s ]
SQL: SELECT * FROM `rpj_brand`  [ RunTime:0.0527s ]
INFO: [ view_parse ] --START--
INFO: [ template_filter ] --START--
INFO: Run Behavior\ContentReplaceBehavior [ RunTime:0.000542s ]
INFO: [ template_filter ] --END-- [ RunTime:0.000591s ]
INFO: Run Behavior\ParseTemplateBehavior [ RunTime:0.042067s ]
INFO: [ view_parse ] --END-- [ RunTime:0.042132s ]
INFO: [ view_filter ] --START--
INFO: Run Behavior\WriteHtmlCacheBehavior [ RunTime:0.000326s ]
INFO: [ view_filter ] --END-- [ RunTime:0.000353s ]
INFO: [ app_end ] --START--
INFO: Run Behavior\ShowPageTraceBehavior [ RunTime:0.000605s ]
INFO: [ app_end ] --END-- [ RunTime:0.000661s ]

[ 2020-03-09T14:09:21+08:00 ] ::1 /chikwong/NewRPJ/index.php/home/prodlist/img/product/product6.jpg
INFO: [ app_init ] --START--
INFO: Run Behavior\BuildLiteBehavior [ RunTime:0.000014s ]
INFO: [ app_init ] --END-- [ RunTime:0.000414s ]

