[ 2020-03-10T15:08:56+08:00 ] ::1 /chikwong/NewRPJ/index.php/home/about/about
INFO: [ app_init ] --START--
INFO: Run Behavior\BuildLiteBehavior [ RunTime:0.000017s ]
INFO: [ app_init ] --END-- [ RunTime:0.024902s ]
INFO: [ app_begin ] --START--
INFO: Run Behavior\ReadHtmlCacheBehavior [ RunTime:0.011081s ]
INFO: [ app_begin ] --END-- [ RunTime:0.011155s ]
SQL: SHOW COLUMNS FROM `rpj_company` [ RunTime:0.0528s ]
SQL: SHOW COLUMNS FROM `rpj_product` [ RunTime:0.0512s ]
SQL: SHOW COLUMNS FROM `rpj_brand` [ RunTime:0.0520s ]
SQL: select rpj_product.category_id,
                                                rpj_procategory.category_name
                                    from rpj_product
                                    inner join rpj_procategory on rpj_product.category_id = rpj_procategory.category_id
                                    group by rpj_product.category_id [ RunTime:0.0528s ]
SQL: select rpj_product.brand_id,
                                        rpj_product.category_id,
                                        rpj_brand.brand_name,
                                        rpj_procategory.category_name
                                    from rpj_product
                                    inner join rpj_brand on rpj_product.brand_id = rpj_brand.brand_id
                                    inner join rpj_procategory on rpj_product.category_id = rpj_procategory.category_id
                                    group by rpj_product.brand_id,rpj_product.category_id [ RunTime:0.0523s ]
SQL: SELECT * FROM `rpj_company` WHERE `id` = 1 LIMIT 1   [ RunTime:0.0525s ]
SQL: SELECT * FROM `rpj_product`  [ RunTime:0.0518s ]
SQL: SELECT * FROM `rpj_brand`  [ RunTime:0.0517s ]
INFO: [ view_parse ] --START--
INFO: [ template_filter ] --START--
INFO: Run Behavior\ContentReplaceBehavior [ RunTime:0.011155s ]
INFO: [ template_filter ] --END-- [ RunTime:0.011233s ]
INFO: Run Behavior\ParseTemplateBehavior [ RunTime:0.103267s ]
INFO: [ view_parse ] --END-- [ RunTime:0.103326s ]
INFO: [ view_filter ] --START--
INFO: Run Behavior\WriteHtmlCacheBehavior [ RunTime:0.015864s ]
INFO: [ view_filter ] --END-- [ RunTime:0.015973s ]
INFO: [ app_end ] --START--
INFO: Run Behavior\ShowPageTraceBehavior [ RunTime:0.003119s ]
INFO: [ app_end ] --END-- [ RunTime:0.003180s ]

[ 2020-03-10T15:09:12+08:00 ] ::1 /chikwong/NewRPJ/index.php/home/index/index
INFO: [ app_init ] --START--
INFO: Run Behavior\BuildLiteBehavior [ RunTime:0.000008s ]
INFO: [ app_init ] --END-- [ RunTime:0.000239s ]
INFO: [ app_begin ] --START--
INFO: Run Behavior\ReadHtmlCacheBehavior [ RunTime:0.000328s ]
INFO: [ app_begin ] --END-- [ RunTime:0.000362s ]
SQL: SHOW COLUMNS FROM `rpj_company` [ RunTime:0.0533s ]
SQL: SHOW COLUMNS FROM `rpj_product` [ RunTime:0.0534s ]
SQL: SHOW COLUMNS FROM `rpj_brand` [ RunTime:0.0532s ]
SQL: select rpj_product.category_id,
                                                  rpj_procategory.category_name
                                      from rpj_product
                                      inner join rpj_procategory on rpj_product.category_id = rpj_procategory.category_id
                                      group by rpj_product.category_id [ RunTime:0.0523s ]
SQL: select rpj_product.brand_id,
                                          rpj_product.category_id,
                                          rpj_brand.brand_name,
                                          rpj_procategory.category_name
                                      from rpj_product
                                      inner join rpj_brand on rpj_product.brand_id = rpj_brand.brand_id
                                      inner join rpj_procategory on rpj_product.category_id = rpj_procategory.category_id
                                      group by rpj_product.brand_id,rpj_product.category_id [ RunTime:0.0535s ]
SQL: SELECT * FROM `rpj_company` WHERE `id` = 1 LIMIT 1   [ RunTime:0.0531s ]
SQL: SELECT * FROM `rpj_product`  [ RunTime:0.0531s ]
SQL: SELECT * FROM `rpj_brand`  [ RunTime:0.0529s ]
INFO: [ view_parse ] --START--
INFO: [ template_filter ] --START--
INFO: Run Behavior\ContentReplaceBehavior [ RunTime:0.000534s ]
INFO: [ template_filter ] --END-- [ RunTime:0.000583s ]
INFO: Run Behavior\ParseTemplateBehavior [ RunTime:0.080105s ]
INFO: [ view_parse ] --END-- [ RunTime:0.080166s ]
INFO: [ view_filter ] --START--
INFO: Run Behavior\WriteHtmlCacheBehavior [ RunTime:0.000194s ]
INFO: [ view_filter ] --END-- [ RunTime:0.000225s ]
INFO: [ app_end ] --START--
INFO: Run Behavior\ShowPageTraceBehavior [ RunTime:0.000402s ]
INFO: [ app_end ] --END-- [ RunTime:0.000468s ]

[ 2020-03-10T15:09:12+08:00 ] ::1 /chikwong/NewRPJ/index.php/home/index/img/banner/slider-banner1.png
INFO: [ app_init ] --START--
INFO: Run Behavior\BuildLiteBehavior [ RunTime:0.000016s ]
INFO: [ app_init ] --END-- [ RunTime:0.000499s ]

[ 2020-03-10T16:13:46+08:00 ] ::1 /chikwong/NewRPJ/index.php/home/about/about
INFO: [ app_init ] --START--
INFO: Run Behavior\BuildLiteBehavior [ RunTime:0.000015s ]
INFO: [ app_init ] --END-- [ RunTime:0.000495s ]
INFO: [ app_begin ] --START--
INFO: Run Behavior\ReadHtmlCacheBehavior [ RunTime:0.000924s ]
INFO: [ app_begin ] --END-- [ RunTime:0.001044s ]

[ 2020-03-10T16:13:58+08:00 ] ::1 /chikwong/NewRPJ/index.php/home/about/about
INFO: [ app_init ] --START--
INFO: Run Behavior\BuildLiteBehavior [ RunTime:0.000008s ]
INFO: [ app_init ] --END-- [ RunTime:0.000256s ]
INFO: [ app_begin ] --START--
INFO: Run Behavior\ReadHtmlCacheBehavior [ RunTime:0.000376s ]
INFO: [ app_begin ] --END-- [ RunTime:0.000411s ]
SQL: SHOW COLUMNS FROM `rpj_company` [ RunTime:0.0528s ]
SQL: SHOW COLUMNS FROM `rpj_product` [ RunTime:0.0528s ]
SQL: SHOW COLUMNS FROM `rpj_brand` [ RunTime:0.0521s ]
SQL: select rpj_product.category_id,
                                                rpj_procategory.category_name
                                    from rpj_product
                                    inner join rpj_procategory on rpj_product.category_id = rpj_procategory.category_id
                                    group by rpj_product.category_id [ RunTime:0.0522s ]
SQL: select rpj_product.brand_id,
                                        rpj_product.category_id,
                                        rpj_brand.brand_name,
                                        rpj_procategory.category_name
                                    from rpj_product
                                    inner join rpj_brand on rpj_product.brand_id = rpj_brand.brand_id
                                    inner join rpj_procategory on rpj_product.category_id = rpj_procategory.category_id
                                    group by rpj_product.brand_id,rpj_product.category_id [ RunTime:0.0522s ]
SQL: SELECT * FROM `rpj_company` WHERE `id` = 1 LIMIT 1   [ RunTime:0.0527s ]
SQL: SELECT * FROM `rpj_product`  [ RunTime:0.0519s ]
SQL: SELECT * FROM `rpj_brand`  [ RunTime:0.0513s ]

[ 2020-03-10T16:14:58+08:00 ] ::1 /chikwong/NewRPJ/index.php/home/about/about
INFO: [ app_init ] --START--
INFO: Run Behavior\BuildLiteBehavior [ RunTime:0.000011s ]
INFO: [ app_init ] --END-- [ RunTime:0.000246s ]
INFO: [ app_begin ] --START--
INFO: Run Behavior\ReadHtmlCacheBehavior [ RunTime:0.000278s ]
INFO: [ app_begin ] --END-- [ RunTime:0.000309s ]

[ 2020-03-10T16:15:09+08:00 ] ::1 /chikwong/NewRPJ/index.php/home/about/about
INFO: [ app_init ] --START--
INFO: Run Behavior\BuildLiteBehavior [ RunTime:0.000009s ]
INFO: [ app_init ] --END-- [ RunTime:0.000228s ]
INFO: [ app_begin ] --START--
INFO: Run Behavior\ReadHtmlCacheBehavior [ RunTime:0.000353s ]
INFO: [ app_begin ] --END-- [ RunTime:0.000397s ]
SQL: SHOW COLUMNS FROM `rpj_company` [ RunTime:0.0522s ]
SQL: SHOW COLUMNS FROM `rpj_product` [ RunTime:0.0523s ]
SQL: SHOW COLUMNS FROM `rpj_brand` [ RunTime:0.0524s ]

[ 2020-03-10T16:15:51+08:00 ] ::1 /chikwong/NewRPJ/index.php/home/about/about
INFO: [ app_init ] --START--
INFO: Run Behavior\BuildLiteBehavior [ RunTime:0.000009s ]
INFO: [ app_init ] --END-- [ RunTime:0.000270s ]
INFO: [ app_begin ] --START--
INFO: Run Behavior\ReadHtmlCacheBehavior [ RunTime:0.001042s ]
INFO: [ app_begin ] --END-- [ RunTime:0.001225s ]
SQL: SHOW COLUMNS FROM `rpj_company` [ RunTime:0.0534s ]
SQL: SHOW COLUMNS FROM `rpj_product` [ RunTime:0.0537s ]
SQL: SHOW COLUMNS FROM `rpj_brand` [ RunTime:0.0525s ]
SQL: select rpj_product.category_id,
                                            rpj_procategory.category_name
                                from rpj_product
                                inner join rpj_procategory on rpj_product.category_id = rpj_procategory.category_id
                                group by rpj_product.category_id [ RunTime:0.0527s ]
SQL: select rpj_product.brand_id,
                                        rpj_product.category_id,
                                        rpj_brand.brand_name,
                                        rpj_procategory.category_name
                                    from rpj_product
                                    inner join rpj_brand on rpj_product.brand_id = rpj_brand.brand_id
                                    inner join rpj_procategory on rpj_product.category_id = rpj_procategory.category_id
                                    group by rpj_product.brand_id,rpj_product.category_id [ RunTime:0.0525s ]
SQL: SELECT * FROM `rpj_company` WHERE `id` = 1 LIMIT 1   [ RunTime:0.0530s ]
SQL: SELECT * FROM `rpj_product`  [ RunTime:0.0523s ]
SQL: SELECT * FROM `rpj_brand`  [ RunTime:0.0525s ]
INFO: [ view_parse ] --START--
INFO: [ template_filter ] --START--
INFO: Run Behavior\ContentReplaceBehavior [ RunTime:0.000124s ]
INFO: [ template_filter ] --END-- [ RunTime:0.000160s ]
INFO: Run Behavior\ParseTemplateBehavior [ RunTime:0.097872s ]
INFO: [ view_parse ] --END-- [ RunTime:0.097913s ]
INFO: [ view_filter ] --START--
INFO: Run Behavior\WriteHtmlCacheBehavior [ RunTime:0.000266s ]
INFO: [ view_filter ] --END-- [ RunTime:0.000294s ]
INFO: [ app_end ] --START--
INFO: Run Behavior\ShowPageTraceBehavior [ RunTime:0.000661s ]
INFO: [ app_end ] --END-- [ RunTime:0.000721s ]

[ 2020-03-10T16:18:48+08:00 ] ::1 /chikwong/NewRPJ/index.php/home/about/about
INFO: [ app_init ] --START--
INFO: Run Behavior\BuildLiteBehavior [ RunTime:0.000009s ]
INFO: [ app_init ] --END-- [ RunTime:0.000273s ]
INFO: [ app_begin ] --START--
INFO: Run Behavior\ReadHtmlCacheBehavior [ RunTime:0.000362s ]
INFO: [ app_begin ] --END-- [ RunTime:0.000395s ]
SQL: SHOW COLUMNS FROM `rpj_company` [ RunTime:0.0527s ]
SQL: SHOW COLUMNS FROM `rpj_product` [ RunTime:0.0528s ]
SQL: SHOW COLUMNS FROM `rpj_brand` [ RunTime:0.0522s ]
SQL: select rpj_product.category_id,
                                            rpj_procategory.category_name
                                from rpj_product
                                inner join rpj_procategory on rpj_product.category_id = rpj_procategory.category_id
                                group by rpj_product.category_id [ RunTime:0.0525s ]
NOTIC: [8] Undefined variable: modelBrand D:\xampp\htdocs\chikwong\NewRPJ\Application\Common\Common\function.php 第 29 行.

[ 2020-03-10T16:19:24+08:00 ] ::1 /chikwong/NewRPJ/index.php/home/about/about
INFO: [ app_init ] --START--
INFO: Run Behavior\BuildLiteBehavior [ RunTime:0.000009s ]
INFO: [ app_init ] --END-- [ RunTime:0.000242s ]
INFO: [ app_begin ] --START--
INFO: Run Behavior\ReadHtmlCacheBehavior [ RunTime:0.000348s ]
INFO: [ app_begin ] --END-- [ RunTime:0.000384s ]
SQL: SHOW COLUMNS FROM `rpj_company` [ RunTime:0.0520s ]
SQL: SHOW COLUMNS FROM `rpj_product` [ RunTime:0.0517s ]
SQL: SHOW COLUMNS FROM `rpj_brand` [ RunTime:0.0516s ]
SQL: select rpj_product.category_id,
                                            rpj_procategory.category_name
                                from rpj_product
                                inner join rpj_procategory on rpj_product.category_id = rpj_procategory.category_id
                                group by rpj_product.category_id [ RunTime:0.0512s ]
SQL: select rpj_product.brand_id,
                                    rpj_product.category_id,
                                    rpj_brand.brand_name,
                                    rpj_procategory.category_name
                                from rpj_product
                                inner join rpj_brand on rpj_product.brand_id = rpj_brand.brand_id
                                inner join rpj_procategory on rpj_product.category_id = rpj_procategory.category_id
                                group by rpj_product.brand_id,rpj_product.category_id [ RunTime:0.0518s ]
SQL: SELECT * FROM `rpj_company` WHERE `id` = 1 LIMIT 1   [ RunTime:0.0521s ]
SQL: SELECT * FROM `rpj_product`  [ RunTime:0.0520s ]
SQL: SELECT * FROM `rpj_brand`  [ RunTime:0.0517s ]
INFO: [ view_parse ] --START--
INFO: [ template_filter ] --START--
INFO: Run Behavior\ContentReplaceBehavior [ RunTime:0.000206s ]
INFO: [ template_filter ] --END-- [ RunTime:0.000284s ]
INFO: Run Behavior\ParseTemplateBehavior [ RunTime:0.028625s ]
INFO: [ view_parse ] --END-- [ RunTime:0.028692s ]
INFO: [ view_filter ] --START--
INFO: Run Behavior\WriteHtmlCacheBehavior [ RunTime:0.000308s ]
INFO: [ view_filter ] --END-- [ RunTime:0.000339s ]
INFO: [ app_end ] --START--
INFO: Run Behavior\ShowPageTraceBehavior [ RunTime:0.000906s ]
INFO: [ app_end ] --END-- [ RunTime:0.001047s ]

