[ 2020-04-07T11:34:39+08:00 ] ::1 /chikwong/NewRPJ/index.php/home/product/product/product_id/2
INFO: [ app_init ] --START--
INFO: Run Behavior\BuildLiteBehavior [ RunTime:0.000013s ]
INFO: [ app_init ] --END-- [ RunTime:0.018020s ]
INFO: [ app_begin ] --START--
INFO: Run Behavior\ReadHtmlCacheBehavior [ RunTime:0.011385s ]
INFO: [ app_begin ] --END-- [ RunTime:0.011444s ]
SQL: SHOW COLUMNS FROM `rpj_company` [ RunTime:0.0576s ]
SQL: SHOW COLUMNS FROM `rpj_product` [ RunTime:0.0549s ]
SQL: SHOW COLUMNS FROM `rpj_brand` [ RunTime:0.0536s ]
SQL: select rpj_product.category_id,
                                            rpj_procategory.category_name
                                from rpj_product
                                inner join rpj_procategory on rpj_product.category_id = rpj_procategory.category_id
                                group by rpj_product.category_id [ RunTime:0.0584s ]
SQL: select rpj_product.brand_id,
                                    rpj_product.category_id,
                                    rpj_brand.brand_name,
                                    rpj_procategory.category_name
                                from rpj_product
                                inner join rpj_brand on rpj_product.brand_id = rpj_brand.brand_id
                                inner join rpj_procategory on rpj_product.category_id = rpj_procategory.category_id
                                group by rpj_product.brand_id,rpj_product.category_id [ RunTime:0.0540s ]
SQL: SHOW COLUMNS FROM `rpj_product_pic` [ RunTime:0.0539s ]
SQL: SHOW COLUMNS FROM `rpj_prod_att` [ RunTime:0.0541s ]
SQL: SHOW COLUMNS FROM `rpj_prod_param` [ RunTime:0.0542s ]
SQL: SELECT * FROM `rpj_company` WHERE `id` = 1 LIMIT 1   [ RunTime:0.0547s ]
SQL: select * from rpj_product
                                inner join rpj_procategory on
                                  rpj_product.category_id = rpj_procategory.category_id
                                inner join rpj_brand on
                                  rpj_product.brand_id    = rpj_brand.brand_id
                                where rpj_product.product_id = 2 [ RunTime:0.0539s ]
SQL: select * from rpj_product
                                inner join rpj_procategory on
                                  rpj_product.category_id = rpj_procategory.category_id
                                inner join rpj_brand on
                                  rpj_product.brand_id    = rpj_brand.brand_id [ RunTime:0.0538s ]
SQL: SELECT * FROM `rpj_product_pic` WHERE ( product_id = 2 )  [ RunTime:0.0549s ]
SQL: SELECT * FROM `rpj_brand`  [ RunTime:0.0535s ]
SQL: SELECT * FROM `rpj_prod_att` WHERE ( product_id = 2 )  [ RunTime:0.0539s ]
SQL: SELECT * FROM `rpj_prod_param` WHERE ( product_id = 2 )  [ RunTime:0.0534s ]
INFO: [ view_parse ] --START--
INFO: [ template_filter ] --START--
INFO: Run Behavior\ContentReplaceBehavior [ RunTime:0.002730s ]
INFO: [ template_filter ] --END-- [ RunTime:0.002782s ]
NOTIC: [8] Use of undefined constant product_id - assumed 'product_id' D:\xampp\htdocs\chikwong\NewRPJ\Application\Runtime\Cache\Home\5b87b1808583e75413168b00f7d913de.php 第 431 行.
NOTIC: [8] Use of undefined constant product_id - assumed 'product_id' D:\xampp\htdocs\chikwong\NewRPJ\Application\Runtime\Cache\Home\5b87b1808583e75413168b00f7d913de.php 第 445 行.
NOTIC: [8] Use of undefined constant product_id - assumed 'product_id' D:\xampp\htdocs\chikwong\NewRPJ\Application\Runtime\Cache\Home\5b87b1808583e75413168b00f7d913de.php 第 431 行.
NOTIC: [8] Use of undefined constant product_id - assumed 'product_id' D:\xampp\htdocs\chikwong\NewRPJ\Application\Runtime\Cache\Home\5b87b1808583e75413168b00f7d913de.php 第 445 行.
INFO: Run Behavior\ParseTemplateBehavior [ RunTime:0.066766s ]
INFO: [ view_parse ] --END-- [ RunTime:0.066822s ]
INFO: [ view_filter ] --START--
INFO: Run Behavior\WriteHtmlCacheBehavior [ RunTime:0.004861s ]
INFO: [ view_filter ] --END-- [ RunTime:0.004902s ]
INFO: [ app_end ] --START--
INFO: Run Behavior\ShowPageTraceBehavior [ RunTime:0.004399s ]
INFO: [ app_end ] --END-- [ RunTime:0.004462s ]

[ 2020-04-07T11:34:48+08:00 ] ::1 /chikwong/NewRPJ/index.php/home/index/index
INFO: [ app_init ] --START--
INFO: Run Behavior\BuildLiteBehavior [ RunTime:0.000007s ]
INFO: [ app_init ] --END-- [ RunTime:0.000229s ]
INFO: [ app_begin ] --START--
INFO: Run Behavior\ReadHtmlCacheBehavior [ RunTime:0.000414s ]
INFO: [ app_begin ] --END-- [ RunTime:0.000460s ]
SQL: SHOW COLUMNS FROM `rpj_company` [ RunTime:0.0542s ]
SQL: SHOW COLUMNS FROM `rpj_product` [ RunTime:0.0544s ]
SQL: SHOW COLUMNS FROM `rpj_brand` [ RunTime:0.0540s ]
SQL: select rpj_product.category_id,
                                            rpj_procategory.category_name
                                from rpj_product
                                inner join rpj_procategory on rpj_product.category_id = rpj_procategory.category_id
                                group by rpj_product.category_id [ RunTime:0.0537s ]
SQL: select rpj_product.brand_id,
                                    rpj_product.category_id,
                                    rpj_brand.brand_name,
                                    rpj_procategory.category_name
                                from rpj_product
                                inner join rpj_brand on rpj_product.brand_id = rpj_brand.brand_id
                                inner join rpj_procategory on rpj_product.category_id = rpj_procategory.category_id
                                group by rpj_product.brand_id,rpj_product.category_id [ RunTime:0.0533s ]
SQL: SELECT * FROM `rpj_company` WHERE `id` = 1 LIMIT 1   [ RunTime:0.0538s ]
SQL: SELECT * FROM `rpj_product`  [ RunTime:0.0541s ]
SQL: SELECT * FROM `rpj_brand`  [ RunTime:0.0536s ]
INFO: [ view_parse ] --START--
INFO: [ template_filter ] --START--
INFO: Run Behavior\ContentReplaceBehavior [ RunTime:0.000232s ]
INFO: [ template_filter ] --END-- [ RunTime:0.000275s ]
INFO: Run Behavior\ParseTemplateBehavior [ RunTime:0.026618s ]
INFO: [ view_parse ] --END-- [ RunTime:0.026727s ]
INFO: [ view_filter ] --START--
INFO: Run Behavior\WriteHtmlCacheBehavior [ RunTime:0.000343s ]
INFO: [ view_filter ] --END-- [ RunTime:0.000374s ]
INFO: [ app_end ] --START--
INFO: Run Behavior\ShowPageTraceBehavior [ RunTime:0.000541s ]
INFO: [ app_end ] --END-- [ RunTime:0.000610s ]

[ 2020-04-07T11:42:57+08:00 ] ::1 /chikwong/NewRPJ/index.php/home/index/index
INFO: [ app_init ] --START--
INFO: Run Behavior\BuildLiteBehavior [ RunTime:0.000008s ]
INFO: [ app_init ] --END-- [ RunTime:0.000272s ]
INFO: [ app_begin ] --START--
INFO: Run Behavior\ReadHtmlCacheBehavior [ RunTime:0.000383s ]
INFO: [ app_begin ] --END-- [ RunTime:0.000416s ]
SQL: SHOW COLUMNS FROM `rpj_company` [ RunTime:0.0541s ]
SQL: SHOW COLUMNS FROM `rpj_brand` [ RunTime:0.0535s ]
SQL: select rpj_product.category_id,
                                            rpj_procategory.category_name
                                from rpj_product
                                inner join rpj_procategory on rpj_product.category_id = rpj_procategory.category_id
                                group by rpj_product.category_id [ RunTime:0.0536s ]
SQL: select rpj_product.brand_id,
                                    rpj_product.category_id,
                                    rpj_brand.brand_name,
                                    rpj_procategory.category_name
                                from rpj_product
                                inner join rpj_brand on rpj_product.brand_id = rpj_brand.brand_id
                                inner join rpj_procategory on rpj_product.category_id = rpj_procategory.category_id
                                group by rpj_product.brand_id,rpj_product.category_id [ RunTime:0.0541s ]
SQL: SELECT * FROM `rpj_company` WHERE `id` = 1 LIMIT 1   [ RunTime:0.0538s ]
SQL: select * from rpj_product
                                inner join rpj_procategory on
                                  rpj_product.category_id = rpj_procategory.category_id
                                inner join rpj_brand on
                                  rpj_product.brand_id    = rpj_brand.brand_id [ RunTime:0.0536s ]
SQL: SELECT * FROM `rpj_brand`  [ RunTime:0.0532s ]
INFO: [ view_parse ] --START--
INFO: [ template_filter ] --START--
INFO: Run Behavior\ContentReplaceBehavior [ RunTime:0.000245s ]
INFO: [ template_filter ] --END-- [ RunTime:0.000290s ]
INFO: Run Behavior\ParseTemplateBehavior [ RunTime:0.038305s ]
INFO: [ view_parse ] --END-- [ RunTime:0.038431s ]
INFO: [ view_filter ] --START--
INFO: Run Behavior\WriteHtmlCacheBehavior [ RunTime:0.000287s ]
INFO: [ view_filter ] --END-- [ RunTime:0.000324s ]
INFO: [ app_end ] --START--
INFO: Run Behavior\ShowPageTraceBehavior [ RunTime:0.000644s ]
INFO: [ app_end ] --END-- [ RunTime:0.000734s ]

[ 2020-04-07T11:43:35+08:00 ] ::1 /chikwong/NewRPJ/index.php/home/index/index
INFO: [ app_init ] --START--
INFO: Run Behavior\BuildLiteBehavior [ RunTime:0.000008s ]
INFO: [ app_init ] --END-- [ RunTime:0.000263s ]
INFO: [ app_begin ] --START--
INFO: Run Behavior\ReadHtmlCacheBehavior [ RunTime:0.000373s ]
INFO: [ app_begin ] --END-- [ RunTime:0.000407s ]
SQL: SHOW COLUMNS FROM `rpj_company` [ RunTime:0.0534s ]
SQL: SHOW COLUMNS FROM `rpj_brand` [ RunTime:0.0540s ]
SQL: select rpj_product.category_id,
                                            rpj_procategory.category_name
                                from rpj_product
                                inner join rpj_procategory on rpj_product.category_id = rpj_procategory.category_id
                                group by rpj_product.category_id [ RunTime:0.0533s ]
SQL: select rpj_product.brand_id,
                                    rpj_product.category_id,
                                    rpj_brand.brand_name,
                                    rpj_procategory.category_name
                                from rpj_product
                                inner join rpj_brand on rpj_product.brand_id = rpj_brand.brand_id
                                inner join rpj_procategory on rpj_product.category_id = rpj_procategory.category_id
                                group by rpj_product.brand_id,rpj_product.category_id [ RunTime:0.0535s ]
SQL: SELECT * FROM `rpj_company` WHERE `id` = 1 LIMIT 1   [ RunTime:0.0539s ]
SQL: select * from rpj_product
                                inner join rpj_procategory on
                                  rpj_product.category_id = rpj_procategory.category_id
                                inner join rpj_brand on
                                  rpj_product.brand_id    = rpj_brand.brand_id [ RunTime:0.0539s ]
SQL: SELECT * FROM `rpj_brand`  [ RunTime:0.0531s ]
INFO: [ view_parse ] --START--
INFO: [ template_filter ] --START--
INFO: Run Behavior\ContentReplaceBehavior [ RunTime:0.000215s ]
INFO: [ template_filter ] --END-- [ RunTime:0.000256s ]
NOTIC: [8] Undefined variable: prod_list D:\xampp\htdocs\chikwong\NewRPJ\Application\Runtime\Cache\Home\2a94b8bda04ff446dcedd42276fc99ee.php 第 186 行.
NOTIC: [8] Undefined variable: prod_list D:\xampp\htdocs\chikwong\NewRPJ\Application\Runtime\Cache\Home\2a94b8bda04ff446dcedd42276fc99ee.php 第 188 行.
NOTIC: [8] Undefined variable: prod_list D:\xampp\htdocs\chikwong\NewRPJ\Application\Runtime\Cache\Home\2a94b8bda04ff446dcedd42276fc99ee.php 第 186 行.
NOTIC: [8] Undefined variable: prod_list D:\xampp\htdocs\chikwong\NewRPJ\Application\Runtime\Cache\Home\2a94b8bda04ff446dcedd42276fc99ee.php 第 188 行.
INFO: Run Behavior\ParseTemplateBehavior [ RunTime:0.037342s ]
INFO: [ view_parse ] --END-- [ RunTime:0.037623s ]
INFO: [ view_filter ] --START--
INFO: Run Behavior\WriteHtmlCacheBehavior [ RunTime:0.000290s ]
INFO: [ view_filter ] --END-- [ RunTime:0.000317s ]
INFO: [ app_end ] --START--
INFO: Run Behavior\ShowPageTraceBehavior [ RunTime:0.000583s ]
INFO: [ app_end ] --END-- [ RunTime:0.000643s ]

[ 2020-04-07T11:45:00+08:00 ] ::1 /chikwong/NewRPJ/index.php/home/index/index
INFO: [ app_init ] --START--
INFO: Run Behavior\BuildLiteBehavior [ RunTime:0.000009s ]
INFO: [ app_init ] --END-- [ RunTime:0.000264s ]
INFO: [ app_begin ] --START--
INFO: Run Behavior\ReadHtmlCacheBehavior [ RunTime:0.000374s ]
INFO: [ app_begin ] --END-- [ RunTime:0.000409s ]
SQL: SHOW COLUMNS FROM `rpj_company` [ RunTime:0.0556s ]
SQL: SHOW COLUMNS FROM `rpj_brand` [ RunTime:0.0551s ]
SQL: select rpj_product.category_id,
                                            rpj_procategory.category_name
                                from rpj_product
                                inner join rpj_procategory on rpj_product.category_id = rpj_procategory.category_id
                                group by rpj_product.category_id [ RunTime:0.0545s ]
SQL: select rpj_product.brand_id,
                                    rpj_product.category_id,
                                    rpj_brand.brand_name,
                                    rpj_procategory.category_name
                                from rpj_product
                                inner join rpj_brand on rpj_product.brand_id = rpj_brand.brand_id
                                inner join rpj_procategory on rpj_product.category_id = rpj_procategory.category_id
                                group by rpj_product.brand_id,rpj_product.category_id [ RunTime:0.0550s ]
SQL: SELECT * FROM `rpj_company` WHERE `id` = 1 LIMIT 1   [ RunTime:0.0547s ]
SQL: select * from rpj_product
                                inner join rpj_procategory on
                                  rpj_product.category_id = rpj_procategory.category_id
                                inner join rpj_brand on
                                  rpj_product.brand_id    = rpj_brand.brand_id [ RunTime:0.0547s ]

[ 2020-04-07T11:50:27+08:00 ] ::1 /chikwong/NewRPJ/index.php/home/about/about
INFO: [ app_init ] --START--
INFO: Run Behavior\BuildLiteBehavior [ RunTime:0.000015s ]
INFO: [ app_init ] --END-- [ RunTime:0.000425s ]
INFO: [ app_begin ] --START--
INFO: Run Behavior\ReadHtmlCacheBehavior [ RunTime:0.000641s ]
INFO: [ app_begin ] --END-- [ RunTime:0.000709s ]
SQL: SHOW COLUMNS FROM `rpj_company` [ RunTime:0.0549s ]
SQL: SHOW COLUMNS FROM `rpj_product` [ RunTime:0.0585s ]
SQL: SHOW COLUMNS FROM `rpj_brand` [ RunTime:0.0551s ]
SQL: select rpj_product.category_id,
                                            rpj_procategory.category_name
                                from rpj_product
                                inner join rpj_procategory on rpj_product.category_id = rpj_procategory.category_id
                                group by rpj_product.category_id [ RunTime:0.0544s ]
SQL: select rpj_product.brand_id,
                                    rpj_product.category_id,
                                    rpj_brand.brand_name,
                                    rpj_procategory.category_name
                                from rpj_product
                                inner join rpj_brand on rpj_product.brand_id = rpj_brand.brand_id
                                inner join rpj_procategory on rpj_product.category_id = rpj_procategory.category_id
                                group by rpj_product.brand_id,rpj_product.category_id [ RunTime:0.0536s ]
SQL: SELECT * FROM `rpj_company` WHERE `id` = 1 LIMIT 1   [ RunTime:0.0534s ]
SQL: SELECT * FROM `rpj_product`  [ RunTime:0.0536s ]
SQL: SELECT * FROM `rpj_brand`  [ RunTime:0.0578s ]
INFO: [ view_parse ] --START--
INFO: [ template_filter ] --START--
INFO: Run Behavior\ContentReplaceBehavior [ RunTime:0.000140s ]
INFO: [ template_filter ] --END-- [ RunTime:0.000182s ]
INFO: Run Behavior\ParseTemplateBehavior [ RunTime:0.014431s ]
INFO: [ view_parse ] --END-- [ RunTime:0.014479s ]
INFO: [ view_filter ] --START--
INFO: Run Behavior\WriteHtmlCacheBehavior [ RunTime:0.000268s ]
INFO: [ view_filter ] --END-- [ RunTime:0.000297s ]
INFO: [ app_end ] --START--
INFO: Run Behavior\ShowPageTraceBehavior [ RunTime:0.001112s ]
INFO: [ app_end ] --END-- [ RunTime:0.001320s ]

[ 2020-04-07T12:04:06+08:00 ] ::1 /chikwong/NewRPJ/index.php/home/index/index
INFO: [ app_init ] --START--
INFO: Run Behavior\BuildLiteBehavior [ RunTime:0.000008s ]
INFO: [ app_init ] --END-- [ RunTime:0.000278s ]
INFO: [ app_begin ] --START--
INFO: Run Behavior\ReadHtmlCacheBehavior [ RunTime:0.000367s ]
INFO: [ app_begin ] --END-- [ RunTime:0.000402s ]
SQL: SHOW COLUMNS FROM `rpj_company` [ RunTime:0.0536s ]
SQL: SHOW COLUMNS FROM `rpj_brand` [ RunTime:0.0540s ]
SQL: select rpj_product.category_id,
                                            rpj_procategory.category_name
                                from rpj_product
                                inner join rpj_procategory on rpj_product.category_id = rpj_procategory.category_id
                                group by rpj_product.category_id [ RunTime:0.0540s ]
SQL: select rpj_product.brand_id,
                                    rpj_product.category_id,
                                    rpj_brand.brand_name,
                                    rpj_procategory.category_name
                                from rpj_product
                                inner join rpj_brand on rpj_product.brand_id = rpj_brand.brand_id
                                inner join rpj_procategory on rpj_product.category_id = rpj_procategory.category_id
                                group by rpj_product.brand_id,rpj_product.category_id [ RunTime:0.0540s ]
SQL: SELECT * FROM `rpj_company` WHERE `id` = 1 LIMIT 1   [ RunTime:0.0553s ]
SQL: select * from rpj_product
                                inner join rpj_procategory on
                                  rpj_product.category_id = rpj_procategory.category_id
                                inner join rpj_brand on
                                  rpj_product.brand_id    = rpj_brand.brand_id [ RunTime:0.0538s ]

[ 2020-04-07T12:04:49+08:00 ] ::1 /chikwong/NewRPJ/index.php/home/index/index
INFO: [ app_init ] --START--
INFO: Run Behavior\BuildLiteBehavior [ RunTime:0.000011s ]
INFO: [ app_init ] --END-- [ RunTime:0.000281s ]
INFO: [ app_begin ] --START--
INFO: Run Behavior\ReadHtmlCacheBehavior [ RunTime:0.000622s ]
INFO: [ app_begin ] --END-- [ RunTime:0.000667s ]
SQL: SHOW COLUMNS FROM `rpj_company` [ RunTime:0.0540s ]
SQL: SHOW COLUMNS FROM `rpj_brand` [ RunTime:0.0544s ]
SQL: select rpj_product.category_id,
                                            rpj_procategory.category_name
                                from rpj_product
                                inner join rpj_procategory on rpj_product.category_id = rpj_procategory.category_id
                                group by rpj_product.category_id [ RunTime:0.0550s ]
SQL: select rpj_product.brand_id,
                                    rpj_product.category_id,
                                    rpj_brand.brand_name,
                                    rpj_procategory.category_name
                                from rpj_product
                                inner join rpj_brand on rpj_product.brand_id = rpj_brand.brand_id
                                inner join rpj_procategory on rpj_product.category_id = rpj_procategory.category_id
                                group by rpj_product.brand_id,rpj_product.category_id [ RunTime:0.0544s ]
SQL: SELECT * FROM `rpj_company` WHERE `id` = 1 LIMIT 1   [ RunTime:0.0538s ]
SQL: select * from rpj_product
                                inner join rpj_procategory on
                                  rpj_product.category_id = rpj_procategory.category_id
                                inner join rpj_brand on
                                  rpj_product.brand_id    = rpj_brand.brand_id [ RunTime:0.0544s ]
SQL: SELECT * FROM `rpj_brand`  [ RunTime:0.0540s ]
INFO: [ view_parse ] --START--
INFO: [ template_filter ] --START--
INFO: Run Behavior\ContentReplaceBehavior [ RunTime:0.000209s ]
INFO: [ template_filter ] --END-- [ RunTime:0.000249s ]
NOTIC: [8] Undefined variable: prod_list D:\xampp\htdocs\chikwong\NewRPJ\Application\Runtime\Cache\Home\2a94b8bda04ff446dcedd42276fc99ee.php 第 186 行.
NOTIC: [8] Undefined variable: prod_list D:\xampp\htdocs\chikwong\NewRPJ\Application\Runtime\Cache\Home\2a94b8bda04ff446dcedd42276fc99ee.php 第 188 行.
NOTIC: [8] Undefined variable: prod_list D:\xampp\htdocs\chikwong\NewRPJ\Application\Runtime\Cache\Home\2a94b8bda04ff446dcedd42276fc99ee.php 第 186 行.
NOTIC: [8] Undefined variable: prod_list D:\xampp\htdocs\chikwong\NewRPJ\Application\Runtime\Cache\Home\2a94b8bda04ff446dcedd42276fc99ee.php 第 188 行.
NOTIC: [8] Undefined variable: prod_list D:\xampp\htdocs\chikwong\NewRPJ\Application\Runtime\Cache\Home\2a94b8bda04ff446dcedd42276fc99ee.php 第 186 行.
NOTIC: [8] Undefined variable: prod_list D:\xampp\htdocs\chikwong\NewRPJ\Application\Runtime\Cache\Home\2a94b8bda04ff446dcedd42276fc99ee.php 第 188 行.
INFO: Run Behavior\ParseTemplateBehavior [ RunTime:0.027959s ]
INFO: [ view_parse ] --END-- [ RunTime:0.028015s ]
INFO: [ view_filter ] --START--
INFO: Run Behavior\WriteHtmlCacheBehavior [ RunTime:0.000478s ]
INFO: [ view_filter ] --END-- [ RunTime:0.000507s ]
INFO: [ app_end ] --START--
INFO: Run Behavior\ShowPageTraceBehavior [ RunTime:0.000772s ]
INFO: [ app_end ] --END-- [ RunTime:0.000822s ]

[ 2020-04-07T12:05:39+08:00 ] ::1 /chikwong/NewRPJ/index.php/home/index/index
INFO: [ app_init ] --START--
INFO: Run Behavior\BuildLiteBehavior [ RunTime:0.000010s ]
INFO: [ app_init ] --END-- [ RunTime:0.000290s ]
INFO: [ app_begin ] --START--
INFO: Run Behavior\ReadHtmlCacheBehavior [ RunTime:0.000501s ]
INFO: [ app_begin ] --END-- [ RunTime:0.000534s ]
SQL: SHOW COLUMNS FROM `rpj_company` [ RunTime:0.0561s ]
SQL: SHOW COLUMNS FROM `rpj_brand` [ RunTime:0.0568s ]
SQL: select rpj_product.category_id,
                                            rpj_procategory.category_name
                                from rpj_product
                                inner join rpj_procategory on rpj_product.category_id = rpj_procategory.category_id
                                group by rpj_product.category_id [ RunTime:0.0546s ]
SQL: select rpj_product.brand_id,
                                    rpj_product.category_id,
                                    rpj_brand.brand_name,
                                    rpj_procategory.category_name
                                from rpj_product
                                inner join rpj_brand on rpj_product.brand_id = rpj_brand.brand_id
                                inner join rpj_procategory on rpj_product.category_id = rpj_procategory.category_id
                                group by rpj_product.brand_id,rpj_product.category_id [ RunTime:0.0551s ]
SQL: SELECT * FROM `rpj_company` WHERE `id` = 1 LIMIT 1   [ RunTime:0.0542s ]
SQL: select * from rpj_product
                                inner join rpj_procategory on
                                  rpj_product.category_id = rpj_procategory.category_id
                                inner join rpj_brand on
                                  rpj_product.brand_id    = rpj_brand.brand_id [ RunTime:0.0552s ]
SQL: SELECT * FROM `rpj_brand`  [ RunTime:0.0546s ]
INFO: [ view_parse ] --START--
INFO: [ template_filter ] --START--
INFO: Run Behavior\ContentReplaceBehavior [ RunTime:0.000257s ]
INFO: [ template_filter ] --END-- [ RunTime:0.000303s ]
NOTIC: [8] Undefined variable: prod_list D:\xampp\htdocs\chikwong\NewRPJ\Application\Runtime\Cache\Home\2a94b8bda04ff446dcedd42276fc99ee.php 第 186 行.
NOTIC: [8] Undefined variable: prod_list D:\xampp\htdocs\chikwong\NewRPJ\Application\Runtime\Cache\Home\2a94b8bda04ff446dcedd42276fc99ee.php 第 188 行.
NOTIC: [8] Undefined variable: prod_list D:\xampp\htdocs\chikwong\NewRPJ\Application\Runtime\Cache\Home\2a94b8bda04ff446dcedd42276fc99ee.php 第 186 行.
NOTIC: [8] Undefined variable: prod_list D:\xampp\htdocs\chikwong\NewRPJ\Application\Runtime\Cache\Home\2a94b8bda04ff446dcedd42276fc99ee.php 第 188 行.
NOTIC: [8] Undefined variable: prod_list D:\xampp\htdocs\chikwong\NewRPJ\Application\Runtime\Cache\Home\2a94b8bda04ff446dcedd42276fc99ee.php 第 186 行.
NOTIC: [8] Undefined variable: prod_list D:\xampp\htdocs\chikwong\NewRPJ\Application\Runtime\Cache\Home\2a94b8bda04ff446dcedd42276fc99ee.php 第 188 行.
INFO: Run Behavior\ParseTemplateBehavior [ RunTime:0.043677s ]
INFO: [ view_parse ] --END-- [ RunTime:0.043743s ]
INFO: [ view_filter ] --START--
INFO: Run Behavior\WriteHtmlCacheBehavior [ RunTime:0.000528s ]
INFO: [ view_filter ] --END-- [ RunTime:0.000571s ]
INFO: [ app_end ] --START--
INFO: Run Behavior\ShowPageTraceBehavior [ RunTime:0.000900s ]
INFO: [ app_end ] --END-- [ RunTime:0.001000s ]

[ 2020-04-07T12:05:40+08:00 ] ::1 /chikwong/NewRPJ/index.php/home/index/index
INFO: [ app_init ] --START--
INFO: Run Behavior\BuildLiteBehavior [ RunTime:0.000009s ]
INFO: [ app_init ] --END-- [ RunTime:0.000301s ]
INFO: [ app_begin ] --START--
INFO: Run Behavior\ReadHtmlCacheBehavior [ RunTime:0.001182s ]
INFO: [ app_begin ] --END-- [ RunTime:0.001261s ]
SQL: SHOW COLUMNS FROM `rpj_company` [ RunTime:0.0562s ]
SQL: SHOW COLUMNS FROM `rpj_brand` [ RunTime:0.0536s ]
SQL: select rpj_product.category_id,
                                            rpj_procategory.category_name
                                from rpj_product
                                inner join rpj_procategory on rpj_product.category_id = rpj_procategory.category_id
                                group by rpj_product.category_id [ RunTime:0.0537s ]
SQL: select rpj_product.brand_id,
                                    rpj_product.category_id,
                                    rpj_brand.brand_name,
                                    rpj_procategory.category_name
                                from rpj_product
                                inner join rpj_brand on rpj_product.brand_id = rpj_brand.brand_id
                                inner join rpj_procategory on rpj_product.category_id = rpj_procategory.category_id
                                group by rpj_product.brand_id,rpj_product.category_id [ RunTime:0.0539s ]
SQL: SELECT * FROM `rpj_company` WHERE `id` = 1 LIMIT 1   [ RunTime:0.0535s ]
SQL: select * from rpj_product
                                inner join rpj_procategory on
                                  rpj_product.category_id = rpj_procategory.category_id
                                inner join rpj_brand on
                                  rpj_product.brand_id    = rpj_brand.brand_id [ RunTime:0.0535s ]
SQL: SELECT * FROM `rpj_brand`  [ RunTime:0.0531s ]
INFO: [ view_parse ] --START--
INFO: [ template_filter ] --START--
INFO: Run Behavior\ContentReplaceBehavior [ RunTime:0.000190s ]
INFO: [ template_filter ] --END-- [ RunTime:0.000225s ]
NOTIC: [8] Undefined variable: prod_list D:\xampp\htdocs\chikwong\NewRPJ\Application\Runtime\Cache\Home\2a94b8bda04ff446dcedd42276fc99ee.php 第 186 行.
NOTIC: [8] Undefined variable: prod_list D:\xampp\htdocs\chikwong\NewRPJ\Application\Runtime\Cache\Home\2a94b8bda04ff446dcedd42276fc99ee.php 第 188 行.
NOTIC: [8] Undefined variable: prod_list D:\xampp\htdocs\chikwong\NewRPJ\Application\Runtime\Cache\Home\2a94b8bda04ff446dcedd42276fc99ee.php 第 186 行.
NOTIC: [8] Undefined variable: prod_list D:\xampp\htdocs\chikwong\NewRPJ\Application\Runtime\Cache\Home\2a94b8bda04ff446dcedd42276fc99ee.php 第 188 行.
NOTIC: [8] Undefined variable: prod_list D:\xampp\htdocs\chikwong\NewRPJ\Application\Runtime\Cache\Home\2a94b8bda04ff446dcedd42276fc99ee.php 第 186 行.
NOTIC: [8] Undefined variable: prod_list D:\xampp\htdocs\chikwong\NewRPJ\Application\Runtime\Cache\Home\2a94b8bda04ff446dcedd42276fc99ee.php 第 188 行.
INFO: Run Behavior\ParseTemplateBehavior [ RunTime:0.020185s ]
INFO: [ view_parse ] --END-- [ RunTime:0.020256s ]
INFO: [ view_filter ] --START--
INFO: Run Behavior\WriteHtmlCacheBehavior [ RunTime:0.001397s ]
INFO: [ view_filter ] --END-- [ RunTime:0.001484s ]
INFO: [ app_end ] --START--
INFO: Run Behavior\ShowPageTraceBehavior [ RunTime:0.000928s ]
INFO: [ app_end ] --END-- [ RunTime:0.001029s ]

[ 2020-04-07T12:06:07+08:00 ] ::1 /chikwong/NewRPJ/index.php/home/index/index
INFO: [ app_init ] --START--
INFO: Run Behavior\BuildLiteBehavior [ RunTime:0.000009s ]
INFO: [ app_init ] --END-- [ RunTime:0.000269s ]
INFO: [ app_begin ] --START--
INFO: Run Behavior\ReadHtmlCacheBehavior [ RunTime:0.000389s ]
INFO: [ app_begin ] --END-- [ RunTime:0.000428s ]
SQL: SHOW COLUMNS FROM `rpj_company` [ RunTime:0.0546s ]
SQL: SHOW COLUMNS FROM `rpj_brand` [ RunTime:0.0537s ]
SQL: select rpj_product.category_id,
                                            rpj_procategory.category_name
                                from rpj_product
                                inner join rpj_procategory on rpj_product.category_id = rpj_procategory.category_id
                                group by rpj_product.category_id [ RunTime:0.0557s ]
SQL: select rpj_product.brand_id,
                                    rpj_product.category_id,
                                    rpj_brand.brand_name,
                                    rpj_procategory.category_name
                                from rpj_product
                                inner join rpj_brand on rpj_product.brand_id = rpj_brand.brand_id
                                inner join rpj_procategory on rpj_product.category_id = rpj_procategory.category_id
                                group by rpj_product.brand_id,rpj_product.category_id [ RunTime:0.0534s ]
SQL: SELECT * FROM `rpj_company` WHERE `id` = 1 LIMIT 1   [ RunTime:0.0533s ]
SQL: select * from rpj_product
                                inner join rpj_procategory on
                                  rpj_product.category_id = rpj_procategory.category_id
                                inner join rpj_brand on
                                  rpj_product.brand_id    = rpj_brand.brand_id [ RunTime:0.0529s ]
SQL: SELECT * FROM `rpj_brand`  [ RunTime:0.0528s ]
INFO: [ view_parse ] --START--
INFO: [ template_filter ] --START--
INFO: Run Behavior\ContentReplaceBehavior [ RunTime:0.000384s ]
INFO: [ template_filter ] --END-- [ RunTime:0.000452s ]
NOTIC: [8] Undefined variable: prod_list D:\xampp\htdocs\chikwong\NewRPJ\Application\Runtime\Cache\Home\2a94b8bda04ff446dcedd42276fc99ee.php 第 186 行.
NOTIC: [8] Undefined variable: prod_list D:\xampp\htdocs\chikwong\NewRPJ\Application\Runtime\Cache\Home\2a94b8bda04ff446dcedd42276fc99ee.php 第 188 行.
NOTIC: [8] Undefined variable: prod_list D:\xampp\htdocs\chikwong\NewRPJ\Application\Runtime\Cache\Home\2a94b8bda04ff446dcedd42276fc99ee.php 第 186 行.
NOTIC: [8] Undefined variable: prod_list D:\xampp\htdocs\chikwong\NewRPJ\Application\Runtime\Cache\Home\2a94b8bda04ff446dcedd42276fc99ee.php 第 188 行.
NOTIC: [8] Undefined variable: prod_list D:\xampp\htdocs\chikwong\NewRPJ\Application\Runtime\Cache\Home\2a94b8bda04ff446dcedd42276fc99ee.php 第 186 行.
NOTIC: [8] Undefined variable: prod_list D:\xampp\htdocs\chikwong\NewRPJ\Application\Runtime\Cache\Home\2a94b8bda04ff446dcedd42276fc99ee.php 第 188 行.
INFO: Run Behavior\ParseTemplateBehavior [ RunTime:0.033176s ]
INFO: [ view_parse ] --END-- [ RunTime:0.033240s ]
INFO: [ view_filter ] --START--
INFO: Run Behavior\WriteHtmlCacheBehavior [ RunTime:0.000394s ]
INFO: [ view_filter ] --END-- [ RunTime:0.000438s ]
INFO: [ app_end ] --START--
INFO: Run Behavior\ShowPageTraceBehavior [ RunTime:0.002137s ]
INFO: [ app_end ] --END-- [ RunTime:0.002225s ]

[ 2020-04-07T12:08:23+08:00 ] ::1 /chikwong/NewRPJ/index.php/home/index/index
INFO: [ app_init ] --START--
INFO: Run Behavior\BuildLiteBehavior [ RunTime:0.000009s ]
INFO: [ app_init ] --END-- [ RunTime:0.000271s ]
INFO: [ app_begin ] --START--
INFO: Run Behavior\ReadHtmlCacheBehavior [ RunTime:0.001431s ]
INFO: [ app_begin ] --END-- [ RunTime:0.001482s ]
SQL: SHOW COLUMNS FROM `rpj_company` [ RunTime:0.0543s ]
SQL: SHOW COLUMNS FROM `rpj_brand` [ RunTime:0.0540s ]
SQL: select rpj_product.category_id,
                                            rpj_procategory.category_name
                                from rpj_product
                                inner join rpj_procategory on rpj_product.category_id = rpj_procategory.category_id
                                group by rpj_product.category_id [ RunTime:0.0547s ]
SQL: select rpj_product.brand_id,
                                    rpj_product.category_id,
                                    rpj_brand.brand_name,
                                    rpj_procategory.category_name
                                from rpj_product
                                inner join rpj_brand on rpj_product.brand_id = rpj_brand.brand_id
                                inner join rpj_procategory on rpj_product.category_id = rpj_procategory.category_id
                                group by rpj_product.brand_id,rpj_product.category_id [ RunTime:0.0543s ]
SQL: SELECT * FROM `rpj_company` WHERE `id` = 1 LIMIT 1   [ RunTime:0.0548s ]
SQL: select * from rpj_product
                                inner join rpj_procategory on
                                  rpj_product.category_id = rpj_procategory.category_id
                                inner join rpj_brand on
                                  rpj_product.brand_id    = rpj_brand.brand_id [ RunTime:0.0548s ]
SQL: SELECT * FROM `rpj_brand`  [ RunTime:0.0536s ]
INFO: [ view_parse ] --START--
INFO: [ template_filter ] --START--
INFO: Run Behavior\ContentReplaceBehavior [ RunTime:0.000189s ]
INFO: [ template_filter ] --END-- [ RunTime:0.000238s ]
INFO: Run Behavior\ParseTemplateBehavior [ RunTime:0.020224s ]
INFO: [ view_parse ] --END-- [ RunTime:0.020268s ]
INFO: [ view_filter ] --START--
INFO: Run Behavior\WriteHtmlCacheBehavior [ RunTime:0.000396s ]
INFO: [ view_filter ] --END-- [ RunTime:0.000421s ]
INFO: [ app_end ] --START--
INFO: Run Behavior\ShowPageTraceBehavior [ RunTime:0.000962s ]
INFO: [ app_end ] --END-- [ RunTime:0.001042s ]

[ 2020-04-07T12:09:13+08:00 ] ::1 /chikwong/NewRPJ/index.php/home/index/index
INFO: [ app_init ] --START--
INFO: Run Behavior\BuildLiteBehavior [ RunTime:0.000008s ]
INFO: [ app_init ] --END-- [ RunTime:0.000295s ]
INFO: [ app_begin ] --START--
INFO: Run Behavior\ReadHtmlCacheBehavior [ RunTime:0.000901s ]
INFO: [ app_begin ] --END-- [ RunTime:0.000978s ]
SQL: SHOW COLUMNS FROM `rpj_company` [ RunTime:0.0533s ]
SQL: SHOW COLUMNS FROM `rpj_brand` [ RunTime:0.0534s ]
SQL: select rpj_product.category_id,
                                            rpj_procategory.category_name
                                from rpj_product
                                inner join rpj_procategory on rpj_product.category_id = rpj_procategory.category_id
                                group by rpj_product.category_id [ RunTime:0.0529s ]
SQL: select rpj_product.brand_id,
                                    rpj_product.category_id,
                                    rpj_brand.brand_name,
                                    rpj_procategory.category_name
                                from rpj_product
                                inner join rpj_brand on rpj_product.brand_id = rpj_brand.brand_id
                                inner join rpj_procategory on rpj_product.category_id = rpj_procategory.category_id
                                group by rpj_product.brand_id,rpj_product.category_id [ RunTime:0.0536s ]
SQL: SELECT * FROM `rpj_company` WHERE `id` = 1 LIMIT 1   [ RunTime:0.0534s ]
SQL: select * from rpj_product
                                inner join rpj_procategory on
                                  rpj_product.category_id = rpj_procategory.category_id
                                inner join rpj_brand on
                                  rpj_product.brand_id    = rpj_brand.brand_id [ RunTime:0.0533s ]
SQL: SELECT * FROM `rpj_brand`  [ RunTime:0.0524s ]
INFO: [ view_parse ] --START--
INFO: [ template_filter ] --START--
INFO: Run Behavior\ContentReplaceBehavior [ RunTime:0.000299s ]
INFO: [ template_filter ] --END-- [ RunTime:0.000354s ]
INFO: Run Behavior\ParseTemplateBehavior [ RunTime:0.036136s ]
INFO: [ view_parse ] --END-- [ RunTime:0.036206s ]
INFO: [ view_filter ] --START--
INFO: Run Behavior\WriteHtmlCacheBehavior [ RunTime:0.000336s ]
INFO: [ view_filter ] --END-- [ RunTime:0.000370s ]
INFO: [ app_end ] --START--
INFO: Run Behavior\ShowPageTraceBehavior [ RunTime:0.000681s ]
INFO: [ app_end ] --END-- [ RunTime:0.000761s ]

[ 2020-04-07T12:14:02+08:00 ] ::1 /chikwong/NewRPJ/index.php/home/index/index
INFO: [ app_init ] --START--
INFO: Run Behavior\BuildLiteBehavior [ RunTime:0.000016s ]
INFO: [ app_init ] --END-- [ RunTime:0.000276s ]
INFO: [ app_begin ] --START--
INFO: Run Behavior\ReadHtmlCacheBehavior [ RunTime:0.000376s ]
INFO: [ app_begin ] --END-- [ RunTime:0.000410s ]
SQL: SHOW COLUMNS FROM `rpj_company` [ RunTime:0.0546s ]
SQL: SHOW COLUMNS FROM `rpj_brand` [ RunTime:0.0546s ]
SQL: select rpj_product.category_id,
                                            rpj_procategory.category_name
                                from rpj_product
                                inner join rpj_procategory on rpj_product.category_id = rpj_procategory.category_id
                                group by rpj_product.category_id [ RunTime:0.0543s ]
SQL: select rpj_product.brand_id,
                                    rpj_product.category_id,
                                    rpj_brand.brand_name,
                                    rpj_procategory.category_name
                                from rpj_product
                                inner join rpj_brand on rpj_product.brand_id = rpj_brand.brand_id
                                inner join rpj_procategory on rpj_product.category_id = rpj_procategory.category_id
                                group by rpj_product.brand_id,rpj_product.category_id [ RunTime:0.0545s ]
SQL: SELECT * FROM `rpj_company` WHERE `id` = 1 LIMIT 1   [ RunTime:0.0548s ]
SQL: select * from rpj_product
                                inner join rpj_procategory on
                                  rpj_product.category_id = rpj_procategory.category_id
                                inner join rpj_brand on
                                  rpj_product.brand_id    = rpj_brand.brand_id [ RunTime:0.0541s ]
SQL: SELECT * FROM `rpj_brand`  [ RunTime:0.0539s ]
INFO: [ view_parse ] --START--
INFO: [ template_filter ] --START--
INFO: Run Behavior\ContentReplaceBehavior [ RunTime:0.000261s ]
INFO: [ template_filter ] --END-- [ RunTime:0.000310s ]
INFO: Run Behavior\ParseTemplateBehavior [ RunTime:0.033376s ]
INFO: [ view_parse ] --END-- [ RunTime:0.033469s ]
INFO: [ view_filter ] --START--
INFO: Run Behavior\WriteHtmlCacheBehavior [ RunTime:0.000615s ]
INFO: [ view_filter ] --END-- [ RunTime:0.000661s ]
INFO: [ app_end ] --START--
INFO: Run Behavior\ShowPageTraceBehavior [ RunTime:0.000716s ]
INFO: [ app_end ] --END-- [ RunTime:0.000787s ]

[ 2020-04-07T12:14:38+08:00 ] ::1 /chikwong/NewRPJ/index.php/home/index/index
INFO: [ app_init ] --START--
INFO: Run Behavior\BuildLiteBehavior [ RunTime:0.000020s ]
INFO: [ app_init ] --END-- [ RunTime:0.000454s ]
INFO: [ app_begin ] --START--
INFO: Run Behavior\ReadHtmlCacheBehavior [ RunTime:0.000299s ]
INFO: [ app_begin ] --END-- [ RunTime:0.000341s ]
SQL: SHOW COLUMNS FROM `rpj_company` [ RunTime:0.0554s ]
SQL: SHOW COLUMNS FROM `rpj_brand` [ RunTime:0.0544s ]
SQL: select rpj_product.category_id,
                                            rpj_procategory.category_name
                                from rpj_product
                                inner join rpj_procategory on rpj_product.category_id = rpj_procategory.category_id
                                group by rpj_product.category_id [ RunTime:0.0544s ]
SQL: select rpj_product.brand_id,
                                    rpj_product.category_id,
                                    rpj_brand.brand_name,
                                    rpj_procategory.category_name
                                from rpj_product
                                inner join rpj_brand on rpj_product.brand_id = rpj_brand.brand_id
                                inner join rpj_procategory on rpj_product.category_id = rpj_procategory.category_id
                                group by rpj_product.brand_id,rpj_product.category_id [ RunTime:0.0544s ]
SQL: SELECT * FROM `rpj_company` WHERE `id` = 1 LIMIT 1   [ RunTime:0.0551s ]
SQL: select * from rpj_product
                                inner join rpj_procategory on
                                  rpj_product.category_id = rpj_procategory.category_id
                                inner join rpj_brand on
                                  rpj_product.brand_id    = rpj_brand.brand_id [ RunTime:0.0550s ]
SQL: SELECT * FROM `rpj_brand`  [ RunTime:0.0538s ]
INFO: [ view_parse ] --START--
INFO: [ template_filter ] --START--
INFO: Run Behavior\ContentReplaceBehavior [ RunTime:0.000206s ]
INFO: [ template_filter ] --END-- [ RunTime:0.000244s ]
INFO: Run Behavior\ParseTemplateBehavior [ RunTime:0.022829s ]
INFO: [ view_parse ] --END-- [ RunTime:0.022946s ]
INFO: [ view_filter ] --START--
INFO: Run Behavior\WriteHtmlCacheBehavior [ RunTime:0.000771s ]
INFO: [ view_filter ] --END-- [ RunTime:0.000866s ]
INFO: [ app_end ] --START--
INFO: Run Behavior\ShowPageTraceBehavior [ RunTime:0.000465s ]
INFO: [ app_end ] --END-- [ RunTime:0.000523s ]

[ 2020-04-07T12:16:16+08:00 ] ::1 /chikwong/NewRPJ/index.php/home/about/about
INFO: [ app_init ] --START--
INFO: Run Behavior\BuildLiteBehavior [ RunTime:0.000015s ]
INFO: [ app_init ] --END-- [ RunTime:0.000616s ]
INFO: [ app_begin ] --START--
INFO: Run Behavior\ReadHtmlCacheBehavior [ RunTime:0.000779s ]
INFO: [ app_begin ] --END-- [ RunTime:0.000853s ]
SQL: SHOW COLUMNS FROM `rpj_company` [ RunTime:0.0544s ]
SQL: SHOW COLUMNS FROM `rpj_product` [ RunTime:0.0546s ]
SQL: SHOW COLUMNS FROM `rpj_brand` [ RunTime:0.0541s ]
SQL: select rpj_product.category_id,
                                            rpj_procategory.category_name
                                from rpj_product
                                inner join rpj_procategory on rpj_product.category_id = rpj_procategory.category_id
                                group by rpj_product.category_id [ RunTime:0.0535s ]
SQL: select rpj_product.brand_id,
                                    rpj_product.category_id,
                                    rpj_brand.brand_name,
                                    rpj_procategory.category_name
                                from rpj_product
                                inner join rpj_brand on rpj_product.brand_id = rpj_brand.brand_id
                                inner join rpj_procategory on rpj_product.category_id = rpj_procategory.category_id
                                group by rpj_product.brand_id,rpj_product.category_id [ RunTime:0.0540s ]
SQL: SELECT * FROM `rpj_company` WHERE `id` = 1 LIMIT 1   [ RunTime:0.0542s ]
SQL: SELECT * FROM `rpj_product`  [ RunTime:0.0542s ]
SQL: SELECT * FROM `rpj_brand`  [ RunTime:0.0537s ]
INFO: [ view_parse ] --START--
INFO: [ template_filter ] --START--
INFO: Run Behavior\ContentReplaceBehavior [ RunTime:0.000221s ]
INFO: [ template_filter ] --END-- [ RunTime:0.000272s ]
INFO: Run Behavior\ParseTemplateBehavior [ RunTime:0.029909s ]
INFO: [ view_parse ] --END-- [ RunTime:0.030007s ]
INFO: [ view_filter ] --START--
INFO: Run Behavior\WriteHtmlCacheBehavior [ RunTime:0.000602s ]
INFO: [ view_filter ] --END-- [ RunTime:0.000639s ]
INFO: [ app_end ] --START--
INFO: Run Behavior\ShowPageTraceBehavior [ RunTime:0.001351s ]
INFO: [ app_end ] --END-- [ RunTime:0.001444s ]

[ 2020-04-07T12:16:23+08:00 ] ::1 /chikwong/NewRPJ/index.php/home/index/index
INFO: [ app_init ] --START--
INFO: Run Behavior\BuildLiteBehavior [ RunTime:0.000013s ]
INFO: [ app_init ] --END-- [ RunTime:0.000261s ]
INFO: [ app_begin ] --START--
INFO: Run Behavior\ReadHtmlCacheBehavior [ RunTime:0.000531s ]
INFO: [ app_begin ] --END-- [ RunTime:0.000610s ]
SQL: SHOW COLUMNS FROM `rpj_company` [ RunTime:0.0545s ]
SQL: SHOW COLUMNS FROM `rpj_brand` [ RunTime:0.0549s ]
SQL: select rpj_product.category_id,
                                            rpj_procategory.category_name
                                from rpj_product
                                inner join rpj_procategory on rpj_product.category_id = rpj_procategory.category_id
                                group by rpj_product.category_id [ RunTime:0.0552s ]
SQL: select rpj_product.brand_id,
                                    rpj_product.category_id,
                                    rpj_brand.brand_name,
                                    rpj_procategory.category_name
                                from rpj_product
                                inner join rpj_brand on rpj_product.brand_id = rpj_brand.brand_id
                                inner join rpj_procategory on rpj_product.category_id = rpj_procategory.category_id
                                group by rpj_product.brand_id,rpj_product.category_id [ RunTime:0.0549s ]
SQL: SELECT * FROM `rpj_company` WHERE `id` = 1 LIMIT 1   [ RunTime:0.0552s ]
SQL: select * from rpj_product
                                inner join rpj_procategory on
                                  rpj_product.category_id = rpj_procategory.category_id
                                inner join rpj_brand on
                                  rpj_product.brand_id    = rpj_brand.brand_id [ RunTime:0.0560s ]
SQL: SELECT * FROM `rpj_brand`  [ RunTime:0.0547s ]
INFO: [ view_parse ] --START--
INFO: [ template_filter ] --START--
INFO: Run Behavior\ContentReplaceBehavior [ RunTime:0.000264s ]
INFO: [ template_filter ] --END-- [ RunTime:0.000311s ]
NOTIC: [8] Use of undefined constant product_id - assumed 'product_id' D:\xampp\htdocs\chikwong\NewRPJ\Application\Runtime\Cache\Home\2a94b8bda04ff446dcedd42276fc99ee.php 第 193 行.
NOTIC: [8] Use of undefined constant product_id - assumed 'product_id' D:\xampp\htdocs\chikwong\NewRPJ\Application\Runtime\Cache\Home\2a94b8bda04ff446dcedd42276fc99ee.php 第 193 行.
NOTIC: [8] Use of undefined constant product_id - assumed 'product_id' D:\xampp\htdocs\chikwong\NewRPJ\Application\Runtime\Cache\Home\2a94b8bda04ff446dcedd42276fc99ee.php 第 193 行.
INFO: Run Behavior\ParseTemplateBehavior [ RunTime:0.037736s ]
INFO: [ view_parse ] --END-- [ RunTime:0.037819s ]
INFO: [ view_filter ] --START--
INFO: Run Behavior\WriteHtmlCacheBehavior [ RunTime:0.000300s ]
INFO: [ view_filter ] --END-- [ RunTime:0.000327s ]
INFO: [ app_end ] --START--
INFO: Run Behavior\ShowPageTraceBehavior [ RunTime:0.000694s ]
INFO: [ app_end ] --END-- [ RunTime:0.000759s ]

[ 2020-04-07T12:16:30+08:00 ] ::1 /chikwong/NewRPJ/index.php/home/product/product/product_id/3.html
INFO: [ app_init ] --START--
INFO: Run Behavior\BuildLiteBehavior [ RunTime:0.000011s ]
INFO: [ app_init ] --END-- [ RunTime:0.000240s ]
INFO: [ app_begin ] --START--
INFO: Run Behavior\ReadHtmlCacheBehavior [ RunTime:0.000284s ]
INFO: [ app_begin ] --END-- [ RunTime:0.000318s ]
SQL: SHOW COLUMNS FROM `rpj_company` [ RunTime:0.0547s ]
SQL: SHOW COLUMNS FROM `rpj_product` [ RunTime:0.0555s ]
SQL: SHOW COLUMNS FROM `rpj_brand` [ RunTime:0.0543s ]
SQL: select rpj_product.category_id,
                                            rpj_procategory.category_name
                                from rpj_product
                                inner join rpj_procategory on rpj_product.category_id = rpj_procategory.category_id
                                group by rpj_product.category_id [ RunTime:0.0542s ]
SQL: select rpj_product.brand_id,
                                    rpj_product.category_id,
                                    rpj_brand.brand_name,
                                    rpj_procategory.category_name
                                from rpj_product
                                inner join rpj_brand on rpj_product.brand_id = rpj_brand.brand_id
                                inner join rpj_procategory on rpj_product.category_id = rpj_procategory.category_id
                                group by rpj_product.brand_id,rpj_product.category_id [ RunTime:0.0539s ]
SQL: SHOW COLUMNS FROM `rpj_product_pic` [ RunTime:0.0545s ]
SQL: SHOW COLUMNS FROM `rpj_prod_att` [ RunTime:0.0545s ]
SQL: SHOW COLUMNS FROM `rpj_prod_param` [ RunTime:0.0545s ]
SQL: SELECT * FROM `rpj_company` WHERE `id` = 1 LIMIT 1   [ RunTime:0.0542s ]
SQL: select * from rpj_product
                                inner join rpj_procategory on
                                  rpj_product.category_id = rpj_procategory.category_id
                                inner join rpj_brand on
                                  rpj_product.brand_id    = rpj_brand.brand_id
                                where rpj_product.product_id = 3 [ RunTime:0.0552s ]
SQL: select * from rpj_product
                                inner join rpj_procategory on
                                  rpj_product.category_id = rpj_procategory.category_id
                                inner join rpj_brand on
                                  rpj_product.brand_id    = rpj_brand.brand_id [ RunTime:0.0541s ]
SQL: SELECT * FROM `rpj_product_pic` WHERE ( product_id = 3 )  [ RunTime:0.0542s ]
SQL: SELECT * FROM `rpj_brand`  [ RunTime:0.0540s ]
SQL: SELECT * FROM `rpj_prod_att` WHERE ( product_id = 3 )  [ RunTime:0.0543s ]
SQL: SELECT * FROM `rpj_prod_param` WHERE ( product_id = 3 )  [ RunTime:0.0546s ]
INFO: [ view_parse ] --START--
INFO: [ template_filter ] --START--
INFO: Run Behavior\ContentReplaceBehavior [ RunTime:0.000269s ]
INFO: [ template_filter ] --END-- [ RunTime:0.000318s ]
NOTIC: [8] Use of undefined constant product_id - assumed 'product_id' D:\xampp\htdocs\chikwong\NewRPJ\Application\Runtime\Cache\Home\5b87b1808583e75413168b00f7d913de.php 第 431 行.
NOTIC: [8] Use of undefined constant product_id - assumed 'product_id' D:\xampp\htdocs\chikwong\NewRPJ\Application\Runtime\Cache\Home\5b87b1808583e75413168b00f7d913de.php 第 445 行.
NOTIC: [8] Use of undefined constant product_id - assumed 'product_id' D:\xampp\htdocs\chikwong\NewRPJ\Application\Runtime\Cache\Home\5b87b1808583e75413168b00f7d913de.php 第 431 行.
NOTIC: [8] Use of undefined constant product_id - assumed 'product_id' D:\xampp\htdocs\chikwong\NewRPJ\Application\Runtime\Cache\Home\5b87b1808583e75413168b00f7d913de.php 第 445 行.
NOTIC: [8] Use of undefined constant product_id - assumed 'product_id' D:\xampp\htdocs\chikwong\NewRPJ\Application\Runtime\Cache\Home\5b87b1808583e75413168b00f7d913de.php 第 431 行.
NOTIC: [8] Use of undefined constant product_id - assumed 'product_id' D:\xampp\htdocs\chikwong\NewRPJ\Application\Runtime\Cache\Home\5b87b1808583e75413168b00f7d913de.php 第 445 行.
INFO: Run Behavior\ParseTemplateBehavior [ RunTime:0.032260s ]
INFO: [ view_parse ] --END-- [ RunTime:0.032347s ]
INFO: [ view_filter ] --START--
INFO: Run Behavior\WriteHtmlCacheBehavior [ RunTime:0.000274s ]
INFO: [ view_filter ] --END-- [ RunTime:0.000303s ]
INFO: [ app_end ] --START--
INFO: Run Behavior\ShowPageTraceBehavior [ RunTime:0.000646s ]
INFO: [ app_end ] --END-- [ RunTime:0.000735s ]

[ 2020-04-07T12:16:58+08:00 ] ::1 /chikwong/NewRPJ/index.php/home/product/product/product_id/4.html
INFO: [ app_init ] --START--
INFO: Run Behavior\BuildLiteBehavior [ RunTime:0.000010s ]
INFO: [ app_init ] --END-- [ RunTime:0.000270s ]
INFO: [ app_begin ] --START--
INFO: Run Behavior\ReadHtmlCacheBehavior [ RunTime:0.000545s ]
INFO: [ app_begin ] --END-- [ RunTime:0.000594s ]
SQL: SHOW COLUMNS FROM `rpj_company` [ RunTime:0.0546s ]
SQL: SHOW COLUMNS FROM `rpj_product` [ RunTime:0.0545s ]
SQL: SHOW COLUMNS FROM `rpj_brand` [ RunTime:0.0536s ]
SQL: select rpj_product.category_id,
                                            rpj_procategory.category_name
                                from rpj_product
                                inner join rpj_procategory on rpj_product.category_id = rpj_procategory.category_id
                                group by rpj_product.category_id [ RunTime:0.0546s ]
SQL: select rpj_product.brand_id,
                                    rpj_product.category_id,
                                    rpj_brand.brand_name,
                                    rpj_procategory.category_name
                                from rpj_product
                                inner join rpj_brand on rpj_product.brand_id = rpj_brand.brand_id
                                inner join rpj_procategory on rpj_product.category_id = rpj_procategory.category_id
                                group by rpj_product.brand_id,rpj_product.category_id [ RunTime:0.0550s ]
SQL: SHOW COLUMNS FROM `rpj_product_pic` [ RunTime:0.0546s ]
SQL: SHOW COLUMNS FROM `rpj_prod_att` [ RunTime:0.0545s ]
SQL: SHOW COLUMNS FROM `rpj_prod_param` [ RunTime:0.0543s ]
SQL: SELECT * FROM `rpj_company` WHERE `id` = 1 LIMIT 1   [ RunTime:0.0550s ]
SQL: select * from rpj_product
                                inner join rpj_procategory on
                                  rpj_product.category_id = rpj_procategory.category_id
                                inner join rpj_brand on
                                  rpj_product.brand_id    = rpj_brand.brand_id
                                where rpj_product.product_id = 4 [ RunTime:0.0558s ]
SQL: select * from rpj_product
                                inner join rpj_procategory on
                                  rpj_product.category_id = rpj_procategory.category_id
                                inner join rpj_brand on
                                  rpj_product.brand_id    = rpj_brand.brand_id [ RunTime:0.0548s ]
SQL: SELECT * FROM `rpj_product_pic` WHERE ( product_id = 4 )  [ RunTime:0.0535s ]
SQL: SELECT * FROM `rpj_brand`  [ RunTime:0.0534s ]
SQL: SELECT * FROM `rpj_prod_att` WHERE ( product_id = 4 )  [ RunTime:0.0535s ]
SQL: SELECT * FROM `rpj_prod_param` WHERE ( product_id = 4 )  [ RunTime:0.0546s ]
INFO: [ view_parse ] --START--
INFO: [ template_filter ] --START--
INFO: Run Behavior\ContentReplaceBehavior [ RunTime:0.000207s ]
INFO: [ template_filter ] --END-- [ RunTime:0.000248s ]
NOTIC: [8] Use of undefined constant product_id - assumed 'product_id' D:\xampp\htdocs\chikwong\NewRPJ\Application\Runtime\Cache\Home\5b87b1808583e75413168b00f7d913de.php 第 431 行.
NOTIC: [8] Use of undefined constant product_id - assumed 'product_id' D:\xampp\htdocs\chikwong\NewRPJ\Application\Runtime\Cache\Home\5b87b1808583e75413168b00f7d913de.php 第 445 行.
NOTIC: [8] Use of undefined constant product_id - assumed 'product_id' D:\xampp\htdocs\chikwong\NewRPJ\Application\Runtime\Cache\Home\5b87b1808583e75413168b00f7d913de.php 第 431 行.
NOTIC: [8] Use of undefined constant product_id - assumed 'product_id' D:\xampp\htdocs\chikwong\NewRPJ\Application\Runtime\Cache\Home\5b87b1808583e75413168b00f7d913de.php 第 445 行.
NOTIC: [8] Use of undefined constant product_id - assumed 'product_id' D:\xampp\htdocs\chikwong\NewRPJ\Application\Runtime\Cache\Home\5b87b1808583e75413168b00f7d913de.php 第 431 行.
NOTIC: [8] Use of undefined constant product_id - assumed 'product_id' D:\xampp\htdocs\chikwong\NewRPJ\Application\Runtime\Cache\Home\5b87b1808583e75413168b00f7d913de.php 第 445 行.
INFO: Run Behavior\ParseTemplateBehavior [ RunTime:0.038447s ]
INFO: [ view_parse ] --END-- [ RunTime:0.038803s ]
INFO: [ view_filter ] --START--
INFO: Run Behavior\WriteHtmlCacheBehavior [ RunTime:0.000541s ]
INFO: [ view_filter ] --END-- [ RunTime:0.000568s ]
INFO: [ app_end ] --START--
INFO: Run Behavior\ShowPageTraceBehavior [ RunTime:0.000792s ]
INFO: [ app_end ] --END-- [ RunTime:0.000878s ]

[ 2020-04-07T12:20:18+08:00 ] ::1 /chikwong/NewRPJ/index.php/home/index/index
INFO: [ app_init ] --START--
INFO: Run Behavior\BuildLiteBehavior [ RunTime:0.000018s ]
INFO: [ app_init ] --END-- [ RunTime:0.000362s ]
INFO: [ app_begin ] --START--
INFO: Run Behavior\ReadHtmlCacheBehavior [ RunTime:0.000686s ]
INFO: [ app_begin ] --END-- [ RunTime:0.000734s ]
SQL: SHOW COLUMNS FROM `rpj_company` [ RunTime:0.0553s ]
SQL: SHOW COLUMNS FROM `rpj_brand` [ RunTime:0.0550s ]
SQL: select rpj_product.category_id,
                                            rpj_procategory.category_name
                                from rpj_product
                                inner join rpj_procategory on rpj_product.category_id = rpj_procategory.category_id
                                group by rpj_product.category_id [ RunTime:0.0541s ]
SQL: select rpj_product.brand_id,
                                    rpj_product.category_id,
                                    rpj_brand.brand_name,
                                    rpj_procategory.category_name
                                from rpj_product
                                inner join rpj_brand on rpj_product.brand_id = rpj_brand.brand_id
                                inner join rpj_procategory on rpj_product.category_id = rpj_procategory.category_id
                                group by rpj_product.brand_id,rpj_product.category_id [ RunTime:0.0540s ]
SQL: SELECT * FROM `rpj_company` WHERE `id` = 1 LIMIT 1   [ RunTime:0.0552s ]
SQL: select * from rpj_product
                                inner join rpj_procategory on
                                  rpj_product.category_id = rpj_procategory.category_id
                                inner join rpj_brand on
                                  rpj_product.brand_id    = rpj_brand.brand_id [ RunTime:0.0552s ]
SQL: SELECT * FROM `rpj_brand`  [ RunTime:0.0538s ]
INFO: [ view_parse ] --START--
INFO: [ template_filter ] --START--
INFO: Run Behavior\ContentReplaceBehavior [ RunTime:0.000219s ]
INFO: [ template_filter ] --END-- [ RunTime:0.000261s ]
NOTIC: [8] Use of undefined constant product_id - assumed 'product_id' D:\xampp\htdocs\chikwong\NewRPJ\Application\Runtime\Cache\Home\2a94b8bda04ff446dcedd42276fc99ee.php 第 193 行.
NOTIC: [8] Use of undefined constant product_id - assumed 'product_id' D:\xampp\htdocs\chikwong\NewRPJ\Application\Runtime\Cache\Home\2a94b8bda04ff446dcedd42276fc99ee.php 第 193 行.
INFO: Run Behavior\ParseTemplateBehavior [ RunTime:0.042149s ]
INFO: [ view_parse ] --END-- [ RunTime:0.042884s ]
INFO: [ view_filter ] --START--
INFO: Run Behavior\WriteHtmlCacheBehavior [ RunTime:0.000473s ]
INFO: [ view_filter ] --END-- [ RunTime:0.000499s ]
INFO: [ app_end ] --START--
INFO: Run Behavior\ShowPageTraceBehavior [ RunTime:0.001633s ]
INFO: [ app_end ] --END-- [ RunTime:0.001699s ]

