[ 2020-04-03T20:59:05+08:00 ] ::1 /NewRPJ/index.php/home/product/product/product_id/2
INFO: [ app_init ] --START--
INFO: Run Behavior\BuildLiteBehavior [ RunTime:0.000050s ]
INFO: [ app_init ] --END-- [ RunTime:0.000692s ]
INFO: [ app_begin ] --START--
INFO: Run Behavior\ReadHtmlCacheBehavior [ RunTime:0.000499s ]
INFO: [ app_begin ] --END-- [ RunTime:0.000531s ]
SQL: SHOW COLUMNS FROM `rpj_company` [ RunTime:0.0452s ]
SQL: SHOW COLUMNS FROM `rpj_product` [ RunTime:0.0450s ]
SQL: SHOW COLUMNS FROM `rpj_brand` [ RunTime:0.0446s ]
SQL: select rpj_product.category_id,
                                            rpj_procategory.category_name
                                from rpj_product
                                inner join rpj_procategory on rpj_product.category_id = rpj_procategory.category_id
                                group by rpj_product.category_id [ RunTime:0.0506s ]
SQL: select rpj_product.brand_id,
                                    rpj_product.category_id,
                                    rpj_brand.brand_name,
                                    rpj_procategory.category_name
                                from rpj_product
                                inner join rpj_brand on rpj_product.brand_id = rpj_brand.brand_id
                                inner join rpj_procategory on rpj_product.category_id = rpj_procategory.category_id
                                group by rpj_product.brand_id,rpj_product.category_id [ RunTime:0.0767s ]
SQL: SHOW COLUMNS FROM `rpj_product_pic` [ RunTime:0.0451s ]
SQL: SHOW COLUMNS FROM `rpj_prod_att` [ RunTime:0.0447s ]
SQL: SHOW COLUMNS FROM `rpj_prod_param` [ RunTime:0.0446s ]
SQL: SELECT * FROM `rpj_company` WHERE `id` = 1 LIMIT 1   [ RunTime:0.0494s ]
SQL: select * from rpj_product
                                inner join rpj_procategory on
                                  rpj_product.category_id = rpj_procategory.category_id
                                inner join rpj_brand on
                                  rpj_product.brand_id    = rpj_brand.brand_id
                                where rpj_product.product_id = 2 [ RunTime:0.0447s ]
SQL: select * from rpj_product
                                inner join rpj_procategory on
                                  rpj_product.category_id = rpj_procategory.category_id
                                inner join rpj_brand on
                                  rpj_product.brand_id    = rpj_brand.brand_id [ RunTime:0.0452s ]
SQL: SELECT * FROM `rpj_product_pic` WHERE ( product_id = 2 )  [ RunTime:0.0596s ]
SQL: SELECT * FROM `rpj_brand`  [ RunTime:0.0447s ]
SQL: SELECT * FROM `rpj_prod_att` WHERE ( product_id = 2 )  [ RunTime:0.0539s ]
SQL: SELECT * FROM `rpj_prod_param` WHERE ( product_id = 2 )  [ RunTime:0.0616s ]
INFO: [ view_parse ] --START--
INFO: [ template_filter ] --START--
INFO: Run Behavior\ContentReplaceBehavior [ RunTime:0.000338s ]
INFO: [ template_filter ] --END-- [ RunTime:0.000378s ]
NOTIC: [2] file_put_contents(./Application/Runtime/Cache/Home/5b87b1808583e75413168b00f7d913de.php): failed to open stream: Permission denied /Users/chikwongyip/rpj/NewRPJ/ThinkPHP/Library/Think/Storage/Driver/File.class.php 第 47 行.
ERR: _STORAGE_WRITE_ERROR_:./Application/Runtime/Cache/Home/5b87b1808583e75413168b00f7d913de.php

[ 2020-04-03T20:59:40+08:00 ] ::1 /NewRPJ/index.php/home/product/product/product_id/2
INFO: [ app_init ] --START--
INFO: Run Behavior\BuildLiteBehavior [ RunTime:0.000020s ]
INFO: [ app_init ] --END-- [ RunTime:0.000588s ]
INFO: [ app_begin ] --START--
INFO: Run Behavior\ReadHtmlCacheBehavior [ RunTime:0.001487s ]
INFO: [ app_begin ] --END-- [ RunTime:0.001533s ]
SQL: SHOW COLUMNS FROM `rpj_company` [ RunTime:0.0476s ]
SQL: SHOW COLUMNS FROM `rpj_product` [ RunTime:0.0467s ]
SQL: SHOW COLUMNS FROM `rpj_brand` [ RunTime:0.0455s ]
SQL: select rpj_product.category_id,
                                            rpj_procategory.category_name
                                from rpj_product
                                inner join rpj_procategory on rpj_product.category_id = rpj_procategory.category_id
                                group by rpj_product.category_id [ RunTime:0.0452s ]
SQL: select rpj_product.brand_id,
                                    rpj_product.category_id,
                                    rpj_brand.brand_name,
                                    rpj_procategory.category_name
                                from rpj_product
                                inner join rpj_brand on rpj_product.brand_id = rpj_brand.brand_id
                                inner join rpj_procategory on rpj_product.category_id = rpj_procategory.category_id
                                group by rpj_product.brand_id,rpj_product.category_id [ RunTime:0.0449s ]
SQL: SHOW COLUMNS FROM `rpj_product_pic` [ RunTime:0.0461s ]
SQL: SHOW COLUMNS FROM `rpj_prod_att` [ RunTime:0.0452s ]
SQL: SHOW COLUMNS FROM `rpj_prod_param` [ RunTime:0.0454s ]
SQL: SELECT * FROM `rpj_company` WHERE `id` = 1 LIMIT 1   [ RunTime:0.0452s ]
SQL: select * from rpj_product
                                inner join rpj_procategory on
                                  rpj_product.category_id = rpj_procategory.category_id
                                inner join rpj_brand on
                                  rpj_product.brand_id    = rpj_brand.brand_id
                                where rpj_product.product_id = 2 [ RunTime:0.0453s ]
SQL: select * from rpj_product
                                inner join rpj_procategory on
                                  rpj_product.category_id = rpj_procategory.category_id
                                inner join rpj_brand on
                                  rpj_product.brand_id    = rpj_brand.brand_id [ RunTime:0.0452s ]
SQL: SELECT * FROM `rpj_product_pic` WHERE ( product_id = 2 )  [ RunTime:0.0450s ]
SQL: SELECT * FROM `rpj_brand`  [ RunTime:0.0450s ]
SQL: SELECT * FROM `rpj_prod_att` WHERE ( product_id = 2 )  [ RunTime:0.0445s ]
SQL: SELECT * FROM `rpj_prod_param` WHERE ( product_id = 2 )  [ RunTime:0.0449s ]
INFO: [ view_parse ] --START--
INFO: [ template_filter ] --START--
INFO: Run Behavior\ContentReplaceBehavior [ RunTime:0.000262s ]
INFO: [ template_filter ] --END-- [ RunTime:0.000304s ]
NOTIC: [2] Use of undefined constant product_id - assumed 'product_id' (this will throw an Error in a future version of PHP) /Users/chikwongyip/rpj/NewRPJ/Application/Runtime/Cache/Home/5b87b1808583e75413168b00f7d913de.php 第 431 行.
NOTIC: [2] Use of undefined constant product_id - assumed 'product_id' (this will throw an Error in a future version of PHP) /Users/chikwongyip/rpj/NewRPJ/Application/Runtime/Cache/Home/5b87b1808583e75413168b00f7d913de.php 第 445 行.
NOTIC: [2] Use of undefined constant product_id - assumed 'product_id' (this will throw an Error in a future version of PHP) /Users/chikwongyip/rpj/NewRPJ/Application/Runtime/Cache/Home/5b87b1808583e75413168b00f7d913de.php 第 431 行.
NOTIC: [2] Use of undefined constant product_id - assumed 'product_id' (this will throw an Error in a future version of PHP) /Users/chikwongyip/rpj/NewRPJ/Application/Runtime/Cache/Home/5b87b1808583e75413168b00f7d913de.php 第 445 行.
INFO: Run Behavior\ParseTemplateBehavior [ RunTime:0.036447s ]
INFO: [ view_parse ] --END-- [ RunTime:0.036515s ]
INFO: [ view_filter ] --START--
INFO: Run Behavior\WriteHtmlCacheBehavior [ RunTime:0.000854s ]
INFO: [ view_filter ] --END-- [ RunTime:0.000890s ]
INFO: [ app_end ] --START--
INFO: Run Behavior\ShowPageTraceBehavior [ RunTime:0.002614s ]
INFO: [ app_end ] --END-- [ RunTime:0.002661s ]

[ 2020-04-03T21:05:53+08:00 ] ::1 /NewRPJ/index.php/home/product/product/product_id/2
INFO: [ app_init ] --START--
INFO: Run Behavior\BuildLiteBehavior [ RunTime:0.000016s ]
INFO: [ app_init ] --END-- [ RunTime:0.000433s ]
INFO: [ app_begin ] --START--
INFO: Run Behavior\ReadHtmlCacheBehavior [ RunTime:0.000476s ]
INFO: [ app_begin ] --END-- [ RunTime:0.000507s ]
SQL: SHOW COLUMNS FROM `rpj_company` [ RunTime:0.0460s ]
SQL: SHOW COLUMNS FROM `rpj_product` [ RunTime:0.0450s ]
SQL: SHOW COLUMNS FROM `rpj_brand` [ RunTime:0.0448s ]
SQL: select rpj_product.category_id,
                                            rpj_procategory.category_name
                                from rpj_product
                                inner join rpj_procategory on rpj_product.category_id = rpj_procategory.category_id
                                group by rpj_product.category_id [ RunTime:0.0447s ]
SQL: select rpj_product.brand_id,
                                    rpj_product.category_id,
                                    rpj_brand.brand_name,
                                    rpj_procategory.category_name
                                from rpj_product
                                inner join rpj_brand on rpj_product.brand_id = rpj_brand.brand_id
                                inner join rpj_procategory on rpj_product.category_id = rpj_procategory.category_id
                                group by rpj_product.brand_id,rpj_product.category_id [ RunTime:0.0442s ]
SQL: SHOW COLUMNS FROM `rpj_product_pic` [ RunTime:0.0455s ]
SQL: SHOW COLUMNS FROM `rpj_prod_att` [ RunTime:0.0443s ]
SQL: SHOW COLUMNS FROM `rpj_prod_param` [ RunTime:0.0446s ]
SQL: SELECT * FROM `rpj_company` WHERE `id` = 1 LIMIT 1   [ RunTime:0.0442s ]
SQL: select * from rpj_product
                                inner join rpj_procategory on
                                  rpj_product.category_id = rpj_procategory.category_id
                                inner join rpj_brand on
                                  rpj_product.brand_id    = rpj_brand.brand_id
                                where rpj_product.product_id = 2 [ RunTime:0.0443s ]
SQL: select * from rpj_product
                                inner join rpj_procategory on
                                  rpj_product.category_id = rpj_procategory.category_id
                                inner join rpj_brand on
                                  rpj_product.brand_id    = rpj_brand.brand_id [ RunTime:0.0442s ]
SQL: SELECT * FROM `rpj_product_pic` WHERE ( product_id = 2 )  [ RunTime:0.0441s ]
SQL: SELECT * FROM `rpj_brand`  [ RunTime:0.0443s ]
SQL: SELECT * FROM `rpj_prod_att` WHERE ( product_id = 2 )  [ RunTime:0.0440s ]
SQL: SELECT * FROM `rpj_prod_param` WHERE ( product_id = 2 )  [ RunTime:0.0443s ]
INFO: [ view_parse ] --START--
INFO: [ template_filter ] --START--
INFO: Run Behavior\ContentReplaceBehavior [ RunTime:0.000260s ]
INFO: [ template_filter ] --END-- [ RunTime:0.000303s ]
NOTIC: [2] Use of undefined constant product_id - assumed 'product_id' (this will throw an Error in a future version of PHP) /Users/chikwongyip/rpj/NewRPJ/Application/Runtime/Cache/Home/5b87b1808583e75413168b00f7d913de.php 第 431 行.
NOTIC: [2] Use of undefined constant product_id - assumed 'product_id' (this will throw an Error in a future version of PHP) /Users/chikwongyip/rpj/NewRPJ/Application/Runtime/Cache/Home/5b87b1808583e75413168b00f7d913de.php 第 445 行.
NOTIC: [2] Use of undefined constant product_id - assumed 'product_id' (this will throw an Error in a future version of PHP) /Users/chikwongyip/rpj/NewRPJ/Application/Runtime/Cache/Home/5b87b1808583e75413168b00f7d913de.php 第 431 行.
NOTIC: [2] Use of undefined constant product_id - assumed 'product_id' (this will throw an Error in a future version of PHP) /Users/chikwongyip/rpj/NewRPJ/Application/Runtime/Cache/Home/5b87b1808583e75413168b00f7d913de.php 第 445 行.
INFO: Run Behavior\ParseTemplateBehavior [ RunTime:0.029553s ]
INFO: [ view_parse ] --END-- [ RunTime:0.029584s ]
INFO: [ view_filter ] --START--
INFO: Run Behavior\WriteHtmlCacheBehavior [ RunTime:0.000239s ]
INFO: [ view_filter ] --END-- [ RunTime:0.000264s ]
INFO: [ app_end ] --START--
INFO: Run Behavior\ShowPageTraceBehavior [ RunTime:0.000571s ]
INFO: [ app_end ] --END-- [ RunTime:0.000603s ]

[ 2020-04-03T21:07:56+08:00 ] ::1 /NewRPJ/index.php/home/product/product/product_id/2
INFO: [ app_init ] --START--
INFO: Run Behavior\BuildLiteBehavior [ RunTime:0.000015s ]
INFO: [ app_init ] --END-- [ RunTime:0.000435s ]
INFO: [ app_begin ] --START--
INFO: Run Behavior\ReadHtmlCacheBehavior [ RunTime:0.000479s ]
INFO: [ app_begin ] --END-- [ RunTime:0.000510s ]
SQL: SHOW COLUMNS FROM `rpj_company` [ RunTime:0.0465s ]
SQL: SHOW COLUMNS FROM `rpj_product` [ RunTime:0.0465s ]
SQL: SHOW COLUMNS FROM `rpj_brand` [ RunTime:0.0463s ]
SQL: select rpj_product.category_id,
                                            rpj_procategory.category_name
                                from rpj_product
                                inner join rpj_procategory on rpj_product.category_id = rpj_procategory.category_id
                                group by rpj_product.category_id [ RunTime:0.0455s ]
SQL: select rpj_product.brand_id,
                                    rpj_product.category_id,
                                    rpj_brand.brand_name,
                                    rpj_procategory.category_name
                                from rpj_product
                                inner join rpj_brand on rpj_product.brand_id = rpj_brand.brand_id
                                inner join rpj_procategory on rpj_product.category_id = rpj_procategory.category_id
                                group by rpj_product.brand_id,rpj_product.category_id [ RunTime:0.0451s ]
SQL: SHOW COLUMNS FROM `rpj_product_pic` [ RunTime:0.0455s ]
SQL: SHOW COLUMNS FROM `rpj_prod_att` [ RunTime:0.0455s ]
SQL: SHOW COLUMNS FROM `rpj_prod_param` [ RunTime:0.0452s ]
SQL: SELECT * FROM `rpj_company` WHERE `id` = 1 LIMIT 1   [ RunTime:0.0449s ]
SQL: select * from rpj_product
                                inner join rpj_procategory on
                                  rpj_product.category_id = rpj_procategory.category_id
                                inner join rpj_brand on
                                  rpj_product.brand_id    = rpj_brand.brand_id
                                where rpj_product.product_id = 2 [ RunTime:0.0447s ]
SQL: select * from rpj_product
                                inner join rpj_procategory on
                                  rpj_product.category_id = rpj_procategory.category_id
                                inner join rpj_brand on
                                  rpj_product.brand_id    = rpj_brand.brand_id [ RunTime:0.0451s ]
SQL: SELECT * FROM `rpj_product_pic` WHERE ( product_id = 2 )  [ RunTime:0.0448s ]
SQL: SELECT * FROM `rpj_brand`  [ RunTime:0.0445s ]
SQL: SELECT * FROM `rpj_prod_att` WHERE ( product_id = 2 )  [ RunTime:0.0444s ]
SQL: SELECT * FROM `rpj_prod_param` WHERE ( product_id = 2 )  [ RunTime:0.0445s ]
INFO: [ view_parse ] --START--
INFO: [ template_filter ] --START--
INFO: Run Behavior\ContentReplaceBehavior [ RunTime:0.000300s ]
INFO: [ template_filter ] --END-- [ RunTime:0.000340s ]
NOTIC: [2] Use of undefined constant product_id - assumed 'product_id' (this will throw an Error in a future version of PHP) /Users/chikwongyip/rpj/NewRPJ/Application/Runtime/Cache/Home/5b87b1808583e75413168b00f7d913de.php 第 431 行.
NOTIC: [2] Use of undefined constant product_id - assumed 'product_id' (this will throw an Error in a future version of PHP) /Users/chikwongyip/rpj/NewRPJ/Application/Runtime/Cache/Home/5b87b1808583e75413168b00f7d913de.php 第 445 行.
NOTIC: [2] Use of undefined constant product_id - assumed 'product_id' (this will throw an Error in a future version of PHP) /Users/chikwongyip/rpj/NewRPJ/Application/Runtime/Cache/Home/5b87b1808583e75413168b00f7d913de.php 第 431 行.
NOTIC: [2] Use of undefined constant product_id - assumed 'product_id' (this will throw an Error in a future version of PHP) /Users/chikwongyip/rpj/NewRPJ/Application/Runtime/Cache/Home/5b87b1808583e75413168b00f7d913de.php 第 445 行.
INFO: Run Behavior\ParseTemplateBehavior [ RunTime:0.029871s ]
INFO: [ view_parse ] --END-- [ RunTime:0.029902s ]
INFO: [ view_filter ] --START--
INFO: Run Behavior\WriteHtmlCacheBehavior [ RunTime:0.000238s ]
INFO: [ view_filter ] --END-- [ RunTime:0.000263s ]
INFO: [ app_end ] --START--
INFO: Run Behavior\ShowPageTraceBehavior [ RunTime:0.000584s ]
INFO: [ app_end ] --END-- [ RunTime:0.000616s ]

[ 2020-04-03T21:09:17+08:00 ] ::1 /NewRPJ/index.php/home/index/index
INFO: [ app_init ] --START--
INFO: Run Behavior\BuildLiteBehavior [ RunTime:0.000019s ]
INFO: [ app_init ] --END-- [ RunTime:0.000888s ]
INFO: [ app_begin ] --START--
INFO: Run Behavior\ReadHtmlCacheBehavior [ RunTime:0.000822s ]
INFO: [ app_begin ] --END-- [ RunTime:0.000857s ]
SQL: SHOW COLUMNS FROM `rpj_company` [ RunTime:0.0462s ]
SQL: SHOW COLUMNS FROM `rpj_product` [ RunTime:0.0469s ]
SQL: SHOW COLUMNS FROM `rpj_brand` [ RunTime:0.0463s ]
SQL: select rpj_product.category_id,
                                            rpj_procategory.category_name
                                from rpj_product
                                inner join rpj_procategory on rpj_product.category_id = rpj_procategory.category_id
                                group by rpj_product.category_id [ RunTime:0.0461s ]
SQL: select rpj_product.brand_id,
                                    rpj_product.category_id,
                                    rpj_brand.brand_name,
                                    rpj_procategory.category_name
                                from rpj_product
                                inner join rpj_brand on rpj_product.brand_id = rpj_brand.brand_id
                                inner join rpj_procategory on rpj_product.category_id = rpj_procategory.category_id
                                group by rpj_product.brand_id,rpj_product.category_id [ RunTime:0.0457s ]
SQL: SELECT * FROM `rpj_company` WHERE `id` = 1 LIMIT 1   [ RunTime:0.0461s ]
SQL: SELECT * FROM `rpj_product`  [ RunTime:0.0462s ]
SQL: SELECT * FROM `rpj_brand`  [ RunTime:0.0459s ]
INFO: [ view_parse ] --START--
INFO: [ template_filter ] --START--
INFO: Run Behavior\ContentReplaceBehavior [ RunTime:0.000654s ]
INFO: [ template_filter ] --END-- [ RunTime:0.000700s ]
INFO: Run Behavior\ParseTemplateBehavior [ RunTime:0.061541s ]
INFO: [ view_parse ] --END-- [ RunTime:0.061582s ]
INFO: [ view_filter ] --START--
INFO: Run Behavior\WriteHtmlCacheBehavior [ RunTime:0.000252s ]
INFO: [ view_filter ] --END-- [ RunTime:0.000275s ]
INFO: [ app_end ] --START--
INFO: Run Behavior\ShowPageTraceBehavior [ RunTime:0.000561s ]
INFO: [ app_end ] --END-- [ RunTime:0.000590s ]

[ 2020-04-03T21:09:17+08:00 ] ::1 /NewRPJ/index.php/home/index/img/banner/slider-banner1.png
INFO: [ app_init ] --START--
INFO: Run Behavior\BuildLiteBehavior [ RunTime:0.000022s ]
INFO: [ app_init ] --END-- [ RunTime:0.001732s ]

[ 2020-04-03T21:12:17+08:00 ] ::1 /NewRPJ/index.php/home/index/index
INFO: [ app_init ] --START--
INFO: Run Behavior\BuildLiteBehavior [ RunTime:0.000016s ]
INFO: [ app_init ] --END-- [ RunTime:0.000438s ]
INFO: [ app_begin ] --START--
INFO: Run Behavior\ReadHtmlCacheBehavior [ RunTime:0.000491s ]
INFO: [ app_begin ] --END-- [ RunTime:0.000521s ]
SQL: SHOW COLUMNS FROM `rpj_company` [ RunTime:0.0462s ]
SQL: SHOW COLUMNS FROM `rpj_product` [ RunTime:0.0449s ]
SQL: SHOW COLUMNS FROM `rpj_brand` [ RunTime:0.0451s ]
SQL: select rpj_product.category_id,
                                            rpj_procategory.category_name
                                from rpj_product
                                inner join rpj_procategory on rpj_product.category_id = rpj_procategory.category_id
                                group by rpj_product.category_id [ RunTime:0.0445s ]
SQL: select rpj_product.brand_id,
                                    rpj_product.category_id,
                                    rpj_brand.brand_name,
                                    rpj_procategory.category_name
                                from rpj_product
                                inner join rpj_brand on rpj_product.brand_id = rpj_brand.brand_id
                                inner join rpj_procategory on rpj_product.category_id = rpj_procategory.category_id
                                group by rpj_product.brand_id,rpj_product.category_id [ RunTime:0.0445s ]
SQL: SELECT * FROM `rpj_company` WHERE `id` = 1 LIMIT 1   [ RunTime:0.0446s ]
SQL: SELECT * FROM `rpj_product`  [ RunTime:0.0448s ]
SQL: SELECT * FROM `rpj_brand`  [ RunTime:0.0444s ]
INFO: [ view_parse ] --START--
INFO: [ template_filter ] --START--
INFO: Run Behavior\ContentReplaceBehavior [ RunTime:0.000663s ]
INFO: [ template_filter ] --END-- [ RunTime:0.000705s ]
INFO: Run Behavior\ParseTemplateBehavior [ RunTime:0.062258s ]
INFO: [ view_parse ] --END-- [ RunTime:0.062292s ]
INFO: [ view_filter ] --START--
INFO: Run Behavior\WriteHtmlCacheBehavior [ RunTime:0.000243s ]
INFO: [ view_filter ] --END-- [ RunTime:0.000267s ]
INFO: [ app_end ] --START--
INFO: Run Behavior\ShowPageTraceBehavior [ RunTime:0.000564s ]
INFO: [ app_end ] --END-- [ RunTime:0.000593s ]

[ 2020-04-03T21:12:17+08:00 ] ::1 /NewRPJ/index.php/home/index/img/banner/slider-banner1.png
INFO: [ app_init ] --START--
INFO: Run Behavior\BuildLiteBehavior [ RunTime:0.000013s ]
INFO: [ app_init ] --END-- [ RunTime:0.001022s ]

[ 2020-04-03T21:12:34+08:00 ] ::1 /NewRPJ/index.php/home/about/about
INFO: [ app_init ] --START--
INFO: Run Behavior\BuildLiteBehavior [ RunTime:0.000016s ]
INFO: [ app_init ] --END-- [ RunTime:0.000453s ]
INFO: [ app_begin ] --START--
INFO: Run Behavior\ReadHtmlCacheBehavior [ RunTime:0.000491s ]
INFO: [ app_begin ] --END-- [ RunTime:0.000524s ]
SQL: SHOW COLUMNS FROM `rpj_company` [ RunTime:0.0446s ]
SQL: SHOW COLUMNS FROM `rpj_product` [ RunTime:0.0430s ]
SQL: SHOW COLUMNS FROM `rpj_brand` [ RunTime:0.0430s ]
SQL: select rpj_product.category_id,
                                            rpj_procategory.category_name
                                from rpj_product
                                inner join rpj_procategory on rpj_product.category_id = rpj_procategory.category_id
                                group by rpj_product.category_id [ RunTime:0.0431s ]
SQL: select rpj_product.brand_id,
                                    rpj_product.category_id,
                                    rpj_brand.brand_name,
                                    rpj_procategory.category_name
                                from rpj_product
                                inner join rpj_brand on rpj_product.brand_id = rpj_brand.brand_id
                                inner join rpj_procategory on rpj_product.category_id = rpj_procategory.category_id
                                group by rpj_product.brand_id,rpj_product.category_id [ RunTime:0.0427s ]
SQL: SELECT * FROM `rpj_company` WHERE `id` = 1 LIMIT 1   [ RunTime:0.0430s ]
SQL: SELECT * FROM `rpj_product`  [ RunTime:0.0440s ]
SQL: SELECT * FROM `rpj_brand`  [ RunTime:0.0435s ]
INFO: [ view_parse ] --START--
INFO: [ template_filter ] --START--
INFO: Run Behavior\ContentReplaceBehavior [ RunTime:0.000187s ]
INFO: [ template_filter ] --END-- [ RunTime:0.000230s ]
INFO: Run Behavior\ParseTemplateBehavior [ RunTime:0.020589s ]
INFO: [ view_parse ] --END-- [ RunTime:0.020633s ]
INFO: [ view_filter ] --START--
INFO: Run Behavior\WriteHtmlCacheBehavior [ RunTime:0.000242s ]
INFO: [ view_filter ] --END-- [ RunTime:0.000269s ]
INFO: [ app_end ] --START--
INFO: Run Behavior\ShowPageTraceBehavior [ RunTime:0.000595s ]
INFO: [ app_end ] --END-- [ RunTime:0.000633s ]

[ 2020-04-03T21:12:56+08:00 ] ::1 /NewRPJ/index.php/home/contact/contact
INFO: [ app_init ] --START--
INFO: Run Behavior\BuildLiteBehavior [ RunTime:0.000017s ]
INFO: [ app_init ] --END-- [ RunTime:0.000446s ]
INFO: [ app_begin ] --START--
INFO: Run Behavior\ReadHtmlCacheBehavior [ RunTime:0.000485s ]
INFO: [ app_begin ] --END-- [ RunTime:0.000516s ]
SQL: SHOW COLUMNS FROM `rpj_company` [ RunTime:0.0454s ]
SQL: SHOW COLUMNS FROM `rpj_product` [ RunTime:0.0453s ]
SQL: SHOW COLUMNS FROM `rpj_brand` [ RunTime:0.0453s ]
SQL: select rpj_product.category_id,
                                            rpj_procategory.category_name
                                from rpj_product
                                inner join rpj_procategory on rpj_product.category_id = rpj_procategory.category_id
                                group by rpj_product.category_id [ RunTime:0.0451s ]
SQL: select rpj_product.brand_id,
                                    rpj_product.category_id,
                                    rpj_brand.brand_name,
                                    rpj_procategory.category_name
                                from rpj_product
                                inner join rpj_brand on rpj_product.brand_id = rpj_brand.brand_id
                                inner join rpj_procategory on rpj_product.category_id = rpj_procategory.category_id
                                group by rpj_product.brand_id,rpj_product.category_id [ RunTime:0.0452s ]
SQL: SELECT * FROM `rpj_company` WHERE `id` = 1 LIMIT 1   [ RunTime:0.0450s ]
SQL: SELECT * FROM `rpj_product`  [ RunTime:0.0450s ]
SQL: SELECT * FROM `rpj_brand`  [ RunTime:0.0448s ]
INFO: [ view_parse ] --START--
INFO: [ template_filter ] --START--
INFO: Run Behavior\ContentReplaceBehavior [ RunTime:0.000247s ]
INFO: [ template_filter ] --END-- [ RunTime:0.000297s ]
INFO: Run Behavior\ParseTemplateBehavior [ RunTime:0.023523s ]
INFO: [ view_parse ] --END-- [ RunTime:0.023559s ]
INFO: [ view_filter ] --START--
INFO: Run Behavior\WriteHtmlCacheBehavior [ RunTime:0.000246s ]
INFO: [ view_filter ] --END-- [ RunTime:0.000270s ]
INFO: [ app_end ] --START--
INFO: Run Behavior\ShowPageTraceBehavior [ RunTime:0.000563s ]
INFO: [ app_end ] --END-- [ RunTime:0.000592s ]

[ 2020-04-03T21:12:56+08:00 ] ::1 /NewRPJ/index.php/home/contact/img/single-product/small/small1.jpg
INFO: [ app_init ] --START--
INFO: Run Behavior\BuildLiteBehavior [ RunTime:0.000018s ]
INFO: [ app_init ] --END-- [ RunTime:0.000619s ]

[ 2020-04-03T21:12:56+08:00 ] ::1 /NewRPJ/index.php/home/contact/img/single-product/small/small3.jpg
INFO: [ app_init ] --START--
INFO: Run Behavior\BuildLiteBehavior [ RunTime:0.000012s ]
INFO: [ app_init ] --END-- [ RunTime:0.000360s ]

[ 2020-04-03T21:12:56+08:00 ] ::1 /NewRPJ/index.php/home/contact/img/single-product/small/small2.jpg
INFO: [ app_init ] --START--
INFO: Run Behavior\BuildLiteBehavior [ RunTime:0.000016s ]
INFO: [ app_init ] --END-- [ RunTime:0.005273s ]

[ 2020-04-03T21:12:56+08:00 ] ::1 /NewRPJ/index.php/home/contact/img/single-product/small/small4.jpg
INFO: [ app_init ] --START--
INFO: Run Behavior\BuildLiteBehavior [ RunTime:0.000011s ]
INFO: [ app_init ] --END-- [ RunTime:0.000370s ]

[ 2020-04-03T21:12:56+08:00 ] ::1 /NewRPJ/index.php/home/contact/img/single-product/small/small2.jpg
INFO: [ app_init ] --START--
INFO: Run Behavior\BuildLiteBehavior [ RunTime:0.000012s ]
INFO: [ app_init ] --END-- [ RunTime:0.000428s ]

[ 2020-04-03T21:12:56+08:00 ] ::1 /NewRPJ/index.php/home/contact/img/single-product/small/small4.jpg
INFO: [ app_init ] --START--
INFO: Run Behavior\BuildLiteBehavior [ RunTime:0.000011s ]
INFO: [ app_init ] --END-- [ RunTime:0.002059s ]

[ 2020-04-03T21:12:56+08:00 ] ::1 /NewRPJ/index.php/home/contact/img/single-product/small/small3.jpg
INFO: [ app_init ] --START--
INFO: Run Behavior\BuildLiteBehavior [ RunTime:0.000012s ]
INFO: [ app_init ] --END-- [ RunTime:0.000431s ]

[ 2020-04-03T21:12:56+08:00 ] ::1 /NewRPJ/index.php/home/contact/img/single-product/small/small1.jpg
INFO: [ app_init ] --START--
INFO: Run Behavior\BuildLiteBehavior [ RunTime:0.000012s ]
INFO: [ app_init ] --END-- [ RunTime:0.000362s ]

[ 2020-04-03T21:13:36+08:00 ] ::1 /NewRPJ/index.php/home/index/index
INFO: [ app_init ] --START--
INFO: Run Behavior\BuildLiteBehavior [ RunTime:0.000011s ]
INFO: [ app_init ] --END-- [ RunTime:0.000340s ]
INFO: [ app_begin ] --START--
INFO: Run Behavior\ReadHtmlCacheBehavior [ RunTime:0.000489s ]
INFO: [ app_begin ] --END-- [ RunTime:0.000523s ]
SQL: SHOW COLUMNS FROM `rpj_company` [ RunTime:0.0455s ]
SQL: SHOW COLUMNS FROM `rpj_product` [ RunTime:0.0458s ]
SQL: SHOW COLUMNS FROM `rpj_brand` [ RunTime:0.0457s ]
SQL: select rpj_product.category_id,
                                            rpj_procategory.category_name
                                from rpj_product
                                inner join rpj_procategory on rpj_product.category_id = rpj_procategory.category_id
                                group by rpj_product.category_id [ RunTime:0.0460s ]
SQL: select rpj_product.brand_id,
                                    rpj_product.category_id,
                                    rpj_brand.brand_name,
                                    rpj_procategory.category_name
                                from rpj_product
                                inner join rpj_brand on rpj_product.brand_id = rpj_brand.brand_id
                                inner join rpj_procategory on rpj_product.category_id = rpj_procategory.category_id
                                group by rpj_product.brand_id,rpj_product.category_id [ RunTime:0.0452s ]
SQL: SELECT * FROM `rpj_company` WHERE `id` = 1 LIMIT 1   [ RunTime:0.0453s ]
SQL: SELECT * FROM `rpj_product`  [ RunTime:0.0449s ]
SQL: SELECT * FROM `rpj_brand`  [ RunTime:0.0452s ]
INFO: [ view_parse ] --START--
INFO: [ template_filter ] --START--
INFO: Run Behavior\ContentReplaceBehavior [ RunTime:0.000630s ]
INFO: [ template_filter ] --END-- [ RunTime:0.000672s ]
INFO: Run Behavior\ParseTemplateBehavior [ RunTime:0.058769s ]
INFO: [ view_parse ] --END-- [ RunTime:0.058802s ]
INFO: [ view_filter ] --START--
INFO: Run Behavior\WriteHtmlCacheBehavior [ RunTime:0.000247s ]
INFO: [ view_filter ] --END-- [ RunTime:0.000271s ]
INFO: [ app_end ] --START--
INFO: Run Behavior\ShowPageTraceBehavior [ RunTime:0.000691s ]
INFO: [ app_end ] --END-- [ RunTime:0.000721s ]

[ 2020-04-03T21:13:36+08:00 ] ::1 /NewRPJ/index.php/home/index/img/banner/slider-banner1.png
INFO: [ app_init ] --START--
INFO: Run Behavior\BuildLiteBehavior [ RunTime:0.000012s ]
INFO: [ app_init ] --END-- [ RunTime:0.000351s ]

[ 2020-04-03T21:34:38+08:00 ] ::1 /NewRPJ/index.php/home/index/index
INFO: [ app_init ] --START--
INFO: Run Behavior\BuildLiteBehavior [ RunTime:0.000017s ]
INFO: [ app_init ] --END-- [ RunTime:0.000455s ]
INFO: [ app_begin ] --START--
INFO: Run Behavior\ReadHtmlCacheBehavior [ RunTime:0.000492s ]
INFO: [ app_begin ] --END-- [ RunTime:0.000522s ]
SQL: SHOW COLUMNS FROM `rpj_company` [ RunTime:0.0501s ]
SQL: SHOW COLUMNS FROM `rpj_product` [ RunTime:0.0505s ]
SQL: SHOW COLUMNS FROM `rpj_brand` [ RunTime:0.0492s ]
SQL: select rpj_product.category_id,
                                            rpj_procategory.category_name
                                from rpj_product
                                inner join rpj_procategory on rpj_product.category_id = rpj_procategory.category_id
                                group by rpj_product.category_id [ RunTime:0.0481s ]
SQL: select rpj_product.brand_id,
                                    rpj_product.category_id,
                                    rpj_brand.brand_name,
                                    rpj_procategory.category_name
                                from rpj_product
                                inner join rpj_brand on rpj_product.brand_id = rpj_brand.brand_id
                                inner join rpj_procategory on rpj_product.category_id = rpj_procategory.category_id
                                group by rpj_product.brand_id,rpj_product.category_id [ RunTime:0.0473s ]
SQL: SELECT * FROM `rpj_company` WHERE `id` = 1 LIMIT 1   [ RunTime:0.0490s ]
SQL: SELECT * FROM `rpj_product`  [ RunTime:0.0487s ]
SQL: SELECT * FROM `rpj_brand`  [ RunTime:0.0472s ]
INFO: [ view_parse ] --START--
INFO: [ template_filter ] --START--
INFO: Run Behavior\ContentReplaceBehavior [ RunTime:0.000665s ]
INFO: [ template_filter ] --END-- [ RunTime:0.000708s ]
INFO: Run Behavior\ParseTemplateBehavior [ RunTime:0.059382s ]
INFO: [ view_parse ] --END-- [ RunTime:0.059427s ]
INFO: [ view_filter ] --START--
INFO: Run Behavior\WriteHtmlCacheBehavior [ RunTime:0.000271s ]
INFO: [ view_filter ] --END-- [ RunTime:0.000297s ]
INFO: [ app_end ] --START--
INFO: Run Behavior\ShowPageTraceBehavior [ RunTime:0.000589s ]
INFO: [ app_end ] --END-- [ RunTime:0.000618s ]

[ 2020-04-03T21:36:48+08:00 ] ::1 /NewRPJ/index.php/home/index/index
INFO: [ app_init ] --START--
INFO: Run Behavior\BuildLiteBehavior [ RunTime:0.000012s ]
INFO: [ app_init ] --END-- [ RunTime:0.000355s ]
INFO: [ app_begin ] --START--
INFO: Run Behavior\ReadHtmlCacheBehavior [ RunTime:0.000555s ]
INFO: [ app_begin ] --END-- [ RunTime:0.000591s ]
SQL: SHOW COLUMNS FROM `rpj_company` [ RunTime:0.0447s ]
SQL: SHOW COLUMNS FROM `rpj_product` [ RunTime:0.0448s ]
SQL: SHOW COLUMNS FROM `rpj_brand` [ RunTime:0.0447s ]
SQL: select rpj_product.category_id,
                                            rpj_procategory.category_name
                                from rpj_product
                                inner join rpj_procategory on rpj_product.category_id = rpj_procategory.category_id
                                group by rpj_product.category_id [ RunTime:0.0441s ]
SQL: select rpj_product.brand_id,
                                    rpj_product.category_id,
                                    rpj_brand.brand_name,
                                    rpj_procategory.category_name
                                from rpj_product
                                inner join rpj_brand on rpj_product.brand_id = rpj_brand.brand_id
                                inner join rpj_procategory on rpj_product.category_id = rpj_procategory.category_id
                                group by rpj_product.brand_id,rpj_product.category_id [ RunTime:0.0444s ]
SQL: SELECT * FROM `rpj_company` WHERE `id` = 1 LIMIT 1   [ RunTime:0.0448s ]
SQL: SELECT * FROM `rpj_product`  [ RunTime:0.0444s ]
SQL: SELECT * FROM `rpj_brand`  [ RunTime:0.0437s ]
INFO: [ view_parse ] --START--
INFO: [ template_filter ] --START--
INFO: Run Behavior\ContentReplaceBehavior [ RunTime:0.000606s ]
INFO: [ template_filter ] --END-- [ RunTime:0.000646s ]
INFO: Run Behavior\ParseTemplateBehavior [ RunTime:0.057941s ]
INFO: [ view_parse ] --END-- [ RunTime:0.057988s ]
INFO: [ view_filter ] --START--
INFO: Run Behavior\WriteHtmlCacheBehavior [ RunTime:0.000269s ]
INFO: [ view_filter ] --END-- [ RunTime:0.000295s ]
INFO: [ app_end ] --START--
INFO: Run Behavior\ShowPageTraceBehavior [ RunTime:0.003295s ]
INFO: [ app_end ] --END-- [ RunTime:0.003344s ]

[ 2020-04-03T21:38:45+08:00 ] ::1 /NewRPJ/index.php/home/index/index
INFO: [ app_init ] --START--
INFO: Run Behavior\BuildLiteBehavior [ RunTime:0.000010s ]
INFO: [ app_init ] --END-- [ RunTime:0.000350s ]
INFO: [ app_begin ] --START--
INFO: Run Behavior\ReadHtmlCacheBehavior [ RunTime:0.000461s ]
INFO: [ app_begin ] --END-- [ RunTime:0.000490s ]
SQL: SHOW COLUMNS FROM `rpj_company` [ RunTime:0.0439s ]
SQL: SHOW COLUMNS FROM `rpj_product` [ RunTime:0.0443s ]
SQL: SHOW COLUMNS FROM `rpj_brand` [ RunTime:0.0437s ]
SQL: select rpj_product.category_id,
                                            rpj_procategory.category_name
                                from rpj_product
                                inner join rpj_procategory on rpj_product.category_id = rpj_procategory.category_id
                                group by rpj_product.category_id [ RunTime:0.0434s ]
SQL: select rpj_product.brand_id,
                                    rpj_product.category_id,
                                    rpj_brand.brand_name,
                                    rpj_procategory.category_name
                                from rpj_product
                                inner join rpj_brand on rpj_product.brand_id = rpj_brand.brand_id
                                inner join rpj_procategory on rpj_product.category_id = rpj_procategory.category_id
                                group by rpj_product.brand_id,rpj_product.category_id [ RunTime:0.0435s ]
SQL: SELECT * FROM `rpj_company` WHERE `id` = 1 LIMIT 1   [ RunTime:0.0436s ]
SQL: SELECT * FROM `rpj_product`  [ RunTime:0.0436s ]
SQL: SELECT * FROM `rpj_brand`  [ RunTime:0.0435s ]
INFO: [ view_parse ] --START--
INFO: [ template_filter ] --START--
INFO: Run Behavior\ContentReplaceBehavior [ RunTime:0.000610s ]
INFO: [ template_filter ] --END-- [ RunTime:0.000654s ]
INFO: Run Behavior\ParseTemplateBehavior [ RunTime:0.059312s ]
INFO: [ view_parse ] --END-- [ RunTime:0.059345s ]
INFO: [ view_filter ] --START--
INFO: Run Behavior\WriteHtmlCacheBehavior [ RunTime:0.000246s ]
INFO: [ view_filter ] --END-- [ RunTime:0.000271s ]
INFO: [ app_end ] --START--
INFO: Run Behavior\ShowPageTraceBehavior [ RunTime:0.000621s ]
INFO: [ app_end ] --END-- [ RunTime:0.000657s ]

[ 2020-04-03T21:40:14+08:00 ] ::1 /NewRPJ/index.php/home/index/index
INFO: [ app_init ] --START--
INFO: Run Behavior\BuildLiteBehavior [ RunTime:0.000011s ]
INFO: [ app_init ] --END-- [ RunTime:0.000349s ]
INFO: [ app_begin ] --START--
INFO: Run Behavior\ReadHtmlCacheBehavior [ RunTime:0.000464s ]
INFO: [ app_begin ] --END-- [ RunTime:0.000494s ]
SQL: SHOW COLUMNS FROM `rpj_company` [ RunTime:0.0447s ]
SQL: SHOW COLUMNS FROM `rpj_product` [ RunTime:0.0456s ]
SQL: SHOW COLUMNS FROM `rpj_brand` [ RunTime:0.0457s ]
SQL: select rpj_product.category_id,
                                            rpj_procategory.category_name
                                from rpj_product
                                inner join rpj_procategory on rpj_product.category_id = rpj_procategory.category_id
                                group by rpj_product.category_id [ RunTime:0.0456s ]
SQL: select rpj_product.brand_id,
                                    rpj_product.category_id,
                                    rpj_brand.brand_name,
                                    rpj_procategory.category_name
                                from rpj_product
                                inner join rpj_brand on rpj_product.brand_id = rpj_brand.brand_id
                                inner join rpj_procategory on rpj_product.category_id = rpj_procategory.category_id
                                group by rpj_product.brand_id,rpj_product.category_id [ RunTime:0.0443s ]
SQL: SELECT * FROM `rpj_company` WHERE `id` = 1 LIMIT 1   [ RunTime:0.0454s ]
SQL: SELECT * FROM `rpj_product`  [ RunTime:0.0446s ]
SQL: SELECT * FROM `rpj_brand`  [ RunTime:0.0439s ]
INFO: [ view_parse ] --START--
INFO: [ template_filter ] --START--
INFO: Run Behavior\ContentReplaceBehavior [ RunTime:0.000605s ]
INFO: [ template_filter ] --END-- [ RunTime:0.000648s ]
INFO: Run Behavior\ParseTemplateBehavior [ RunTime:0.063021s ]
INFO: [ view_parse ] --END-- [ RunTime:0.063055s ]
INFO: [ view_filter ] --START--
INFO: Run Behavior\WriteHtmlCacheBehavior [ RunTime:0.000242s ]
INFO: [ view_filter ] --END-- [ RunTime:0.000267s ]
INFO: [ app_end ] --START--
INFO: Run Behavior\ShowPageTraceBehavior [ RunTime:0.000680s ]
INFO: [ app_end ] --END-- [ RunTime:0.000714s ]

[ 2020-04-03T21:42:26+08:00 ] ::1 /NewRPJ/index.php/home/index/index
INFO: [ app_init ] --START--
INFO: Run Behavior\BuildLiteBehavior [ RunTime:0.000011s ]
INFO: [ app_init ] --END-- [ RunTime:0.000350s ]
INFO: [ app_begin ] --START--
INFO: Run Behavior\ReadHtmlCacheBehavior [ RunTime:0.000458s ]
INFO: [ app_begin ] --END-- [ RunTime:0.000487s ]
SQL: SHOW COLUMNS FROM `rpj_company` [ RunTime:0.0471s ]
SQL: SHOW COLUMNS FROM `rpj_product` [ RunTime:0.0452s ]
SQL: SHOW COLUMNS FROM `rpj_brand` [ RunTime:0.0447s ]
SQL: select rpj_product.category_id,
                                            rpj_procategory.category_name
                                from rpj_product
                                inner join rpj_procategory on rpj_product.category_id = rpj_procategory.category_id
                                group by rpj_product.category_id [ RunTime:0.0442s ]
SQL: select rpj_product.brand_id,
                                    rpj_product.category_id,
                                    rpj_brand.brand_name,
                                    rpj_procategory.category_name
                                from rpj_product
                                inner join rpj_brand on rpj_product.brand_id = rpj_brand.brand_id
                                inner join rpj_procategory on rpj_product.category_id = rpj_procategory.category_id
                                group by rpj_product.brand_id,rpj_product.category_id [ RunTime:0.0442s ]
SQL: SELECT * FROM `rpj_company` WHERE `id` = 1 LIMIT 1   [ RunTime:0.0450s ]
SQL: SELECT * FROM `rpj_product`  [ RunTime:0.0443s ]
SQL: SELECT * FROM `rpj_brand`  [ RunTime:0.0438s ]
INFO: [ view_parse ] --START--
INFO: [ template_filter ] --START--
INFO: Run Behavior\ContentReplaceBehavior [ RunTime:0.000265s ]
INFO: [ template_filter ] --END-- [ RunTime:0.000306s ]
INFO: Run Behavior\ParseTemplateBehavior [ RunTime:0.028679s ]
INFO: [ view_parse ] --END-- [ RunTime:0.028712s ]
INFO: [ view_filter ] --START--
INFO: Run Behavior\WriteHtmlCacheBehavior [ RunTime:0.000245s ]
INFO: [ view_filter ] --END-- [ RunTime:0.000271s ]
INFO: [ app_end ] --START--
INFO: Run Behavior\ShowPageTraceBehavior [ RunTime:0.001445s ]
INFO: [ app_end ] --END-- [ RunTime:0.001521s ]

