[ 2020-02-20T14:14:11+08:00 ] ::1 /chikwong/NewRPJ/index.php/home/about/about
INFO: [ app_init ] --START--
INFO: Run Behavior\BuildLiteBehavior [ RunTime:0.000019s ]
INFO: [ app_init ] --END-- [ RunTime:0.024241s ]
INFO: [ app_begin ] --START--
INFO: Run Behavior\ReadHtmlCacheBehavior [ RunTime:0.011126s ]
INFO: [ app_begin ] --END-- [ RunTime:0.011186s ]
INFO: [ view_parse ] --START--
INFO: [ template_filter ] --START--
INFO: Run Behavior\ContentReplaceBehavior [ RunTime:0.001366s ]
INFO: [ template_filter ] --END-- [ RunTime:0.001432s ]
INFO: Run Behavior\ParseTemplateBehavior [ RunTime:0.029721s ]
INFO: [ view_parse ] --END-- [ RunTime:0.029793s ]
INFO: [ view_filter ] --START--
INFO: Run Behavior\WriteHtmlCacheBehavior [ RunTime:0.002835s ]
INFO: [ view_filter ] --END-- [ RunTime:0.002878s ]
INFO: [ app_end ] --START--
INFO: Run Behavior\ShowPageTraceBehavior [ RunTime:0.002821s ]
INFO: [ app_end ] --END-- [ RunTime:0.002876s ]

[ 2020-02-20T14:14:11+08:00 ] ::1 /chikwong/NewRPJ/index.php/home/about/img/single-product/small/small1.jpg
INFO: [ app_init ] --START--
INFO: Run Behavior\BuildLiteBehavior [ RunTime:0.000016s ]
INFO: [ app_init ] --END-- [ RunTime:0.000370s ]

[ 2020-02-20T14:14:11+08:00 ] ::1 /chikwong/NewRPJ/index.php/home/about/img/single-product/small/small4.jpg
INFO: [ app_init ] --START--
INFO: Run Behavior\BuildLiteBehavior [ RunTime:0.000014s ]
INFO: [ app_init ] --END-- [ RunTime:0.000482s ]

[ 2020-02-20T14:14:11+08:00 ] ::1 /chikwong/NewRPJ/index.php/home/about/img/single-product/large/large1.jpg
INFO: [ app_init ] --START--
INFO: Run Behavior\BuildLiteBehavior [ RunTime:0.000017s ]
INFO: [ app_init ] --END-- [ RunTime:0.000497s ]

[ 2020-02-20T14:14:12+08:00 ] ::1 /chikwong/NewRPJ/index.php/home/about/img/favicon.ico
INFO: [ app_init ] --START--
INFO: Run Behavior\BuildLiteBehavior [ RunTime:0.000009s ]
INFO: [ app_init ] --END-- [ RunTime:0.000224s ]

[ 2020-02-20T14:17:45+08:00 ] ::1 /chikwong/NewRPJ/index.php/home/about/about
INFO: [ app_init ] --START--
INFO: Run Behavior\BuildLiteBehavior [ RunTime:0.000009s ]
INFO: [ app_init ] --END-- [ RunTime:0.000276s ]
INFO: [ app_begin ] --START--
INFO: Run Behavior\ReadHtmlCacheBehavior [ RunTime:0.000431s ]
INFO: [ app_begin ] --END-- [ RunTime:0.000482s ]
INFO: [ view_parse ] --START--
INFO: [ template_filter ] --START--
INFO: Run Behavior\ContentReplaceBehavior [ RunTime:0.000227s ]
INFO: [ template_filter ] --END-- [ RunTime:0.000268s ]
INFO: Run Behavior\ParseTemplateBehavior [ RunTime:0.013951s ]
INFO: [ view_parse ] --END-- [ RunTime:0.013993s ]
INFO: [ view_filter ] --START--
INFO: Run Behavior\WriteHtmlCacheBehavior [ RunTime:0.000268s ]
INFO: [ view_filter ] --END-- [ RunTime:0.000294s ]
INFO: [ app_end ] --START--
INFO: Run Behavior\ShowPageTraceBehavior [ RunTime:0.000813s ]
INFO: [ app_end ] --END-- [ RunTime:0.000887s ]

[ 2020-02-20T14:17:45+08:00 ] ::1 /chikwong/NewRPJ/index.php/home/about/img/single-product/small/small1.jpg
INFO: [ app_init ] --START--
INFO: Run Behavior\BuildLiteBehavior [ RunTime:0.000013s ]
INFO: [ app_init ] --END-- [ RunTime:0.000346s ]

[ 2020-02-20T14:17:45+08:00 ] ::1 /chikwong/NewRPJ/index.php/home/about/img/single-product/large/large1.jpg
INFO: [ app_init ] --START--
INFO: Run Behavior\BuildLiteBehavior [ RunTime:0.000022s ]
INFO: [ app_init ] --END-- [ RunTime:0.001912s ]

[ 2020-02-20T14:17:45+08:00 ] ::1 /chikwong/NewRPJ/index.php/home/about/img/single-product/small/small2.jpg
INFO: [ app_init ] --START--
INFO: Run Behavior\BuildLiteBehavior [ RunTime:0.000018s ]
INFO: [ app_init ] --END-- [ RunTime:0.000509s ]

[ 2020-02-20T14:17:45+08:00 ] ::1 /chikwong/NewRPJ/index.php/home/about/img/single-product/small/small3.jpg
INFO: [ app_init ] --START--
INFO: Run Behavior\BuildLiteBehavior [ RunTime:0.000022s ]
INFO: [ app_init ] --END-- [ RunTime:0.000549s ]

[ 2020-02-20T14:17:45+08:00 ] ::1 /chikwong/NewRPJ/index.php/home/about/img/single-product/small/small4.jpg
INFO: [ app_init ] --START--
INFO: Run Behavior\BuildLiteBehavior [ RunTime:0.000017s ]
INFO: [ app_init ] --END-- [ RunTime:0.000437s ]

[ 2020-02-20T14:17:45+08:00 ] ::1 /chikwong/NewRPJ/index.php/home/about/img/single-product/small/small2.jpg
INFO: [ app_init ] --START--
INFO: Run Behavior\BuildLiteBehavior [ RunTime:0.000014s ]
INFO: [ app_init ] --END-- [ RunTime:0.000361s ]

[ 2020-02-20T14:17:45+08:00 ] ::1 /chikwong/NewRPJ/index.php/home/about/img/single-product/small/small1.jpg
INFO: [ app_init ] --START--
INFO: Run Behavior\BuildLiteBehavior [ RunTime:0.000019s ]
INFO: [ app_init ] --END-- [ RunTime:0.000528s ]

[ 2020-02-20T14:17:51+08:00 ] ::1 /chikwong/NewRPJ/index.php/home/about/about
INFO: [ app_init ] --START--
INFO: Run Behavior\BuildLiteBehavior [ RunTime:0.000011s ]
INFO: [ app_init ] --END-- [ RunTime:0.000344s ]
INFO: [ app_begin ] --START--
INFO: Run Behavior\ReadHtmlCacheBehavior [ RunTime:0.001461s ]
INFO: [ app_begin ] --END-- [ RunTime:0.001684s ]
INFO: [ view_parse ] --START--
INFO: [ template_filter ] --START--
INFO: Run Behavior\ContentReplaceBehavior [ RunTime:0.000593s ]
INFO: [ template_filter ] --END-- [ RunTime:0.000880s ]
INFO: Run Behavior\ParseTemplateBehavior [ RunTime:0.017179s ]
INFO: [ view_parse ] --END-- [ RunTime:0.017262s ]
INFO: [ view_filter ] --START--
INFO: Run Behavior\WriteHtmlCacheBehavior [ RunTime:0.000320s ]
INFO: [ view_filter ] --END-- [ RunTime:0.000348s ]
INFO: [ app_end ] --START--
INFO: Run Behavior\ShowPageTraceBehavior [ RunTime:0.001086s ]
INFO: [ app_end ] --END-- [ RunTime:0.001291s ]

[ 2020-02-20T14:17:51+08:00 ] ::1 /chikwong/NewRPJ/index.php/home/about/img/single-product/large/large1.jpg
INFO: [ app_init ] --START--
INFO: Run Behavior\BuildLiteBehavior [ RunTime:0.000013s ]
INFO: [ app_init ] --END-- [ RunTime:0.000373s ]

[ 2020-02-20T14:17:51+08:00 ] ::1 /chikwong/NewRPJ/index.php/home/about/img/single-product/small/small1.jpg
INFO: [ app_init ] --START--
INFO: Run Behavior\BuildLiteBehavior [ RunTime:0.000013s ]
INFO: [ app_init ] --END-- [ RunTime:0.000369s ]

[ 2020-02-20T14:17:51+08:00 ] ::1 /chikwong/NewRPJ/index.php/home/about/img/single-product/small/small2.jpg
INFO: [ app_init ] --START--
INFO: Run Behavior\BuildLiteBehavior [ RunTime:0.000015s ]
INFO: [ app_init ] --END-- [ RunTime:0.000343s ]

[ 2020-02-20T14:17:51+08:00 ] ::1 /chikwong/NewRPJ/index.php/home/about/img/single-product/small/small3.jpg
INFO: [ app_init ] --START--
INFO: Run Behavior\BuildLiteBehavior [ RunTime:0.000017s ]
INFO: [ app_init ] --END-- [ RunTime:0.000460s ]

[ 2020-02-20T14:17:51+08:00 ] ::1 /chikwong/NewRPJ/index.php/home/about/img/single-product/small/small4.jpg
INFO: [ app_init ] --START--
INFO: Run Behavior\BuildLiteBehavior [ RunTime:0.000017s ]
INFO: [ app_init ] --END-- [ RunTime:0.000444s ]

[ 2020-02-20T14:17:51+08:00 ] ::1 /chikwong/NewRPJ/index.php/home/about/img/single-product/small/small1.jpg
INFO: [ app_init ] --START--
INFO: Run Behavior\BuildLiteBehavior [ RunTime:0.000018s ]
INFO: [ app_init ] --END-- [ RunTime:0.000512s ]

[ 2020-02-20T14:17:56+08:00 ] ::1 /chikwong/NewRPJ/index.php/home/about/about
INFO: [ app_init ] --START--
INFO: Run Behavior\BuildLiteBehavior [ RunTime:0.000008s ]
INFO: [ app_init ] --END-- [ RunTime:0.000223s ]
INFO: [ app_begin ] --START--
INFO: Run Behavior\ReadHtmlCacheBehavior [ RunTime:0.000371s ]
INFO: [ app_begin ] --END-- [ RunTime:0.000404s ]
INFO: [ view_parse ] --START--
INFO: [ template_filter ] --START--
INFO: Run Behavior\ContentReplaceBehavior [ RunTime:0.000221s ]
INFO: [ template_filter ] --END-- [ RunTime:0.000263s ]
INFO: Run Behavior\ParseTemplateBehavior [ RunTime:0.015864s ]
INFO: [ view_parse ] --END-- [ RunTime:0.015906s ]
INFO: [ view_filter ] --START--
INFO: Run Behavior\WriteHtmlCacheBehavior [ RunTime:0.000273s ]
INFO: [ view_filter ] --END-- [ RunTime:0.000298s ]
INFO: [ app_end ] --START--
INFO: Run Behavior\ShowPageTraceBehavior [ RunTime:0.001017s ]
INFO: [ app_end ] --END-- [ RunTime:0.001261s ]

[ 2020-02-20T14:17:56+08:00 ] ::1 /chikwong/NewRPJ/index.php/home/about/img/single-product/large/large1.jpg
INFO: [ app_init ] --START--
INFO: Run Behavior\BuildLiteBehavior [ RunTime:0.000016s ]
INFO: [ app_init ] --END-- [ RunTime:0.000396s ]

[ 2020-02-20T14:17:56+08:00 ] ::1 /chikwong/NewRPJ/index.php/home/about/img/single-product/small/small1.jpg
INFO: [ app_init ] --START--
INFO: Run Behavior\BuildLiteBehavior [ RunTime:0.000012s ]
INFO: [ app_init ] --END-- [ RunTime:0.000350s ]

[ 2020-02-20T14:17:56+08:00 ] ::1 /chikwong/NewRPJ/index.php/home/about/img/single-product/small/small2.jpg
INFO: [ app_init ] --START--
INFO: Run Behavior\BuildLiteBehavior [ RunTime:0.000013s ]
INFO: [ app_init ] --END-- [ RunTime:0.000342s ]

[ 2020-02-20T14:17:56+08:00 ] ::1 /chikwong/NewRPJ/index.php/home/about/img/single-product/small/small3.jpg
INFO: [ app_init ] --START--
INFO: Run Behavior\BuildLiteBehavior [ RunTime:0.000016s ]
INFO: [ app_init ] --END-- [ RunTime:0.000402s ]

[ 2020-02-20T14:17:56+08:00 ] ::1 /chikwong/NewRPJ/index.php/home/about/img/single-product/small/small4.jpg
INFO: [ app_init ] --START--
INFO: Run Behavior\BuildLiteBehavior [ RunTime:0.000016s ]
INFO: [ app_init ] --END-- [ RunTime:0.000399s ]

[ 2020-02-20T14:17:56+08:00 ] ::1 /chikwong/NewRPJ/index.php/home/about/img/single-product/small/small1.jpg
INFO: [ app_init ] --START--
INFO: Run Behavior\BuildLiteBehavior [ RunTime:0.000011s ]
INFO: [ app_init ] --END-- [ RunTime:0.000313s ]

[ 2020-02-20T14:19:56+08:00 ] ::1 /chikwong/NewRPJ/index.php/home/about/about
INFO: [ app_init ] --START--
INFO: Run Behavior\BuildLiteBehavior [ RunTime:0.000008s ]
INFO: [ app_init ] --END-- [ RunTime:0.000263s ]
INFO: [ app_begin ] --START--
INFO: Run Behavior\ReadHtmlCacheBehavior [ RunTime:0.000372s ]
INFO: [ app_begin ] --END-- [ RunTime:0.000414s ]
INFO: [ view_parse ] --START--
INFO: [ template_filter ] --START--
INFO: Run Behavior\ContentReplaceBehavior [ RunTime:0.000224s ]
INFO: [ template_filter ] --END-- [ RunTime:0.000267s ]
INFO: Run Behavior\ParseTemplateBehavior [ RunTime:0.013921s ]
INFO: [ view_parse ] --END-- [ RunTime:0.013971s ]
INFO: [ view_filter ] --START--
INFO: Run Behavior\WriteHtmlCacheBehavior [ RunTime:0.000269s ]
INFO: [ view_filter ] --END-- [ RunTime:0.000293s ]
INFO: [ app_end ] --START--
INFO: Run Behavior\ShowPageTraceBehavior [ RunTime:0.001617s ]
INFO: [ app_end ] --END-- [ RunTime:0.001692s ]

[ 2020-02-20T14:19:56+08:00 ] ::1 /chikwong/NewRPJ/index.php/home/about/img/single-product/small/small1.jpg
INFO: [ app_init ] --START--
INFO: Run Behavior\BuildLiteBehavior [ RunTime:0.000014s ]
INFO: [ app_init ] --END-- [ RunTime:0.000362s ]

[ 2020-02-20T14:19:56+08:00 ] ::1 /chikwong/NewRPJ/index.php/home/about/img/single-product/large/large1.jpg
INFO: [ app_init ] --START--
INFO: Run Behavior\BuildLiteBehavior [ RunTime:0.000021s ]
INFO: [ app_init ] --END-- [ RunTime:0.000469s ]

[ 2020-02-20T14:19:56+08:00 ] ::1 /chikwong/NewRPJ/index.php/home/about/img/single-product/small/small2.jpg
INFO: [ app_init ] --START--
INFO: Run Behavior\BuildLiteBehavior [ RunTime:0.000014s ]
INFO: [ app_init ] --END-- [ RunTime:0.000327s ]

[ 2020-02-20T14:19:56+08:00 ] ::1 /chikwong/NewRPJ/index.php/home/about/img/single-product/small/small3.jpg
INFO: [ app_init ] --START--
INFO: Run Behavior\BuildLiteBehavior [ RunTime:0.000011s ]
INFO: [ app_init ] --END-- [ RunTime:0.000341s ]

[ 2020-02-20T14:19:56+08:00 ] ::1 /chikwong/NewRPJ/index.php/home/about/img/single-product/small/small4.jpg
INFO: [ app_init ] --START--
INFO: Run Behavior\BuildLiteBehavior [ RunTime:0.000014s ]
INFO: [ app_init ] --END-- [ RunTime:0.000287s ]

[ 2020-02-20T14:19:56+08:00 ] ::1 /chikwong/NewRPJ/index.php/home/about/img/single-product/small/small2.jpg
INFO: [ app_init ] --START--
INFO: Run Behavior\BuildLiteBehavior [ RunTime:0.000014s ]
INFO: [ app_init ] --END-- [ RunTime:0.000367s ]

[ 2020-02-20T14:19:56+08:00 ] ::1 /chikwong/NewRPJ/index.php/home/about/img/single-product/small/small1.jpg
INFO: [ app_init ] --START--
INFO: Run Behavior\BuildLiteBehavior [ RunTime:0.000013s ]
INFO: [ app_init ] --END-- [ RunTime:0.000356s ]

[ 2020-02-20T14:26:56+08:00 ] ::1 /chikwong/NewRPJ/
INFO: [ app_init ] --START--
INFO: Run Behavior\BuildLiteBehavior [ RunTime:0.000011s ]
INFO: [ app_init ] --END-- [ RunTime:0.000318s ]
INFO: [ app_begin ] --START--
INFO: Run Behavior\ReadHtmlCacheBehavior [ RunTime:0.000393s ]
INFO: [ app_begin ] --END-- [ RunTime:0.000432s ]
INFO: [ view_parse ] --START--
INFO: [ template_filter ] --START--
INFO: Run Behavior\ContentReplaceBehavior [ RunTime:0.000671s ]
INFO: [ template_filter ] --END-- [ RunTime:0.000721s ]
INFO: Run Behavior\ParseTemplateBehavior [ RunTime:0.047924s ]
INFO: [ view_parse ] --END-- [ RunTime:0.047972s ]
INFO: [ view_filter ] --START--
INFO: Run Behavior\WriteHtmlCacheBehavior [ RunTime:0.000262s ]
INFO: [ view_filter ] --END-- [ RunTime:0.000289s ]
INFO: [ app_end ] --START--
INFO: Run Behavior\ShowPageTraceBehavior [ RunTime:0.001979s ]
INFO: [ app_end ] --END-- [ RunTime:0.002060s ]

[ 2020-02-20T14:31:55+08:00 ] ::1 /chikwong/NewRPJ/index.php/home/about/about
INFO: [ app_init ] --START--
INFO: Run Behavior\BuildLiteBehavior [ RunTime:0.000009s ]
INFO: [ app_init ] --END-- [ RunTime:0.000286s ]
INFO: [ app_begin ] --START--
INFO: Run Behavior\ReadHtmlCacheBehavior [ RunTime:0.000417s ]
INFO: [ app_begin ] --END-- [ RunTime:0.000460s ]
INFO: [ view_parse ] --START--
INFO: [ template_filter ] --START--
INFO: Run Behavior\ContentReplaceBehavior [ RunTime:0.000229s ]
INFO: [ template_filter ] --END-- [ RunTime:0.000279s ]
INFO: Run Behavior\ParseTemplateBehavior [ RunTime:0.015524s ]
INFO: [ view_parse ] --END-- [ RunTime:0.015573s ]
INFO: [ view_filter ] --START--
INFO: Run Behavior\WriteHtmlCacheBehavior [ RunTime:0.000296s ]
INFO: [ view_filter ] --END-- [ RunTime:0.000322s ]
INFO: [ app_end ] --START--
INFO: Run Behavior\ShowPageTraceBehavior [ RunTime:0.000683s ]
INFO: [ app_end ] --END-- [ RunTime:0.000756s ]

[ 2020-02-20T14:31:55+08:00 ] ::1 /chikwong/NewRPJ/index.php/home/about/img/single-product/large/large1.jpg
INFO: [ app_init ] --START--
INFO: Run Behavior\BuildLiteBehavior [ RunTime:0.000014s ]
INFO: [ app_init ] --END-- [ RunTime:0.000351s ]

[ 2020-02-20T14:31:55+08:00 ] ::1 /chikwong/NewRPJ/index.php/home/about/img/single-product/small/small1.jpg
INFO: [ app_init ] --START--
INFO: Run Behavior\BuildLiteBehavior [ RunTime:0.000029s ]
INFO: [ app_init ] --END-- [ RunTime:0.000543s ]

[ 2020-02-20T14:31:55+08:00 ] ::1 /chikwong/NewRPJ/index.php/home/about/img/single-product/small/small2.jpg
INFO: [ app_init ] --START--
INFO: Run Behavior\BuildLiteBehavior [ RunTime:0.000078s ]
INFO: [ app_init ] --END-- [ RunTime:0.001370s ]

[ 2020-02-20T14:31:55+08:00 ] ::1 /chikwong/NewRPJ/index.php/home/about/img/single-product/small/small3.jpg
INFO: [ app_init ] --START--
INFO: Run Behavior\BuildLiteBehavior [ RunTime:0.000013s ]
INFO: [ app_init ] --END-- [ RunTime:0.000446s ]

[ 2020-02-20T14:31:55+08:00 ] ::1 /chikwong/NewRPJ/index.php/home/about/img/single-product/small/small4.jpg
INFO: [ app_init ] --START--
INFO: Run Behavior\BuildLiteBehavior [ RunTime:0.000177s ]
INFO: [ app_init ] --END-- [ RunTime:0.000919s ]

[ 2020-02-20T14:31:55+08:00 ] ::1 /chikwong/NewRPJ/index.php/home/about/img/single-product/small/small4.jpg
INFO: [ app_init ] --START--
INFO: Run Behavior\BuildLiteBehavior [ RunTime:0.000013s ]
INFO: [ app_init ] --END-- [ RunTime:0.000344s ]

[ 2020-02-20T14:31:55+08:00 ] ::1 /chikwong/NewRPJ/index.php/home/about/img/single-product/small/small3.jpg
INFO: [ app_init ] --START--
INFO: Run Behavior\BuildLiteBehavior [ RunTime:0.000014s ]
INFO: [ app_init ] --END-- [ RunTime:0.000331s ]

[ 2020-02-20T14:31:55+08:00 ] ::1 /chikwong/NewRPJ/index.php/home/about/img/single-product/small/small2.jpg
INFO: [ app_init ] --START--
INFO: Run Behavior\BuildLiteBehavior [ RunTime:0.000015s ]
INFO: [ app_init ] --END-- [ RunTime:0.000371s ]

[ 2020-02-20T14:31:55+08:00 ] ::1 /chikwong/NewRPJ/index.php/home/about/img/single-product/small/small1.jpg
INFO: [ app_init ] --START--
INFO: Run Behavior\BuildLiteBehavior [ RunTime:0.000014s ]
INFO: [ app_init ] --END-- [ RunTime:0.000477s ]

[ 2020-02-20T14:32:37+08:00 ] ::1 /chikwong/NewRPJ/index.php/home/about/img/single-product/small/small4.jpg
INFO: [ app_init ] --START--
INFO: Run Behavior\BuildLiteBehavior [ RunTime:0.000014s ]
INFO: [ app_init ] --END-- [ RunTime:0.000373s ]

[ 2020-02-20T14:32:37+08:00 ] ::1 /chikwong/NewRPJ/index.php/home/about/img/single-product/small/small3.jpg
INFO: [ app_init ] --START--
INFO: Run Behavior\BuildLiteBehavior [ RunTime:0.000049s ]
INFO: [ app_init ] --END-- [ RunTime:0.000440s ]

[ 2020-02-20T14:32:37+08:00 ] ::1 /chikwong/NewRPJ/index.php/home/about/img/single-product/small/small1.jpg
INFO: [ app_init ] --START--
INFO: Run Behavior\BuildLiteBehavior [ RunTime:0.000014s ]
INFO: [ app_init ] --END-- [ RunTime:0.000422s ]

[ 2020-02-20T14:32:37+08:00 ] ::1 /chikwong/NewRPJ/index.php/home/about/img/single-product/small/small2.jpg
INFO: [ app_init ] --START--
INFO: Run Behavior\BuildLiteBehavior [ RunTime:0.000014s ]
INFO: [ app_init ] --END-- [ RunTime:0.000449s ]

[ 2020-02-20T14:33:01+08:00 ] ::1 /chikwong/NewRPJ/index.php/home/about/img/single-product/small/small4.jpg
INFO: [ app_init ] --START--
INFO: Run Behavior\BuildLiteBehavior [ RunTime:0.000016s ]
INFO: [ app_init ] --END-- [ RunTime:0.000601s ]

[ 2020-02-20T14:33:01+08:00 ] ::1 /chikwong/NewRPJ/index.php/home/about/img/single-product/small/small3.jpg
INFO: [ app_init ] --START--
INFO: Run Behavior\BuildLiteBehavior [ RunTime:0.000014s ]
INFO: [ app_init ] --END-- [ RunTime:0.000467s ]

[ 2020-02-20T14:33:01+08:00 ] ::1 /chikwong/NewRPJ/index.php/home/about/img/single-product/small/small2.jpg
INFO: [ app_init ] --START--
INFO: Run Behavior\BuildLiteBehavior [ RunTime:0.000017s ]
INFO: [ app_init ] --END-- [ RunTime:0.000411s ]

[ 2020-02-20T14:33:01+08:00 ] ::1 /chikwong/NewRPJ/index.php/home/about/img/single-product/small/small1.jpg
INFO: [ app_init ] --START--
INFO: Run Behavior\BuildLiteBehavior [ RunTime:0.000017s ]
INFO: [ app_init ] --END-- [ RunTime:0.000507s ]

[ 2020-02-20T14:45:44+08:00 ] ::1 /chikwong/NewRPJ/index.php/home/about/about
INFO: [ app_init ] --START--
INFO: Run Behavior\BuildLiteBehavior [ RunTime:0.000009s ]
INFO: [ app_init ] --END-- [ RunTime:0.000260s ]
INFO: [ app_begin ] --START--
INFO: Run Behavior\ReadHtmlCacheBehavior [ RunTime:0.000386s ]
INFO: [ app_begin ] --END-- [ RunTime:0.000421s ]
INFO: [ view_parse ] --START--
INFO: [ template_filter ] --START--
INFO: Run Behavior\ContentReplaceBehavior [ RunTime:0.000221s ]
INFO: [ template_filter ] --END-- [ RunTime:0.000261s ]
INFO: Run Behavior\ParseTemplateBehavior [ RunTime:0.020992s ]
INFO: [ view_parse ] --END-- [ RunTime:0.021076s ]
INFO: [ view_filter ] --START--
INFO: Run Behavior\WriteHtmlCacheBehavior [ RunTime:0.000248s ]
INFO: [ view_filter ] --END-- [ RunTime:0.000272s ]
INFO: [ app_end ] --START--
INFO: Run Behavior\ShowPageTraceBehavior [ RunTime:0.000505s ]
INFO: [ app_end ] --END-- [ RunTime:0.000555s ]

[ 2020-02-20T14:45:44+08:00 ] ::1 /chikwong/NewRPJ/index.php/home/about/img/single-product/small/small1.jpg
INFO: [ app_init ] --START--
INFO: Run Behavior\BuildLiteBehavior [ RunTime:0.000016s ]
INFO: [ app_init ] --END-- [ RunTime:0.000502s ]

[ 2020-02-20T14:45:44+08:00 ] ::1 /chikwong/NewRPJ/index.php/home/about/img/single-product/large/large1.jpg
INFO: [ app_init ] --START--
INFO: Run Behavior\BuildLiteBehavior [ RunTime:0.000017s ]
INFO: [ app_init ] --END-- [ RunTime:0.016650s ]

[ 2020-02-20T14:45:44+08:00 ] ::1 /chikwong/NewRPJ/index.php/home/about/img/single-product/small/small2.jpg
INFO: [ app_init ] --START--
INFO: Run Behavior\BuildLiteBehavior [ RunTime:0.000020s ]
INFO: [ app_init ] --END-- [ RunTime:0.000473s ]

[ 2020-02-20T14:45:44+08:00 ] ::1 /chikwong/NewRPJ/index.php/home/about/img/single-product/small/small3.jpg
INFO: [ app_init ] --START--
INFO: Run Behavior\BuildLiteBehavior [ RunTime:0.000017s ]
INFO: [ app_init ] --END-- [ RunTime:0.000420s ]

[ 2020-02-20T14:45:44+08:00 ] ::1 /chikwong/NewRPJ/index.php/home/about/img/single-product/small/small4.jpg
INFO: [ app_init ] --START--
INFO: Run Behavior\BuildLiteBehavior [ RunTime:0.000015s ]
INFO: [ app_init ] --END-- [ RunTime:0.000381s ]

[ 2020-02-20T14:45:45+08:00 ] ::1 /chikwong/NewRPJ/index.php/home/about/img/single-product/small/small2.jpg
INFO: [ app_init ] --START--
INFO: Run Behavior\BuildLiteBehavior [ RunTime:0.000012s ]
INFO: [ app_init ] --END-- [ RunTime:0.000331s ]

[ 2020-02-20T14:45:45+08:00 ] ::1 /chikwong/NewRPJ/index.php/home/about/img/single-product/small/small3.jpg
INFO: [ app_init ] --START--
INFO: Run Behavior\BuildLiteBehavior [ RunTime:0.000012s ]
INFO: [ app_init ] --END-- [ RunTime:0.000333s ]

[ 2020-02-20T14:45:45+08:00 ] ::1 /chikwong/NewRPJ/index.php/home/about/img/single-product/small/small1.jpg
INFO: [ app_init ] --START--
INFO: Run Behavior\BuildLiteBehavior [ RunTime:0.000016s ]
INFO: [ app_init ] --END-- [ RunTime:0.000421s ]

[ 2020-02-20T14:50:44+08:00 ] ::1 /chikwong/NewRPJ/index.php/home/about/about
INFO: [ app_init ] --START--
INFO: Run Behavior\BuildLiteBehavior [ RunTime:0.000019s ]
INFO: [ app_init ] --END-- [ RunTime:0.000634s ]
INFO: [ app_begin ] --START--
INFO: Run Behavior\ReadHtmlCacheBehavior [ RunTime:0.000616s ]
INFO: [ app_begin ] --END-- [ RunTime:0.000679s ]
INFO: [ view_parse ] --START--
INFO: [ template_filter ] --START--
INFO: Run Behavior\ContentReplaceBehavior [ RunTime:0.000317s ]
INFO: [ template_filter ] --END-- [ RunTime:0.000396s ]
INFO: Run Behavior\ParseTemplateBehavior [ RunTime:0.019582s ]
INFO: [ view_parse ] --END-- [ RunTime:0.019687s ]
INFO: [ view_filter ] --START--
INFO: Run Behavior\WriteHtmlCacheBehavior [ RunTime:0.000554s ]
INFO: [ view_filter ] --END-- [ RunTime:0.000613s ]
INFO: [ app_end ] --START--
INFO: Run Behavior\ShowPageTraceBehavior [ RunTime:0.000829s ]
INFO: [ app_end ] --END-- [ RunTime:0.000905s ]

[ 2020-02-20T14:50:44+08:00 ] ::1 /chikwong/NewRPJ/index.php/home/about/img/single-product/small/small1.jpg
INFO: [ app_init ] --START--
INFO: Run Behavior\BuildLiteBehavior [ RunTime:0.000013s ]
INFO: [ app_init ] --END-- [ RunTime:0.000374s ]

[ 2020-02-20T14:50:44+08:00 ] ::1 /chikwong/NewRPJ/index.php/home/about/img/single-product/large/large1.jpg
INFO: [ app_init ] --START--
INFO: Run Behavior\BuildLiteBehavior [ RunTime:0.000016s ]
INFO: [ app_init ] --END-- [ RunTime:0.000512s ]

[ 2020-02-20T14:50:44+08:00 ] ::1 /chikwong/NewRPJ/index.php/home/about/img/single-product/small/small2.jpg
INFO: [ app_init ] --START--
INFO: Run Behavior\BuildLiteBehavior [ RunTime:0.000017s ]
INFO: [ app_init ] --END-- [ RunTime:0.001559s ]

[ 2020-02-20T14:50:44+08:00 ] ::1 /chikwong/NewRPJ/index.php/home/about/img/single-product/small/small3.jpg
INFO: [ app_init ] --START--
INFO: Run Behavior\BuildLiteBehavior [ RunTime:0.000019s ]
INFO: [ app_init ] --END-- [ RunTime:0.000492s ]

[ 2020-02-20T14:50:44+08:00 ] ::1 /chikwong/NewRPJ/index.php/home/about/img/single-product/small/small4.jpg
INFO: [ app_init ] --START--
INFO: Run Behavior\BuildLiteBehavior [ RunTime:0.000016s ]
INFO: [ app_init ] --END-- [ RunTime:0.000413s ]

[ 2020-02-20T14:50:44+08:00 ] ::1 /chikwong/NewRPJ/index.php/home/about/img/single-product/small/small4.jpg
INFO: [ app_init ] --START--
INFO: Run Behavior\BuildLiteBehavior [ RunTime:0.000014s ]
INFO: [ app_init ] --END-- [ RunTime:0.000369s ]

[ 2020-02-20T14:50:44+08:00 ] ::1 /chikwong/NewRPJ/index.php/home/about/img/single-product/small/small3.jpg
INFO: [ app_init ] --START--
INFO: Run Behavior\BuildLiteBehavior [ RunTime:0.000022s ]
INFO: [ app_init ] --END-- [ RunTime:0.000621s ]

[ 2020-02-20T14:50:44+08:00 ] ::1 /chikwong/NewRPJ/index.php/home/about/img/single-product/small/small2.jpg
INFO: [ app_init ] --START--
INFO: Run Behavior\BuildLiteBehavior [ RunTime:0.000017s ]
INFO: [ app_init ] --END-- [ RunTime:0.001651s ]

[ 2020-02-20T14:50:44+08:00 ] ::1 /chikwong/NewRPJ/index.php/home/about/img/single-product/small/small1.jpg
INFO: [ app_init ] --START--
INFO: Run Behavior\BuildLiteBehavior [ RunTime:0.000039s ]
INFO: [ app_init ] --END-- [ RunTime:0.001076s ]

[ 2020-02-20T14:59:21+08:00 ] ::1 /chikwong/NewRPJ/index.php/home/about/about
INFO: [ app_init ] --START--
INFO: Run Behavior\BuildLiteBehavior [ RunTime:0.000010s ]
INFO: [ app_init ] --END-- [ RunTime:0.000287s ]
INFO: [ app_begin ] --START--
INFO: Run Behavior\ReadHtmlCacheBehavior [ RunTime:0.000562s ]
INFO: [ app_begin ] --END-- [ RunTime:0.000621s ]
INFO: [ view_parse ] --START--
INFO: [ template_filter ] --START--
INFO: Run Behavior\ContentReplaceBehavior [ RunTime:0.000324s ]
INFO: [ template_filter ] --END-- [ RunTime:0.000405s ]
INFO: Run Behavior\ParseTemplateBehavior [ RunTime:0.015547s ]
INFO: [ view_parse ] --END-- [ RunTime:0.015606s ]
INFO: [ view_filter ] --START--
INFO: Run Behavior\WriteHtmlCacheBehavior [ RunTime:0.000271s ]
INFO: [ view_filter ] --END-- [ RunTime:0.000299s ]
INFO: [ app_end ] --START--
INFO: Run Behavior\ShowPageTraceBehavior [ RunTime:0.000828s ]
INFO: [ app_end ] --END-- [ RunTime:0.000971s ]

[ 2020-02-20T14:59:21+08:00 ] ::1 /chikwong/NewRPJ/index.php/home/about/img/single-product/small/small1.jpg
INFO: [ app_init ] --START--
INFO: Run Behavior\BuildLiteBehavior [ RunTime:0.000016s ]
INFO: [ app_init ] --END-- [ RunTime:0.000355s ]

[ 2020-02-20T14:59:21+08:00 ] ::1 /chikwong/NewRPJ/index.php/home/about/img/single-product/large/large1.jpg
INFO: [ app_init ] --START--
INFO: Run Behavior\BuildLiteBehavior [ RunTime:0.000098s ]
INFO: [ app_init ] --END-- [ RunTime:0.001467s ]

[ 2020-02-20T14:59:21+08:00 ] ::1 /chikwong/NewRPJ/index.php/home/about/img/single-product/small/small2.jpg
INFO: [ app_init ] --START--
INFO: Run Behavior\BuildLiteBehavior [ RunTime:0.000016s ]
INFO: [ app_init ] --END-- [ RunTime:0.000427s ]

[ 2020-02-20T14:59:21+08:00 ] ::1 /chikwong/NewRPJ/index.php/home/about/img/single-product/small/small3.jpg
INFO: [ app_init ] --START--
INFO: Run Behavior\BuildLiteBehavior [ RunTime:0.000013s ]
INFO: [ app_init ] --END-- [ RunTime:0.000416s ]

[ 2020-02-20T14:59:21+08:00 ] ::1 /chikwong/NewRPJ/index.php/home/about/img/single-product/small/small4.jpg
INFO: [ app_init ] --START--
INFO: Run Behavior\BuildLiteBehavior [ RunTime:0.000022s ]
INFO: [ app_init ] --END-- [ RunTime:0.000481s ]

[ 2020-02-20T14:59:21+08:00 ] ::1 /chikwong/NewRPJ/index.php/home/about/img/single-product/small/small4.jpg
INFO: [ app_init ] --START--
INFO: Run Behavior\BuildLiteBehavior [ RunTime:0.000014s ]
INFO: [ app_init ] --END-- [ RunTime:0.000344s ]

[ 2020-02-20T14:59:21+08:00 ] ::1 /chikwong/NewRPJ/index.php/home/about/img/single-product/small/small2.jpg
INFO: [ app_init ] --START--
INFO: Run Behavior\BuildLiteBehavior [ RunTime:0.000013s ]
INFO: [ app_init ] --END-- [ RunTime:0.000375s ]

[ 2020-02-20T14:59:21+08:00 ] ::1 /chikwong/NewRPJ/index.php/home/about/img/single-product/small/small1.jpg
INFO: [ app_init ] --START--
INFO: Run Behavior\BuildLiteBehavior [ RunTime:0.000015s ]
INFO: [ app_init ] --END-- [ RunTime:0.000547s ]

[ 2020-02-20T15:09:10+08:00 ] ::1 /chikwong/NewRPJ/index.php/home/about/about
INFO: [ app_init ] --START--
INFO: Run Behavior\BuildLiteBehavior [ RunTime:0.000018s ]
INFO: [ app_init ] --END-- [ RunTime:0.000894s ]
INFO: [ app_begin ] --START--
INFO: Run Behavior\ReadHtmlCacheBehavior [ RunTime:0.000410s ]
INFO: [ app_begin ] --END-- [ RunTime:0.000453s ]
INFO: [ view_parse ] --START--
INFO: [ template_filter ] --START--
INFO: Run Behavior\ContentReplaceBehavior [ RunTime:0.000207s ]
INFO: [ template_filter ] --END-- [ RunTime:0.000262s ]
INFO: Run Behavior\ParseTemplateBehavior [ RunTime:0.013425s ]
INFO: [ view_parse ] --END-- [ RunTime:0.013476s ]
INFO: [ view_filter ] --START--
INFO: Run Behavior\WriteHtmlCacheBehavior [ RunTime:0.000278s ]
INFO: [ view_filter ] --END-- [ RunTime:0.000311s ]
INFO: [ app_end ] --START--
INFO: Run Behavior\ShowPageTraceBehavior [ RunTime:0.000611s ]
INFO: [ app_end ] --END-- [ RunTime:0.000692s ]

[ 2020-02-20T15:09:10+08:00 ] ::1 /chikwong/NewRPJ/index.php/home/about/img/single-product/large/large1.jpg
INFO: [ app_init ] --START--
INFO: Run Behavior\BuildLiteBehavior [ RunTime:0.000013s ]
INFO: [ app_init ] --END-- [ RunTime:0.000417s ]

[ 2020-02-20T15:09:10+08:00 ] ::1 /chikwong/NewRPJ/index.php/home/about/img/single-product/small/small1.jpg
INFO: [ app_init ] --START--
INFO: Run Behavior\BuildLiteBehavior [ RunTime:0.000014s ]
INFO: [ app_init ] --END-- [ RunTime:0.000425s ]

[ 2020-02-20T15:09:10+08:00 ] ::1 /chikwong/NewRPJ/index.php/home/about/img/single-product/small/small2.jpg
INFO: [ app_init ] --START--
INFO: Run Behavior\BuildLiteBehavior [ RunTime:0.000013s ]
INFO: [ app_init ] --END-- [ RunTime:0.000367s ]

[ 2020-02-20T15:09:10+08:00 ] ::1 /chikwong/NewRPJ/index.php/home/about/img/single-product/small/small3.jpg
INFO: [ app_init ] --START--
INFO: Run Behavior\BuildLiteBehavior [ RunTime:0.000016s ]
INFO: [ app_init ] --END-- [ RunTime:0.000455s ]

[ 2020-02-20T15:09:10+08:00 ] ::1 /chikwong/NewRPJ/index.php/home/about/img/single-product/small/small4.jpg
INFO: [ app_init ] --START--
INFO: Run Behavior\BuildLiteBehavior [ RunTime:0.000015s ]
INFO: [ app_init ] --END-- [ RunTime:0.000437s ]

