[ 2020-03-30T21:21:32+08:00 ] ::1 /NewRPJ/index.php/home/product/product/product_id/2
INFO: [ app_init ] --START--
INFO: Run Behavior\BuildLiteBehavior [ RunTime:0.000056s ]
INFO: [ app_init ] --END-- [ RunTime:0.001038s ]
INFO: [ app_begin ] --START--
INFO: Run Behavior\ReadHtmlCacheBehavior [ RunTime:0.002126s ]
INFO: [ app_begin ] --END-- [ RunTime:0.002174s ]
SQL: SHOW COLUMNS FROM `rpj_company` [ RunTime:0.0419s ]
SQL: SHOW COLUMNS FROM `rpj_product` [ RunTime:0.0413s ]
SQL: SHOW COLUMNS FROM `rpj_brand` [ RunTime:0.0413s ]
SQL: select rpj_product.category_id,
                                            rpj_procategory.category_name
                                from rpj_product
                                inner join rpj_procategory on rpj_product.category_id = rpj_procategory.category_id
                                group by rpj_product.category_id [ RunTime:0.0413s ]
SQL: select rpj_product.brand_id,
                                    rpj_product.category_id,
                                    rpj_brand.brand_name,
                                    rpj_procategory.category_name
                                from rpj_product
                                inner join rpj_brand on rpj_product.brand_id = rpj_brand.brand_id
                                inner join rpj_procategory on rpj_product.category_id = rpj_procategory.category_id
                                group by rpj_product.brand_id,rpj_product.category_id [ RunTime:0.0414s ]
SQL: SHOW COLUMNS FROM `rpj_product_pic` [ RunTime:0.0416s ]
SQL: SELECT * FROM `rpj_company` WHERE `id` = 1 LIMIT 1   [ RunTime:0.0414s ]
SQL: select * from rpj_product
                                inner join rpj_procategory on
                                  rpj_product.category_id = rpj_procategory.category_id
                                inner join rpj_brand on
                                  rpj_product.brand_id    = rpj_brand.brand_id
                                where rpj_product.product_id = 2 [ RunTime:0.0417s ]
SQL: SELECT * FROM `rpj_product_pic` WHERE ( product_id = 2 )  [ RunTime:0.0413s ]
SQL: SELECT * FROM `rpj_brand`  [ RunTime:0.0415s ]
INFO: [ view_parse ] --START--
INFO: [ template_filter ] --START--
INFO: Run Behavior\ContentReplaceBehavior [ RunTime:0.000389s ]
INFO: [ template_filter ] --END-- [ RunTime:0.000428s ]
INFO: Run Behavior\ParseTemplateBehavior [ RunTime:0.035997s ]
INFO: [ view_parse ] --END-- [ RunTime:0.036033s ]
INFO: [ view_filter ] --START--
INFO: Run Behavior\WriteHtmlCacheBehavior [ RunTime:0.000434s ]
INFO: [ view_filter ] --END-- [ RunTime:0.000465s ]
INFO: [ app_end ] --START--
INFO: Run Behavior\ShowPageTraceBehavior [ RunTime:0.000782s ]
INFO: [ app_end ] --END-- [ RunTime:0.000815s ]

[ 2020-03-30T21:40:07+08:00 ] ::1 /NewRPJ/index.php/home/product/product/product_id/2
INFO: [ app_init ] --START--
INFO: Run Behavior\BuildLiteBehavior [ RunTime:0.000020s ]
INFO: [ app_init ] --END-- [ RunTime:0.000454s ]
INFO: [ app_begin ] --START--
INFO: Run Behavior\ReadHtmlCacheBehavior [ RunTime:0.000511s ]
INFO: [ app_begin ] --END-- [ RunTime:0.000540s ]
SQL: SHOW COLUMNS FROM `rpj_company` [ RunTime:0.0432s ]
SQL: SHOW COLUMNS FROM `rpj_product` [ RunTime:0.0427s ]
SQL: SHOW COLUMNS FROM `rpj_brand` [ RunTime:0.0428s ]
SQL: select rpj_product.category_id,
                                            rpj_procategory.category_name
                                from rpj_product
                                inner join rpj_procategory on rpj_product.category_id = rpj_procategory.category_id
                                group by rpj_product.category_id [ RunTime:0.0431s ]
SQL: select rpj_product.brand_id,
                                    rpj_product.category_id,
                                    rpj_brand.brand_name,
                                    rpj_procategory.category_name
                                from rpj_product
                                inner join rpj_brand on rpj_product.brand_id = rpj_brand.brand_id
                                inner join rpj_procategory on rpj_product.category_id = rpj_procategory.category_id
                                group by rpj_product.brand_id,rpj_product.category_id [ RunTime:0.0431s ]
SQL: SHOW COLUMNS FROM `rpj_product_pic` [ RunTime:0.0429s ]
SQL: SHOW COLUMNS FROM `rpj_prod_att` [ RunTime:0.0425s ]
SQL: SELECT * FROM `rpj_company` WHERE `id` = 1 LIMIT 1   [ RunTime:0.0431s ]
SQL: select * from rpj_product
                                inner join rpj_procategory on
                                  rpj_product.category_id = rpj_procategory.category_id
                                inner join rpj_brand on
                                  rpj_product.brand_id    = rpj_brand.brand_id
                                where rpj_product.product_id = 2 [ RunTime:0.0430s ]
SQL: SELECT * FROM `rpj_product_pic` WHERE ( product_id = 2 )  [ RunTime:0.0429s ]
SQL: SELECT * FROM `rpj_brand`  [ RunTime:0.0427s ]
SQL: SELECT * FROM `rpj_prod_att` WHERE ( product_id = 2 )  [ RunTime:0.0429s ]
INFO: [ view_parse ] --START--
INFO: [ template_filter ] --START--
INFO: Run Behavior\ContentReplaceBehavior [ RunTime:0.000324s ]
INFO: [ template_filter ] --END-- [ RunTime:0.000364s ]
INFO: Run Behavior\ParseTemplateBehavior [ RunTime:0.033717s ]
INFO: [ view_parse ] --END-- [ RunTime:0.033756s ]
INFO: [ view_filter ] --START--
INFO: Run Behavior\WriteHtmlCacheBehavior [ RunTime:0.000265s ]
INFO: [ view_filter ] --END-- [ RunTime:0.000290s ]
INFO: [ app_end ] --START--
INFO: Run Behavior\ShowPageTraceBehavior [ RunTime:0.000571s ]
INFO: [ app_end ] --END-- [ RunTime:0.000601s ]

