[ 2020-05-25T14:04:51+08:00 ] ::1 /chikwong/NewRPJ/index.php/home/about/about
INFO: [ app_init ] --START--
INFO: Run Behavior\BuildLiteBehavior [ RunTime:0.000013s ]
INFO: [ app_init ] --END-- [ RunTime:0.018258s ]
INFO: [ app_begin ] --START--
INFO: Run Behavior\ReadHtmlCacheBehavior [ RunTime:0.010657s ]
INFO: [ app_begin ] --END-- [ RunTime:0.010721s ]
SQL: SHOW COLUMNS FROM `rpj_company` [ RunTime:0.0537s ]
SQL: SHOW COLUMNS FROM `rpj_product` [ RunTime:0.0546s ]
SQL: SHOW COLUMNS FROM `rpj_brand` [ RunTime:0.0536s ]
SQL: select distinct rpj_product.category_id,
                                                     rpj_procategory.category_name
                                     from rpj_product
                                     inner join rpj_procategory on rpj_product.category_id = rpj_procategory.category_id
                                     group by rpj_product.category_id [ RunTime:0.0543s ]
SQL: select rpj_product.brand_id,
                                      rpj_product.category_id,
                                      rpj_brand.brand_name,
                                      rpj_procategory.category_name
                                from rpj_product
                                inner join rpj_brand on rpj_product.brand_id = rpj_brand.brand_id
                                inner join rpj_procategory on rpj_product.category_id = rpj_procategory.category_id
                                group by rpj_product.brand_id,rpj_product.category_id [ RunTime:0.0544s ]
SQL: SELECT * FROM `rpj_company` WHERE `id` = 1 LIMIT 1   [ RunTime:0.0538s ]
SQL: SELECT * FROM `rpj_product`  [ RunTime:0.0536s ]
SQL: SELECT * FROM `rpj_brand`  [ RunTime:0.0529s ]
INFO: [ view_parse ] --START--
INFO: [ template_filter ] --START--
INFO: Run Behavior\ContentReplaceBehavior [ RunTime:0.005058s ]
INFO: [ template_filter ] --END-- [ RunTime:0.005164s ]
INFO: Run Behavior\ParseTemplateBehavior [ RunTime:0.086329s ]
INFO: [ view_parse ] --END-- [ RunTime:0.086393s ]
INFO: [ view_filter ] --START--
INFO: Run Behavior\WriteHtmlCacheBehavior [ RunTime:0.009924s ]
INFO: [ view_filter ] --END-- [ RunTime:0.009967s ]
INFO: [ app_end ] --START--
INFO: Run Behavior\ShowPageTraceBehavior [ RunTime:0.011369s ]
INFO: [ app_end ] --END-- [ RunTime:0.011667s ]

