[ 2020-03-03T16:01:14+08:00 ] ::1 /chikwong/NewRPJ/index.php/home/about/about
INFO: [ app_init ] --START--
INFO: Run Behavior\BuildLiteBehavior [ RunTime:0.000013s ]
INFO: [ app_init ] --END-- [ RunTime:0.017261s ]
INFO: [ app_begin ] --START--
INFO: Run Behavior\ReadHtmlCacheBehavior [ RunTime:0.004619s ]
INFO: [ app_begin ] --END-- [ RunTime:0.004680s ]
SQL: SHOW COLUMNS FROM `rpj_company` [ RunTime:0.0530s ]
SQL: SHOW COLUMNS FROM `rpj_procategory` [ RunTime:0.0528s ]
SQL: SHOW COLUMNS FROM `rpj_product` [ RunTime:0.0534s ]
SQL: SHOW COLUMNS FROM `rpj_brand` [ RunTime:0.0524s ]

[ 2020-03-03T16:02:42+08:00 ] ::1 /chikwong/NewRPJ/index.php/home/about/about
INFO: [ app_init ] --START--
INFO: Run Behavior\BuildLiteBehavior [ RunTime:0.000016s ]
INFO: [ app_init ] --END-- [ RunTime:0.000432s ]
INFO: [ app_begin ] --START--
INFO: Run Behavior\ReadHtmlCacheBehavior [ RunTime:0.000599s ]
INFO: [ app_begin ] --END-- [ RunTime:0.000699s ]

[ 2020-03-03T16:03:15+08:00 ] ::1 /chikwong/NewRPJ/index.php/home/about/about
INFO: [ app_init ] --START--
INFO: Run Behavior\BuildLiteBehavior [ RunTime:0.000008s ]
INFO: [ app_init ] --END-- [ RunTime:0.000258s ]
INFO: [ app_begin ] --START--
INFO: Run Behavior\ReadHtmlCacheBehavior [ RunTime:0.000368s ]
INFO: [ app_begin ] --END-- [ RunTime:0.000402s ]

[ 2020-03-03T16:06:51+08:00 ] ::1 /chikwong/NewRPJ/index.php/home/about/about
INFO: [ app_init ] --START--
INFO: Run Behavior\BuildLiteBehavior [ RunTime:0.000008s ]
INFO: [ app_init ] --END-- [ RunTime:0.000269s ]
INFO: [ app_begin ] --START--
INFO: Run Behavior\ReadHtmlCacheBehavior [ RunTime:0.000383s ]
INFO: [ app_begin ] --END-- [ RunTime:0.000419s ]
SQL: SHOW COLUMNS FROM `rpj_company` [ RunTime:0.0532s ]
SQL: SHOW COLUMNS FROM `rpj_procategory` [ RunTime:0.0521s ]
SQL: SHOW COLUMNS FROM `rpj_product` [ RunTime:0.0528s ]
SQL: SHOW COLUMNS FROM `rpj_brand` [ RunTime:0.0521s ]
ERR: 1146:Table 'bdm247650322_db.Rpj_product' doesn't exist
 [ SQL语句 ] : select * from Rpj_product
                            inner join Rpj_brand on Rpj_product.brand_id = Rpj_brand.brand_id
                            inner join Rpj_procategory on Rpj_product.category_id = Rpj_procategory.category_id
ERR: 1146:Table 'bdm247650322_db.Rpj_product' doesn't exist
 [ SQL语句 ] : select * from Rpj_product
                            inner join Rpj_brand on Rpj_product.brand_id = Rpj_brand.brand_id
                            inner join Rpj_procategory on Rpj_product.category_id = Rpj_procategory.category_id

[ 2020-03-03T16:09:27+08:00 ] ::1 /chikwong/NewRPJ/index.php/home/about/about
INFO: [ app_init ] --START--
INFO: Run Behavior\BuildLiteBehavior [ RunTime:0.000012s ]
INFO: [ app_init ] --END-- [ RunTime:0.000397s ]
INFO: [ app_begin ] --START--
INFO: Run Behavior\ReadHtmlCacheBehavior [ RunTime:0.000481s ]
INFO: [ app_begin ] --END-- [ RunTime:0.000528s ]
SQL: SHOW COLUMNS FROM `rpj_company` [ RunTime:0.0532s ]
SQL: SHOW COLUMNS FROM `rpj_procategory` [ RunTime:0.0540s ]
SQL: SHOW COLUMNS FROM `rpj_product` [ RunTime:0.0544s ]
SQL: SHOW COLUMNS FROM `rpj_brand` [ RunTime:0.0532s ]
ERR: 1146:Table 'bdm247650322_db.Rpj_product' doesn't exist
 [ SQL语句 ] : select * from Rpj_product
                            inner join Rpj_brand on Rpj_product.brand_id = Rpj_brand.brand_id
                            inner join Rpj_procategory on Rpj_product.category_id = Rpj_procategory.category_id
ERR: 1146:Table 'bdm247650322_db.Rpj_product' doesn't exist
 [ SQL语句 ] : select * from Rpj_product
                            inner join Rpj_brand on Rpj_product.brand_id = Rpj_brand.brand_id
                            inner join Rpj_procategory on Rpj_product.category_id = Rpj_procategory.category_id

[ 2020-03-03T16:12:52+08:00 ] ::1 /chikwong/NewRPJ/index.php/home/about/about
INFO: [ app_init ] --START--
INFO: Run Behavior\BuildLiteBehavior [ RunTime:0.000012s ]
INFO: [ app_init ] --END-- [ RunTime:0.000299s ]
INFO: [ app_begin ] --START--
INFO: Run Behavior\ReadHtmlCacheBehavior [ RunTime:0.000390s ]
INFO: [ app_begin ] --END-- [ RunTime:0.000425s ]
SQL: SHOW COLUMNS FROM `rpj_company` [ RunTime:0.0533s ]
SQL: SHOW COLUMNS FROM `rpj_procategory` [ RunTime:0.0533s ]
SQL: SHOW COLUMNS FROM `rpj_product` [ RunTime:0.0524s ]
SQL: SHOW COLUMNS FROM `rpj_brand` [ RunTime:0.0525s ]
SQL: select * from rpj_product
                            inner join rpj_brand on rpj_product.brand_id = rpj_brand.brand_id
                            inner join rpj_procategory on rpj_product.category_id = rpj_procategory.category_id [ RunTime:0.0536s ]

[ 2020-03-03T16:13:18+08:00 ] ::1 /chikwong/NewRPJ/index.php/home/about/about
INFO: [ app_init ] --START--
INFO: Run Behavior\BuildLiteBehavior [ RunTime:0.000009s ]
INFO: [ app_init ] --END-- [ RunTime:0.000270s ]
INFO: [ app_begin ] --START--
INFO: Run Behavior\ReadHtmlCacheBehavior [ RunTime:0.000390s ]
INFO: [ app_begin ] --END-- [ RunTime:0.000429s ]
SQL: SHOW COLUMNS FROM `rpj_company` [ RunTime:0.0515s ]
SQL: SHOW COLUMNS FROM `rpj_procategory` [ RunTime:0.0518s ]
SQL: SHOW COLUMNS FROM `rpj_product` [ RunTime:0.0527s ]
SQL: SHOW COLUMNS FROM `rpj_brand` [ RunTime:0.0523s ]
SQL: select * from rpj_product
                            inner join rpj_brand on rpj_product.brand_id = rpj_brand.brand_id
                            inner join rpj_procategory on rpj_product.category_id = rpj_procategory.category_id [ RunTime:0.0526s ]

[ 2020-03-03T16:19:41+08:00 ] ::1 /chikwong/NewRPJ/index.php/home/about/about
INFO: [ app_init ] --START--
INFO: Run Behavior\BuildLiteBehavior [ RunTime:0.000014s ]
INFO: [ app_init ] --END-- [ RunTime:0.000418s ]
INFO: [ app_begin ] --START--
INFO: Run Behavior\ReadHtmlCacheBehavior [ RunTime:0.000643s ]
INFO: [ app_begin ] --END-- [ RunTime:0.000706s ]
SQL: SHOW COLUMNS FROM `rpj_company` [ RunTime:0.0545s ]
SQL: SHOW COLUMNS FROM `rpj_procategory` [ RunTime:0.0532s ]
SQL: SHOW COLUMNS FROM `rpj_product` [ RunTime:0.0540s ]
SQL: SHOW COLUMNS FROM `rpj_brand` [ RunTime:0.0542s ]
SQL: select * from rpj_product
                            inner join rpj_brand on rpj_product.brand_id = rpj_brand.brand_id
                            inner join rpj_procategory on rpj_product.category_id = rpj_procategory.category_id [ RunTime:0.0534s ]

[ 2020-03-03T16:21:42+08:00 ] ::1 /chikwong/NewRPJ/index.php/home/about/about
INFO: [ app_init ] --START--
INFO: Run Behavior\BuildLiteBehavior [ RunTime:0.000009s ]
INFO: [ app_init ] --END-- [ RunTime:0.000275s ]
INFO: [ app_begin ] --START--
INFO: Run Behavior\ReadHtmlCacheBehavior [ RunTime:0.000566s ]
INFO: [ app_begin ] --END-- [ RunTime:0.000620s ]
SQL: SHOW COLUMNS FROM `rpj_company` [ RunTime:0.0537s ]
SQL: SHOW COLUMNS FROM `rpj_procategory` [ RunTime:0.0529s ]
SQL: SHOW COLUMNS FROM `rpj_product` [ RunTime:0.0531s ]
SQL: SHOW COLUMNS FROM `rpj_brand` [ RunTime:0.0527s ]
ERR: 1054:Unknown column 'rpj_brand.brandname' in 'field list'
 [ SQL语句 ] : select rpj_product.brand_id,
                                        rpj_product.category_id,
                                        rpj_brand.brandname,
                                        rpj_procategory.category_name
                                    from rpj_product
                                    inner join rpj_brand on rpj_product.brand_id = rpj_brand.brand_id
                                    inner join rpj_procategory on rpj_product.category_id = rpj_procategory.category_id
ERR: 1054:Unknown column 'rpj_brand.brandname' in 'field list'
 [ SQL语句 ] : select rpj_product.brand_id,
                                        rpj_product.category_id,
                                        rpj_brand.brandname,
                                        rpj_procategory.category_name
                                    from rpj_product
                                    inner join rpj_brand on rpj_product.brand_id = rpj_brand.brand_id
                                    inner join rpj_procategory on rpj_product.category_id = rpj_procategory.category_id

[ 2020-03-03T16:22:03+08:00 ] ::1 /chikwong/NewRPJ/index.php/home/about/about
INFO: [ app_init ] --START--
INFO: Run Behavior\BuildLiteBehavior [ RunTime:0.000008s ]
INFO: [ app_init ] --END-- [ RunTime:0.000226s ]
INFO: [ app_begin ] --START--
INFO: Run Behavior\ReadHtmlCacheBehavior [ RunTime:0.000287s ]
INFO: [ app_begin ] --END-- [ RunTime:0.000341s ]
SQL: SHOW COLUMNS FROM `rpj_company` [ RunTime:0.0521s ]
SQL: SHOW COLUMNS FROM `rpj_procategory` [ RunTime:0.0519s ]
SQL: SHOW COLUMNS FROM `rpj_product` [ RunTime:0.0520s ]
SQL: SHOW COLUMNS FROM `rpj_brand` [ RunTime:0.0521s ]
SQL: select rpj_product.brand_id,
                                        rpj_product.category_id,
                                        rpj_brand.brand_name,
                                        rpj_procategory.category_name
                                    from rpj_product
                                    inner join rpj_brand on rpj_product.brand_id = rpj_brand.brand_id
                                    inner join rpj_procategory on rpj_product.category_id = rpj_procategory.category_id [ RunTime:0.0518s ]

[ 2020-03-03T16:39:12+08:00 ] ::1 /chikwong/NewRPJ/index.php/home/about/about
INFO: [ app_init ] --START--
INFO: Run Behavior\BuildLiteBehavior [ RunTime:0.000008s ]
INFO: [ app_init ] --END-- [ RunTime:0.000259s ]
INFO: [ app_begin ] --START--
INFO: Run Behavior\ReadHtmlCacheBehavior [ RunTime:0.000365s ]
INFO: [ app_begin ] --END-- [ RunTime:0.000399s ]
SQL: SHOW COLUMNS FROM `rpj_company` [ RunTime:0.0564s ]
SQL: SHOW COLUMNS FROM `rpj_procategory` [ RunTime:0.0534s ]
SQL: SHOW COLUMNS FROM `rpj_product` [ RunTime:0.0534s ]
SQL: SHOW COLUMNS FROM `rpj_brand` [ RunTime:0.0535s ]
ERR: 1064:You have an error in your SQL syntax; check the manual that corresponds to your MySQL server version for the right syntax to use near 'rpj_product.category_id' at line 8
 [ SQL语句 ] : select rpj_product.brand_id,
                                        rpj_product.category_id,
                                        rpj_brand.brand_name,
                                        rpj_procategory.category_name
                                    from rpj_product
                                    inner join rpj_brand on rpj_product.brand_id = rpj_brand.brand_id
                                    inner join rpj_procategory on rpj_product.category_id = rpj_procategory.category_id
                                    group by rpj.product.brand_id rpj_product.category_id
ERR: 1064:You have an error in your SQL syntax; check the manual that corresponds to your MySQL server version for the right syntax to use near 'rpj_product.category_id' at line 8
 [ SQL语句 ] : select rpj_product.brand_id,
                                        rpj_product.category_id,
                                        rpj_brand.brand_name,
                                        rpj_procategory.category_name
                                    from rpj_product
                                    inner join rpj_brand on rpj_product.brand_id = rpj_brand.brand_id
                                    inner join rpj_procategory on rpj_product.category_id = rpj_procategory.category_id
                                    group by rpj.product.brand_id rpj_product.category_id

[ 2020-03-03T16:39:54+08:00 ] ::1 /chikwong/NewRPJ/index.php/home/about/about
INFO: [ app_init ] --START--
INFO: Run Behavior\BuildLiteBehavior [ RunTime:0.000008s ]
INFO: [ app_init ] --END-- [ RunTime:0.000252s ]
INFO: [ app_begin ] --START--
INFO: Run Behavior\ReadHtmlCacheBehavior [ RunTime:0.000367s ]
INFO: [ app_begin ] --END-- [ RunTime:0.000400s ]
SQL: SHOW COLUMNS FROM `rpj_company` [ RunTime:0.0520s ]
SQL: SHOW COLUMNS FROM `rpj_procategory` [ RunTime:0.0521s ]
SQL: SHOW COLUMNS FROM `rpj_product` [ RunTime:0.0527s ]
SQL: SHOW COLUMNS FROM `rpj_brand` [ RunTime:0.0530s ]
ERR: 1054:Unknown column 'rpj.product.brand_id' in 'group statement'
 [ SQL语句 ] : select rpj_product.brand_id,
                                        rpj_product.category_id,
                                        rpj_brand.brand_name,
                                        rpj_procategory.category_name
                                    from rpj_product
                                    inner join rpj_brand on rpj_product.brand_id = rpj_brand.brand_id
                                    inner join rpj_procategory on rpj_product.category_id = rpj_procategory.category_id
                                    group by rpj.product.brand_id,rpj_product.category_id
ERR: 1054:Unknown column 'rpj.product.brand_id' in 'group statement'
 [ SQL语句 ] : select rpj_product.brand_id,
                                        rpj_product.category_id,
                                        rpj_brand.brand_name,
                                        rpj_procategory.category_name
                                    from rpj_product
                                    inner join rpj_brand on rpj_product.brand_id = rpj_brand.brand_id
                                    inner join rpj_procategory on rpj_product.category_id = rpj_procategory.category_id
                                    group by rpj.product.brand_id,rpj_product.category_id

[ 2020-03-03T16:40:16+08:00 ] ::1 /chikwong/NewRPJ/index.php/home/about/about
INFO: [ app_init ] --START--
INFO: Run Behavior\BuildLiteBehavior [ RunTime:0.000008s ]
INFO: [ app_init ] --END-- [ RunTime:0.000230s ]
INFO: [ app_begin ] --START--
INFO: Run Behavior\ReadHtmlCacheBehavior [ RunTime:0.000290s ]
INFO: [ app_begin ] --END-- [ RunTime:0.000324s ]
SQL: SHOW COLUMNS FROM `rpj_company` [ RunTime:0.0529s ]
SQL: SHOW COLUMNS FROM `rpj_procategory` [ RunTime:0.0529s ]
SQL: SHOW COLUMNS FROM `rpj_product` [ RunTime:0.0523s ]
SQL: SHOW COLUMNS FROM `rpj_brand` [ RunTime:0.0533s ]
SQL: select rpj_product.brand_id,
                                        rpj_product.category_id,
                                        rpj_brand.brand_name,
                                        rpj_procategory.category_name
                                    from rpj_product
                                    inner join rpj_brand on rpj_product.brand_id = rpj_brand.brand_id
                                    inner join rpj_procategory on rpj_product.category_id = rpj_procategory.category_id
                                    group by rpj_product.brand_id,rpj_product.category_id [ RunTime:0.0530s ]

[ 2020-03-03T21:24:56+08:00 ] ::1 /NewRPJ/index.php/home/about/about
INFO: [ app_init ] --START--
INFO: Run Behavior\BuildLiteBehavior [ RunTime:0.000017s ]
INFO: [ app_init ] --END-- [ RunTime:0.000488s ]
INFO: [ app_begin ] --START--
INFO: Run Behavior\ReadHtmlCacheBehavior [ RunTime:0.000531s ]
INFO: [ app_begin ] --END-- [ RunTime:0.000561s ]
SQL: SHOW COLUMNS FROM `rpj_company` [ RunTime:0.0490s ]
SQL: SHOW COLUMNS FROM `rpj_product` [ RunTime:0.0438s ]
SQL: select rpj_product.category_id,
                                                rpj_procategory.category_name
                                    from rpj_product
                                    inner join rpj_procategory on rpj_product.category_id = rpj_procategory.category_id
                                    group by rpj_product.category_id [ RunTime:0.0430s ]
SQL: select rpj_product.brand_id,
                                        rpj_product.category_id,
                                        rpj_brand.brand_name,
                                        rpj_procategory.category_name
                                    from rpj_product
                                    inner join rpj_brand on rpj_product.brand_id = rpj_brand.brand_id
                                    inner join rpj_procategory on rpj_product.category_id = rpj_procategory.category_id
                                    group by rpj_product.brand_id,rpj_product.category_id [ RunTime:0.0431s ]
SQL: SELECT * FROM `rpj_company` WHERE `id` = 1 LIMIT 1   [ RunTime:0.0445s ]
SQL: SELECT * FROM `rpj_product`  [ RunTime:0.0442s ]
INFO: [ view_parse ] --START--
INFO: [ template_filter ] --START--
INFO: Run Behavior\ContentReplaceBehavior [ RunTime:0.000248s ]
INFO: [ template_filter ] --END-- [ RunTime:0.000288s ]
NOTIC: [2] Use of undefined constant brand_list - assumed 'brand_list' (this will throw an Error in a future version of PHP) /Users/chikwongyip/rpj/NewRPJ/Application/Runtime/Cache/Home/4bf4e1e3af3889722eec884187d3bbbd.php 第 204 行.
NOTIC: [2] Use of undefined constant brand_id - assumed 'brand_id' (this will throw an Error in a future version of PHP) /Users/chikwongyip/rpj/NewRPJ/Application/Runtime/Cache/Home/4bf4e1e3af3889722eec884187d3bbbd.php 第 204 行.
NOTIC: [2] Use of undefined constant cat_list - assumed 'cat_list' (this will throw an Error in a future version of PHP) /Users/chikwongyip/rpj/NewRPJ/Application/Runtime/Cache/Home/4bf4e1e3af3889722eec884187d3bbbd.php 第 204 行.
NOTIC: [2] Use of undefined constant brand_id - assumed 'brand_id' (this will throw an Error in a future version of PHP) /Users/chikwongyip/rpj/NewRPJ/Application/Runtime/Cache/Home/4bf4e1e3af3889722eec884187d3bbbd.php 第 204 行.
INFO: Run Behavior\ParseTemplateBehavior [ RunTime:0.030035s ]
INFO: [ view_parse ] --END-- [ RunTime:0.030067s ]
INFO: [ view_filter ] --START--
INFO: Run Behavior\WriteHtmlCacheBehavior [ RunTime:0.000241s ]
INFO: [ view_filter ] --END-- [ RunTime:0.000265s ]
INFO: [ app_end ] --START--
INFO: Run Behavior\ShowPageTraceBehavior [ RunTime:0.000667s ]
INFO: [ app_end ] --END-- [ RunTime:0.000703s ]

[ 2020-03-03T21:25:07+08:00 ] ::1 /NewRPJ/index.php/home/about/shop.html
INFO: [ app_init ] --START--
INFO: Run Behavior\BuildLiteBehavior [ RunTime:0.000015s ]
INFO: [ app_init ] --END-- [ RunTime:0.000435s ]
INFO: [ app_begin ] --START--
INFO: Run Behavior\ReadHtmlCacheBehavior [ RunTime:0.000493s ]
INFO: [ app_begin ] --END-- [ RunTime:0.000523s ]
ERR: 非法操作:shop

[ 2020-03-03T21:27:14+08:00 ] ::1 /NewRPJ/index.php/home/about/about
INFO: [ app_init ] --START--
INFO: Run Behavior\BuildLiteBehavior [ RunTime:0.000011s ]
INFO: [ app_init ] --END-- [ RunTime:0.000363s ]
INFO: [ app_begin ] --START--
INFO: Run Behavior\ReadHtmlCacheBehavior [ RunTime:0.000472s ]
INFO: [ app_begin ] --END-- [ RunTime:0.000503s ]
SQL: SHOW COLUMNS FROM `rpj_company` [ RunTime:0.0461s ]
SQL: SHOW COLUMNS FROM `rpj_product` [ RunTime:0.0431s ]
SQL: select rpj_product.category_id,
                                                rpj_procategory.category_name
                                    from rpj_product
                                    inner join rpj_procategory on rpj_product.category_id = rpj_procategory.category_id
                                    group by rpj_product.category_id [ RunTime:0.0424s ]
SQL: select rpj_product.brand_id,
                                        rpj_product.category_id,
                                        rpj_brand.brand_name,
                                        rpj_procategory.category_name
                                    from rpj_product
                                    inner join rpj_brand on rpj_product.brand_id = rpj_brand.brand_id
                                    inner join rpj_procategory on rpj_product.category_id = rpj_procategory.category_id
                                    group by rpj_product.brand_id,rpj_product.category_id [ RunTime:0.0429s ]
SQL: SELECT * FROM `rpj_company` WHERE `id` = 1 LIMIT 1   [ RunTime:0.0431s ]
SQL: SELECT * FROM `rpj_product`  [ RunTime:0.0427s ]
INFO: [ view_parse ] --START--
INFO: [ template_filter ] --START--
INFO: Run Behavior\ContentReplaceBehavior [ RunTime:0.000316s ]
INFO: [ template_filter ] --END-- [ RunTime:0.000364s ]
ERR: syntax error, unexpected '<'

[ 2020-03-03T21:29:03+08:00 ] ::1 /NewRPJ/index.php/home/about/about
INFO: [ app_init ] --START--
INFO: Run Behavior\BuildLiteBehavior [ RunTime:0.000016s ]
INFO: [ app_init ] --END-- [ RunTime:0.000439s ]
INFO: [ app_begin ] --START--
INFO: Run Behavior\ReadHtmlCacheBehavior [ RunTime:0.000503s ]
INFO: [ app_begin ] --END-- [ RunTime:0.000534s ]
SQL: SHOW COLUMNS FROM `rpj_company` [ RunTime:0.0445s ]
SQL: SHOW COLUMNS FROM `rpj_product` [ RunTime:0.0446s ]
SQL: select rpj_product.category_id,
                                                rpj_procategory.category_name
                                    from rpj_product
                                    inner join rpj_procategory on rpj_product.category_id = rpj_procategory.category_id
                                    group by rpj_product.category_id [ RunTime:0.0441s ]
SQL: select rpj_product.brand_id,
                                        rpj_product.category_id,
                                        rpj_brand.brand_name,
                                        rpj_procategory.category_name
                                    from rpj_product
                                    inner join rpj_brand on rpj_product.brand_id = rpj_brand.brand_id
                                    inner join rpj_procategory on rpj_product.category_id = rpj_procategory.category_id
                                    group by rpj_product.brand_id,rpj_product.category_id [ RunTime:0.0442s ]
SQL: SELECT * FROM `rpj_company` WHERE `id` = 1 LIMIT 1   [ RunTime:0.0442s ]
SQL: SELECT * FROM `rpj_product`  [ RunTime:0.0443s ]
INFO: [ view_parse ] --START--
INFO: [ template_filter ] --START--
INFO: Run Behavior\ContentReplaceBehavior [ RunTime:0.000244s ]
INFO: [ template_filter ] --END-- [ RunTime:0.000281s ]
ERR: syntax error, unexpected '<'

[ 2020-03-03T21:29:53+08:00 ] ::1 /NewRPJ/index.php/home/about/about
INFO: [ app_init ] --START--
INFO: Run Behavior\BuildLiteBehavior [ RunTime:0.000011s ]
INFO: [ app_init ] --END-- [ RunTime:0.000354s ]
INFO: [ app_begin ] --START--
INFO: Run Behavior\ReadHtmlCacheBehavior [ RunTime:0.000465s ]
INFO: [ app_begin ] --END-- [ RunTime:0.000495s ]
SQL: SHOW COLUMNS FROM `rpj_company` [ RunTime:0.0421s ]
SQL: SHOW COLUMNS FROM `rpj_product` [ RunTime:0.0418s ]
SQL: select rpj_product.category_id,
                                                rpj_procategory.category_name
                                    from rpj_product
                                    inner join rpj_procategory on rpj_product.category_id = rpj_procategory.category_id
                                    group by rpj_product.category_id [ RunTime:0.0414s ]
SQL: select rpj_product.brand_id,
                                        rpj_product.category_id,
                                        rpj_brand.brand_name,
                                        rpj_procategory.category_name
                                    from rpj_product
                                    inner join rpj_brand on rpj_product.brand_id = rpj_brand.brand_id
                                    inner join rpj_procategory on rpj_product.category_id = rpj_procategory.category_id
                                    group by rpj_product.brand_id,rpj_product.category_id [ RunTime:0.0417s ]
SQL: SELECT * FROM `rpj_company` WHERE `id` = 1 LIMIT 1   [ RunTime:0.0419s ]
SQL: SELECT * FROM `rpj_product`  [ RunTime:0.0418s ]
INFO: [ view_parse ] --START--
INFO: [ template_filter ] --START--
INFO: Run Behavior\ContentReplaceBehavior [ RunTime:0.000245s ]
INFO: [ template_filter ] --END-- [ RunTime:0.000280s ]
NOTIC: [8] Undefined index: brand_id /Users/chikwongyip/rpj/NewRPJ/Application/Runtime/Cache/Home/4bf4e1e3af3889722eec884187d3bbbd.php 第 204 行.
NOTIC: [2] Use of undefined constant brand_id - assumed 'brand_id' (this will throw an Error in a future version of PHP) /Users/chikwongyip/rpj/NewRPJ/Application/Runtime/Cache/Home/4bf4e1e3af3889722eec884187d3bbbd.php 第 204 行.
NOTIC: [8] Array to string conversion /Users/chikwongyip/rpj/NewRPJ/Application/Runtime/Cache/Home/4bf4e1e3af3889722eec884187d3bbbd.php 第 204 行.
INFO: Run Behavior\ParseTemplateBehavior [ RunTime:0.025241s ]
INFO: [ view_parse ] --END-- [ RunTime:0.025274s ]
INFO: [ view_filter ] --START--
INFO: Run Behavior\WriteHtmlCacheBehavior [ RunTime:0.000232s ]
INFO: [ view_filter ] --END-- [ RunTime:0.000256s ]
INFO: [ app_end ] --START--
INFO: Run Behavior\ShowPageTraceBehavior [ RunTime:0.000567s ]
INFO: [ app_end ] --END-- [ RunTime:0.000596s ]

[ 2020-03-03T21:36:59+08:00 ] ::1 /NewRPJ/index.php/home/about/about
INFO: [ app_init ] --START--
INFO: Run Behavior\BuildLiteBehavior [ RunTime:0.000017s ]
INFO: [ app_init ] --END-- [ RunTime:0.000443s ]
INFO: [ app_begin ] --START--
INFO: Run Behavior\ReadHtmlCacheBehavior [ RunTime:0.000503s ]
INFO: [ app_begin ] --END-- [ RunTime:0.000534s ]
SQL: SHOW COLUMNS FROM `rpj_company` [ RunTime:0.0443s ]
SQL: SHOW COLUMNS FROM `rpj_product` [ RunTime:0.0459s ]
SQL: select rpj_product.category_id,
                                                rpj_procategory.category_name
                                    from rpj_product
                                    inner join rpj_procategory on rpj_product.category_id = rpj_procategory.category_id
                                    group by rpj_product.category_id [ RunTime:0.0429s ]
SQL: select rpj_product.brand_id,
                                        rpj_product.category_id,
                                        rpj_brand.brand_name,
                                        rpj_procategory.category_name
                                    from rpj_product
                                    inner join rpj_brand on rpj_product.brand_id = rpj_brand.brand_id
                                    inner join rpj_procategory on rpj_product.category_id = rpj_procategory.category_id
                                    group by rpj_product.brand_id,rpj_product.category_id [ RunTime:0.0431s ]
SQL: SELECT * FROM `rpj_company` WHERE `id` = 1 LIMIT 1   [ RunTime:0.0433s ]
SQL: SELECT * FROM `rpj_product`  [ RunTime:0.0430s ]
INFO: [ view_parse ] --START--
INFO: [ template_filter ] --START--
INFO: Run Behavior\ContentReplaceBehavior [ RunTime:0.000250s ]
INFO: [ template_filter ] --END-- [ RunTime:0.000290s ]
NOTIC: [8] Undefined index: brand_id /Users/chikwongyip/rpj/NewRPJ/Application/Runtime/Cache/Home/4bf4e1e3af3889722eec884187d3bbbd.php 第 204 行.
INFO: Run Behavior\ParseTemplateBehavior [ RunTime:0.026496s ]
INFO: [ view_parse ] --END-- [ RunTime:0.026533s ]
INFO: [ view_filter ] --START--
INFO: Run Behavior\WriteHtmlCacheBehavior [ RunTime:0.000329s ]
INFO: [ view_filter ] --END-- [ RunTime:0.000356s ]
INFO: [ app_end ] --START--
INFO: Run Behavior\ShowPageTraceBehavior [ RunTime:0.000788s ]
INFO: [ app_end ] --END-- [ RunTime:0.000822s ]

