[ 2020-03-04T12:10:57+08:00 ] ::1 /chikwong/NewRPJ/index.php/home/about/about
INFO: [ app_init ] --START--
INFO: Run Behavior\BuildLiteBehavior [ RunTime:0.000039s ]
INFO: [ app_init ] --END-- [ RunTime:0.025598s ]
INFO: [ app_begin ] --START--
INFO: Run Behavior\ReadHtmlCacheBehavior [ RunTime:0.009693s ]
INFO: [ app_begin ] --END-- [ RunTime:0.009799s ]
SQL: SHOW COLUMNS FROM `rpj_company` [ RunTime:0.0737s ]
SQL: SHOW COLUMNS FROM `rpj_product` [ RunTime:0.0531s ]
SQL: select rpj_product.category_id,
                                                rpj_procategory.category_name
                                    from rpj_product
                                    inner join rpj_procategory on rpj_product.category_id = rpj_procategory.category_id
                                    group by rpj_product.category_id [ RunTime:0.0526s ]
SQL: select rpj_product.brand_id,
                                        rpj_product.category_id,
                                        rpj_brand.brand_name,
                                        rpj_procategory.category_name
                                    from rpj_product
                                    inner join rpj_brand on rpj_product.brand_id = rpj_brand.brand_id
                                    inner join rpj_procategory on rpj_product.category_id = rpj_procategory.category_id
                                    group by rpj_product.brand_id,rpj_product.category_id [ RunTime:0.0531s ]
SQL: SELECT * FROM `rpj_company` WHERE `id` = 1 LIMIT 1   [ RunTime:0.0527s ]
SQL: SELECT * FROM `rpj_product`  [ RunTime:0.0527s ]
INFO: [ view_parse ] --START--
INFO: [ template_filter ] --START--
INFO: Run Behavior\ContentReplaceBehavior [ RunTime:0.005496s ]
INFO: [ template_filter ] --END-- [ RunTime:0.005547s ]
NOTIC: [8] Undefined variable: name_list D:\xampp\htdocs\chikwong\NewRPJ\Application\Runtime\Cache\Home\4bf4e1e3af3889722eec884187d3bbbd.php 第 206 行.
INFO: Run Behavior\ParseTemplateBehavior [ RunTime:0.177467s ]
INFO: [ view_parse ] --END-- [ RunTime:0.177542s ]
INFO: [ view_filter ] --START--
INFO: Run Behavior\WriteHtmlCacheBehavior [ RunTime:0.008998s ]
INFO: [ view_filter ] --END-- [ RunTime:0.009094s ]
INFO: [ app_end ] --START--
INFO: Run Behavior\ShowPageTraceBehavior [ RunTime:0.001396s ]
INFO: [ app_end ] --END-- [ RunTime:0.001467s ]

[ 2020-03-04T12:11:48+08:00 ] ::1 /chikwong/NewRPJ/index.php/home/about/about
INFO: [ app_init ] --START--
INFO: Run Behavior\BuildLiteBehavior [ RunTime:0.000069s ]
INFO: [ app_init ] --END-- [ RunTime:0.002519s ]
INFO: [ app_begin ] --START--
INFO: Run Behavior\ReadHtmlCacheBehavior [ RunTime:0.000680s ]
INFO: [ app_begin ] --END-- [ RunTime:0.000737s ]
SQL: SHOW COLUMNS FROM `rpj_company` [ RunTime:0.0536s ]
SQL: SHOW COLUMNS FROM `rpj_product` [ RunTime:0.0534s ]
SQL: select rpj_product.category_id,
                                                rpj_procategory.category_name
                                    from rpj_product
                                    inner join rpj_procategory on rpj_product.category_id = rpj_procategory.category_id
                                    group by rpj_product.category_id [ RunTime:0.0530s ]
SQL: select rpj_product.brand_id,
                                        rpj_product.category_id,
                                        rpj_brand.brand_name,
                                        rpj_procategory.category_name
                                    from rpj_product
                                    inner join rpj_brand on rpj_product.brand_id = rpj_brand.brand_id
                                    inner join rpj_procategory on rpj_product.category_id = rpj_procategory.category_id
                                    group by rpj_product.brand_id,rpj_product.category_id [ RunTime:0.0529s ]
SQL: SELECT * FROM `rpj_company` WHERE `id` = 1 LIMIT 1   [ RunTime:0.0527s ]
SQL: SELECT * FROM `rpj_product`  [ RunTime:0.0519s ]
INFO: [ view_parse ] --START--
INFO: [ template_filter ] --START--
INFO: Run Behavior\ContentReplaceBehavior [ RunTime:0.000164s ]
INFO: [ template_filter ] --END-- [ RunTime:0.000205s ]
INFO: Run Behavior\ParseTemplateBehavior [ RunTime:0.016574s ]
INFO: [ view_parse ] --END-- [ RunTime:0.016641s ]
INFO: [ view_filter ] --START--
INFO: Run Behavior\WriteHtmlCacheBehavior [ RunTime:0.000285s ]
INFO: [ view_filter ] --END-- [ RunTime:0.000311s ]
INFO: [ app_end ] --START--
INFO: Run Behavior\ShowPageTraceBehavior [ RunTime:0.000670s ]
INFO: [ app_end ] --END-- [ RunTime:0.000741s ]

