[ 2020-04-02T13:58:45+08:00 ] ::1 /chikwong/NewRPJ/index.php/home/product/product/product_id/2
INFO: [ app_init ] --START--
INFO: Run Behavior\BuildLiteBehavior [ RunTime:0.000013s ]
INFO: [ app_init ] --END-- [ RunTime:0.000326s ]
INFO: [ app_begin ] --START--
INFO: Run Behavior\ReadHtmlCacheBehavior [ RunTime:0.000441s ]
INFO: [ app_begin ] --END-- [ RunTime:0.000484s ]
SQL: SHOW COLUMNS FROM `rpj_company` [ RunTime:0.0537s ]
SQL: SHOW COLUMNS FROM `rpj_product` [ RunTime:0.0534s ]
SQL: SHOW COLUMNS FROM `rpj_brand` [ RunTime:0.0528s ]
SQL: select rpj_product.category_id,
                                            rpj_procategory.category_name
                                from rpj_product
                                inner join rpj_procategory on rpj_product.category_id = rpj_procategory.category_id
                                group by rpj_product.category_id [ RunTime:0.0530s ]
SQL: select rpj_product.brand_id,
                                    rpj_product.category_id,
                                    rpj_brand.brand_name,
                                    rpj_procategory.category_name
                                from rpj_product
                                inner join rpj_brand on rpj_product.brand_id = rpj_brand.brand_id
                                inner join rpj_procategory on rpj_product.category_id = rpj_procategory.category_id
                                group by rpj_product.brand_id,rpj_product.category_id [ RunTime:0.0539s ]
SQL: SHOW COLUMNS FROM `rpj_product_pic` [ RunTime:0.0540s ]
SQL: SHOW COLUMNS FROM `rpj_prod_att` [ RunTime:0.0539s ]
SQL: SELECT * FROM `rpj_company` WHERE `id` = 1 LIMIT 1   [ RunTime:0.0547s ]
SQL: select * from rpj_product
                                inner join rpj_procategory on
                                  rpj_product.category_id = rpj_procategory.category_id
                                inner join rpj_brand on
                                  rpj_product.brand_id    = rpj_brand.brand_id
                                where rpj_product.product_id = 2 [ RunTime:0.0544s ]
SQL: SELECT * FROM `rpj_product_pic` WHERE ( product_id = 2 )  [ RunTime:0.0534s ]
SQL: SELECT * FROM `rpj_brand`  [ RunTime:0.0532s ]
SQL: SELECT * FROM `rpj_prod_att` WHERE ( product_id = 2 )  [ RunTime:0.0528s ]
INFO: [ view_parse ] --START--
INFO: [ template_filter ] --START--
INFO: Run Behavior\ContentReplaceBehavior [ RunTime:0.000502s ]
INFO: [ template_filter ] --END-- [ RunTime:0.000589s ]
INFO: Run Behavior\ParseTemplateBehavior [ RunTime:0.104546s ]
INFO: [ view_parse ] --END-- [ RunTime:0.104619s ]
INFO: [ view_filter ] --START--
INFO: Run Behavior\WriteHtmlCacheBehavior [ RunTime:0.000328s ]
INFO: [ view_filter ] --END-- [ RunTime:0.000362s ]
INFO: [ app_end ] --START--
INFO: Run Behavior\ShowPageTraceBehavior [ RunTime:0.000539s ]
INFO: [ app_end ] --END-- [ RunTime:0.000589s ]

[ 2020-04-02T14:11:22+08:00 ] ::1 /chikwong/NewRPJ/index.php/home/product/product/product_id/2
INFO: [ app_init ] --START--
INFO: Run Behavior\BuildLiteBehavior [ RunTime:0.000010s ]
INFO: [ app_init ] --END-- [ RunTime:0.000290s ]
INFO: [ app_begin ] --START--
INFO: Run Behavior\ReadHtmlCacheBehavior [ RunTime:0.000376s ]
INFO: [ app_begin ] --END-- [ RunTime:0.000411s ]
SQL: SHOW COLUMNS FROM `rpj_company` [ RunTime:0.0552s ]
SQL: SHOW COLUMNS FROM `rpj_product` [ RunTime:0.0536s ]
SQL: SHOW COLUMNS FROM `rpj_brand` [ RunTime:0.0535s ]
SQL: select rpj_product.category_id,
                                            rpj_procategory.category_name
                                from rpj_product
                                inner join rpj_procategory on rpj_product.category_id = rpj_procategory.category_id
                                group by rpj_product.category_id [ RunTime:0.0534s ]
SQL: select rpj_product.brand_id,
                                    rpj_product.category_id,
                                    rpj_brand.brand_name,
                                    rpj_procategory.category_name
                                from rpj_product
                                inner join rpj_brand on rpj_product.brand_id = rpj_brand.brand_id
                                inner join rpj_procategory on rpj_product.category_id = rpj_procategory.category_id
                                group by rpj_product.brand_id,rpj_product.category_id [ RunTime:0.0545s ]
SQL: SHOW COLUMNS FROM `rpj_product_pic` [ RunTime:0.0540s ]
SQL: SHOW COLUMNS FROM `rpj_prod_att` [ RunTime:0.0537s ]
SQL: SHOW COLUMNS FROM `rpj_prod_param` [ RunTime:0.0538s ]
SQL: SELECT * FROM `rpj_company` WHERE `id` = 1 LIMIT 1   [ RunTime:0.0529s ]
SQL: select * from rpj_product
                                inner join rpj_procategory on
                                  rpj_product.category_id = rpj_procategory.category_id
                                inner join rpj_brand on
                                  rpj_product.brand_id    = rpj_brand.brand_id
                                where rpj_product.product_id = 2 [ RunTime:0.0534s ]
SQL: SELECT * FROM `rpj_product_pic` WHERE ( product_id = 2 )  [ RunTime:0.0526s ]
SQL: SELECT * FROM `rpj_brand`  [ RunTime:0.0528s ]
SQL: SELECT * FROM `rpj_prod_att` WHERE ( product_id = 2 )  [ RunTime:0.0531s ]
SQL: SELECT * FROM `rpj_prod_param` WHERE ( product_id = 2 )  [ RunTime:0.0536s ]
INFO: [ view_parse ] --START--
INFO: [ template_filter ] --START--
INFO: Run Behavior\ContentReplaceBehavior [ RunTime:0.000309s ]
INFO: [ template_filter ] --END-- [ RunTime:0.000357s ]
INFO: Run Behavior\ParseTemplateBehavior [ RunTime:0.033208s ]
INFO: [ view_parse ] --END-- [ RunTime:0.033280s ]
INFO: [ view_filter ] --START--
INFO: Run Behavior\WriteHtmlCacheBehavior [ RunTime:0.000376s ]
INFO: [ view_filter ] --END-- [ RunTime:0.000411s ]
INFO: [ app_end ] --START--
INFO: Run Behavior\ShowPageTraceBehavior [ RunTime:0.001675s ]
INFO: [ app_end ] --END-- [ RunTime:0.001775s ]

[ 2020-04-02T14:12:06+08:00 ] ::1 /chikwong/NewRPJ/index.php/home/product/product/product_id/2
INFO: [ app_init ] --START--
INFO: Run Behavior\BuildLiteBehavior [ RunTime:0.000009s ]
INFO: [ app_init ] --END-- [ RunTime:0.000260s ]
INFO: [ app_begin ] --START--
INFO: Run Behavior\ReadHtmlCacheBehavior [ RunTime:0.000373s ]
INFO: [ app_begin ] --END-- [ RunTime:0.000413s ]
SQL: SHOW COLUMNS FROM `rpj_company` [ RunTime:0.0573s ]
SQL: SHOW COLUMNS FROM `rpj_product` [ RunTime:0.0535s ]
SQL: SHOW COLUMNS FROM `rpj_brand` [ RunTime:0.0532s ]
SQL: select rpj_product.category_id,
                                            rpj_procategory.category_name
                                from rpj_product
                                inner join rpj_procategory on rpj_product.category_id = rpj_procategory.category_id
                                group by rpj_product.category_id [ RunTime:0.0529s ]
SQL: select rpj_product.brand_id,
                                    rpj_product.category_id,
                                    rpj_brand.brand_name,
                                    rpj_procategory.category_name
                                from rpj_product
                                inner join rpj_brand on rpj_product.brand_id = rpj_brand.brand_id
                                inner join rpj_procategory on rpj_product.category_id = rpj_procategory.category_id
                                group by rpj_product.brand_id,rpj_product.category_id [ RunTime:0.0529s ]
SQL: SHOW COLUMNS FROM `rpj_product_pic` [ RunTime:0.0533s ]
SQL: SHOW COLUMNS FROM `rpj_prod_att` [ RunTime:0.0538s ]
SQL: SHOW COLUMNS FROM `rpj_prod_param` [ RunTime:0.0533s ]
SQL: SELECT * FROM `rpj_company` WHERE `id` = 1 LIMIT 1   [ RunTime:0.0534s ]
SQL: select * from rpj_product
                                inner join rpj_procategory on
                                  rpj_product.category_id = rpj_procategory.category_id
                                inner join rpj_brand on
                                  rpj_product.brand_id    = rpj_brand.brand_id
                                where rpj_product.product_id = 2 [ RunTime:0.0532s ]
SQL: SELECT * FROM `rpj_product_pic` WHERE ( product_id = 2 )  [ RunTime:0.0527s ]
SQL: SELECT * FROM `rpj_brand`  [ RunTime:0.0525s ]
SQL: SELECT * FROM `rpj_prod_att` WHERE ( product_id = 2 )  [ RunTime:0.0527s ]
SQL: SELECT * FROM `rpj_prod_param` WHERE ( product_id = 2 )  [ RunTime:0.0530s ]
INFO: [ view_parse ] --START--
INFO: [ template_filter ] --START--
INFO: Run Behavior\ContentReplaceBehavior [ RunTime:0.000228s ]
INFO: [ template_filter ] --END-- [ RunTime:0.000278s ]
INFO: Run Behavior\ParseTemplateBehavior [ RunTime:0.022738s ]
INFO: [ view_parse ] --END-- [ RunTime:0.022795s ]
INFO: [ view_filter ] --START--
INFO: Run Behavior\WriteHtmlCacheBehavior [ RunTime:0.000321s ]
INFO: [ view_filter ] --END-- [ RunTime:0.000358s ]
INFO: [ app_end ] --START--
INFO: Run Behavior\ShowPageTraceBehavior [ RunTime:0.000705s ]
INFO: [ app_end ] --END-- [ RunTime:0.000783s ]

[ 2020-04-02T14:19:36+08:00 ] ::1 /chikwong/NewRPJ/index.php/home/product/product/product_id/2
INFO: [ app_init ] --START--
INFO: Run Behavior\BuildLiteBehavior [ RunTime:0.000009s ]
INFO: [ app_init ] --END-- [ RunTime:0.000297s ]
INFO: [ app_begin ] --START--
INFO: Run Behavior\ReadHtmlCacheBehavior [ RunTime:0.000389s ]
INFO: [ app_begin ] --END-- [ RunTime:0.000424s ]
SQL: SHOW COLUMNS FROM `rpj_company` [ RunTime:0.0540s ]
SQL: SHOW COLUMNS FROM `rpj_product` [ RunTime:0.0542s ]
SQL: SHOW COLUMNS FROM `rpj_brand` [ RunTime:0.0538s ]
SQL: select rpj_product.category_id,
                                            rpj_procategory.category_name
                                from rpj_product
                                inner join rpj_procategory on rpj_product.category_id = rpj_procategory.category_id
                                group by rpj_product.category_id [ RunTime:0.0529s ]
SQL: select rpj_product.brand_id,
                                    rpj_product.category_id,
                                    rpj_brand.brand_name,
                                    rpj_procategory.category_name
                                from rpj_product
                                inner join rpj_brand on rpj_product.brand_id = rpj_brand.brand_id
                                inner join rpj_procategory on rpj_product.category_id = rpj_procategory.category_id
                                group by rpj_product.brand_id,rpj_product.category_id [ RunTime:0.0526s ]
SQL: SHOW COLUMNS FROM `rpj_product_pic` [ RunTime:0.0530s ]
SQL: SHOW COLUMNS FROM `rpj_prod_att` [ RunTime:0.0529s ]
SQL: SHOW COLUMNS FROM `rpj_prod_param` [ RunTime:0.0540s ]
SQL: SELECT * FROM `rpj_company` WHERE `id` = 1 LIMIT 1   [ RunTime:0.0536s ]
SQL: select * from rpj_product
                                inner join rpj_procategory on
                                  rpj_product.category_id = rpj_procategory.category_id
                                inner join rpj_brand on
                                  rpj_product.brand_id    = rpj_brand.brand_id
                                where rpj_product.product_id = 2 [ RunTime:0.0536s ]
SQL: SELECT * FROM `rpj_product_pic` WHERE ( product_id = 2 )  [ RunTime:0.0538s ]
SQL: SELECT * FROM `rpj_brand`  [ RunTime:0.0531s ]
SQL: SELECT * FROM `rpj_prod_att` WHERE ( product_id = 2 )  [ RunTime:0.0527s ]
SQL: SELECT * FROM `rpj_prod_param` WHERE ( product_id = 2 )  [ RunTime:0.0526s ]
INFO: [ view_parse ] --START--
INFO: [ template_filter ] --START--
INFO: Run Behavior\ContentReplaceBehavior [ RunTime:0.000288s ]
INFO: [ template_filter ] --END-- [ RunTime:0.000329s ]
INFO: Run Behavior\ParseTemplateBehavior [ RunTime:0.035717s ]
INFO: [ view_parse ] --END-- [ RunTime:0.035873s ]
INFO: [ view_filter ] --START--
INFO: Run Behavior\WriteHtmlCacheBehavior [ RunTime:0.000289s ]
INFO: [ view_filter ] --END-- [ RunTime:0.000320s ]
INFO: [ app_end ] --START--
INFO: Run Behavior\ShowPageTraceBehavior [ RunTime:0.000605s ]
INFO: [ app_end ] --END-- [ RunTime:0.000672s ]

[ 2020-04-02T14:19:57+08:00 ] ::1 /chikwong/NewRPJ/index.php/home/product/product/product_id/2
INFO: [ app_init ] --START--
INFO: Run Behavior\BuildLiteBehavior [ RunTime:0.000008s ]
INFO: [ app_init ] --END-- [ RunTime:0.000253s ]
INFO: [ app_begin ] --START--
INFO: Run Behavior\ReadHtmlCacheBehavior [ RunTime:0.000366s ]
INFO: [ app_begin ] --END-- [ RunTime:0.000401s ]
SQL: SHOW COLUMNS FROM `rpj_company` [ RunTime:0.0535s ]
SQL: SHOW COLUMNS FROM `rpj_product` [ RunTime:0.0536s ]
SQL: SHOW COLUMNS FROM `rpj_brand` [ RunTime:0.0539s ]
SQL: select rpj_product.category_id,
                                            rpj_procategory.category_name
                                from rpj_product
                                inner join rpj_procategory on rpj_product.category_id = rpj_procategory.category_id
                                group by rpj_product.category_id [ RunTime:0.0548s ]
SQL: select rpj_product.brand_id,
                                    rpj_product.category_id,
                                    rpj_brand.brand_name,
                                    rpj_procategory.category_name
                                from rpj_product
                                inner join rpj_brand on rpj_product.brand_id = rpj_brand.brand_id
                                inner join rpj_procategory on rpj_product.category_id = rpj_procategory.category_id
                                group by rpj_product.brand_id,rpj_product.category_id [ RunTime:0.0534s ]
SQL: SHOW COLUMNS FROM `rpj_product_pic` [ RunTime:0.0530s ]
SQL: SHOW COLUMNS FROM `rpj_prod_att` [ RunTime:0.0538s ]
SQL: SHOW COLUMNS FROM `rpj_prod_param` [ RunTime:0.0550s ]
SQL: SELECT * FROM `rpj_company` WHERE `id` = 1 LIMIT 1   [ RunTime:0.0537s ]
SQL: select * from rpj_product
                                inner join rpj_procategory on
                                  rpj_product.category_id = rpj_procategory.category_id
                                inner join rpj_brand on
                                  rpj_product.brand_id    = rpj_brand.brand_id
                                where rpj_product.product_id = 2 [ RunTime:0.0530s ]
SQL: SELECT * FROM `rpj_product_pic` WHERE ( product_id = 2 )  [ RunTime:0.0526s ]
SQL: SELECT * FROM `rpj_brand`  [ RunTime:0.0529s ]
SQL: SELECT * FROM `rpj_prod_att` WHERE ( product_id = 2 )  [ RunTime:0.0529s ]
SQL: SELECT * FROM `rpj_prod_param` WHERE ( product_id = 2 )  [ RunTime:0.0522s ]
INFO: [ view_parse ] --START--
INFO: [ template_filter ] --START--
INFO: Run Behavior\ContentReplaceBehavior [ RunTime:0.000236s ]
INFO: [ template_filter ] --END-- [ RunTime:0.000275s ]
INFO: Run Behavior\ParseTemplateBehavior [ RunTime:0.023055s ]
INFO: [ view_parse ] --END-- [ RunTime:0.023141s ]
INFO: [ view_filter ] --START--
INFO: Run Behavior\WriteHtmlCacheBehavior [ RunTime:0.000295s ]
INFO: [ view_filter ] --END-- [ RunTime:0.000325s ]
INFO: [ app_end ] --START--
INFO: Run Behavior\ShowPageTraceBehavior [ RunTime:0.000618s ]
INFO: [ app_end ] --END-- [ RunTime:0.000718s ]

[ 2020-04-02T14:20:46+08:00 ] ::1 /chikwong/NewRPJ/index.php/home/product/product/product_id/2
INFO: [ app_init ] --START--
INFO: Run Behavior\BuildLiteBehavior [ RunTime:0.000008s ]
INFO: [ app_init ] --END-- [ RunTime:0.000226s ]
INFO: [ app_begin ] --START--
INFO: Run Behavior\ReadHtmlCacheBehavior [ RunTime:0.000303s ]
INFO: [ app_begin ] --END-- [ RunTime:0.000336s ]
SQL: SHOW COLUMNS FROM `rpj_company` [ RunTime:0.0530s ]
SQL: SHOW COLUMNS FROM `rpj_product` [ RunTime:0.0527s ]
SQL: SHOW COLUMNS FROM `rpj_brand` [ RunTime:0.0528s ]
SQL: select rpj_product.category_id,
                                            rpj_procategory.category_name
                                from rpj_product
                                inner join rpj_procategory on rpj_product.category_id = rpj_procategory.category_id
                                group by rpj_product.category_id [ RunTime:0.0526s ]
SQL: select rpj_product.brand_id,
                                    rpj_product.category_id,
                                    rpj_brand.brand_name,
                                    rpj_procategory.category_name
                                from rpj_product
                                inner join rpj_brand on rpj_product.brand_id = rpj_brand.brand_id
                                inner join rpj_procategory on rpj_product.category_id = rpj_procategory.category_id
                                group by rpj_product.brand_id,rpj_product.category_id [ RunTime:0.0528s ]
SQL: SHOW COLUMNS FROM `rpj_product_pic` [ RunTime:0.0533s ]
SQL: SHOW COLUMNS FROM `rpj_prod_att` [ RunTime:0.0524s ]
SQL: SHOW COLUMNS FROM `rpj_prod_param` [ RunTime:0.0527s ]
SQL: SELECT * FROM `rpj_company` WHERE `id` = 1 LIMIT 1   [ RunTime:0.0528s ]
SQL: select * from rpj_product
                                inner join rpj_procategory on
                                  rpj_product.category_id = rpj_procategory.category_id
                                inner join rpj_brand on
                                  rpj_product.brand_id    = rpj_brand.brand_id
                                where rpj_product.product_id = 2 [ RunTime:0.0529s ]
SQL: SELECT * FROM `rpj_product_pic` WHERE ( product_id = 2 )  [ RunTime:0.0522s ]
SQL: SELECT * FROM `rpj_brand`  [ RunTime:0.0530s ]
SQL: SELECT * FROM `rpj_prod_att` WHERE ( product_id = 2 )  [ RunTime:0.0524s ]
SQL: SELECT * FROM `rpj_prod_param` WHERE ( product_id = 2 )  [ RunTime:0.0525s ]
INFO: [ view_parse ] --START--
INFO: [ template_filter ] --START--
INFO: Run Behavior\ContentReplaceBehavior [ RunTime:0.000227s ]
INFO: [ template_filter ] --END-- [ RunTime:0.000266s ]
INFO: Run Behavior\ParseTemplateBehavior [ RunTime:0.018258s ]
INFO: [ view_parse ] --END-- [ RunTime:0.018303s ]
INFO: [ view_filter ] --START--
INFO: Run Behavior\WriteHtmlCacheBehavior [ RunTime:0.000165s ]
INFO: [ view_filter ] --END-- [ RunTime:0.000190s ]
INFO: [ app_end ] --START--
INFO: Run Behavior\ShowPageTraceBehavior [ RunTime:0.000533s ]
INFO: [ app_end ] --END-- [ RunTime:0.000636s ]

[ 2020-04-02T14:21:55+08:00 ] ::1 /chikwong/NewRPJ/index.php/home/product/product/product_id/single-product.html
INFO: [ app_init ] --START--
INFO: Run Behavior\BuildLiteBehavior [ RunTime:0.000008s ]
INFO: [ app_init ] --END-- [ RunTime:0.000228s ]
INFO: [ app_begin ] --START--
INFO: Run Behavior\ReadHtmlCacheBehavior [ RunTime:0.000288s ]
INFO: [ app_begin ] --END-- [ RunTime:0.000328s ]
SQL: SHOW COLUMNS FROM `rpj_company` [ RunTime:0.0525s ]
SQL: SHOW COLUMNS FROM `rpj_product` [ RunTime:0.0531s ]
SQL: SHOW COLUMNS FROM `rpj_brand` [ RunTime:0.0525s ]
SQL: select rpj_product.category_id,
                                            rpj_procategory.category_name
                                from rpj_product
                                inner join rpj_procategory on rpj_product.category_id = rpj_procategory.category_id
                                group by rpj_product.category_id [ RunTime:0.0517s ]
SQL: select rpj_product.brand_id,
                                    rpj_product.category_id,
                                    rpj_brand.brand_name,
                                    rpj_procategory.category_name
                                from rpj_product
                                inner join rpj_brand on rpj_product.brand_id = rpj_brand.brand_id
                                inner join rpj_procategory on rpj_product.category_id = rpj_procategory.category_id
                                group by rpj_product.brand_id,rpj_product.category_id [ RunTime:0.0526s ]
SQL: SHOW COLUMNS FROM `rpj_product_pic` [ RunTime:0.0520s ]
SQL: SHOW COLUMNS FROM `rpj_prod_att` [ RunTime:0.0521s ]
SQL: SHOW COLUMNS FROM `rpj_prod_param` [ RunTime:0.0523s ]
SQL: SELECT * FROM `rpj_company` WHERE `id` = 1 LIMIT 1   [ RunTime:0.0526s ]
ERR: 1054:Unknown column 'single' in 'where clause'
 [ SQL语句 ] : select * from rpj_product
                                inner join rpj_procategory on
                                  rpj_product.category_id = rpj_procategory.category_id
                                inner join rpj_brand on
                                  rpj_product.brand_id    = rpj_brand.brand_id
                                where rpj_product.product_id = single-product
ERR: 1054:Unknown column 'single' in 'where clause'
 [ SQL语句 ] : select * from rpj_product
                                inner join rpj_procategory on
                                  rpj_product.category_id = rpj_procategory.category_id
                                inner join rpj_brand on
                                  rpj_product.brand_id    = rpj_brand.brand_id
                                where rpj_product.product_id = single-product

[ 2020-04-02T14:44:26+08:00 ] ::1 /chikwong/NewRPJ/index.php/home/product/product/product_id/2
INFO: [ app_init ] --START--
INFO: Run Behavior\BuildLiteBehavior [ RunTime:0.000010s ]
INFO: [ app_init ] --END-- [ RunTime:0.000435s ]
INFO: [ app_begin ] --START--
INFO: Run Behavior\ReadHtmlCacheBehavior [ RunTime:0.000527s ]
INFO: [ app_begin ] --END-- [ RunTime:0.000593s ]
SQL: SHOW COLUMNS FROM `rpj_company` [ RunTime:0.0520s ]
SQL: SHOW COLUMNS FROM `rpj_product` [ RunTime:0.0526s ]
SQL: SHOW COLUMNS FROM `rpj_brand` [ RunTime:0.0521s ]
SQL: select rpj_product.category_id,
                                            rpj_procategory.category_name
                                from rpj_product
                                inner join rpj_procategory on rpj_product.category_id = rpj_procategory.category_id
                                group by rpj_product.category_id [ RunTime:0.0516s ]
SQL: select rpj_product.brand_id,
                                    rpj_product.category_id,
                                    rpj_brand.brand_name,
                                    rpj_procategory.category_name
                                from rpj_product
                                inner join rpj_brand on rpj_product.brand_id = rpj_brand.brand_id
                                inner join rpj_procategory on rpj_product.category_id = rpj_procategory.category_id
                                group by rpj_product.brand_id,rpj_product.category_id [ RunTime:0.0520s ]
SQL: SHOW COLUMNS FROM `rpj_product_pic` [ RunTime:0.0534s ]
SQL: SHOW COLUMNS FROM `rpj_prod_att` [ RunTime:0.0520s ]
SQL: SHOW COLUMNS FROM `rpj_prod_param` [ RunTime:0.0515s ]
SQL: SELECT * FROM `rpj_company` WHERE `id` = 1 LIMIT 1   [ RunTime:0.0521s ]
SQL: select * from rpj_product
                                inner join rpj_procategory on
                                  rpj_product.category_id = rpj_procategory.category_id
                                inner join rpj_brand on
                                  rpj_product.brand_id    = rpj_brand.brand_id
                                where rpj_product.product_id = 2 [ RunTime:0.0519s ]
SQL: select * from rpj_product
                                inner join rpj_procategory on
                                  rpj_product.category_id = rpj_procategory.category_id
                                inner join rpj_brand on
                                  rpj_product.brand_id    = rpj_brand.brand_id [ RunTime:0.0520s ]
SQL: SELECT * FROM `rpj_product_pic` WHERE ( product_id = 2 )  [ RunTime:0.0519s ]
SQL: SELECT * FROM `rpj_brand`  [ RunTime:0.0512s ]
SQL: SELECT * FROM `rpj_prod_att` WHERE ( product_id = 2 )  [ RunTime:0.0516s ]
SQL: SELECT * FROM `rpj_prod_param` WHERE ( product_id = 2 )  [ RunTime:0.0518s ]
INFO: [ view_parse ] --START--
INFO: [ template_filter ] --START--
INFO: Run Behavior\ContentReplaceBehavior [ RunTime:0.000158s ]
INFO: [ template_filter ] --END-- [ RunTime:0.000196s ]
NOTIC: [8] Use of undefined constant product_id - assumed 'product_id' D:\xampp\htdocs\chikwong\NewRPJ\Application\Runtime\Cache\Home\5b87b1808583e75413168b00f7d913de.php 第 431 行.
NOTIC: [8] Use of undefined constant product_id - assumed 'product_id' D:\xampp\htdocs\chikwong\NewRPJ\Application\Runtime\Cache\Home\5b87b1808583e75413168b00f7d913de.php 第 445 行.
NOTIC: [8] Use of undefined constant product_id - assumed 'product_id' D:\xampp\htdocs\chikwong\NewRPJ\Application\Runtime\Cache\Home\5b87b1808583e75413168b00f7d913de.php 第 431 行.
NOTIC: [8] Use of undefined constant product_id - assumed 'product_id' D:\xampp\htdocs\chikwong\NewRPJ\Application\Runtime\Cache\Home\5b87b1808583e75413168b00f7d913de.php 第 445 行.
INFO: Run Behavior\ParseTemplateBehavior [ RunTime:0.021753s ]
INFO: [ view_parse ] --END-- [ RunTime:0.021798s ]
INFO: [ view_filter ] --START--
INFO: Run Behavior\WriteHtmlCacheBehavior [ RunTime:0.000389s ]
INFO: [ view_filter ] --END-- [ RunTime:0.000416s ]
INFO: [ app_end ] --START--
INFO: Run Behavior\ShowPageTraceBehavior [ RunTime:0.000766s ]
INFO: [ app_end ] --END-- [ RunTime:0.000842s ]

[ 2020-04-02T14:45:36+08:00 ] ::1 /chikwong/NewRPJ/index.php/home/product/product/product_id/2
INFO: [ app_init ] --START--
INFO: Run Behavior\BuildLiteBehavior [ RunTime:0.000009s ]
INFO: [ app_init ] --END-- [ RunTime:0.000236s ]
INFO: [ app_begin ] --START--
INFO: Run Behavior\ReadHtmlCacheBehavior [ RunTime:0.000283s ]
INFO: [ app_begin ] --END-- [ RunTime:0.000316s ]
SQL: SHOW COLUMNS FROM `rpj_company` [ RunTime:0.0530s ]
SQL: SHOW COLUMNS FROM `rpj_product` [ RunTime:0.0532s ]
SQL: SHOW COLUMNS FROM `rpj_brand` [ RunTime:0.0524s ]
SQL: select rpj_product.category_id,
                                            rpj_procategory.category_name
                                from rpj_product
                                inner join rpj_procategory on rpj_product.category_id = rpj_procategory.category_id
                                group by rpj_product.category_id [ RunTime:0.0510s ]
SQL: select rpj_product.brand_id,
                                    rpj_product.category_id,
                                    rpj_brand.brand_name,
                                    rpj_procategory.category_name
                                from rpj_product
                                inner join rpj_brand on rpj_product.brand_id = rpj_brand.brand_id
                                inner join rpj_procategory on rpj_product.category_id = rpj_procategory.category_id
                                group by rpj_product.brand_id,rpj_product.category_id [ RunTime:0.0521s ]
SQL: SHOW COLUMNS FROM `rpj_product_pic` [ RunTime:0.0519s ]
SQL: SHOW COLUMNS FROM `rpj_prod_att` [ RunTime:0.0530s ]
SQL: SHOW COLUMNS FROM `rpj_prod_param` [ RunTime:0.0517s ]
SQL: SELECT * FROM `rpj_company` WHERE `id` = 1 LIMIT 1   [ RunTime:0.0517s ]
SQL: select * from rpj_product
                                inner join rpj_procategory on
                                  rpj_product.category_id = rpj_procategory.category_id
                                inner join rpj_brand on
                                  rpj_product.brand_id    = rpj_brand.brand_id
                                where rpj_product.product_id = 2 [ RunTime:0.0540s ]
SQL: select * from rpj_product
                                inner join rpj_procategory on
                                  rpj_product.category_id = rpj_procategory.category_id
                                inner join rpj_brand on
                                  rpj_product.brand_id    = rpj_brand.brand_id [ RunTime:0.0523s ]
SQL: SELECT * FROM `rpj_product_pic` WHERE ( product_id = 2 )  [ RunTime:0.0521s ]
SQL: SELECT * FROM `rpj_brand`  [ RunTime:0.0515s ]
SQL: SELECT * FROM `rpj_prod_att` WHERE ( product_id = 2 )  [ RunTime:0.0539s ]
SQL: SELECT * FROM `rpj_prod_param` WHERE ( product_id = 2 )  [ RunTime:0.0522s ]
INFO: [ view_parse ] --START--
INFO: [ template_filter ] --START--
INFO: Run Behavior\ContentReplaceBehavior [ RunTime:0.000235s ]
INFO: [ template_filter ] --END-- [ RunTime:0.000281s ]
NOTIC: [8] Use of undefined constant product_id - assumed 'product_id' D:\xampp\htdocs\chikwong\NewRPJ\Application\Runtime\Cache\Home\5b87b1808583e75413168b00f7d913de.php 第 431 行.
NOTIC: [8] Use of undefined constant product_id - assumed 'product_id' D:\xampp\htdocs\chikwong\NewRPJ\Application\Runtime\Cache\Home\5b87b1808583e75413168b00f7d913de.php 第 445 行.
NOTIC: [8] Use of undefined constant product_id - assumed 'product_id' D:\xampp\htdocs\chikwong\NewRPJ\Application\Runtime\Cache\Home\5b87b1808583e75413168b00f7d913de.php 第 431 行.
NOTIC: [8] Use of undefined constant product_id - assumed 'product_id' D:\xampp\htdocs\chikwong\NewRPJ\Application\Runtime\Cache\Home\5b87b1808583e75413168b00f7d913de.php 第 445 行.
INFO: Run Behavior\ParseTemplateBehavior [ RunTime:0.032703s ]
INFO: [ view_parse ] --END-- [ RunTime:0.032785s ]
INFO: [ view_filter ] --START--
INFO: Run Behavior\WriteHtmlCacheBehavior [ RunTime:0.000242s ]
INFO: [ view_filter ] --END-- [ RunTime:0.000271s ]
INFO: [ app_end ] --START--
INFO: Run Behavior\ShowPageTraceBehavior [ RunTime:0.001402s ]
INFO: [ app_end ] --END-- [ RunTime:0.001708s ]

[ 2020-04-02T14:46:01+08:00 ] ::1 /chikwong/NewRPJ/index.php/home/product/product/product_id/2
INFO: [ app_init ] --START--
INFO: Run Behavior\BuildLiteBehavior [ RunTime:0.000009s ]
INFO: [ app_init ] --END-- [ RunTime:0.000285s ]
INFO: [ app_begin ] --START--
INFO: Run Behavior\ReadHtmlCacheBehavior [ RunTime:0.000381s ]
INFO: [ app_begin ] --END-- [ RunTime:0.000417s ]
SQL: SHOW COLUMNS FROM `rpj_company` [ RunTime:0.0540s ]
SQL: SHOW COLUMNS FROM `rpj_product` [ RunTime:0.0539s ]
SQL: SHOW COLUMNS FROM `rpj_brand` [ RunTime:0.0536s ]
SQL: select rpj_product.category_id,
                                            rpj_procategory.category_name
                                from rpj_product
                                inner join rpj_procategory on rpj_product.category_id = rpj_procategory.category_id
                                group by rpj_product.category_id [ RunTime:0.0533s ]
SQL: select rpj_product.brand_id,
                                    rpj_product.category_id,
                                    rpj_brand.brand_name,
                                    rpj_procategory.category_name
                                from rpj_product
                                inner join rpj_brand on rpj_product.brand_id = rpj_brand.brand_id
                                inner join rpj_procategory on rpj_product.category_id = rpj_procategory.category_id
                                group by rpj_product.brand_id,rpj_product.category_id [ RunTime:0.0529s ]
SQL: SHOW COLUMNS FROM `rpj_product_pic` [ RunTime:0.0523s ]
SQL: SHOW COLUMNS FROM `rpj_prod_att` [ RunTime:0.0534s ]
SQL: SHOW COLUMNS FROM `rpj_prod_param` [ RunTime:0.0532s ]
SQL: SELECT * FROM `rpj_company` WHERE `id` = 1 LIMIT 1   [ RunTime:0.0526s ]
SQL: select * from rpj_product
                                inner join rpj_procategory on
                                  rpj_product.category_id = rpj_procategory.category_id
                                inner join rpj_brand on
                                  rpj_product.brand_id    = rpj_brand.brand_id
                                where rpj_product.product_id = 2 [ RunTime:0.0531s ]
SQL: select * from rpj_product
                                inner join rpj_procategory on
                                  rpj_product.category_id = rpj_procategory.category_id
                                inner join rpj_brand on
                                  rpj_product.brand_id    = rpj_brand.brand_id [ RunTime:0.0538s ]
SQL: SELECT * FROM `rpj_product_pic` WHERE ( product_id = 2 )  [ RunTime:0.0530s ]
SQL: SELECT * FROM `rpj_brand`  [ RunTime:0.0531s ]
SQL: SELECT * FROM `rpj_prod_att` WHERE ( product_id = 2 )  [ RunTime:0.0527s ]
SQL: SELECT * FROM `rpj_prod_param` WHERE ( product_id = 2 )  [ RunTime:0.0529s ]
INFO: [ view_parse ] --START--
INFO: [ template_filter ] --START--
INFO: Run Behavior\ContentReplaceBehavior [ RunTime:0.000286s ]
INFO: [ template_filter ] --END-- [ RunTime:0.000341s ]
NOTIC: [8] Use of undefined constant product_id - assumed 'product_id' D:\xampp\htdocs\chikwong\NewRPJ\Application\Runtime\Cache\Home\5b87b1808583e75413168b00f7d913de.php 第 431 行.
NOTIC: [8] Use of undefined constant product_id - assumed 'product_id' D:\xampp\htdocs\chikwong\NewRPJ\Application\Runtime\Cache\Home\5b87b1808583e75413168b00f7d913de.php 第 445 行.
NOTIC: [8] Use of undefined constant product_id - assumed 'product_id' D:\xampp\htdocs\chikwong\NewRPJ\Application\Runtime\Cache\Home\5b87b1808583e75413168b00f7d913de.php 第 431 行.
NOTIC: [8] Use of undefined constant product_id - assumed 'product_id' D:\xampp\htdocs\chikwong\NewRPJ\Application\Runtime\Cache\Home\5b87b1808583e75413168b00f7d913de.php 第 445 行.
INFO: Run Behavior\ParseTemplateBehavior [ RunTime:0.025446s ]
INFO: [ view_parse ] --END-- [ RunTime:0.025495s ]
INFO: [ view_filter ] --START--
INFO: Run Behavior\WriteHtmlCacheBehavior [ RunTime:0.000307s ]
INFO: [ view_filter ] --END-- [ RunTime:0.000340s ]
INFO: [ app_end ] --START--
INFO: Run Behavior\ShowPageTraceBehavior [ RunTime:0.000574s ]
INFO: [ app_end ] --END-- [ RunTime:0.000630s ]

[ 2020-04-02T14:47:23+08:00 ] ::1 /chikwong/NewRPJ/index.php/home/product/product/product_id/2
INFO: [ app_init ] --START--
INFO: Run Behavior\BuildLiteBehavior [ RunTime:0.000010s ]
INFO: [ app_init ] --END-- [ RunTime:0.000289s ]
INFO: [ app_begin ] --START--
INFO: Run Behavior\ReadHtmlCacheBehavior [ RunTime:0.000513s ]
INFO: [ app_begin ] --END-- [ RunTime:0.000586s ]
SQL: SHOW COLUMNS FROM `rpj_company` [ RunTime:0.0535s ]
SQL: SHOW COLUMNS FROM `rpj_product` [ RunTime:0.0529s ]
SQL: SHOW COLUMNS FROM `rpj_brand` [ RunTime:0.0528s ]
SQL: select rpj_product.category_id,
                                            rpj_procategory.category_name
                                from rpj_product
                                inner join rpj_procategory on rpj_product.category_id = rpj_procategory.category_id
                                group by rpj_product.category_id [ RunTime:0.0532s ]
SQL: select rpj_product.brand_id,
                                    rpj_product.category_id,
                                    rpj_brand.brand_name,
                                    rpj_procategory.category_name
                                from rpj_product
                                inner join rpj_brand on rpj_product.brand_id = rpj_brand.brand_id
                                inner join rpj_procategory on rpj_product.category_id = rpj_procategory.category_id
                                group by rpj_product.brand_id,rpj_product.category_id [ RunTime:0.0529s ]
SQL: SHOW COLUMNS FROM `rpj_product_pic` [ RunTime:0.0540s ]
SQL: SHOW COLUMNS FROM `rpj_prod_att` [ RunTime:0.0543s ]
SQL: SHOW COLUMNS FROM `rpj_prod_param` [ RunTime:0.0541s ]
SQL: SELECT * FROM `rpj_company` WHERE `id` = 1 LIMIT 1   [ RunTime:0.0534s ]
SQL: select * from rpj_product
                                inner join rpj_procategory on
                                  rpj_product.category_id = rpj_procategory.category_id
                                inner join rpj_brand on
                                  rpj_product.brand_id    = rpj_brand.brand_id
                                where rpj_product.product_id = 2 [ RunTime:0.0537s ]
SQL: select * from rpj_product
                                inner join rpj_procategory on
                                  rpj_product.category_id = rpj_procategory.category_id
                                inner join rpj_brand on
                                  rpj_product.brand_id    = rpj_brand.brand_id [ RunTime:0.0538s ]
SQL: SELECT * FROM `rpj_product_pic` WHERE ( product_id = 2 )  [ RunTime:0.0532s ]
SQL: SELECT * FROM `rpj_brand`  [ RunTime:0.0531s ]
SQL: SELECT * FROM `rpj_prod_att` WHERE ( product_id = 2 )  [ RunTime:0.0531s ]
SQL: SELECT * FROM `rpj_prod_param` WHERE ( product_id = 2 )  [ RunTime:0.0529s ]
INFO: [ view_parse ] --START--
INFO: [ template_filter ] --START--
INFO: Run Behavior\ContentReplaceBehavior [ RunTime:0.000236s ]
INFO: [ template_filter ] --END-- [ RunTime:0.000285s ]
NOTIC: [8] Use of undefined constant product_id - assumed 'product_id' D:\xampp\htdocs\chikwong\NewRPJ\Application\Runtime\Cache\Home\5b87b1808583e75413168b00f7d913de.php 第 431 行.
NOTIC: [8] Use of undefined constant product_id - assumed 'product_id' D:\xampp\htdocs\chikwong\NewRPJ\Application\Runtime\Cache\Home\5b87b1808583e75413168b00f7d913de.php 第 445 行.
NOTIC: [8] Use of undefined constant product_id - assumed 'product_id' D:\xampp\htdocs\chikwong\NewRPJ\Application\Runtime\Cache\Home\5b87b1808583e75413168b00f7d913de.php 第 431 行.
NOTIC: [8] Use of undefined constant product_id - assumed 'product_id' D:\xampp\htdocs\chikwong\NewRPJ\Application\Runtime\Cache\Home\5b87b1808583e75413168b00f7d913de.php 第 445 行.
INFO: Run Behavior\ParseTemplateBehavior [ RunTime:0.038041s ]
INFO: [ view_parse ] --END-- [ RunTime:0.038112s ]
INFO: [ view_filter ] --START--
INFO: Run Behavior\WriteHtmlCacheBehavior [ RunTime:0.000406s ]
INFO: [ view_filter ] --END-- [ RunTime:0.000449s ]
INFO: [ app_end ] --START--
INFO: Run Behavior\ShowPageTraceBehavior [ RunTime:0.000632s ]
INFO: [ app_end ] --END-- [ RunTime:0.000705s ]

[ 2020-04-02T14:48:45+08:00 ] ::1 /chikwong/NewRPJ/index.php/home/product/product/product_id/2
INFO: [ app_init ] --START--
INFO: Run Behavior\BuildLiteBehavior [ RunTime:0.000010s ]
INFO: [ app_init ] --END-- [ RunTime:0.000257s ]
INFO: [ app_begin ] --START--
INFO: Run Behavior\ReadHtmlCacheBehavior [ RunTime:0.000362s ]
INFO: [ app_begin ] --END-- [ RunTime:0.000404s ]
SQL: SHOW COLUMNS FROM `rpj_company` [ RunTime:0.0535s ]
SQL: SHOW COLUMNS FROM `rpj_product` [ RunTime:0.0540s ]
SQL: SHOW COLUMNS FROM `rpj_brand` [ RunTime:0.0535s ]
SQL: select rpj_product.category_id,
                                            rpj_procategory.category_name
                                from rpj_product
                                inner join rpj_procategory on rpj_product.category_id = rpj_procategory.category_id
                                group by rpj_product.category_id [ RunTime:0.0532s ]
SQL: select rpj_product.brand_id,
                                    rpj_product.category_id,
                                    rpj_brand.brand_name,
                                    rpj_procategory.category_name
                                from rpj_product
                                inner join rpj_brand on rpj_product.brand_id = rpj_brand.brand_id
                                inner join rpj_procategory on rpj_product.category_id = rpj_procategory.category_id
                                group by rpj_product.brand_id,rpj_product.category_id [ RunTime:0.0528s ]
SQL: SHOW COLUMNS FROM `rpj_product_pic` [ RunTime:0.0528s ]
SQL: SHOW COLUMNS FROM `rpj_prod_att` [ RunTime:0.0539s ]
SQL: SHOW COLUMNS FROM `rpj_prod_param` [ RunTime:0.0544s ]
SQL: SELECT * FROM `rpj_company` WHERE `id` = 1 LIMIT 1   [ RunTime:0.0533s ]
SQL: select * from rpj_product
                                inner join rpj_procategory on
                                  rpj_product.category_id = rpj_procategory.category_id
                                inner join rpj_brand on
                                  rpj_product.brand_id    = rpj_brand.brand_id
                                where rpj_product.product_id = 2 [ RunTime:0.0529s ]
SQL: select * from rpj_product
                                inner join rpj_procategory on
                                  rpj_product.category_id = rpj_procategory.category_id
                                inner join rpj_brand on
                                  rpj_product.brand_id    = rpj_brand.brand_id [ RunTime:0.0529s ]
SQL: SELECT * FROM `rpj_product_pic` WHERE ( product_id = 2 )  [ RunTime:0.0525s ]
SQL: SELECT * FROM `rpj_brand`  [ RunTime:0.0527s ]
SQL: SELECT * FROM `rpj_prod_att` WHERE ( product_id = 2 )  [ RunTime:0.0525s ]
SQL: SELECT * FROM `rpj_prod_param` WHERE ( product_id = 2 )  [ RunTime:0.0516s ]
INFO: [ view_parse ] --START--
INFO: [ template_filter ] --START--
INFO: Run Behavior\ContentReplaceBehavior [ RunTime:0.000178s ]
INFO: [ template_filter ] --END-- [ RunTime:0.000216s ]
NOTIC: [8] Use of undefined constant product_id - assumed 'product_id' D:\xampp\htdocs\chikwong\NewRPJ\Application\Runtime\Cache\Home\5b87b1808583e75413168b00f7d913de.php 第 431 行.
NOTIC: [8] Use of undefined constant product_id - assumed 'product_id' D:\xampp\htdocs\chikwong\NewRPJ\Application\Runtime\Cache\Home\5b87b1808583e75413168b00f7d913de.php 第 445 行.
NOTIC: [8] Use of undefined constant product_id - assumed 'product_id' D:\xampp\htdocs\chikwong\NewRPJ\Application\Runtime\Cache\Home\5b87b1808583e75413168b00f7d913de.php 第 431 行.
NOTIC: [8] Use of undefined constant product_id - assumed 'product_id' D:\xampp\htdocs\chikwong\NewRPJ\Application\Runtime\Cache\Home\5b87b1808583e75413168b00f7d913de.php 第 445 行.
INFO: Run Behavior\ParseTemplateBehavior [ RunTime:0.019560s ]
INFO: [ view_parse ] --END-- [ RunTime:0.019633s ]
INFO: [ view_filter ] --START--
INFO: Run Behavior\WriteHtmlCacheBehavior [ RunTime:0.000562s ]
INFO: [ view_filter ] --END-- [ RunTime:0.000624s ]
INFO: [ app_end ] --START--
INFO: Run Behavior\ShowPageTraceBehavior [ RunTime:0.000696s ]
INFO: [ app_end ] --END-- [ RunTime:0.000772s ]

[ 2020-04-02T14:48:48+08:00 ] ::1 /chikwong/NewRPJ/index.php/home/product/product/product_id/2.html
INFO: [ app_init ] --START--
INFO: Run Behavior\BuildLiteBehavior [ RunTime:0.000102s ]
INFO: [ app_init ] --END-- [ RunTime:0.001554s ]
INFO: [ app_begin ] --START--
INFO: Run Behavior\ReadHtmlCacheBehavior [ RunTime:0.000324s ]
INFO: [ app_begin ] --END-- [ RunTime:0.000364s ]
SQL: SHOW COLUMNS FROM `rpj_company` [ RunTime:0.0522s ]
SQL: SHOW COLUMNS FROM `rpj_product` [ RunTime:0.0523s ]
SQL: SHOW COLUMNS FROM `rpj_brand` [ RunTime:0.0522s ]
SQL: select rpj_product.category_id,
                                            rpj_procategory.category_name
                                from rpj_product
                                inner join rpj_procategory on rpj_product.category_id = rpj_procategory.category_id
                                group by rpj_product.category_id [ RunTime:0.0516s ]
SQL: select rpj_product.brand_id,
                                    rpj_product.category_id,
                                    rpj_brand.brand_name,
                                    rpj_procategory.category_name
                                from rpj_product
                                inner join rpj_brand on rpj_product.brand_id = rpj_brand.brand_id
                                inner join rpj_procategory on rpj_product.category_id = rpj_procategory.category_id
                                group by rpj_product.brand_id,rpj_product.category_id [ RunTime:0.0521s ]
SQL: SHOW COLUMNS FROM `rpj_product_pic` [ RunTime:0.0525s ]
SQL: SHOW COLUMNS FROM `rpj_prod_att` [ RunTime:0.0524s ]
SQL: SHOW COLUMNS FROM `rpj_prod_param` [ RunTime:0.0521s ]
SQL: SELECT * FROM `rpj_company` WHERE `id` = 1 LIMIT 1   [ RunTime:0.0524s ]
SQL: select * from rpj_product
                                inner join rpj_procategory on
                                  rpj_product.category_id = rpj_procategory.category_id
                                inner join rpj_brand on
                                  rpj_product.brand_id    = rpj_brand.brand_id
                                where rpj_product.product_id = 2 [ RunTime:0.0528s ]
SQL: select * from rpj_product
                                inner join rpj_procategory on
                                  rpj_product.category_id = rpj_procategory.category_id
                                inner join rpj_brand on
                                  rpj_product.brand_id    = rpj_brand.brand_id [ RunTime:0.0524s ]
SQL: SELECT * FROM `rpj_product_pic` WHERE ( product_id = 2 )  [ RunTime:0.0518s ]
SQL: SELECT * FROM `rpj_brand`  [ RunTime:0.0511s ]
SQL: SELECT * FROM `rpj_prod_att` WHERE ( product_id = 2 )  [ RunTime:0.0518s ]
SQL: SELECT * FROM `rpj_prod_param` WHERE ( product_id = 2 )  [ RunTime:0.0519s ]
INFO: [ view_parse ] --START--
INFO: [ template_filter ] --START--
INFO: Run Behavior\ContentReplaceBehavior [ RunTime:0.000201s ]
INFO: [ template_filter ] --END-- [ RunTime:0.000242s ]
NOTIC: [8] Use of undefined constant product_id - assumed 'product_id' D:\xampp\htdocs\chikwong\NewRPJ\Application\Runtime\Cache\Home\5b87b1808583e75413168b00f7d913de.php 第 431 行.
NOTIC: [8] Use of undefined constant product_id - assumed 'product_id' D:\xampp\htdocs\chikwong\NewRPJ\Application\Runtime\Cache\Home\5b87b1808583e75413168b00f7d913de.php 第 445 行.
NOTIC: [8] Use of undefined constant product_id - assumed 'product_id' D:\xampp\htdocs\chikwong\NewRPJ\Application\Runtime\Cache\Home\5b87b1808583e75413168b00f7d913de.php 第 431 行.
NOTIC: [8] Use of undefined constant product_id - assumed 'product_id' D:\xampp\htdocs\chikwong\NewRPJ\Application\Runtime\Cache\Home\5b87b1808583e75413168b00f7d913de.php 第 445 行.
INFO: Run Behavior\ParseTemplateBehavior [ RunTime:0.030414s ]
INFO: [ view_parse ] --END-- [ RunTime:0.030475s ]
INFO: [ view_filter ] --START--
INFO: Run Behavior\WriteHtmlCacheBehavior [ RunTime:0.000265s ]
INFO: [ view_filter ] --END-- [ RunTime:0.000318s ]
INFO: [ app_end ] --START--
INFO: Run Behavior\ShowPageTraceBehavior [ RunTime:0.000760s ]
INFO: [ app_end ] --END-- [ RunTime:0.000821s ]

[ 2020-04-02T14:48:55+08:00 ] ::1 /chikwong/NewRPJ/index.php/home/product/product/product_id/3.html
INFO: [ app_init ] --START--
INFO: Run Behavior\BuildLiteBehavior [ RunTime:0.000008s ]
INFO: [ app_init ] --END-- [ RunTime:0.000233s ]
INFO: [ app_begin ] --START--
INFO: Run Behavior\ReadHtmlCacheBehavior [ RunTime:0.000298s ]
INFO: [ app_begin ] --END-- [ RunTime:0.000332s ]
SQL: SHOW COLUMNS FROM `rpj_company` [ RunTime:0.0554s ]
SQL: SHOW COLUMNS FROM `rpj_product` [ RunTime:0.0533s ]
SQL: SHOW COLUMNS FROM `rpj_brand` [ RunTime:0.0525s ]
SQL: select rpj_product.category_id,
                                            rpj_procategory.category_name
                                from rpj_product
                                inner join rpj_procategory on rpj_product.category_id = rpj_procategory.category_id
                                group by rpj_product.category_id [ RunTime:0.0532s ]
SQL: select rpj_product.brand_id,
                                    rpj_product.category_id,
                                    rpj_brand.brand_name,
                                    rpj_procategory.category_name
                                from rpj_product
                                inner join rpj_brand on rpj_product.brand_id = rpj_brand.brand_id
                                inner join rpj_procategory on rpj_product.category_id = rpj_procategory.category_id
                                group by rpj_product.brand_id,rpj_product.category_id [ RunTime:0.0531s ]
SQL: SHOW COLUMNS FROM `rpj_product_pic` [ RunTime:0.0535s ]
SQL: SHOW COLUMNS FROM `rpj_prod_att` [ RunTime:0.0532s ]
SQL: SHOW COLUMNS FROM `rpj_prod_param` [ RunTime:0.0529s ]
SQL: SELECT * FROM `rpj_company` WHERE `id` = 1 LIMIT 1   [ RunTime:0.0533s ]
SQL: select * from rpj_product
                                inner join rpj_procategory on
                                  rpj_product.category_id = rpj_procategory.category_id
                                inner join rpj_brand on
                                  rpj_product.brand_id    = rpj_brand.brand_id
                                where rpj_product.product_id = 3 [ RunTime:0.0538s ]
SQL: select * from rpj_product
                                inner join rpj_procategory on
                                  rpj_product.category_id = rpj_procategory.category_id
                                inner join rpj_brand on
                                  rpj_product.brand_id    = rpj_brand.brand_id [ RunTime:0.0535s ]
SQL: SELECT * FROM `rpj_product_pic` WHERE ( product_id = 3 )  [ RunTime:0.0523s ]
SQL: SELECT * FROM `rpj_brand`  [ RunTime:0.0529s ]
SQL: SELECT * FROM `rpj_prod_att` WHERE ( product_id = 3 )  [ RunTime:0.0531s ]
SQL: SELECT * FROM `rpj_prod_param` WHERE ( product_id = 3 )  [ RunTime:0.0528s ]
INFO: [ view_parse ] --START--
INFO: [ template_filter ] --START--
INFO: Run Behavior\ContentReplaceBehavior [ RunTime:0.000201s ]
INFO: [ template_filter ] --END-- [ RunTime:0.000248s ]
NOTIC: [8] Use of undefined constant product_id - assumed 'product_id' D:\xampp\htdocs\chikwong\NewRPJ\Application\Runtime\Cache\Home\5b87b1808583e75413168b00f7d913de.php 第 431 行.
NOTIC: [8] Use of undefined constant product_id - assumed 'product_id' D:\xampp\htdocs\chikwong\NewRPJ\Application\Runtime\Cache\Home\5b87b1808583e75413168b00f7d913de.php 第 445 行.
NOTIC: [8] Use of undefined constant product_id - assumed 'product_id' D:\xampp\htdocs\chikwong\NewRPJ\Application\Runtime\Cache\Home\5b87b1808583e75413168b00f7d913de.php 第 431 行.
NOTIC: [8] Use of undefined constant product_id - assumed 'product_id' D:\xampp\htdocs\chikwong\NewRPJ\Application\Runtime\Cache\Home\5b87b1808583e75413168b00f7d913de.php 第 445 行.
INFO: Run Behavior\ParseTemplateBehavior [ RunTime:0.028131s ]
INFO: [ view_parse ] --END-- [ RunTime:0.028181s ]
INFO: [ view_filter ] --START--
INFO: Run Behavior\WriteHtmlCacheBehavior [ RunTime:0.000202s ]
INFO: [ view_filter ] --END-- [ RunTime:0.000228s ]
INFO: [ app_end ] --START--
INFO: Run Behavior\ShowPageTraceBehavior [ RunTime:0.000560s ]
INFO: [ app_end ] --END-- [ RunTime:0.000674s ]

[ 2020-04-02T14:49:00+08:00 ] ::1 /chikwong/NewRPJ/index.php/home/product/product/product_id/2.html
INFO: [ app_init ] --START--
INFO: Run Behavior\BuildLiteBehavior [ RunTime:0.000009s ]
INFO: [ app_init ] --END-- [ RunTime:0.000223s ]
INFO: [ app_begin ] --START--
INFO: Run Behavior\ReadHtmlCacheBehavior [ RunTime:0.000281s ]
INFO: [ app_begin ] --END-- [ RunTime:0.000313s ]
SQL: SHOW COLUMNS FROM `rpj_company` [ RunTime:0.0530s ]
SQL: SHOW COLUMNS FROM `rpj_product` [ RunTime:0.0531s ]
SQL: SHOW COLUMNS FROM `rpj_brand` [ RunTime:0.0529s ]
SQL: select rpj_product.category_id,
                                            rpj_procategory.category_name
                                from rpj_product
                                inner join rpj_procategory on rpj_product.category_id = rpj_procategory.category_id
                                group by rpj_product.category_id [ RunTime:0.0523s ]
SQL: select rpj_product.brand_id,
                                    rpj_product.category_id,
                                    rpj_brand.brand_name,
                                    rpj_procategory.category_name
                                from rpj_product
                                inner join rpj_brand on rpj_product.brand_id = rpj_brand.brand_id
                                inner join rpj_procategory on rpj_product.category_id = rpj_procategory.category_id
                                group by rpj_product.brand_id,rpj_product.category_id [ RunTime:0.0522s ]
SQL: SHOW COLUMNS FROM `rpj_product_pic` [ RunTime:0.0536s ]
SQL: SHOW COLUMNS FROM `rpj_prod_att` [ RunTime:0.0533s ]
SQL: SHOW COLUMNS FROM `rpj_prod_param` [ RunTime:0.0529s ]
SQL: SELECT * FROM `rpj_company` WHERE `id` = 1 LIMIT 1   [ RunTime:0.0529s ]
SQL: select * from rpj_product
                                inner join rpj_procategory on
                                  rpj_product.category_id = rpj_procategory.category_id
                                inner join rpj_brand on
                                  rpj_product.brand_id    = rpj_brand.brand_id
                                where rpj_product.product_id = 2 [ RunTime:0.0536s ]
SQL: select * from rpj_product
                                inner join rpj_procategory on
                                  rpj_product.category_id = rpj_procategory.category_id
                                inner join rpj_brand on
                                  rpj_product.brand_id    = rpj_brand.brand_id [ RunTime:0.0535s ]
SQL: SELECT * FROM `rpj_product_pic` WHERE ( product_id = 2 )  [ RunTime:0.0526s ]
SQL: SELECT * FROM `rpj_brand`  [ RunTime:0.0532s ]
SQL: SELECT * FROM `rpj_prod_att` WHERE ( product_id = 2 )  [ RunTime:0.0534s ]
SQL: SELECT * FROM `rpj_prod_param` WHERE ( product_id = 2 )  [ RunTime:0.0531s ]
INFO: [ view_parse ] --START--
INFO: [ template_filter ] --START--
INFO: Run Behavior\ContentReplaceBehavior [ RunTime:0.000211s ]
INFO: [ template_filter ] --END-- [ RunTime:0.000257s ]
NOTIC: [8] Use of undefined constant product_id - assumed 'product_id' D:\xampp\htdocs\chikwong\NewRPJ\Application\Runtime\Cache\Home\5b87b1808583e75413168b00f7d913de.php 第 431 行.
NOTIC: [8] Use of undefined constant product_id - assumed 'product_id' D:\xampp\htdocs\chikwong\NewRPJ\Application\Runtime\Cache\Home\5b87b1808583e75413168b00f7d913de.php 第 445 行.
NOTIC: [8] Use of undefined constant product_id - assumed 'product_id' D:\xampp\htdocs\chikwong\NewRPJ\Application\Runtime\Cache\Home\5b87b1808583e75413168b00f7d913de.php 第 431 行.
NOTIC: [8] Use of undefined constant product_id - assumed 'product_id' D:\xampp\htdocs\chikwong\NewRPJ\Application\Runtime\Cache\Home\5b87b1808583e75413168b00f7d913de.php 第 445 行.
INFO: Run Behavior\ParseTemplateBehavior [ RunTime:0.038504s ]
INFO: [ view_parse ] --END-- [ RunTime:0.038632s ]
INFO: [ view_filter ] --START--
INFO: Run Behavior\WriteHtmlCacheBehavior [ RunTime:0.000230s ]
INFO: [ view_filter ] --END-- [ RunTime:0.000260s ]
INFO: [ app_end ] --START--
INFO: Run Behavior\ShowPageTraceBehavior [ RunTime:0.000630s ]
INFO: [ app_end ] --END-- [ RunTime:0.000697s ]

