[ 2020-03-27T09:41:11+08:00 ] ::1 /chikwong/NewRPJ/index.php/home/about/about
INFO: [ app_init ] --START--
INFO: Run Behavior\BuildLiteBehavior [ RunTime:0.000014s ]
INFO: [ app_init ] --END-- [ RunTime:0.000829s ]
INFO: [ app_begin ] --START--
INFO: Run Behavior\ReadHtmlCacheBehavior [ RunTime:0.000447s ]
INFO: [ app_begin ] --END-- [ RunTime:0.000488s ]
SQL: SHOW COLUMNS FROM `rpj_company` [ RunTime:0.0542s ]
SQL: SHOW COLUMNS FROM `rpj_product` [ RunTime:0.0528s ]
SQL: SHOW COLUMNS FROM `rpj_brand` [ RunTime:0.0540s ]
SQL: select rpj_product.category_id,
                                            rpj_procategory.category_name
                                from rpj_product
                                inner join rpj_procategory on rpj_product.category_id = rpj_procategory.category_id
                                group by rpj_product.category_id [ RunTime:0.0535s ]
SQL: select rpj_product.brand_id,
                                    rpj_product.category_id,
                                    rpj_brand.brand_name,
                                    rpj_procategory.category_name
                                from rpj_product
                                inner join rpj_brand on rpj_product.brand_id = rpj_brand.brand_id
                                inner join rpj_procategory on rpj_product.category_id = rpj_procategory.category_id
                                group by rpj_product.brand_id,rpj_product.category_id [ RunTime:0.0543s ]
SQL: SELECT * FROM `rpj_company` WHERE `id` = 1 LIMIT 1   [ RunTime:0.0545s ]
SQL: SELECT * FROM `rpj_product`  [ RunTime:0.0543s ]
SQL: SELECT * FROM `rpj_brand`  [ RunTime:0.0531s ]
INFO: [ view_parse ] --START--
INFO: [ template_filter ] --START--
INFO: Run Behavior\ContentReplaceBehavior [ RunTime:0.000186s ]
INFO: [ template_filter ] --END-- [ RunTime:0.000237s ]
INFO: Run Behavior\ParseTemplateBehavior [ RunTime:0.045262s ]
INFO: [ view_parse ] --END-- [ RunTime:0.045332s ]
INFO: [ view_filter ] --START--
INFO: Run Behavior\WriteHtmlCacheBehavior [ RunTime:0.000347s ]
INFO: [ view_filter ] --END-- [ RunTime:0.000384s ]
INFO: [ app_end ] --START--
INFO: Run Behavior\ShowPageTraceBehavior [ RunTime:0.000686s ]
INFO: [ app_end ] --END-- [ RunTime:0.000746s ]

[ 2020-03-27T09:41:27+08:00 ] ::1 /chikwong/NewRPJ/index.php/home/product/product/product_id/2
INFO: [ app_init ] --START--
INFO: Run Behavior\BuildLiteBehavior [ RunTime:0.000009s ]
INFO: [ app_init ] --END-- [ RunTime:0.000225s ]
INFO: [ app_begin ] --START--
INFO: Run Behavior\ReadHtmlCacheBehavior [ RunTime:0.000290s ]
INFO: [ app_begin ] --END-- [ RunTime:0.000321s ]
SQL: SHOW COLUMNS FROM `rpj_company` [ RunTime:0.0531s ]
SQL: SHOW COLUMNS FROM `rpj_product` [ RunTime:0.0527s ]
SQL: SHOW COLUMNS FROM `rpj_brand` [ RunTime:0.0527s ]
SQL: select rpj_product.category_id,
                                            rpj_procategory.category_name
                                from rpj_product
                                inner join rpj_procategory on rpj_product.category_id = rpj_procategory.category_id
                                group by rpj_product.category_id [ RunTime:0.0531s ]
SQL: select rpj_product.brand_id,
                                    rpj_product.category_id,
                                    rpj_brand.brand_name,
                                    rpj_procategory.category_name
                                from rpj_product
                                inner join rpj_brand on rpj_product.brand_id = rpj_brand.brand_id
                                inner join rpj_procategory on rpj_product.category_id = rpj_procategory.category_id
                                group by rpj_product.brand_id,rpj_product.category_id [ RunTime:0.0532s ]
SQL: SHOW COLUMNS FROM `rpj_product_pic` [ RunTime:0.0536s ]
SQL: SELECT * FROM `rpj_company` WHERE `id` = 1 LIMIT 1   [ RunTime:0.0533s ]
SQL: select * from rpj_product
                                inner join rpj_procategory on
                                  rpj_product.category_id = rpj_procategory.category_id
                                inner join rpj_brand on
                                  rpj_product.brand_id    = rpj_brand.brand_id
                                where rpj_product.product_id = 2 [ RunTime:0.0541s ]
SQL: SELECT * FROM `rpj_product_pic` WHERE ( product_id = 2 )  [ RunTime:0.0527s ]
SQL: SELECT * FROM `rpj_brand`  [ RunTime:0.0518s ]
INFO: [ view_parse ] --START--
INFO: [ template_filter ] --START--
INFO: Run Behavior\ContentReplaceBehavior [ RunTime:0.000328s ]
INFO: [ template_filter ] --END-- [ RunTime:0.000382s ]
INFO: Run Behavior\ParseTemplateBehavior [ RunTime:0.097773s ]
INFO: [ view_parse ] --END-- [ RunTime:0.097840s ]
INFO: [ view_filter ] --START--
INFO: Run Behavior\WriteHtmlCacheBehavior [ RunTime:0.000220s ]
INFO: [ view_filter ] --END-- [ RunTime:0.000250s ]
INFO: [ app_end ] --START--
INFO: Run Behavior\ShowPageTraceBehavior [ RunTime:0.000473s ]
INFO: [ app_end ] --END-- [ RunTime:0.000531s ]

[ 2020-03-27T09:53:45+08:00 ] ::1 /chikwong/NewRPJ/index.php/home/product/product/product_id/2
INFO: [ app_init ] --START--
INFO: Run Behavior\BuildLiteBehavior [ RunTime:0.000009s ]
INFO: [ app_init ] --END-- [ RunTime:0.000296s ]
INFO: [ app_begin ] --START--
INFO: Run Behavior\ReadHtmlCacheBehavior [ RunTime:0.000505s ]
INFO: [ app_begin ] --END-- [ RunTime:0.000538s ]
SQL: SHOW COLUMNS FROM `rpj_company` [ RunTime:0.0546s ]
SQL: SHOW COLUMNS FROM `rpj_product` [ RunTime:0.0542s ]
SQL: SHOW COLUMNS FROM `rpj_brand` [ RunTime:0.0530s ]
SQL: select rpj_product.category_id,
                                            rpj_procategory.category_name
                                from rpj_product
                                inner join rpj_procategory on rpj_product.category_id = rpj_procategory.category_id
                                group by rpj_product.category_id [ RunTime:0.0532s ]
SQL: select rpj_product.brand_id,
                                    rpj_product.category_id,
                                    rpj_brand.brand_name,
                                    rpj_procategory.category_name
                                from rpj_product
                                inner join rpj_brand on rpj_product.brand_id = rpj_brand.brand_id
                                inner join rpj_procategory on rpj_product.category_id = rpj_procategory.category_id
                                group by rpj_product.brand_id,rpj_product.category_id [ RunTime:0.0538s ]
SQL: SHOW COLUMNS FROM `rpj_product_pic` [ RunTime:0.0542s ]
SQL: SELECT * FROM `rpj_company` WHERE `id` = 1 LIMIT 1   [ RunTime:0.0540s ]
SQL: select * from rpj_product
                                inner join rpj_procategory on
                                  rpj_product.category_id = rpj_procategory.category_id
                                inner join rpj_brand on
                                  rpj_product.brand_id    = rpj_brand.brand_id
                                where rpj_product.product_id = 2 [ RunTime:0.0538s ]
SQL: SELECT * FROM `rpj_product_pic` WHERE ( product_id = 2 )  [ RunTime:0.0529s ]
SQL: SELECT * FROM `rpj_brand`  [ RunTime:0.0531s ]
INFO: [ view_parse ] --START--
INFO: [ template_filter ] --START--
INFO: Run Behavior\ContentReplaceBehavior [ RunTime:0.000217s ]
INFO: [ template_filter ] --END-- [ RunTime:0.000255s ]
INFO: Run Behavior\ParseTemplateBehavior [ RunTime:0.019060s ]
INFO: [ view_parse ] --END-- [ RunTime:0.019109s ]
INFO: [ view_filter ] --START--
INFO: Run Behavior\WriteHtmlCacheBehavior [ RunTime:0.000434s ]
INFO: [ view_filter ] --END-- [ RunTime:0.000462s ]
INFO: [ app_end ] --START--
INFO: Run Behavior\ShowPageTraceBehavior [ RunTime:0.000889s ]
INFO: [ app_end ] --END-- [ RunTime:0.000976s ]

[ 2020-03-27T09:57:29+08:00 ] ::1 /chikwong/NewRPJ/index.php/home/product/product/product_id/2
INFO: [ app_init ] --START--
INFO: Run Behavior\BuildLiteBehavior [ RunTime:0.000015s ]
INFO: [ app_init ] --END-- [ RunTime:0.000438s ]
INFO: [ app_begin ] --START--
INFO: Run Behavior\ReadHtmlCacheBehavior [ RunTime:0.000599s ]
INFO: [ app_begin ] --END-- [ RunTime:0.000651s ]
SQL: SHOW COLUMNS FROM `rpj_company` [ RunTime:0.0538s ]
SQL: SHOW COLUMNS FROM `rpj_product` [ RunTime:0.0535s ]
SQL: SHOW COLUMNS FROM `rpj_brand` [ RunTime:0.0526s ]
SQL: select rpj_product.category_id,
                                            rpj_procategory.category_name
                                from rpj_product
                                inner join rpj_procategory on rpj_product.category_id = rpj_procategory.category_id
                                group by rpj_product.category_id [ RunTime:0.0533s ]
SQL: select rpj_product.brand_id,
                                    rpj_product.category_id,
                                    rpj_brand.brand_name,
                                    rpj_procategory.category_name
                                from rpj_product
                                inner join rpj_brand on rpj_product.brand_id = rpj_brand.brand_id
                                inner join rpj_procategory on rpj_product.category_id = rpj_procategory.category_id
                                group by rpj_product.brand_id,rpj_product.category_id [ RunTime:0.0536s ]
SQL: SHOW COLUMNS FROM `rpj_product_pic` [ RunTime:0.0527s ]
SQL: SELECT * FROM `rpj_company` WHERE `id` = 1 LIMIT 1   [ RunTime:0.0534s ]
SQL: select * from rpj_product
                                inner join rpj_procategory on
                                  rpj_product.category_id = rpj_procategory.category_id
                                inner join rpj_brand on
                                  rpj_product.brand_id    = rpj_brand.brand_id
                                where rpj_product.product_id = 2 [ RunTime:0.0534s ]
SQL: SELECT * FROM `rpj_product_pic` WHERE ( product_id = 2 )  [ RunTime:0.0526s ]
SQL: SELECT * FROM `rpj_brand`  [ RunTime:0.0534s ]
INFO: [ view_parse ] --START--
INFO: [ template_filter ] --START--
INFO: Run Behavior\ContentReplaceBehavior [ RunTime:0.000228s ]
INFO: [ template_filter ] --END-- [ RunTime:0.000295s ]
INFO: Run Behavior\ParseTemplateBehavior [ RunTime:0.020025s ]
INFO: [ view_parse ] --END-- [ RunTime:0.020075s ]
INFO: [ view_filter ] --START--
INFO: Run Behavior\WriteHtmlCacheBehavior [ RunTime:0.000427s ]
INFO: [ view_filter ] --END-- [ RunTime:0.000453s ]
INFO: [ app_end ] --START--
INFO: Run Behavior\ShowPageTraceBehavior [ RunTime:0.000745s ]
INFO: [ app_end ] --END-- [ RunTime:0.000807s ]

[ 2020-03-27T09:57:48+08:00 ] ::1 /chikwong/NewRPJ/index.php/home/product/product/product_id/2
INFO: [ app_init ] --START--
INFO: Run Behavior\BuildLiteBehavior [ RunTime:0.000007s ]
INFO: [ app_init ] --END-- [ RunTime:0.000273s ]
INFO: [ app_begin ] --START--
INFO: Run Behavior\ReadHtmlCacheBehavior [ RunTime:0.000508s ]
INFO: [ app_begin ] --END-- [ RunTime:0.000540s ]
SQL: SHOW COLUMNS FROM `rpj_company` [ RunTime:0.0561s ]
SQL: SHOW COLUMNS FROM `rpj_product` [ RunTime:0.0548s ]
SQL: SHOW COLUMNS FROM `rpj_brand` [ RunTime:0.0534s ]
SQL: select rpj_product.category_id,
                                            rpj_procategory.category_name
                                from rpj_product
                                inner join rpj_procategory on rpj_product.category_id = rpj_procategory.category_id
                                group by rpj_product.category_id [ RunTime:0.0534s ]
SQL: select rpj_product.brand_id,
                                    rpj_product.category_id,
                                    rpj_brand.brand_name,
                                    rpj_procategory.category_name
                                from rpj_product
                                inner join rpj_brand on rpj_product.brand_id = rpj_brand.brand_id
                                inner join rpj_procategory on rpj_product.category_id = rpj_procategory.category_id
                                group by rpj_product.brand_id,rpj_product.category_id [ RunTime:0.0524s ]
SQL: SHOW COLUMNS FROM `rpj_product_pic` [ RunTime:0.0527s ]
SQL: SELECT * FROM `rpj_company` WHERE `id` = 1 LIMIT 1   [ RunTime:0.0529s ]
SQL: select * from rpj_product
                                inner join rpj_procategory on
                                  rpj_product.category_id = rpj_procategory.category_id
                                inner join rpj_brand on
                                  rpj_product.brand_id    = rpj_brand.brand_id
                                where rpj_product.product_id = 2 [ RunTime:0.0537s ]
SQL: SELECT * FROM `rpj_product_pic` WHERE ( product_id = 2 )  [ RunTime:0.0529s ]
SQL: SELECT * FROM `rpj_brand`  [ RunTime:0.0520s ]
INFO: [ view_parse ] --START--
INFO: [ template_filter ] --START--
INFO: Run Behavior\ContentReplaceBehavior [ RunTime:0.000421s ]
INFO: [ template_filter ] --END-- [ RunTime:0.000500s ]
INFO: Run Behavior\ParseTemplateBehavior [ RunTime:0.041533s ]
INFO: [ view_parse ] --END-- [ RunTime:0.041601s ]
INFO: [ view_filter ] --START--
INFO: Run Behavior\WriteHtmlCacheBehavior [ RunTime:0.000626s ]
INFO: [ view_filter ] --END-- [ RunTime:0.000666s ]
INFO: [ app_end ] --START--
INFO: Run Behavior\ShowPageTraceBehavior [ RunTime:0.001063s ]
INFO: [ app_end ] --END-- [ RunTime:0.001142s ]

[ 2020-03-27T10:05:00+08:00 ] ::1 /chikwong/NewRPJ/index.php/home/product/product/product_id/2
INFO: [ app_init ] --START--
INFO: Run Behavior\BuildLiteBehavior [ RunTime:0.000008s ]
INFO: [ app_init ] --END-- [ RunTime:0.000261s ]
INFO: [ app_begin ] --START--
INFO: Run Behavior\ReadHtmlCacheBehavior [ RunTime:0.000521s ]
INFO: [ app_begin ] --END-- [ RunTime:0.000555s ]
SQL: SHOW COLUMNS FROM `rpj_company` [ RunTime:0.0533s ]
SQL: SHOW COLUMNS FROM `rpj_product` [ RunTime:0.0522s ]
SQL: SHOW COLUMNS FROM `rpj_brand` [ RunTime:0.0521s ]
SQL: select rpj_product.category_id,
                                            rpj_procategory.category_name
                                from rpj_product
                                inner join rpj_procategory on rpj_product.category_id = rpj_procategory.category_id
                                group by rpj_product.category_id [ RunTime:0.0522s ]
SQL: select rpj_product.brand_id,
                                    rpj_product.category_id,
                                    rpj_brand.brand_name,
                                    rpj_procategory.category_name
                                from rpj_product
                                inner join rpj_brand on rpj_product.brand_id = rpj_brand.brand_id
                                inner join rpj_procategory on rpj_product.category_id = rpj_procategory.category_id
                                group by rpj_product.brand_id,rpj_product.category_id [ RunTime:0.0524s ]
SQL: SHOW COLUMNS FROM `rpj_product_pic` [ RunTime:0.0526s ]
SQL: SELECT * FROM `rpj_company` WHERE `id` = 1 LIMIT 1   [ RunTime:0.0524s ]
SQL: select * from rpj_product
                                inner join rpj_procategory on
                                  rpj_product.category_id = rpj_procategory.category_id
                                inner join rpj_brand on
                                  rpj_product.brand_id    = rpj_brand.brand_id
                                where rpj_product.product_id = 2 [ RunTime:0.0532s ]
SQL: SELECT * FROM `rpj_product_pic` WHERE ( product_id = 2 )  [ RunTime:0.0515s ]
SQL: SELECT * FROM `rpj_brand`  [ RunTime:0.0531s ]
INFO: [ view_parse ] --START--
INFO: [ template_filter ] --START--
INFO: Run Behavior\ContentReplaceBehavior [ RunTime:0.000229s ]
INFO: [ template_filter ] --END-- [ RunTime:0.000266s ]
INFO: Run Behavior\ParseTemplateBehavior [ RunTime:0.018404s ]
INFO: [ view_parse ] --END-- [ RunTime:0.018452s ]
INFO: [ view_filter ] --START--
INFO: Run Behavior\WriteHtmlCacheBehavior [ RunTime:0.000428s ]
INFO: [ view_filter ] --END-- [ RunTime:0.000454s ]
INFO: [ app_end ] --START--
INFO: Run Behavior\ShowPageTraceBehavior [ RunTime:0.001364s ]
INFO: [ app_end ] --END-- [ RunTime:0.001492s ]

