[ 2020-12-29T21:06:29+08:00 ] ::1 /NewRPJ/
INFO: [ app_init ] --START--
INFO: Run Behavior\BuildLiteBehavior [ RunTime:0.000008s ]
INFO: [ app_init ] --END-- [ RunTime:0.000239s ]
INFO: [ app_begin ] --START--
INFO: Run Behavior\ReadHtmlCacheBehavior [ RunTime:0.000263s ]
INFO: [ app_begin ] --END-- [ RunTime:0.000275s ]
SQL: SHOW COLUMNS FROM `rpj_company` [ RunTime:0.0421s ]
SQL: SHOW COLUMNS FROM `rpj_brand` [ RunTime:0.0526s ]
SQL: select distinct rpj_product.category_id,
                                                     rpj_procategory.category_name
                                     from rpj_product
                                     inner join rpj_procategory on rpj_product.category_id = rpj_procategory.category_id
                                     group by rpj_product.category_id [ RunTime:0.0421s ]
SQL: select distinct rpj_product.brand_id,
                                             rpj_product.category_id,
                                             brand_name
                            from rpj_product
                            inner join rpj_brand
                            on rpj_brand.brand_id = rpj_product.brand_id [ RunTime:0.0416s ]
SQL: SELECT * FROM `rpj_company` WHERE `id` = 1 LIMIT 1   [ RunTime:0.0420s ]
SQL: select * from rpj_product
                                  inner join rpj_procategory on rpj_product.category_id = rpj_procategory.category_id
                                  inner join rpj_brand       on rpj_product.brand_id    = rpj_brand.brand_id [ RunTime:0.0422s ]
SQL: SELECT * FROM `rpj_brand`  [ RunTime:0.0417s ]
INFO: [ view_parse ] --START--
INFO: [ template_filter ] --START--
INFO: Run Behavior\ContentReplaceBehavior [ RunTime:0.000175s ]
INFO: [ template_filter ] --END-- [ RunTime:0.000215s ]
NOTIC: [2] Use of undefined constant brand_id - assumed 'brand_id' (this will throw an Error in a future version of PHP) /Users/chikwongyip/Code/php/NewRPJ/Application/Runtime/Cache/Home/2a94b8bda04ff446dcedd42276fc99ee.php 第 95 行.
NOTIC: [2] Use of undefined constant product_id - assumed 'product_id' (this will throw an Error in a future version of PHP) /Users/chikwongyip/Code/php/NewRPJ/Application/Runtime/Cache/Home/2a94b8bda04ff446dcedd42276fc99ee.php 第 97 行.
NOTIC: [2] Use of undefined constant brand_id - assumed 'brand_id' (this will throw an Error in a future version of PHP) /Users/chikwongyip/Code/php/NewRPJ/Application/Runtime/Cache/Home/2a94b8bda04ff446dcedd42276fc99ee.php 第 95 行.
NOTIC: [2] Use of undefined constant product_id - assumed 'product_id' (this will throw an Error in a future version of PHP) /Users/chikwongyip/Code/php/NewRPJ/Application/Runtime/Cache/Home/2a94b8bda04ff446dcedd42276fc99ee.php 第 97 行.
NOTIC: [2] Use of undefined constant brand_id - assumed 'brand_id' (this will throw an Error in a future version of PHP) /Users/chikwongyip/Code/php/NewRPJ/Application/Runtime/Cache/Home/2a94b8bda04ff446dcedd42276fc99ee.php 第 95 行.
NOTIC: [2] Use of undefined constant product_id - assumed 'product_id' (this will throw an Error in a future version of PHP) /Users/chikwongyip/Code/php/NewRPJ/Application/Runtime/Cache/Home/2a94b8bda04ff446dcedd42276fc99ee.php 第 97 行.
NOTIC: [2] Use of undefined constant category_id - assumed 'category_id' (this will throw an Error in a future version of PHP) /Users/chikwongyip/Code/php/NewRPJ/Application/Runtime/Cache/Home/2a94b8bda04ff446dcedd42276fc99ee.php 第 137 行.
NOTIC: [2] Use of undefined constant brand_id - assumed 'brand_id' (this will throw an Error in a future version of PHP) /Users/chikwongyip/Code/php/NewRPJ/Application/Runtime/Cache/Home/2a94b8bda04ff446dcedd42276fc99ee.php 第 140 行.
NOTIC: [2] Use of undefined constant product_id - assumed 'product_id' (this will throw an Error in a future version of PHP) /Users/chikwongyip/Code/php/NewRPJ/Application/Runtime/Cache/Home/2a94b8bda04ff446dcedd42276fc99ee.php 第 142 行.
NOTIC: [2] Use of undefined constant brand_id - assumed 'brand_id' (this will throw an Error in a future version of PHP) /Users/chikwongyip/Code/php/NewRPJ/Application/Runtime/Cache/Home/2a94b8bda04ff446dcedd42276fc99ee.php 第 140 行.
NOTIC: [2] Use of undefined constant product_id - assumed 'product_id' (this will throw an Error in a future version of PHP) /Users/chikwongyip/Code/php/NewRPJ/Application/Runtime/Cache/Home/2a94b8bda04ff446dcedd42276fc99ee.php 第 142 行.
NOTIC: [2] Use of undefined constant category_id - assumed 'category_id' (this will throw an Error in a future version of PHP) /Users/chikwongyip/Code/php/NewRPJ/Application/Runtime/Cache/Home/2a94b8bda04ff446dcedd42276fc99ee.php 第 137 行.
NOTIC: [2] Use of undefined constant brand_id - assumed 'brand_id' (this will throw an Error in a future version of PHP) /Users/chikwongyip/Code/php/NewRPJ/Application/Runtime/Cache/Home/2a94b8bda04ff446dcedd42276fc99ee.php 第 140 行.
NOTIC: [2] Use of undefined constant product_id - assumed 'product_id' (this will throw an Error in a future version of PHP) /Users/chikwongyip/Code/php/NewRPJ/Application/Runtime/Cache/Home/2a94b8bda04ff446dcedd42276fc99ee.php 第 142 行.
NOTIC: [2] Use of undefined constant product_id - assumed 'product_id' (this will throw an Error in a future version of PHP) /Users/chikwongyip/Code/php/NewRPJ/Application/Runtime/Cache/Home/2a94b8bda04ff446dcedd42276fc99ee.php 第 194 行.
NOTIC: [2] Use of undefined constant product_id - assumed 'product_id' (this will throw an Error in a future version of PHP) /Users/chikwongyip/Code/php/NewRPJ/Application/Runtime/Cache/Home/2a94b8bda04ff446dcedd42276fc99ee.php 第 194 行.
NOTIC: [8] Undefined index: brand_image /Users/chikwongyip/Code/php/NewRPJ/Application/Runtime/Cache/Home/2a94b8bda04ff446dcedd42276fc99ee.php 第 355 行.
NOTIC: [8] Undefined index: brand_image /Users/chikwongyip/Code/php/NewRPJ/Application/Runtime/Cache/Home/2a94b8bda04ff446dcedd42276fc99ee.php 第 355 行.
NOTIC: [8] Undefined index: brand_image /Users/chikwongyip/Code/php/NewRPJ/Application/Runtime/Cache/Home/2a94b8bda04ff446dcedd42276fc99ee.php 第 355 行.
INFO: Run Behavior\ParseTemplateBehavior [ RunTime:0.028995s ]
INFO: [ view_parse ] --END-- [ RunTime:0.029020s ]
INFO: [ view_filter ] --START--
INFO: Run Behavior\WriteHtmlCacheBehavior [ RunTime:0.000265s ]
INFO: [ view_filter ] --END-- [ RunTime:0.000276s ]
INFO: [ app_end ] --START--
INFO: Run Behavior\ShowPageTraceBehavior [ RunTime:0.000385s ]
INFO: [ app_end ] --END-- [ RunTime:0.000399s ]

[ 2020-12-29T21:29:22+08:00 ] ::1 /NewRPJ/index.php/home/prodlist/prodlist.html
INFO: [ app_init ] --START--
INFO: Run Behavior\BuildLiteBehavior [ RunTime:0.000008s ]
INFO: [ app_init ] --END-- [ RunTime:0.000248s ]
INFO: [ app_begin ] --START--
INFO: Run Behavior\ReadHtmlCacheBehavior [ RunTime:0.000281s ]
INFO: [ app_begin ] --END-- [ RunTime:0.000293s ]
SQL: SHOW COLUMNS FROM `rpj_company` [ RunTime:0.0467s ]
SQL: SHOW COLUMNS FROM `rpj_brand` [ RunTime:0.0463s ]
SQL: SHOW COLUMNS FROM `rpj_product` [ RunTime:0.0466s ]
SQL: select distinct rpj_product.category_id,
                                                     rpj_procategory.category_name
                                     from rpj_product
                                     inner join rpj_procategory on rpj_product.category_id = rpj_procategory.category_id
                                     group by rpj_product.category_id [ RunTime:0.0462s ]
SQL: select rpj_product.brand_id,
                                      rpj_product.category_id,
                                      rpj_brand.brand_name,
                                      rpj_procategory.category_name
                                from rpj_product
                                inner join rpj_brand on rpj_product.brand_id = rpj_brand.brand_id
                                inner join rpj_procategory on rpj_product.category_id = rpj_procategory.category_id
                                group by rpj_product.brand_id,rpj_product.category_id [ RunTime:0.0461s ]
SQL: SELECT * FROM `rpj_brand`  [ RunTime:0.0462s ]
SQL: SELECT * FROM `rpj_company` WHERE `id` = 1 LIMIT 1   [ RunTime:0.0464s ]
SQL: select * from rpj_product
                                  inner join rpj_procategory on rpj_product.category_id = rpj_procategory.category_id
                                  inner join rpj_brand       on rpj_product.brand_id    = rpj_brand.brand_id [ RunTime:0.0465s ]
INFO: [ view_parse ] --START--
INFO: [ template_filter ] --START--
INFO: Run Behavior\ContentReplaceBehavior [ RunTime:0.000197s ]
INFO: [ template_filter ] --END-- [ RunTime:0.000216s ]
INFO: Run Behavior\ParseTemplateBehavior [ RunTime:0.024154s ]
INFO: [ view_parse ] --END-- [ RunTime:0.024184s ]
INFO: [ view_filter ] --START--
INFO: Run Behavior\WriteHtmlCacheBehavior [ RunTime:0.000242s ]
INFO: [ view_filter ] --END-- [ RunTime:0.000255s ]
INFO: [ app_end ] --START--
INFO: Run Behavior\ShowPageTraceBehavior [ RunTime:0.000690s ]
INFO: [ app_end ] --END-- [ RunTime:0.000732s ]

[ 2020-12-29T21:29:53+08:00 ] ::1 /NewRPJ/index.php/home/prodlist/index.html
INFO: [ app_init ] --START--
INFO: Run Behavior\BuildLiteBehavior [ RunTime:0.000010s ]
INFO: [ app_init ] --END-- [ RunTime:0.000229s ]
INFO: [ app_begin ] --START--
INFO: Run Behavior\ReadHtmlCacheBehavior [ RunTime:0.000261s ]
INFO: [ app_begin ] --END-- [ RunTime:0.000274s ]
ERR: 非法操作:index

[ 2020-12-29T21:30:05+08:00 ] ::1 /NewRPJ/index.php/home/prodlist/about.html
INFO: [ app_init ] --START--
INFO: Run Behavior\BuildLiteBehavior [ RunTime:0.000007s ]
INFO: [ app_init ] --END-- [ RunTime:0.000180s ]
INFO: [ app_begin ] --START--
INFO: Run Behavior\ReadHtmlCacheBehavior [ RunTime:0.000250s ]
INFO: [ app_begin ] --END-- [ RunTime:0.000263s ]
ERR: 非法操作:about

[ 2020-12-29T21:30:13+08:00 ] ::1 /NewRPJ/index.php/home/prodlist/index.html
INFO: [ app_init ] --START--
INFO: Run Behavior\BuildLiteBehavior [ RunTime:0.000010s ]
INFO: [ app_init ] --END-- [ RunTime:0.000221s ]
INFO: [ app_begin ] --START--
INFO: Run Behavior\ReadHtmlCacheBehavior [ RunTime:0.000259s ]
INFO: [ app_begin ] --END-- [ RunTime:0.000272s ]
ERR: 非法操作:index

[ 2020-12-29T21:30:18+08:00 ] ::1 /NewRPJ/index.php/home/prodlist/my-account.html
INFO: [ app_init ] --START--
INFO: Run Behavior\BuildLiteBehavior [ RunTime:0.000008s ]
INFO: [ app_init ] --END-- [ RunTime:0.000208s ]
INFO: [ app_begin ] --START--
INFO: Run Behavior\ReadHtmlCacheBehavior [ RunTime:0.000242s ]
INFO: [ app_begin ] --END-- [ RunTime:0.000255s ]
ERR: 非法操作:my-account

[ 2020-12-29T21:34:56+08:00 ] ::1 /NewRPJ/index.php/home/prodlist/shop.html
INFO: [ app_init ] --START--
INFO: Run Behavior\BuildLiteBehavior [ RunTime:0.000008s ]
INFO: [ app_init ] --END-- [ RunTime:0.000223s ]
INFO: [ app_begin ] --START--
INFO: Run Behavior\ReadHtmlCacheBehavior [ RunTime:0.000256s ]
INFO: [ app_begin ] --END-- [ RunTime:0.000269s ]
ERR: 非法操作:shop

[ 2020-12-29T21:37:42+08:00 ] ::1 /NewRPJ/index.php/home/index/index
INFO: [ app_init ] --START--
INFO: Run Behavior\BuildLiteBehavior [ RunTime:0.000007s ]
INFO: [ app_init ] --END-- [ RunTime:0.000198s ]
INFO: [ app_begin ] --START--
INFO: Run Behavior\ReadHtmlCacheBehavior [ RunTime:0.000252s ]
INFO: [ app_begin ] --END-- [ RunTime:0.000266s ]
SQL: SHOW COLUMNS FROM `rpj_company` [ RunTime:0.0460s ]
SQL: SHOW COLUMNS FROM `rpj_brand` [ RunTime:0.0462s ]
SQL: select distinct rpj_product.category_id,
                                                     rpj_procategory.category_name
                                     from rpj_product
                                     inner join rpj_procategory on rpj_product.category_id = rpj_procategory.category_id
                                     group by rpj_product.category_id [ RunTime:0.0455s ]
SQL: select distinct rpj_product.brand_id,
                                             rpj_product.category_id,
                                             brand_name
                            from rpj_product
                            inner join rpj_brand
                            on rpj_brand.brand_id = rpj_product.brand_id [ RunTime:0.0459s ]
SQL: SELECT * FROM `rpj_company` WHERE `id` = 1 LIMIT 1   [ RunTime:0.0458s ]
SQL: select * from rpj_product
                                  inner join rpj_procategory on rpj_product.category_id = rpj_procategory.category_id
                                  inner join rpj_brand       on rpj_product.brand_id    = rpj_brand.brand_id [ RunTime:0.0463s ]
SQL: SELECT * FROM `rpj_brand`  [ RunTime:0.0453s ]
INFO: [ view_parse ] --START--
INFO: [ template_filter ] --START--
INFO: Run Behavior\ContentReplaceBehavior [ RunTime:0.000171s ]
INFO: [ template_filter ] --END-- [ RunTime:0.000219s ]
NOTIC: [2] Use of undefined constant brand_id - assumed 'brand_id' (this will throw an Error in a future version of PHP) /Users/chikwongyip/Code/php/NewRPJ/Application/Runtime/Cache/Home/2a94b8bda04ff446dcedd42276fc99ee.php 第 95 行.
NOTIC: [2] Use of undefined constant product_id - assumed 'product_id' (this will throw an Error in a future version of PHP) /Users/chikwongyip/Code/php/NewRPJ/Application/Runtime/Cache/Home/2a94b8bda04ff446dcedd42276fc99ee.php 第 97 行.
NOTIC: [2] Use of undefined constant brand_id - assumed 'brand_id' (this will throw an Error in a future version of PHP) /Users/chikwongyip/Code/php/NewRPJ/Application/Runtime/Cache/Home/2a94b8bda04ff446dcedd42276fc99ee.php 第 95 行.
NOTIC: [2] Use of undefined constant product_id - assumed 'product_id' (this will throw an Error in a future version of PHP) /Users/chikwongyip/Code/php/NewRPJ/Application/Runtime/Cache/Home/2a94b8bda04ff446dcedd42276fc99ee.php 第 97 行.
NOTIC: [2] Use of undefined constant brand_id - assumed 'brand_id' (this will throw an Error in a future version of PHP) /Users/chikwongyip/Code/php/NewRPJ/Application/Runtime/Cache/Home/2a94b8bda04ff446dcedd42276fc99ee.php 第 95 行.
NOTIC: [2] Use of undefined constant product_id - assumed 'product_id' (this will throw an Error in a future version of PHP) /Users/chikwongyip/Code/php/NewRPJ/Application/Runtime/Cache/Home/2a94b8bda04ff446dcedd42276fc99ee.php 第 97 行.
NOTIC: [2] Use of undefined constant category_id - assumed 'category_id' (this will throw an Error in a future version of PHP) /Users/chikwongyip/Code/php/NewRPJ/Application/Runtime/Cache/Home/2a94b8bda04ff446dcedd42276fc99ee.php 第 137 行.
NOTIC: [2] Use of undefined constant brand_id - assumed 'brand_id' (this will throw an Error in a future version of PHP) /Users/chikwongyip/Code/php/NewRPJ/Application/Runtime/Cache/Home/2a94b8bda04ff446dcedd42276fc99ee.php 第 140 行.
NOTIC: [2] Use of undefined constant product_id - assumed 'product_id' (this will throw an Error in a future version of PHP) /Users/chikwongyip/Code/php/NewRPJ/Application/Runtime/Cache/Home/2a94b8bda04ff446dcedd42276fc99ee.php 第 142 行.
NOTIC: [2] Use of undefined constant brand_id - assumed 'brand_id' (this will throw an Error in a future version of PHP) /Users/chikwongyip/Code/php/NewRPJ/Application/Runtime/Cache/Home/2a94b8bda04ff446dcedd42276fc99ee.php 第 140 行.
NOTIC: [2] Use of undefined constant product_id - assumed 'product_id' (this will throw an Error in a future version of PHP) /Users/chikwongyip/Code/php/NewRPJ/Application/Runtime/Cache/Home/2a94b8bda04ff446dcedd42276fc99ee.php 第 142 行.
NOTIC: [2] Use of undefined constant category_id - assumed 'category_id' (this will throw an Error in a future version of PHP) /Users/chikwongyip/Code/php/NewRPJ/Application/Runtime/Cache/Home/2a94b8bda04ff446dcedd42276fc99ee.php 第 137 行.
NOTIC: [2] Use of undefined constant brand_id - assumed 'brand_id' (this will throw an Error in a future version of PHP) /Users/chikwongyip/Code/php/NewRPJ/Application/Runtime/Cache/Home/2a94b8bda04ff446dcedd42276fc99ee.php 第 140 行.
NOTIC: [2] Use of undefined constant product_id - assumed 'product_id' (this will throw an Error in a future version of PHP) /Users/chikwongyip/Code/php/NewRPJ/Application/Runtime/Cache/Home/2a94b8bda04ff446dcedd42276fc99ee.php 第 142 行.
NOTIC: [2] Use of undefined constant product_id - assumed 'product_id' (this will throw an Error in a future version of PHP) /Users/chikwongyip/Code/php/NewRPJ/Application/Runtime/Cache/Home/2a94b8bda04ff446dcedd42276fc99ee.php 第 194 行.
NOTIC: [2] Use of undefined constant product_id - assumed 'product_id' (this will throw an Error in a future version of PHP) /Users/chikwongyip/Code/php/NewRPJ/Application/Runtime/Cache/Home/2a94b8bda04ff446dcedd42276fc99ee.php 第 194 行.
NOTIC: [8] Undefined index: brand_image /Users/chikwongyip/Code/php/NewRPJ/Application/Runtime/Cache/Home/2a94b8bda04ff446dcedd42276fc99ee.php 第 355 行.
NOTIC: [8] Undefined index: brand_image /Users/chikwongyip/Code/php/NewRPJ/Application/Runtime/Cache/Home/2a94b8bda04ff446dcedd42276fc99ee.php 第 355 行.
NOTIC: [8] Undefined index: brand_image /Users/chikwongyip/Code/php/NewRPJ/Application/Runtime/Cache/Home/2a94b8bda04ff446dcedd42276fc99ee.php 第 355 行.
INFO: Run Behavior\ParseTemplateBehavior [ RunTime:0.027912s ]
INFO: [ view_parse ] --END-- [ RunTime:0.027933s ]
INFO: [ view_filter ] --START--
INFO: Run Behavior\WriteHtmlCacheBehavior [ RunTime:0.000183s ]
INFO: [ view_filter ] --END-- [ RunTime:0.000193s ]
INFO: [ app_end ] --START--
INFO: Run Behavior\ShowPageTraceBehavior [ RunTime:0.000376s ]
INFO: [ app_end ] --END-- [ RunTime:0.000386s ]

[ 2020-12-29T21:37:46+08:00 ] ::1 /NewRPJ/index.php/home/index/index.html
INFO: [ app_init ] --START--
INFO: Run Behavior\BuildLiteBehavior [ RunTime:0.000006s ]
INFO: [ app_init ] --END-- [ RunTime:0.000205s ]
INFO: [ app_begin ] --START--
INFO: Run Behavior\ReadHtmlCacheBehavior [ RunTime:0.000238s ]
INFO: [ app_begin ] --END-- [ RunTime:0.000250s ]
SQL: SHOW COLUMNS FROM `rpj_company` [ RunTime:0.0430s ]
SQL: SHOW COLUMNS FROM `rpj_brand` [ RunTime:0.0428s ]
SQL: select distinct rpj_product.category_id,
                                                     rpj_procategory.category_name
                                     from rpj_product
                                     inner join rpj_procategory on rpj_product.category_id = rpj_procategory.category_id
                                     group by rpj_product.category_id [ RunTime:0.0426s ]
SQL: select distinct rpj_product.brand_id,
                                             rpj_product.category_id,
                                             brand_name
                            from rpj_product
                            inner join rpj_brand
                            on rpj_brand.brand_id = rpj_product.brand_id [ RunTime:0.0427s ]
SQL: SELECT * FROM `rpj_company` WHERE `id` = 1 LIMIT 1   [ RunTime:0.0427s ]
SQL: select * from rpj_product
                                  inner join rpj_procategory on rpj_product.category_id = rpj_procategory.category_id
                                  inner join rpj_brand       on rpj_product.brand_id    = rpj_brand.brand_id [ RunTime:0.0429s ]
SQL: SELECT * FROM `rpj_brand`  [ RunTime:0.0424s ]
INFO: [ view_parse ] --START--
INFO: [ template_filter ] --START--
INFO: Run Behavior\ContentReplaceBehavior [ RunTime:0.000180s ]
INFO: [ template_filter ] --END-- [ RunTime:0.000214s ]
NOTIC: [2] Use of undefined constant brand_id - assumed 'brand_id' (this will throw an Error in a future version of PHP) /Users/chikwongyip/Code/php/NewRPJ/Application/Runtime/Cache/Home/2a94b8bda04ff446dcedd42276fc99ee.php 第 95 行.
NOTIC: [2] Use of undefined constant product_id - assumed 'product_id' (this will throw an Error in a future version of PHP) /Users/chikwongyip/Code/php/NewRPJ/Application/Runtime/Cache/Home/2a94b8bda04ff446dcedd42276fc99ee.php 第 97 行.
NOTIC: [2] Use of undefined constant brand_id - assumed 'brand_id' (this will throw an Error in a future version of PHP) /Users/chikwongyip/Code/php/NewRPJ/Application/Runtime/Cache/Home/2a94b8bda04ff446dcedd42276fc99ee.php 第 95 行.
NOTIC: [2] Use of undefined constant product_id - assumed 'product_id' (this will throw an Error in a future version of PHP) /Users/chikwongyip/Code/php/NewRPJ/Application/Runtime/Cache/Home/2a94b8bda04ff446dcedd42276fc99ee.php 第 97 行.
NOTIC: [2] Use of undefined constant brand_id - assumed 'brand_id' (this will throw an Error in a future version of PHP) /Users/chikwongyip/Code/php/NewRPJ/Application/Runtime/Cache/Home/2a94b8bda04ff446dcedd42276fc99ee.php 第 95 行.
NOTIC: [2] Use of undefined constant product_id - assumed 'product_id' (this will throw an Error in a future version of PHP) /Users/chikwongyip/Code/php/NewRPJ/Application/Runtime/Cache/Home/2a94b8bda04ff446dcedd42276fc99ee.php 第 97 行.
NOTIC: [2] Use of undefined constant category_id - assumed 'category_id' (this will throw an Error in a future version of PHP) /Users/chikwongyip/Code/php/NewRPJ/Application/Runtime/Cache/Home/2a94b8bda04ff446dcedd42276fc99ee.php 第 137 行.
NOTIC: [2] Use of undefined constant brand_id - assumed 'brand_id' (this will throw an Error in a future version of PHP) /Users/chikwongyip/Code/php/NewRPJ/Application/Runtime/Cache/Home/2a94b8bda04ff446dcedd42276fc99ee.php 第 140 行.
NOTIC: [2] Use of undefined constant product_id - assumed 'product_id' (this will throw an Error in a future version of PHP) /Users/chikwongyip/Code/php/NewRPJ/Application/Runtime/Cache/Home/2a94b8bda04ff446dcedd42276fc99ee.php 第 142 行.
NOTIC: [2] Use of undefined constant brand_id - assumed 'brand_id' (this will throw an Error in a future version of PHP) /Users/chikwongyip/Code/php/NewRPJ/Application/Runtime/Cache/Home/2a94b8bda04ff446dcedd42276fc99ee.php 第 140 行.
NOTIC: [2] Use of undefined constant product_id - assumed 'product_id' (this will throw an Error in a future version of PHP) /Users/chikwongyip/Code/php/NewRPJ/Application/Runtime/Cache/Home/2a94b8bda04ff446dcedd42276fc99ee.php 第 142 行.
NOTIC: [2] Use of undefined constant category_id - assumed 'category_id' (this will throw an Error in a future version of PHP) /Users/chikwongyip/Code/php/NewRPJ/Application/Runtime/Cache/Home/2a94b8bda04ff446dcedd42276fc99ee.php 第 137 行.
NOTIC: [2] Use of undefined constant brand_id - assumed 'brand_id' (this will throw an Error in a future version of PHP) /Users/chikwongyip/Code/php/NewRPJ/Application/Runtime/Cache/Home/2a94b8bda04ff446dcedd42276fc99ee.php 第 140 行.
NOTIC: [2] Use of undefined constant product_id - assumed 'product_id' (this will throw an Error in a future version of PHP) /Users/chikwongyip/Code/php/NewRPJ/Application/Runtime/Cache/Home/2a94b8bda04ff446dcedd42276fc99ee.php 第 142 行.
NOTIC: [2] Use of undefined constant product_id - assumed 'product_id' (this will throw an Error in a future version of PHP) /Users/chikwongyip/Code/php/NewRPJ/Application/Runtime/Cache/Home/2a94b8bda04ff446dcedd42276fc99ee.php 第 194 行.
NOTIC: [2] Use of undefined constant product_id - assumed 'product_id' (this will throw an Error in a future version of PHP) /Users/chikwongyip/Code/php/NewRPJ/Application/Runtime/Cache/Home/2a94b8bda04ff446dcedd42276fc99ee.php 第 194 行.
NOTIC: [8] Undefined index: brand_image /Users/chikwongyip/Code/php/NewRPJ/Application/Runtime/Cache/Home/2a94b8bda04ff446dcedd42276fc99ee.php 第 355 行.
NOTIC: [8] Undefined index: brand_image /Users/chikwongyip/Code/php/NewRPJ/Application/Runtime/Cache/Home/2a94b8bda04ff446dcedd42276fc99ee.php 第 355 行.
NOTIC: [8] Undefined index: brand_image /Users/chikwongyip/Code/php/NewRPJ/Application/Runtime/Cache/Home/2a94b8bda04ff446dcedd42276fc99ee.php 第 355 行.
INFO: Run Behavior\ParseTemplateBehavior [ RunTime:0.028293s ]
INFO: [ view_parse ] --END-- [ RunTime:0.028318s ]
INFO: [ view_filter ] --START--
INFO: Run Behavior\WriteHtmlCacheBehavior [ RunTime:0.000198s ]
INFO: [ view_filter ] --END-- [ RunTime:0.000210s ]
INFO: [ app_end ] --START--
INFO: Run Behavior\ShowPageTraceBehavior [ RunTime:0.000364s ]
INFO: [ app_end ] --END-- [ RunTime:0.000376s ]

[ 2020-12-29T21:37:54+08:00 ] ::1 /NewRPJ/index.php/home/prodlist/listwithboth/brand_id/12/category_id/2.html
INFO: [ app_init ] --START--
INFO: Run Behavior\BuildLiteBehavior [ RunTime:0.000010s ]
INFO: [ app_init ] --END-- [ RunTime:0.000221s ]
INFO: [ app_begin ] --START--
INFO: Run Behavior\ReadHtmlCacheBehavior [ RunTime:0.000241s ]
INFO: [ app_begin ] --END-- [ RunTime:0.000255s ]
SQL: SHOW COLUMNS FROM `rpj_company` [ RunTime:0.0409s ]
SQL: SHOW COLUMNS FROM `rpj_brand` [ RunTime:0.0408s ]
SQL: select distinct rpj_product.category_id,
                                                     rpj_procategory.category_name
                                     from rpj_product
                                     inner join rpj_procategory on rpj_product.category_id = rpj_procategory.category_id
                                     group by rpj_product.category_id [ RunTime:0.0406s ]
SQL: select rpj_product.brand_id,
                                      rpj_product.category_id,
                                      rpj_brand.brand_name,
                                      rpj_procategory.category_name
                                from rpj_product
                                inner join rpj_brand on rpj_product.brand_id = rpj_brand.brand_id
                                inner join rpj_procategory on rpj_product.category_id = rpj_procategory.category_id
                                group by rpj_product.brand_id,rpj_product.category_id [ RunTime:0.0406s ]
SQL: SELECT * FROM `rpj_company` WHERE `id` = 1 LIMIT 1   [ RunTime:0.0407s ]
SQL: select * from rpj_product
                                   inner join rpj_procategory on rpj_product.category_id = rpj_procategory.category_id
                                   inner join rpj_brand on       rpj_product.brand_id    = rpj_brand.brand_id
                                   where rpj_product.category_id = 2
                                     and rpj_product.brand_id    = 12 [ RunTime:0.0411s ]
SQL: SELECT * FROM `rpj_brand`  [ RunTime:0.0404s ]
INFO: [ view_parse ] --START--
INFO: [ template_filter ] --START--
INFO: Run Behavior\ContentReplaceBehavior [ RunTime:0.000144s ]
INFO: [ template_filter ] --END-- [ RunTime:0.000168s ]
INFO: Run Behavior\ParseTemplateBehavior [ RunTime:0.025697s ]
INFO: [ view_parse ] --END-- [ RunTime:0.025724s ]
INFO: [ view_filter ] --START--
INFO: Run Behavior\WriteHtmlCacheBehavior [ RunTime:0.000144s ]
INFO: [ view_filter ] --END-- [ RunTime:0.000153s ]
INFO: [ app_end ] --START--
INFO: Run Behavior\ShowPageTraceBehavior [ RunTime:0.000333s ]
INFO: [ app_end ] --END-- [ RunTime:0.000344s ]

[ 2020-12-29T21:39:04+08:00 ] ::1 /NewRPJ/
INFO: [ app_init ] --START--
INFO: Run Behavior\BuildLiteBehavior [ RunTime:0.000009s ]
INFO: [ app_init ] --END-- [ RunTime:0.000190s ]
INFO: [ app_begin ] --START--
INFO: Run Behavior\ReadHtmlCacheBehavior [ RunTime:0.000237s ]
INFO: [ app_begin ] --END-- [ RunTime:0.000249s ]
SQL: SHOW COLUMNS FROM `rpj_company` [ RunTime:0.0475s ]
SQL: SHOW COLUMNS FROM `rpj_brand` [ RunTime:0.0445s ]
SQL: select distinct rpj_product.category_id,
                                                     rpj_procategory.category_name
                                     from rpj_product
                                     inner join rpj_procategory on rpj_product.category_id = rpj_procategory.category_id
                                     group by rpj_product.category_id [ RunTime:0.0440s ]
SQL: select distinct rpj_product.brand_id,
                                             rpj_product.category_id,
                                             brand_name
                            from rpj_product
                            inner join rpj_brand
                            on rpj_brand.brand_id = rpj_product.brand_id [ RunTime:0.0441s ]
SQL: SELECT * FROM `rpj_company` WHERE `id` = 1 LIMIT 1   [ RunTime:0.0443s ]
SQL: select * from rpj_product
                                  inner join rpj_procategory on rpj_product.category_id = rpj_procategory.category_id
                                  inner join rpj_brand       on rpj_product.brand_id    = rpj_brand.brand_id [ RunTime:0.0445s ]
SQL: SELECT * FROM `rpj_brand`  [ RunTime:0.0441s ]
INFO: [ view_parse ] --START--
INFO: [ template_filter ] --START--
INFO: Run Behavior\ContentReplaceBehavior [ RunTime:0.000149s ]
INFO: [ template_filter ] --END-- [ RunTime:0.000185s ]
NOTIC: [2] Use of undefined constant brand_id - assumed 'brand_id' (this will throw an Error in a future version of PHP) /Users/chikwongyip/Code/php/NewRPJ/Application/Runtime/Cache/Home/2a94b8bda04ff446dcedd42276fc99ee.php 第 95 行.
NOTIC: [2] Use of undefined constant product_id - assumed 'product_id' (this will throw an Error in a future version of PHP) /Users/chikwongyip/Code/php/NewRPJ/Application/Runtime/Cache/Home/2a94b8bda04ff446dcedd42276fc99ee.php 第 97 行.
NOTIC: [2] Use of undefined constant brand_id - assumed 'brand_id' (this will throw an Error in a future version of PHP) /Users/chikwongyip/Code/php/NewRPJ/Application/Runtime/Cache/Home/2a94b8bda04ff446dcedd42276fc99ee.php 第 95 行.
NOTIC: [2] Use of undefined constant product_id - assumed 'product_id' (this will throw an Error in a future version of PHP) /Users/chikwongyip/Code/php/NewRPJ/Application/Runtime/Cache/Home/2a94b8bda04ff446dcedd42276fc99ee.php 第 97 行.
NOTIC: [2] Use of undefined constant brand_id - assumed 'brand_id' (this will throw an Error in a future version of PHP) /Users/chikwongyip/Code/php/NewRPJ/Application/Runtime/Cache/Home/2a94b8bda04ff446dcedd42276fc99ee.php 第 95 行.
NOTIC: [2] Use of undefined constant product_id - assumed 'product_id' (this will throw an Error in a future version of PHP) /Users/chikwongyip/Code/php/NewRPJ/Application/Runtime/Cache/Home/2a94b8bda04ff446dcedd42276fc99ee.php 第 97 行.
NOTIC: [2] Use of undefined constant category_id - assumed 'category_id' (this will throw an Error in a future version of PHP) /Users/chikwongyip/Code/php/NewRPJ/Application/Runtime/Cache/Home/2a94b8bda04ff446dcedd42276fc99ee.php 第 137 行.
NOTIC: [2] Use of undefined constant brand_id - assumed 'brand_id' (this will throw an Error in a future version of PHP) /Users/chikwongyip/Code/php/NewRPJ/Application/Runtime/Cache/Home/2a94b8bda04ff446dcedd42276fc99ee.php 第 140 行.
NOTIC: [2] Use of undefined constant product_id - assumed 'product_id' (this will throw an Error in a future version of PHP) /Users/chikwongyip/Code/php/NewRPJ/Application/Runtime/Cache/Home/2a94b8bda04ff446dcedd42276fc99ee.php 第 142 行.
NOTIC: [2] Use of undefined constant brand_id - assumed 'brand_id' (this will throw an Error in a future version of PHP) /Users/chikwongyip/Code/php/NewRPJ/Application/Runtime/Cache/Home/2a94b8bda04ff446dcedd42276fc99ee.php 第 140 行.
NOTIC: [2] Use of undefined constant product_id - assumed 'product_id' (this will throw an Error in a future version of PHP) /Users/chikwongyip/Code/php/NewRPJ/Application/Runtime/Cache/Home/2a94b8bda04ff446dcedd42276fc99ee.php 第 142 行.
NOTIC: [2] Use of undefined constant category_id - assumed 'category_id' (this will throw an Error in a future version of PHP) /Users/chikwongyip/Code/php/NewRPJ/Application/Runtime/Cache/Home/2a94b8bda04ff446dcedd42276fc99ee.php 第 137 行.
NOTIC: [2] Use of undefined constant brand_id - assumed 'brand_id' (this will throw an Error in a future version of PHP) /Users/chikwongyip/Code/php/NewRPJ/Application/Runtime/Cache/Home/2a94b8bda04ff446dcedd42276fc99ee.php 第 140 行.
NOTIC: [2] Use of undefined constant product_id - assumed 'product_id' (this will throw an Error in a future version of PHP) /Users/chikwongyip/Code/php/NewRPJ/Application/Runtime/Cache/Home/2a94b8bda04ff446dcedd42276fc99ee.php 第 142 行.
NOTIC: [2] Use of undefined constant product_id - assumed 'product_id' (this will throw an Error in a future version of PHP) /Users/chikwongyip/Code/php/NewRPJ/Application/Runtime/Cache/Home/2a94b8bda04ff446dcedd42276fc99ee.php 第 194 行.
NOTIC: [2] Use of undefined constant product_id - assumed 'product_id' (this will throw an Error in a future version of PHP) /Users/chikwongyip/Code/php/NewRPJ/Application/Runtime/Cache/Home/2a94b8bda04ff446dcedd42276fc99ee.php 第 194 行.
NOTIC: [8] Undefined index: brand_image /Users/chikwongyip/Code/php/NewRPJ/Application/Runtime/Cache/Home/2a94b8bda04ff446dcedd42276fc99ee.php 第 355 行.
NOTIC: [8] Undefined index: brand_image /Users/chikwongyip/Code/php/NewRPJ/Application/Runtime/Cache/Home/2a94b8bda04ff446dcedd42276fc99ee.php 第 355 行.
NOTIC: [8] Undefined index: brand_image /Users/chikwongyip/Code/php/NewRPJ/Application/Runtime/Cache/Home/2a94b8bda04ff446dcedd42276fc99ee.php 第 355 行.
INFO: Run Behavior\ParseTemplateBehavior [ RunTime:0.030547s ]
INFO: [ view_parse ] --END-- [ RunTime:0.030573s ]
INFO: [ view_filter ] --START--
INFO: Run Behavior\WriteHtmlCacheBehavior [ RunTime:0.000165s ]
INFO: [ view_filter ] --END-- [ RunTime:0.000175s ]
INFO: [ app_end ] --START--
INFO: Run Behavior\ShowPageTraceBehavior [ RunTime:0.000351s ]
INFO: [ app_end ] --END-- [ RunTime:0.000362s ]

