[ 2020-12-22T21:13:54+08:00 ] ::1 /NewRPJ/
INFO: [ app_init ] --START--
INFO: Run Behavior\BuildLiteBehavior [ RunTime:0.000005s ]
INFO: [ app_init ] --END-- [ RunTime:0.000211s ]
INFO: [ app_begin ] --START--
INFO: Run Behavior\ReadHtmlCacheBehavior [ RunTime:0.000240s ]
INFO: [ app_begin ] --END-- [ RunTime:0.000252s ]
SQL: SHOW COLUMNS FROM `rpj_company` [ RunTime:0.0479s ]
SQL: SHOW COLUMNS FROM `rpj_brand` [ RunTime:0.0472s ]
SQL: select distinct rpj_product.category_id,
                                                     rpj_procategory.category_name
                                     from rpj_product
                                     inner join rpj_procategory on rpj_product.category_id = rpj_procategory.category_id
                                     group by rpj_product.category_id [ RunTime:0.0473s ]
SQL: select distinct rpj_product.brand_id,
                                             rpj_product.category_id,
                                             brand_name
                            from rpj_product
                            inner join rpj_brand
                            on rpj_brand.brand_id = rpj_product.brand_id [ RunTime:0.0472s ]
SQL: SELECT * FROM `rpj_company` WHERE `id` = 1 LIMIT 1   [ RunTime:0.0472s ]
SQL: select * from rpj_product
                                  inner join rpj_procategory on rpj_product.category_id = rpj_procategory.category_id
                                  inner join rpj_brand       on rpj_product.brand_id    = rpj_brand.brand_id [ RunTime:0.0477s ]
SQL: SELECT * FROM `rpj_brand`  [ RunTime:0.0470s ]
INFO: [ view_parse ] --START--
INFO: [ template_filter ] --START--
INFO: Run Behavior\ContentReplaceBehavior [ RunTime:0.000151s ]
INFO: [ template_filter ] --END-- [ RunTime:0.000176s ]
NOTIC: [2] Use of undefined constant brand_id - assumed 'brand_id' (this will throw an Error in a future version of PHP) /Users/chikwongyip/Code/php/NewRPJ/Application/Runtime/Cache/Home/2a94b8bda04ff446dcedd42276fc99ee.php 第 95 行.
NOTIC: [2] Use of undefined constant product_id - assumed 'product_id' (this will throw an Error in a future version of PHP) /Users/chikwongyip/Code/php/NewRPJ/Application/Runtime/Cache/Home/2a94b8bda04ff446dcedd42276fc99ee.php 第 97 行.
NOTIC: [2] Use of undefined constant brand_id - assumed 'brand_id' (this will throw an Error in a future version of PHP) /Users/chikwongyip/Code/php/NewRPJ/Application/Runtime/Cache/Home/2a94b8bda04ff446dcedd42276fc99ee.php 第 95 行.
NOTIC: [2] Use of undefined constant product_id - assumed 'product_id' (this will throw an Error in a future version of PHP) /Users/chikwongyip/Code/php/NewRPJ/Application/Runtime/Cache/Home/2a94b8bda04ff446dcedd42276fc99ee.php 第 97 行.
NOTIC: [2] Use of undefined constant brand_id - assumed 'brand_id' (this will throw an Error in a future version of PHP) /Users/chikwongyip/Code/php/NewRPJ/Application/Runtime/Cache/Home/2a94b8bda04ff446dcedd42276fc99ee.php 第 95 行.
NOTIC: [2] Use of undefined constant product_id - assumed 'product_id' (this will throw an Error in a future version of PHP) /Users/chikwongyip/Code/php/NewRPJ/Application/Runtime/Cache/Home/2a94b8bda04ff446dcedd42276fc99ee.php 第 97 行.
NOTIC: [2] Use of undefined constant category_id - assumed 'category_id' (this will throw an Error in a future version of PHP) /Users/chikwongyip/Code/php/NewRPJ/Application/Runtime/Cache/Home/2a94b8bda04ff446dcedd42276fc99ee.php 第 137 行.
NOTIC: [2] Use of undefined constant brand_id - assumed 'brand_id' (this will throw an Error in a future version of PHP) /Users/chikwongyip/Code/php/NewRPJ/Application/Runtime/Cache/Home/2a94b8bda04ff446dcedd42276fc99ee.php 第 140 行.
NOTIC: [2] Use of undefined constant product_id - assumed 'product_id' (this will throw an Error in a future version of PHP) /Users/chikwongyip/Code/php/NewRPJ/Application/Runtime/Cache/Home/2a94b8bda04ff446dcedd42276fc99ee.php 第 142 行.
NOTIC: [2] Use of undefined constant brand_id - assumed 'brand_id' (this will throw an Error in a future version of PHP) /Users/chikwongyip/Code/php/NewRPJ/Application/Runtime/Cache/Home/2a94b8bda04ff446dcedd42276fc99ee.php 第 140 行.
NOTIC: [2] Use of undefined constant product_id - assumed 'product_id' (this will throw an Error in a future version of PHP) /Users/chikwongyip/Code/php/NewRPJ/Application/Runtime/Cache/Home/2a94b8bda04ff446dcedd42276fc99ee.php 第 142 行.
NOTIC: [2] Use of undefined constant category_id - assumed 'category_id' (this will throw an Error in a future version of PHP) /Users/chikwongyip/Code/php/NewRPJ/Application/Runtime/Cache/Home/2a94b8bda04ff446dcedd42276fc99ee.php 第 137 行.
NOTIC: [2] Use of undefined constant brand_id - assumed 'brand_id' (this will throw an Error in a future version of PHP) /Users/chikwongyip/Code/php/NewRPJ/Application/Runtime/Cache/Home/2a94b8bda04ff446dcedd42276fc99ee.php 第 140 行.
NOTIC: [2] Use of undefined constant product_id - assumed 'product_id' (this will throw an Error in a future version of PHP) /Users/chikwongyip/Code/php/NewRPJ/Application/Runtime/Cache/Home/2a94b8bda04ff446dcedd42276fc99ee.php 第 142 行.
NOTIC: [2] Use of undefined constant product_id - assumed 'product_id' (this will throw an Error in a future version of PHP) /Users/chikwongyip/Code/php/NewRPJ/Application/Runtime/Cache/Home/2a94b8bda04ff446dcedd42276fc99ee.php 第 194 行.
NOTIC: [2] Use of undefined constant product_id - assumed 'product_id' (this will throw an Error in a future version of PHP) /Users/chikwongyip/Code/php/NewRPJ/Application/Runtime/Cache/Home/2a94b8bda04ff446dcedd42276fc99ee.php 第 194 行.
NOTIC: [8] Undefined index: brand_image /Users/chikwongyip/Code/php/NewRPJ/Application/Runtime/Cache/Home/2a94b8bda04ff446dcedd42276fc99ee.php 第 355 行.
NOTIC: [8] Undefined index: brand_image /Users/chikwongyip/Code/php/NewRPJ/Application/Runtime/Cache/Home/2a94b8bda04ff446dcedd42276fc99ee.php 第 355 行.
NOTIC: [8] Undefined index: brand_image /Users/chikwongyip/Code/php/NewRPJ/Application/Runtime/Cache/Home/2a94b8bda04ff446dcedd42276fc99ee.php 第 355 行.
INFO: Run Behavior\ParseTemplateBehavior [ RunTime:0.029067s ]
INFO: [ view_parse ] --END-- [ RunTime:0.029122s ]
INFO: [ view_filter ] --START--
INFO: Run Behavior\WriteHtmlCacheBehavior [ RunTime:0.000215s ]
INFO: [ view_filter ] --END-- [ RunTime:0.000228s ]
INFO: [ app_end ] --START--
INFO: Run Behavior\ShowPageTraceBehavior [ RunTime:0.000338s ]
INFO: [ app_end ] --END-- [ RunTime:0.000349s ]

[ 2020-12-22T21:14:02+08:00 ] ::1 /NewRPJ/index.php/home/prodlist/prodlist.html
INFO: [ app_init ] --START--
INFO: Run Behavior\BuildLiteBehavior [ RunTime:0.000006s ]
INFO: [ app_init ] --END-- [ RunTime:0.000191s ]
INFO: [ app_begin ] --START--
INFO: Run Behavior\ReadHtmlCacheBehavior [ RunTime:0.000233s ]
INFO: [ app_begin ] --END-- [ RunTime:0.000245s ]
SQL: SHOW COLUMNS FROM `rpj_company` [ RunTime:0.0395s ]
SQL: SHOW COLUMNS FROM `rpj_brand` [ RunTime:0.0393s ]
SQL: SHOW COLUMNS FROM `rpj_product` [ RunTime:0.0390s ]
SQL: select distinct rpj_product.category_id,
                                                     rpj_procategory.category_name
                                     from rpj_product
                                     inner join rpj_procategory on rpj_product.category_id = rpj_procategory.category_id
                                     group by rpj_product.category_id [ RunTime:0.0390s ]
SQL: select rpj_product.brand_id,
                                      rpj_product.category_id,
                                      rpj_brand.brand_name,
                                      rpj_procategory.category_name
                                from rpj_product
                                inner join rpj_brand on rpj_product.brand_id = rpj_brand.brand_id
                                inner join rpj_procategory on rpj_product.category_id = rpj_procategory.category_id
                                group by rpj_product.brand_id,rpj_product.category_id [ RunTime:0.0393s ]
SQL: SELECT * FROM `rpj_brand`  [ RunTime:0.0390s ]
SQL: SELECT * FROM `rpj_company` WHERE `id` = 1 LIMIT 1   [ RunTime:0.0393s ]
SQL: select * from rpj_product
                                  inner join rpj_procategory on rpj_product.category_id = rpj_procategory.category_id
                                  inner join rpj_brand       on rpj_product.brand_id    = rpj_brand.brand_id [ RunTime:0.0392s ]
INFO: [ view_parse ] --START--
INFO: [ template_filter ] --START--
INFO: Run Behavior\ContentReplaceBehavior [ RunTime:0.000157s ]
INFO: [ template_filter ] --END-- [ RunTime:0.000181s ]
INFO: Run Behavior\ParseTemplateBehavior [ RunTime:0.024639s ]
INFO: [ view_parse ] --END-- [ RunTime:0.024661s ]
INFO: [ view_filter ] --START--
INFO: Run Behavior\WriteHtmlCacheBehavior [ RunTime:0.000121s ]
INFO: [ view_filter ] --END-- [ RunTime:0.000131s ]
INFO: [ app_end ] --START--
INFO: Run Behavior\ShowPageTraceBehavior [ RunTime:0.000386s ]
INFO: [ app_end ] --END-- [ RunTime:0.000403s ]

