[ 2021-02-24T21:56:11+08:00 ] ::1 /NewRPJ/
INFO: [ app_init ] --START--
INFO: Run Behavior\BuildLiteBehavior [ RunTime:0.000007s ]
INFO: [ app_init ] --END-- [ RunTime:0.000336s ]
INFO: [ app_begin ] --START--
INFO: Run Behavior\ReadHtmlCacheBehavior [ RunTime:0.000399s ]
INFO: [ app_begin ] --END-- [ RunTime:0.000412s ]
SQL: SHOW COLUMNS FROM `rpj_company` [ RunTime:0.0510s ]
SQL: SHOW COLUMNS FROM `rpj_brand` [ RunTime:0.0486s ]
SQL: select distinct rpj_product.category_id,
                                                     rpj_procategory.category_name
                                     from rpj_product
                                     inner join rpj_procategory on rpj_product.category_id = rpj_procategory.category_id
                                     group by rpj_product.category_id [ RunTime:0.0478s ]
SQL: select distinct rpj_product.brand_id,
                                             rpj_product.category_id,
                                             brand_name
                            from rpj_product
                            inner join rpj_brand
                            on rpj_brand.brand_id = rpj_product.brand_id [ RunTime:0.0484s ]
SQL: SELECT * FROM `rpj_company` WHERE `id` = 1 LIMIT 1   [ RunTime:0.0478s ]
SQL: select * from rpj_product
                                  inner join rpj_procategory on rpj_product.category_id = rpj_procategory.category_id
                                  inner join rpj_brand       on rpj_product.brand_id    = rpj_brand.brand_id [ RunTime:0.0477s ]
SQL: SELECT * FROM `rpj_brand`  [ RunTime:0.0470s ]
INFO: [ view_parse ] --START--
INFO: [ template_filter ] --START--
INFO: Run Behavior\ContentReplaceBehavior [ RunTime:0.000177s ]
INFO: [ template_filter ] --END-- [ RunTime:0.000205s ]
NOTIC: [2] Use of undefined constant category_id - assumed 'category_id' (this will throw an Error in a future version of PHP) /Users/chikwongyip/Code/php/NewRPJ/Application/Runtime/Cache/Home/2a94b8bda04ff446dcedd42276fc99ee.php 第 137 行.
NOTIC: [2] Use of undefined constant category_id - assumed 'category_id' (this will throw an Error in a future version of PHP) /Users/chikwongyip/Code/php/NewRPJ/Application/Runtime/Cache/Home/2a94b8bda04ff446dcedd42276fc99ee.php 第 137 行.
INFO: Run Behavior\ParseTemplateBehavior [ RunTime:0.023320s ]
INFO: [ view_parse ] --END-- [ RunTime:0.023337s ]
INFO: [ view_filter ] --START--
INFO: Run Behavior\WriteHtmlCacheBehavior [ RunTime:0.000306s ]
INFO: [ view_filter ] --END-- [ RunTime:0.000317s ]
INFO: [ app_end ] --START--
INFO: Run Behavior\ShowPageTraceBehavior [ RunTime:0.000721s ]
INFO: [ app_end ] --END-- [ RunTime:0.000761s ]

