[ 2021-05-07T20:57:51+08:00 ] ::1 /NewRPJ/
INFO: [ app_init ] --START--
INFO: Run Behavior\BuildLiteBehavior [ RunTime:0.000015s ]
INFO: [ app_init ] --END-- [ RunTime:0.000501s ]
INFO: [ app_begin ] --START--
INFO: Run Behavior\ReadHtmlCacheBehavior [ RunTime:0.000660s ]
INFO: [ app_begin ] --END-- [ RunTime:0.000680s ]
SQL: SHOW COLUMNS FROM `rpj_company` [ RunTime:0.0431s ]
SQL: SHOW COLUMNS FROM `rpj_brand` [ RunTime:0.0426s ]
SQL: select distinct rpj_product.category_id,
                                                     rpj_procategory.category_name
                                     from rpj_product
                                     inner join rpj_procategory on rpj_product.category_id = rpj_procategory.category_id
                                     group by rpj_product.category_id [ RunTime:0.0425s ]
SQL: select distinct rpj_product.brand_id,
                                             rpj_product.category_id,
                                             brand_name
                            from rpj_product
                            inner join rpj_brand
                            on rpj_brand.brand_id = rpj_product.brand_id [ RunTime:0.0431s ]
SQL: SELECT * FROM `rpj_company` WHERE `id` = 1 LIMIT 1   [ RunTime:0.0430s ]
SQL: select * from rpj_product
                                  inner join rpj_procategory on rpj_product.category_id = rpj_procategory.category_id
                                  inner join rpj_brand       on rpj_product.brand_id    = rpj_brand.brand_id [ RunTime:0.0430s ]
SQL: SELECT * FROM `rpj_brand`  [ RunTime:0.0429s ]
INFO: [ view_parse ] --START--
INFO: [ template_filter ] --START--
INFO: Run Behavior\ContentReplaceBehavior [ RunTime:0.000178s ]
INFO: [ template_filter ] --END-- [ RunTime:0.000212s ]
NOTIC: [2] Use of undefined constant brand_id - assumed 'brand_id' (this will throw an Error in a future version of PHP) /Users/chikwongyip/Code/php/NewRPJ/Application/Runtime/Cache/Home/2a94b8bda04ff446dcedd42276fc99ee.php 第 95 行.
NOTIC: [2] Use of undefined constant product_id - assumed 'product_id' (this will throw an Error in a future version of PHP) /Users/chikwongyip/Code/php/NewRPJ/Application/Runtime/Cache/Home/2a94b8bda04ff446dcedd42276fc99ee.php 第 97 行.
NOTIC: [2] Use of undefined constant category_id - assumed 'category_id' (this will throw an Error in a future version of PHP) /Users/chikwongyip/Code/php/NewRPJ/Application/Runtime/Cache/Home/2a94b8bda04ff446dcedd42276fc99ee.php 第 137 行.
NOTIC: [2] Use of undefined constant brand_id - assumed 'brand_id' (this will throw an Error in a future version of PHP) /Users/chikwongyip/Code/php/NewRPJ/Application/Runtime/Cache/Home/2a94b8bda04ff446dcedd42276fc99ee.php 第 140 行.
NOTIC: [2] Use of undefined constant product_id - assumed 'product_id' (this will throw an Error in a future version of PHP) /Users/chikwongyip/Code/php/NewRPJ/Application/Runtime/Cache/Home/2a94b8bda04ff446dcedd42276fc99ee.php 第 142 行.
NOTIC: [2] Use of undefined constant product_id - assumed 'product_id' (this will throw an Error in a future version of PHP) /Users/chikwongyip/Code/php/NewRPJ/Application/Runtime/Cache/Home/2a94b8bda04ff446dcedd42276fc99ee.php 第 194 行.
NOTIC: [2] Use of undefined constant brand_id - assumed 'brand_id' (this will throw an Error in a future version of PHP) /Users/chikwongyip/Code/php/NewRPJ/Application/Runtime/Cache/Home/2a94b8bda04ff446dcedd42276fc99ee.php 第 220 行.
NOTIC: [2] Use of undefined constant brand_id - assumed 'brand_id' (this will throw an Error in a future version of PHP) /Users/chikwongyip/Code/php/NewRPJ/Application/Runtime/Cache/Home/2a94b8bda04ff446dcedd42276fc99ee.php 第 289 行.
NOTIC: [2] Use of undefined constant category_id - assumed 'category_id' (this will throw an Error in a future version of PHP) /Users/chikwongyip/Code/php/NewRPJ/Application/Runtime/Cache/Home/2a94b8bda04ff446dcedd42276fc99ee.php 第 298 行.
NOTIC: [8] Undefined index: category_image /Users/chikwongyip/Code/php/NewRPJ/Application/Runtime/Cache/Home/2a94b8bda04ff446dcedd42276fc99ee.php 第 298 行.
NOTIC: [2] Use of undefined constant product_id - assumed 'product_id' (this will throw an Error in a future version of PHP) /Users/chikwongyip/Code/php/NewRPJ/Application/Runtime/Cache/Home/2a94b8bda04ff446dcedd42276fc99ee.php 第 310 行.
NOTIC: [2] Use of undefined constant product_id - assumed 'product_id' (this will throw an Error in a future version of PHP) /Users/chikwongyip/Code/php/NewRPJ/Application/Runtime/Cache/Home/2a94b8bda04ff446dcedd42276fc99ee.php 第 324 行.
NOTIC: [2] Use of undefined constant brand_id - assumed 'brand_id' (this will throw an Error in a future version of PHP) /Users/chikwongyip/Code/php/NewRPJ/Application/Runtime/Cache/Home/2a94b8bda04ff446dcedd42276fc99ee.php 第 355 行.
NOTIC: [8] Undefined index: brand_image /Users/chikwongyip/Code/php/NewRPJ/Application/Runtime/Cache/Home/2a94b8bda04ff446dcedd42276fc99ee.php 第 355 行.
NOTIC: [2] Use of undefined constant brand_id - assumed 'brand_id' (this will throw an Error in a future version of PHP) /Users/chikwongyip/Code/php/NewRPJ/Application/Runtime/Cache/Home/2a94b8bda04ff446dcedd42276fc99ee.php 第 441 行.
INFO: Run Behavior\ParseTemplateBehavior [ RunTime:0.032961s ]
INFO: [ view_parse ] --END-- [ RunTime:0.033006s ]
INFO: [ view_filter ] --START--
INFO: Run Behavior\WriteHtmlCacheBehavior [ RunTime:0.000557s ]
INFO: [ view_filter ] --END-- [ RunTime:0.000570s ]
INFO: [ app_end ] --START--
INFO: Run Behavior\ShowPageTraceBehavior [ RunTime:0.000901s ]
INFO: [ app_end ] --END-- [ RunTime:0.000924s ]

[ 2021-05-07T20:58:10+08:00 ] ::1 /NewRPJ/
INFO: [ app_init ] --START--
INFO: Run Behavior\BuildLiteBehavior [ RunTime:0.000013s ]
INFO: [ app_init ] --END-- [ RunTime:0.000240s ]
INFO: [ app_begin ] --START--
INFO: Run Behavior\ReadHtmlCacheBehavior [ RunTime:0.000258s ]
INFO: [ app_begin ] --END-- [ RunTime:0.000270s ]
SQL: SHOW COLUMNS FROM `rpj_company` [ RunTime:0.0447s ]
SQL: SHOW COLUMNS FROM `rpj_brand` [ RunTime:0.0444s ]
SQL: select distinct rpj_product.category_id,
                                                     rpj_procategory.category_name
                                     from rpj_product
                                     inner join rpj_procategory on rpj_product.category_id = rpj_procategory.category_id
                                     group by rpj_product.category_id [ RunTime:0.0444s ]
SQL: select distinct rpj_product.brand_id,
                                             rpj_product.category_id,
                                             brand_name
                            from rpj_product
                            inner join rpj_brand
                            on rpj_brand.brand_id = rpj_product.brand_id [ RunTime:0.0443s ]
SQL: SELECT * FROM `rpj_company` WHERE `id` = 1 LIMIT 1   [ RunTime:0.0447s ]
SQL: select * from rpj_product
                                  inner join rpj_procategory on rpj_product.category_id = rpj_procategory.category_id
                                  inner join rpj_brand       on rpj_product.brand_id    = rpj_brand.brand_id [ RunTime:0.0448s ]
SQL: SELECT * FROM `rpj_brand`  [ RunTime:0.0443s ]
INFO: [ view_parse ] --START--
INFO: [ template_filter ] --START--
INFO: Run Behavior\ContentReplaceBehavior [ RunTime:0.000200s ]
INFO: [ template_filter ] --END-- [ RunTime:0.000248s ]
NOTIC: [2] Use of undefined constant brand_id - assumed 'brand_id' (this will throw an Error in a future version of PHP) /Users/chikwongyip/Code/php/NewRPJ/Application/Runtime/Cache/Home/2a94b8bda04ff446dcedd42276fc99ee.php 第 95 行.
NOTIC: [2] Use of undefined constant product_id - assumed 'product_id' (this will throw an Error in a future version of PHP) /Users/chikwongyip/Code/php/NewRPJ/Application/Runtime/Cache/Home/2a94b8bda04ff446dcedd42276fc99ee.php 第 97 行.
NOTIC: [2] Use of undefined constant category_id - assumed 'category_id' (this will throw an Error in a future version of PHP) /Users/chikwongyip/Code/php/NewRPJ/Application/Runtime/Cache/Home/2a94b8bda04ff446dcedd42276fc99ee.php 第 137 行.
NOTIC: [2] Use of undefined constant brand_id - assumed 'brand_id' (this will throw an Error in a future version of PHP) /Users/chikwongyip/Code/php/NewRPJ/Application/Runtime/Cache/Home/2a94b8bda04ff446dcedd42276fc99ee.php 第 140 行.
NOTIC: [2] Use of undefined constant product_id - assumed 'product_id' (this will throw an Error in a future version of PHP) /Users/chikwongyip/Code/php/NewRPJ/Application/Runtime/Cache/Home/2a94b8bda04ff446dcedd42276fc99ee.php 第 142 行.
NOTIC: [2] Use of undefined constant product_id - assumed 'product_id' (this will throw an Error in a future version of PHP) /Users/chikwongyip/Code/php/NewRPJ/Application/Runtime/Cache/Home/2a94b8bda04ff446dcedd42276fc99ee.php 第 194 行.
NOTIC: [2] Use of undefined constant brand_id - assumed 'brand_id' (this will throw an Error in a future version of PHP) /Users/chikwongyip/Code/php/NewRPJ/Application/Runtime/Cache/Home/2a94b8bda04ff446dcedd42276fc99ee.php 第 220 行.
NOTIC: [2] Use of undefined constant brand_id - assumed 'brand_id' (this will throw an Error in a future version of PHP) /Users/chikwongyip/Code/php/NewRPJ/Application/Runtime/Cache/Home/2a94b8bda04ff446dcedd42276fc99ee.php 第 289 行.
NOTIC: [2] Use of undefined constant category_id - assumed 'category_id' (this will throw an Error in a future version of PHP) /Users/chikwongyip/Code/php/NewRPJ/Application/Runtime/Cache/Home/2a94b8bda04ff446dcedd42276fc99ee.php 第 298 行.
NOTIC: [8] Undefined index: category_image /Users/chikwongyip/Code/php/NewRPJ/Application/Runtime/Cache/Home/2a94b8bda04ff446dcedd42276fc99ee.php 第 298 行.
NOTIC: [2] Use of undefined constant product_id - assumed 'product_id' (this will throw an Error in a future version of PHP) /Users/chikwongyip/Code/php/NewRPJ/Application/Runtime/Cache/Home/2a94b8bda04ff446dcedd42276fc99ee.php 第 310 行.
NOTIC: [2] Use of undefined constant product_id - assumed 'product_id' (this will throw an Error in a future version of PHP) /Users/chikwongyip/Code/php/NewRPJ/Application/Runtime/Cache/Home/2a94b8bda04ff446dcedd42276fc99ee.php 第 324 行.
NOTIC: [2] Use of undefined constant brand_id - assumed 'brand_id' (this will throw an Error in a future version of PHP) /Users/chikwongyip/Code/php/NewRPJ/Application/Runtime/Cache/Home/2a94b8bda04ff446dcedd42276fc99ee.php 第 355 行.
NOTIC: [8] Undefined index: brand_image /Users/chikwongyip/Code/php/NewRPJ/Application/Runtime/Cache/Home/2a94b8bda04ff446dcedd42276fc99ee.php 第 355 行.
NOTIC: [2] Use of undefined constant brand_id - assumed 'brand_id' (this will throw an Error in a future version of PHP) /Users/chikwongyip/Code/php/NewRPJ/Application/Runtime/Cache/Home/2a94b8bda04ff446dcedd42276fc99ee.php 第 441 行.
INFO: Run Behavior\ParseTemplateBehavior [ RunTime:0.024698s ]
INFO: [ view_parse ] --END-- [ RunTime:0.024720s ]
INFO: [ view_filter ] --START--
INFO: Run Behavior\WriteHtmlCacheBehavior [ RunTime:0.000370s ]
INFO: [ view_filter ] --END-- [ RunTime:0.000386s ]
INFO: [ app_end ] --START--
INFO: Run Behavior\ShowPageTraceBehavior [ RunTime:0.000598s ]
INFO: [ app_end ] --END-- [ RunTime:0.000614s ]

[ 2021-05-07T20:58:14+08:00 ] ::1 /NewRPJ/index.php
INFO: [ app_init ] --START--
INFO: Run Behavior\BuildLiteBehavior [ RunTime:0.000012s ]
INFO: [ app_init ] --END-- [ RunTime:0.000223s ]
INFO: [ app_begin ] --START--
INFO: Run Behavior\ReadHtmlCacheBehavior [ RunTime:0.000264s ]
INFO: [ app_begin ] --END-- [ RunTime:0.000277s ]
SQL: SHOW COLUMNS FROM `rpj_company` [ RunTime:0.0444s ]
SQL: SHOW COLUMNS FROM `rpj_brand` [ RunTime:0.0445s ]
SQL: select distinct rpj_product.category_id,
                                                     rpj_procategory.category_name
                                     from rpj_product
                                     inner join rpj_procategory on rpj_product.category_id = rpj_procategory.category_id
                                     group by rpj_product.category_id [ RunTime:0.0440s ]
SQL: select distinct rpj_product.brand_id,
                                             rpj_product.category_id,
                                             brand_name
                            from rpj_product
                            inner join rpj_brand
                            on rpj_brand.brand_id = rpj_product.brand_id [ RunTime:0.0440s ]
SQL: SELECT * FROM `rpj_company` WHERE `id` = 1 LIMIT 1   [ RunTime:0.0442s ]
SQL: select * from rpj_product
                                  inner join rpj_procategory on rpj_product.category_id = rpj_procategory.category_id
                                  inner join rpj_brand       on rpj_product.brand_id    = rpj_brand.brand_id [ RunTime:0.0443s ]
SQL: SELECT * FROM `rpj_brand`  [ RunTime:0.0440s ]
INFO: [ view_parse ] --START--
INFO: [ template_filter ] --START--
INFO: Run Behavior\ContentReplaceBehavior [ RunTime:0.000163s ]
INFO: [ template_filter ] --END-- [ RunTime:0.000198s ]
NOTIC: [2] Use of undefined constant brand_id - assumed 'brand_id' (this will throw an Error in a future version of PHP) /Users/chikwongyip/Code/php/NewRPJ/Application/Runtime/Cache/Home/2a94b8bda04ff446dcedd42276fc99ee.php 第 95 行.
NOTIC: [2] Use of undefined constant product_id - assumed 'product_id' (this will throw an Error in a future version of PHP) /Users/chikwongyip/Code/php/NewRPJ/Application/Runtime/Cache/Home/2a94b8bda04ff446dcedd42276fc99ee.php 第 97 行.
NOTIC: [2] Use of undefined constant category_id - assumed 'category_id' (this will throw an Error in a future version of PHP) /Users/chikwongyip/Code/php/NewRPJ/Application/Runtime/Cache/Home/2a94b8bda04ff446dcedd42276fc99ee.php 第 137 行.
NOTIC: [2] Use of undefined constant brand_id - assumed 'brand_id' (this will throw an Error in a future version of PHP) /Users/chikwongyip/Code/php/NewRPJ/Application/Runtime/Cache/Home/2a94b8bda04ff446dcedd42276fc99ee.php 第 140 行.
NOTIC: [2] Use of undefined constant product_id - assumed 'product_id' (this will throw an Error in a future version of PHP) /Users/chikwongyip/Code/php/NewRPJ/Application/Runtime/Cache/Home/2a94b8bda04ff446dcedd42276fc99ee.php 第 142 行.
NOTIC: [2] Use of undefined constant product_id - assumed 'product_id' (this will throw an Error in a future version of PHP) /Users/chikwongyip/Code/php/NewRPJ/Application/Runtime/Cache/Home/2a94b8bda04ff446dcedd42276fc99ee.php 第 194 行.
NOTIC: [2] Use of undefined constant brand_id - assumed 'brand_id' (this will throw an Error in a future version of PHP) /Users/chikwongyip/Code/php/NewRPJ/Application/Runtime/Cache/Home/2a94b8bda04ff446dcedd42276fc99ee.php 第 220 行.
NOTIC: [2] Use of undefined constant brand_id - assumed 'brand_id' (this will throw an Error in a future version of PHP) /Users/chikwongyip/Code/php/NewRPJ/Application/Runtime/Cache/Home/2a94b8bda04ff446dcedd42276fc99ee.php 第 289 行.
NOTIC: [2] Use of undefined constant category_id - assumed 'category_id' (this will throw an Error in a future version of PHP) /Users/chikwongyip/Code/php/NewRPJ/Application/Runtime/Cache/Home/2a94b8bda04ff446dcedd42276fc99ee.php 第 298 行.
NOTIC: [8] Undefined index: category_image /Users/chikwongyip/Code/php/NewRPJ/Application/Runtime/Cache/Home/2a94b8bda04ff446dcedd42276fc99ee.php 第 298 行.
NOTIC: [2] Use of undefined constant product_id - assumed 'product_id' (this will throw an Error in a future version of PHP) /Users/chikwongyip/Code/php/NewRPJ/Application/Runtime/Cache/Home/2a94b8bda04ff446dcedd42276fc99ee.php 第 310 行.
NOTIC: [2] Use of undefined constant product_id - assumed 'product_id' (this will throw an Error in a future version of PHP) /Users/chikwongyip/Code/php/NewRPJ/Application/Runtime/Cache/Home/2a94b8bda04ff446dcedd42276fc99ee.php 第 324 行.
NOTIC: [2] Use of undefined constant brand_id - assumed 'brand_id' (this will throw an Error in a future version of PHP) /Users/chikwongyip/Code/php/NewRPJ/Application/Runtime/Cache/Home/2a94b8bda04ff446dcedd42276fc99ee.php 第 355 行.
NOTIC: [8] Undefined index: brand_image /Users/chikwongyip/Code/php/NewRPJ/Application/Runtime/Cache/Home/2a94b8bda04ff446dcedd42276fc99ee.php 第 355 行.
NOTIC: [2] Use of undefined constant brand_id - assumed 'brand_id' (this will throw an Error in a future version of PHP) /Users/chikwongyip/Code/php/NewRPJ/Application/Runtime/Cache/Home/2a94b8bda04ff446dcedd42276fc99ee.php 第 441 行.
INFO: Run Behavior\ParseTemplateBehavior [ RunTime:0.029306s ]
INFO: [ view_parse ] --END-- [ RunTime:0.029327s ]
INFO: [ view_filter ] --START--
INFO: Run Behavior\WriteHtmlCacheBehavior [ RunTime:0.000210s ]
INFO: [ view_filter ] --END-- [ RunTime:0.000224s ]
INFO: [ app_end ] --START--
INFO: Run Behavior\ShowPageTraceBehavior [ RunTime:0.000374s ]
INFO: [ app_end ] --END-- [ RunTime:0.000387s ]

