[ 2021-05-06T21:48:47+08:00 ] ::1 /newrpj/index.php/home/attach/attach.html
ERR: 1054:Unknown column 'product_id' in 'field list'
 [ SQL语句 ] : SELECT `product_id`,count(product_id) as count FROM `rpj_attachment` GROUP BY product_id 
ERR: 1054:Unknown column 'product_id' in 'field list'
 [ SQL语句 ] : SELECT `product_id`,count(product_id) as count FROM `rpj_attachment` GROUP BY product_id 

[ 2021-05-06T21:53:57+08:00 ] ::1 /newrpj/index.php/home/attach/attach.html
ERR: 1054:Unknown column 'product_id' in 'field list'
 [ SQL语句 ] : SELECT `product_id`,count(product_id) as count FROM `rpj_attachment` GROUP BY product_id 
ERR: 1054:Unknown column 'product_id' in 'field list'
 [ SQL语句 ] : SELECT `product_id`,count(product_id) as count FROM `rpj_attachment` GROUP BY product_id 

[ 2021-05-06T21:54:08+08:00 ] ::1 /newrpj/index.php/home/attach/attach.html
ERR: 1054:Unknown column 'product_id' in 'field list'
 [ SQL语句 ] : SELECT `product_id`,count(product_id) as count FROM `rpj_attachment` GROUP BY product_id 
ERR: 1054:Unknown column 'product_id' in 'field list'
 [ SQL语句 ] : SELECT `product_id`,count(product_id) as count FROM `rpj_attachment` GROUP BY product_id 

[ 2021-05-06T21:54:11+08:00 ] ::1 /newrpj/index.php/home/attach/attach.html
ERR: 1054:Unknown column 'product_id' in 'field list'
 [ SQL语句 ] : SELECT `product_id`,count(product_id) as count FROM `rpj_attachment` GROUP BY product_id 
ERR: 1054:Unknown column 'product_id' in 'field list'
 [ SQL语句 ] : SELECT `product_id`,count(product_id) as count FROM `rpj_attachment` GROUP BY product_id 

[ 2021-05-06T21:54:46+08:00 ] ::1 /newrpj/index.php/home/attach/attach.html
INFO: [ app_init ] --START--
INFO: Run Behavior\BuildLiteBehavior [ RunTime:0.000015s ]
INFO: [ app_init ] --END-- [ RunTime:0.000324s ]
INFO: [ app_begin ] --START--
INFO: Run Behavior\ReadHtmlCacheBehavior [ RunTime:0.000631s ]
INFO: [ app_begin ] --END-- [ RunTime:0.000775s ]
SQL: SHOW COLUMNS FROM `rpj_company` [ RunTime:0.0518s ]
SQL: SHOW COLUMNS FROM `rpj_product` [ RunTime:0.0446s ]
SQL: SHOW COLUMNS FROM `rpj_brand` [ RunTime:0.0444s ]
SQL: SHOW COLUMNS FROM `rpj_attachment` [ RunTime:0.0442s ]
ERR: 1054:Unknown column 'product_id' in 'field list'
 [ SQL语句 ] : SELECT `product_id`,count(product_id) as count FROM `rpj_attachment` GROUP BY product_id 
ERR: 1054:Unknown column 'product_id' in 'field list'
 [ SQL语句 ] : SELECT `product_id`,count(product_id) as count FROM `rpj_attachment` GROUP BY product_id 

[ 2021-05-06T21:56:19+08:00 ] ::1 /NewRPJ/
INFO: [ app_init ] --START--
INFO: Run Behavior\BuildLiteBehavior [ RunTime:0.000008s ]
INFO: [ app_init ] --END-- [ RunTime:0.000195s ]
INFO: [ app_begin ] --START--
INFO: Run Behavior\ReadHtmlCacheBehavior [ RunTime:0.000241s ]
INFO: [ app_begin ] --END-- [ RunTime:0.000253s ]
SQL: SHOW COLUMNS FROM `rpj_company` [ RunTime:0.0436s ]
SQL: SHOW COLUMNS FROM `rpj_brand` [ RunTime:0.0434s ]
SQL: select distinct rpj_product.category_id,
                                                     rpj_procategory.category_name
                                     from rpj_product
                                     inner join rpj_procategory on rpj_product.category_id = rpj_procategory.category_id
                                     group by rpj_product.category_id [ RunTime:0.0430s ]
SQL: select distinct rpj_product.brand_id,
                                             rpj_product.category_id,
                                             brand_name
                            from rpj_product
                            inner join rpj_brand
                            on rpj_brand.brand_id = rpj_product.brand_id [ RunTime:0.0433s ]
SQL: SELECT * FROM `rpj_company` WHERE `id` = 1 LIMIT 1   [ RunTime:0.0440s ]
SQL: select * from rpj_product
                                  inner join rpj_procategory on rpj_product.category_id = rpj_procategory.category_id
                                  inner join rpj_brand       on rpj_product.brand_id    = rpj_brand.brand_id [ RunTime:0.0435s ]
SQL: SELECT * FROM `rpj_brand`  [ RunTime:0.0431s ]
INFO: [ view_parse ] --START--
INFO: [ template_filter ] --START--
INFO: Run Behavior\ContentReplaceBehavior [ RunTime:0.000184s ]
INFO: [ template_filter ] --END-- [ RunTime:0.000229s ]
NOTIC: [2] Use of undefined constant brand_id - assumed 'brand_id' (this will throw an Error in a future version of PHP) /Users/chikwongyip/Code/php/NewRPJ/Application/Runtime/Cache/Home/2a94b8bda04ff446dcedd42276fc99ee.php 第 95 行.
NOTIC: [2] Use of undefined constant product_id - assumed 'product_id' (this will throw an Error in a future version of PHP) /Users/chikwongyip/Code/php/NewRPJ/Application/Runtime/Cache/Home/2a94b8bda04ff446dcedd42276fc99ee.php 第 97 行.
NOTIC: [2] Use of undefined constant category_id - assumed 'category_id' (this will throw an Error in a future version of PHP) /Users/chikwongyip/Code/php/NewRPJ/Application/Runtime/Cache/Home/2a94b8bda04ff446dcedd42276fc99ee.php 第 137 行.
NOTIC: [2] Use of undefined constant brand_id - assumed 'brand_id' (this will throw an Error in a future version of PHP) /Users/chikwongyip/Code/php/NewRPJ/Application/Runtime/Cache/Home/2a94b8bda04ff446dcedd42276fc99ee.php 第 140 行.
NOTIC: [2] Use of undefined constant product_id - assumed 'product_id' (this will throw an Error in a future version of PHP) /Users/chikwongyip/Code/php/NewRPJ/Application/Runtime/Cache/Home/2a94b8bda04ff446dcedd42276fc99ee.php 第 142 行.
NOTIC: [2] Use of undefined constant product_id - assumed 'product_id' (this will throw an Error in a future version of PHP) /Users/chikwongyip/Code/php/NewRPJ/Application/Runtime/Cache/Home/2a94b8bda04ff446dcedd42276fc99ee.php 第 194 行.
NOTIC: [2] Use of undefined constant brand_id - assumed 'brand_id' (this will throw an Error in a future version of PHP) /Users/chikwongyip/Code/php/NewRPJ/Application/Runtime/Cache/Home/2a94b8bda04ff446dcedd42276fc99ee.php 第 220 行.
NOTIC: [2] Use of undefined constant brand_id - assumed 'brand_id' (this will throw an Error in a future version of PHP) /Users/chikwongyip/Code/php/NewRPJ/Application/Runtime/Cache/Home/2a94b8bda04ff446dcedd42276fc99ee.php 第 289 行.
NOTIC: [2] Use of undefined constant category_id - assumed 'category_id' (this will throw an Error in a future version of PHP) /Users/chikwongyip/Code/php/NewRPJ/Application/Runtime/Cache/Home/2a94b8bda04ff446dcedd42276fc99ee.php 第 298 行.
NOTIC: [8] Undefined index: category_image /Users/chikwongyip/Code/php/NewRPJ/Application/Runtime/Cache/Home/2a94b8bda04ff446dcedd42276fc99ee.php 第 298 行.
NOTIC: [2] Use of undefined constant product_id - assumed 'product_id' (this will throw an Error in a future version of PHP) /Users/chikwongyip/Code/php/NewRPJ/Application/Runtime/Cache/Home/2a94b8bda04ff446dcedd42276fc99ee.php 第 310 行.
NOTIC: [2] Use of undefined constant product_id - assumed 'product_id' (this will throw an Error in a future version of PHP) /Users/chikwongyip/Code/php/NewRPJ/Application/Runtime/Cache/Home/2a94b8bda04ff446dcedd42276fc99ee.php 第 324 行.
NOTIC: [2] Use of undefined constant brand_id - assumed 'brand_id' (this will throw an Error in a future version of PHP) /Users/chikwongyip/Code/php/NewRPJ/Application/Runtime/Cache/Home/2a94b8bda04ff446dcedd42276fc99ee.php 第 355 行.
NOTIC: [8] Undefined index: brand_image /Users/chikwongyip/Code/php/NewRPJ/Application/Runtime/Cache/Home/2a94b8bda04ff446dcedd42276fc99ee.php 第 355 行.
NOTIC: [2] Use of undefined constant brand_id - assumed 'brand_id' (this will throw an Error in a future version of PHP) /Users/chikwongyip/Code/php/NewRPJ/Application/Runtime/Cache/Home/2a94b8bda04ff446dcedd42276fc99ee.php 第 441 行.
INFO: Run Behavior\ParseTemplateBehavior [ RunTime:0.035154s ]
INFO: [ view_parse ] --END-- [ RunTime:0.035176s ]
INFO: [ view_filter ] --START--
INFO: Run Behavior\WriteHtmlCacheBehavior [ RunTime:0.000168s ]
INFO: [ view_filter ] --END-- [ RunTime:0.000178s ]
INFO: [ app_end ] --START--
INFO: Run Behavior\ShowPageTraceBehavior [ RunTime:0.000362s ]
INFO: [ app_end ] --END-- [ RunTime:0.000373s ]

