[ 2019-05-05T22:20:28+08:00 ] ::1 /rpj/index.php/style/authority/main_css.css
INFO: [ app_init ] --START--
INFO: Run Behavior\BuildLiteBehavior [ RunTime:0.000008s ]
INFO: [ app_init ] --END-- [ RunTime:0.000250s ]
ERR: 无法加载模块:Style

[ 2019-05-05T22:20:28+08:00 ] ::1 /rpj/index.php/scripts/jquery/jquery-1.7.1.js
INFO: [ app_init ] --START--
INFO: Run Behavior\BuildLiteBehavior [ RunTime:0.000008s ]
INFO: [ app_init ] --END-- [ RunTime:0.000256s ]
ERR: 无法加载模块:Scripts

[ 2019-05-05T22:20:28+08:00 ] ::1 /rpj/index.php/style/authority/zTreeStyle.css
INFO: [ app_init ] --START--
INFO: Run Behavior\BuildLiteBehavior [ RunTime:0.000007s ]
INFO: [ app_init ] --END-- [ RunTime:0.000224s ]
ERR: 无法加载模块:Style

[ 2019-05-05T22:20:28+08:00 ] ::1 /rpj/index.php/scripts/zTree/jquery.ztree.core-3.2.js
INFO: [ app_init ] --START--
INFO: Run Behavior\BuildLiteBehavior [ RunTime:0.000007s ]
INFO: [ app_init ] --END-- [ RunTime:0.000223s ]
ERR: 无法加载模块:Scripts

[ 2019-05-05T22:20:28+08:00 ] ::1 /rpj/index.php/scripts/authority/commonAll.js
INFO: [ app_init ] --START--
INFO: Run Behavior\BuildLiteBehavior [ RunTime:0.000007s ]
INFO: [ app_init ] --END-- [ RunTime:0.000217s ]
ERR: 无法加载模块:Scripts

[ 2019-05-05T22:20:28+08:00 ] ::1 /rpj/index.php/images/common/logo.jpg
INFO: [ app_init ] --START--
INFO: Run Behavior\BuildLiteBehavior [ RunTime:0.000010s ]
INFO: [ app_init ] --END-- [ RunTime:0.000660s ]
ERR: 无法加载模块:Images

[ 2019-05-05T22:20:28+08:00 ] ::1 /rpj/index.php/images/common/user.jpg
INFO: [ app_init ] --START--
INFO: Run Behavior\BuildLiteBehavior [ RunTime:0.000008s ]
INFO: [ app_init ] --END-- [ RunTime:0.000876s ]
ERR: 无法加载模块:Images

[ 2019-05-05T22:20:28+08:00 ] ::1 /rpj/index.php/scripts/authority/commonAll.js
INFO: [ app_init ] --START--
INFO: Run Behavior\BuildLiteBehavior [ RunTime:0.000006s ]
INFO: [ app_init ] --END-- [ RunTime:0.000223s ]
ERR: 无法加载模块:Scripts

[ 2019-05-05T22:20:28+08:00 ] ::1 /rpj/index.php/images/common/month.jpg
INFO: [ app_init ] --START--
INFO: Run Behavior\BuildLiteBehavior [ RunTime:0.000008s ]
INFO: [ app_init ] --END-- [ RunTime:0.000257s ]
ERR: 无法加载模块:Images

[ 2019-05-05T22:20:28+08:00 ] ::1 /rpj/index.php/images/common/date.jpg
INFO: [ app_init ] --START--
INFO: Run Behavior\BuildLiteBehavior [ RunTime:0.000007s ]
INFO: [ app_init ] --END-- [ RunTime:0.000269s ]
ERR: 无法加载模块:Images

[ 2019-05-05T22:20:28+08:00 ] ::1 /rpj/index.php/images/common/module_1.png
INFO: [ app_init ] --START--
INFO: Run Behavior\BuildLiteBehavior [ RunTime:0.000008s ]
INFO: [ app_init ] --END-- [ RunTime:0.000243s ]
ERR: 无法加载模块:Images

[ 2019-05-05T22:20:28+08:00 ] ::1 /rpj/index.php/images/common/nav_hide.png
INFO: [ app_init ] --START--
INFO: Run Behavior\BuildLiteBehavior [ RunTime:0.000006s ]
INFO: [ app_init ] --END-- [ RunTime:0.000247s ]
ERR: 无法加载模块:Images

[ 2019-05-05T22:20:28+08:00 ] ::1 /rpj/index.php/images/common/3.jpg
INFO: [ app_init ] --START--
INFO: Run Behavior\BuildLiteBehavior [ RunTime:0.000007s ]
INFO: [ app_init ] --END-- [ RunTime:0.000207s ]
ERR: 无法加载模块:Images

[ 2019-05-05T22:20:28+08:00 ] ::1 /rpj/index.php/images/common/close.jpg
INFO: [ app_init ] --START--
INFO: Run Behavior\BuildLiteBehavior [ RunTime:0.000006s ]
INFO: [ app_init ] --END-- [ RunTime:0.000203s ]
ERR: 无法加载模块:Images

[ 2019-05-05T22:20:28+08:00 ] ::1 /rpj/index.php/images/common/1_hover.jpg
INFO: [ app_init ] --START--
INFO: Run Behavior\BuildLiteBehavior [ RunTime:0.000006s ]
INFO: [ app_init ] --END-- [ RunTime:0.000206s ]
ERR: 无法加载模块:Images

[ 2019-05-05T22:20:28+08:00 ] ::1 /rpj/index.php/images/common/2.jpg
INFO: [ app_init ] --START--
INFO: Run Behavior\BuildLiteBehavior [ RunTime:0.000006s ]
INFO: [ app_init ] --END-- [ RunTime:0.000203s ]
ERR: 无法加载模块:Images

[ 2019-05-05T22:20:28+08:00 ] ::1 /rpj/index.php/introduce.html
INFO: [ app_init ] --START--
INFO: Run Behavior\BuildLiteBehavior [ RunTime:0.000008s ]
INFO: [ app_init ] --END-- [ RunTime:0.000224s ]
ERR: 无法加载模块:Introduce

[ 2019-05-05T22:21:49+08:00 ] 127.0.0.1 /rpj/index.php/scripts/authority/commonAll.js
INFO: [ app_init ] --START--
INFO: Run Behavior\BuildLiteBehavior [ RunTime:0.000009s ]
INFO: [ app_init ] --END-- [ RunTime:0.000281s ]
ERR: 无法加载模块:Scripts

[ 2019-05-05T22:21:49+08:00 ] 127.0.0.1 /rpj/index.php/scripts/zTree/jquery.ztree.core-3.2.js
INFO: [ app_init ] --START--
INFO: Run Behavior\BuildLiteBehavior [ RunTime:0.000007s ]
INFO: [ app_init ] --END-- [ RunTime:0.000218s ]
ERR: 无法加载模块:Scripts

[ 2019-05-05T22:21:49+08:00 ] 127.0.0.1 /rpj/index.php/images/common/logo.jpg
INFO: [ app_init ] --START--
INFO: Run Behavior\BuildLiteBehavior [ RunTime:0.000008s ]
INFO: [ app_init ] --END-- [ RunTime:0.000586s ]
ERR: 无法加载模块:Images

[ 2019-05-05T22:21:49+08:00 ] 127.0.0.1 /rpj/index.php/style/authority/main_css.css
INFO: [ app_init ] --START--
INFO: Run Behavior\BuildLiteBehavior [ RunTime:0.000007s ]
INFO: [ app_init ] --END-- [ RunTime:0.000512s ]
ERR: 无法加载模块:Style

[ 2019-05-05T22:21:49+08:00 ] 127.0.0.1 /rpj/index.php/style/authority/zTreeStyle.css
INFO: [ app_init ] --START--
INFO: Run Behavior\BuildLiteBehavior [ RunTime:0.000009s ]
INFO: [ app_init ] --END-- [ RunTime:0.003935s ]
ERR: 无法加载模块:Style

[ 2019-05-05T22:21:49+08:00 ] 127.0.0.1 /rpj/index.php/scripts/jquery/jquery-1.7.1.js
INFO: [ app_init ] --START--
INFO: Run Behavior\BuildLiteBehavior [ RunTime:0.000008s ]
INFO: [ app_init ] --END-- [ RunTime:0.000218s ]
ERR: 无法加载模块:Scripts

[ 2019-05-05T22:21:49+08:00 ] 127.0.0.1 /rpj/index.php/images/common/user.jpg
INFO: [ app_init ] --START--
INFO: Run Behavior\BuildLiteBehavior [ RunTime:0.000006s ]
INFO: [ app_init ] --END-- [ RunTime:0.000214s ]
ERR: 无法加载模块:Images

[ 2019-05-05T22:21:50+08:00 ] 127.0.0.1 /rpj/index.php/scripts/zTree/jquery.ztree.core-3.2.js
INFO: [ app_init ] --START--
INFO: Run Behavior\BuildLiteBehavior [ RunTime:0.000008s ]
INFO: [ app_init ] --END-- [ RunTime:0.000219s ]
ERR: 无法加载模块:Scripts

[ 2019-05-05T22:21:50+08:00 ] 127.0.0.1 /rpj/index.php/images/common/month.jpg
INFO: [ app_init ] --START--
INFO: Run Behavior\BuildLiteBehavior [ RunTime:0.000006s ]
INFO: [ app_init ] --END-- [ RunTime:0.000214s ]
ERR: 无法加载模块:Images

[ 2019-05-05T22:21:50+08:00 ] 127.0.0.1 /rpj/index.php/images/common/date.jpg
INFO: [ app_init ] --START--
INFO: Run Behavior\BuildLiteBehavior [ RunTime:0.000006s ]
INFO: [ app_init ] --END-- [ RunTime:0.000213s ]
ERR: 无法加载模块:Images

[ 2019-05-05T22:21:50+08:00 ] 127.0.0.1 /rpj/index.php/scripts/authority/commonAll.js
INFO: [ app_init ] --START--
INFO: Run Behavior\BuildLiteBehavior [ RunTime:0.000009s ]
INFO: [ app_init ] --END-- [ RunTime:0.000286s ]
ERR: 无法加载模块:Scripts

[ 2019-05-05T22:21:50+08:00 ] 127.0.0.1 /rpj/index.php/images/common/close.jpg
INFO: [ app_init ] --START--
INFO: Run Behavior\BuildLiteBehavior [ RunTime:0.000006s ]
INFO: [ app_init ] --END-- [ RunTime:0.000225s ]
ERR: 无法加载模块:Images

[ 2019-05-05T22:21:50+08:00 ] 127.0.0.1 /rpj/index.php/images/common/1_hover.jpg
INFO: [ app_init ] --START--
INFO: Run Behavior\BuildLiteBehavior [ RunTime:0.000007s ]
INFO: [ app_init ] --END-- [ RunTime:0.000215s ]
ERR: 无法加载模块:Images

[ 2019-05-05T22:21:50+08:00 ] 127.0.0.1 /rpj/index.php/images/common/2.jpg
INFO: [ app_init ] --START--
INFO: Run Behavior\BuildLiteBehavior [ RunTime:0.000008s ]
INFO: [ app_init ] --END-- [ RunTime:0.000215s ]
ERR: 无法加载模块:Images

[ 2019-05-05T22:21:50+08:00 ] 127.0.0.1 /rpj/index.php/images/common/nav_hide.png
INFO: [ app_init ] --START--
INFO: Run Behavior\BuildLiteBehavior [ RunTime:0.000006s ]
INFO: [ app_init ] --END-- [ RunTime:0.000206s ]
ERR: 无法加载模块:Images

[ 2019-05-05T22:21:50+08:00 ] 127.0.0.1 /rpj/index.php/images/common/3.jpg
INFO: [ app_init ] --START--
INFO: Run Behavior\BuildLiteBehavior [ RunTime:0.000006s ]
INFO: [ app_init ] --END-- [ RunTime:0.000211s ]
ERR: 无法加载模块:Images

[ 2019-05-05T22:21:50+08:00 ] 127.0.0.1 /rpj/index.php/images/common/module_1.png
INFO: [ app_init ] --START--
INFO: Run Behavior\BuildLiteBehavior [ RunTime:0.000006s ]
INFO: [ app_init ] --END-- [ RunTime:0.000200s ]
ERR: 无法加载模块:Images

[ 2019-05-05T22:21:50+08:00 ] 127.0.0.1 /rpj/index.php/introduce.html
INFO: [ app_init ] --START--
INFO: Run Behavior\BuildLiteBehavior [ RunTime:0.000008s ]
INFO: [ app_init ] --END-- [ RunTime:0.000210s ]
ERR: 无法加载模块:Introduce

