[ 2019-08-30T11:54:22+08:00 ] ::1 /chikwong/NewRPJ/index.php/Admin/index/index
INFO: [ app_init ] --START--
INFO: Run Behavior\BuildLiteBehavior [ RunTime:0.000012s ]
INFO: [ app_init ] --END-- [ RunTime:0.015486s ]
INFO: [ app_begin ] --START--
INFO: Run Behavior\ReadHtmlCacheBehavior [ RunTime:0.001594s ]
INFO: [ app_begin ] --END-- [ RunTime:0.001674s ]
INFO: [ view_parse ] --START--
INFO: [ template_filter ] --START--
INFO: Run Behavior\ContentReplaceBehavior [ RunTime:0.001786s ]
INFO: [ template_filter ] --END-- [ RunTime:0.001903s ]
INFO: Run Behavior\ParseTemplateBehavior [ RunTime:0.015957s ]
INFO: [ view_parse ] --END-- [ RunTime:0.016007s ]
INFO: [ view_filter ] --START--
INFO: Run Behavior\WriteHtmlCacheBehavior [ RunTime:0.000701s ]
INFO: [ view_filter ] --END-- [ RunTime:0.000739s ]
INFO: [ app_end ] --START--
INFO: Run Behavior\ShowPageTraceBehavior [ RunTime:0.001179s ]
INFO: [ app_end ] --END-- [ RunTime:0.001245s ]

[ 2019-08-30T11:54:23+08:00 ] ::1 /chikwong/NewRPJ/index.php/Admin/Introduce/introduce.html
INFO: [ app_init ] --START--
INFO: Run Behavior\BuildLiteBehavior [ RunTime:0.000010s ]
INFO: [ app_init ] --END-- [ RunTime:0.000289s ]
INFO: [ app_begin ] --START--
INFO: Run Behavior\ReadHtmlCacheBehavior [ RunTime:0.000557s ]
INFO: [ app_begin ] --END-- [ RunTime:0.000644s ]
INFO: [ view_parse ] --START--
INFO: [ template_filter ] --START--
INFO: Run Behavior\ContentReplaceBehavior [ RunTime:0.000029s ]
INFO: [ template_filter ] --END-- [ RunTime:0.000072s ]
INFO: Run Behavior\ParseTemplateBehavior [ RunTime:0.047124s ]
INFO: [ view_parse ] --END-- [ RunTime:0.047348s ]
INFO: [ view_filter ] --START--
INFO: Run Behavior\WriteHtmlCacheBehavior [ RunTime:0.000853s ]
INFO: [ view_filter ] --END-- [ RunTime:0.001029s ]
INFO: [ app_end ] --START--
INFO: Run Behavior\ShowPageTraceBehavior [ RunTime:0.000502s ]
INFO: [ app_end ] --END-- [ RunTime:0.000559s ]

[ 2019-08-30T12:11:15+08:00 ] ::1 /chikwong/NewRPJ/index.php/Admin/company/company_edit.html
INFO: [ app_init ] --START--
INFO: Run Behavior\BuildLiteBehavior [ RunTime:0.000010s ]
INFO: [ app_init ] --END-- [ RunTime:0.000366s ]
INFO: [ app_begin ] --START--
INFO: Run Behavior\ReadHtmlCacheBehavior [ RunTime:0.000518s ]
INFO: [ app_begin ] --END-- [ RunTime:0.000579s ]
SQL: SHOW COLUMNS FROM `rpj_company` [ RunTime:0.0547s ]
SQL: SELECT * FROM `rpj_company` WHERE `id` = 1 LIMIT 1   [ RunTime:0.0605s ]
INFO: [ view_parse ] --START--
INFO: [ template_filter ] --START--
INFO: Run Behavior\ContentReplaceBehavior [ RunTime:0.000063s ]
INFO: [ template_filter ] --END-- [ RunTime:0.000098s ]
INFO: Run Behavior\ParseTemplateBehavior [ RunTime:0.026082s ]
INFO: [ view_parse ] --END-- [ RunTime:0.026128s ]
INFO: [ view_filter ] --START--
INFO: Run Behavior\WriteHtmlCacheBehavior [ RunTime:0.000245s ]
INFO: [ view_filter ] --END-- [ RunTime:0.000270s ]
INFO: [ app_end ] --START--
INFO: Run Behavior\ShowPageTraceBehavior [ RunTime:0.000589s ]
INFO: [ app_end ] --END-- [ RunTime:0.000643s ]

[ 2019-08-30T12:11:27+08:00 ] ::1 /chikwong/NewRPJ/index.php/Admin/brand/brand_list.html
INFO: [ app_init ] --START--
INFO: Run Behavior\BuildLiteBehavior [ RunTime:0.000008s ]
INFO: [ app_init ] --END-- [ RunTime:0.000234s ]
INFO: [ app_begin ] --START--
INFO: Run Behavior\ReadHtmlCacheBehavior [ RunTime:0.000284s ]
INFO: [ app_begin ] --END-- [ RunTime:0.000318s ]
SQL: SHOW COLUMNS FROM `rpj_brand` [ RunTime:0.0530s ]
SQL: SELECT * FROM `rpj_brand`  [ RunTime:0.0532s ]
INFO: [ view_parse ] --START--
INFO: [ template_filter ] --START--
INFO: Run Behavior\ContentReplaceBehavior [ RunTime:0.000158s ]
INFO: [ template_filter ] --END-- [ RunTime:0.000252s ]
NOTIC: [8] Use of undefined constant brand_id - assumed 'brand_id' D:\xampp\htdocs\chikwong\NewRPJ\Application\Runtime\Cache\Admin\141d3e8e8840e90d168b4c918cada876.php 第 188 行.
INFO: Run Behavior\ParseTemplateBehavior [ RunTime:0.095254s ]
INFO: [ view_parse ] --END-- [ RunTime:0.095334s ]
INFO: [ view_filter ] --START--
INFO: Run Behavior\WriteHtmlCacheBehavior [ RunTime:0.000463s ]
INFO: [ view_filter ] --END-- [ RunTime:0.000538s ]
INFO: [ app_end ] --START--
INFO: Run Behavior\ShowPageTraceBehavior [ RunTime:0.001458s ]
INFO: [ app_end ] --END-- [ RunTime:0.001591s ]

[ 2019-08-30T12:11:31+08:00 ] ::1 /chikwong/NewRPJ/index.php/Admin/appfield/appfield_list.html
INFO: [ app_init ] --START--
INFO: Run Behavior\BuildLiteBehavior [ RunTime:0.000011s ]
INFO: [ app_init ] --END-- [ RunTime:0.000302s ]
INFO: [ app_begin ] --START--
INFO: Run Behavior\ReadHtmlCacheBehavior [ RunTime:0.000383s ]
INFO: [ app_begin ] --END-- [ RunTime:0.000426s ]
SQL: SHOW COLUMNS FROM `rpj_appfield` [ RunTime:0.0544s ]
SQL: SELECT * FROM `rpj_appfield`  [ RunTime:0.0525s ]
INFO: [ view_parse ] --START--
INFO: [ template_filter ] --START--
INFO: Run Behavior\ContentReplaceBehavior [ RunTime:0.000074s ]
INFO: [ template_filter ] --END-- [ RunTime:0.000111s ]
NOTIC: [8] Use of undefined constant app_id - assumed 'app_id' D:\xampp\htdocs\chikwong\NewRPJ\Application\Runtime\Cache\Admin\9d3d0f15c83fdfc5ada3dd2f0d3ae056.php 第 188 行.
NOTIC: [8] Use of undefined constant app_id - assumed 'app_id' D:\xampp\htdocs\chikwong\NewRPJ\Application\Runtime\Cache\Admin\9d3d0f15c83fdfc5ada3dd2f0d3ae056.php 第 188 行.
NOTIC: [8] Use of undefined constant app_id - assumed 'app_id' D:\xampp\htdocs\chikwong\NewRPJ\Application\Runtime\Cache\Admin\9d3d0f15c83fdfc5ada3dd2f0d3ae056.php 第 188 行.
INFO: Run Behavior\ParseTemplateBehavior [ RunTime:0.006892s ]
INFO: [ view_parse ] --END-- [ RunTime:0.006944s ]
INFO: [ view_filter ] --START--
INFO: Run Behavior\WriteHtmlCacheBehavior [ RunTime:0.000247s ]
INFO: [ view_filter ] --END-- [ RunTime:0.000285s ]
INFO: [ app_end ] --START--
INFO: Run Behavior\ShowPageTraceBehavior [ RunTime:0.000509s ]
INFO: [ app_end ] --END-- [ RunTime:0.000588s ]

[ 2019-08-30T12:11:35+08:00 ] ::1 /chikwong/NewRPJ/index.php/Admin/index/loupanchart.html
INFO: [ app_init ] --START--
INFO: Run Behavior\BuildLiteBehavior [ RunTime:0.000015s ]
INFO: [ app_init ] --END-- [ RunTime:0.000341s ]
INFO: [ app_begin ] --START--
INFO: Run Behavior\ReadHtmlCacheBehavior [ RunTime:0.000495s ]
INFO: [ app_begin ] --END-- [ RunTime:0.000560s ]
ERR: 非法操作:loupanchart

[ 2019-08-30T12:11:37+08:00 ] ::1 /chikwong/NewRPJ/index.php/Admin/index/loupanchart.html
INFO: [ app_init ] --START--
INFO: Run Behavior\BuildLiteBehavior [ RunTime:0.000014s ]
INFO: [ app_init ] --END-- [ RunTime:0.000365s ]
INFO: [ app_begin ] --START--
INFO: Run Behavior\ReadHtmlCacheBehavior [ RunTime:0.000423s ]
INFO: [ app_begin ] --END-- [ RunTime:0.000471s ]
ERR: 非法操作:loupanchart

[ 2019-08-30T12:11:38+08:00 ] ::1 /chikwong/NewRPJ/index.php/Admin/index/loupanchart.html
INFO: [ app_init ] --START--
INFO: Run Behavior\BuildLiteBehavior [ RunTime:0.000010s ]
INFO: [ app_init ] --END-- [ RunTime:0.000295s ]
INFO: [ app_begin ] --START--
INFO: Run Behavior\ReadHtmlCacheBehavior [ RunTime:0.000377s ]
INFO: [ app_begin ] --END-- [ RunTime:0.000420s ]
ERR: 非法操作:loupanchart

[ 2019-08-30T12:11:40+08:00 ] ::1 /chikwong/NewRPJ/index.php/Admin/news/news_list.html
INFO: [ app_init ] --START--
INFO: Run Behavior\BuildLiteBehavior [ RunTime:0.000007s ]
INFO: [ app_init ] --END-- [ RunTime:0.000228s ]
INFO: [ app_begin ] --START--
INFO: Run Behavior\ReadHtmlCacheBehavior [ RunTime:0.000285s ]
INFO: [ app_begin ] --END-- [ RunTime:0.000319s ]
SQL: SHOW COLUMNS FROM `rpj_news` [ RunTime:0.0561s ]
SQL: SELECT * FROM `rpj_news`  [ RunTime:0.0576s ]
INFO: [ view_parse ] --START--
INFO: [ template_filter ] --START--
INFO: Run Behavior\ContentReplaceBehavior [ RunTime:0.000127s ]
INFO: [ template_filter ] --END-- [ RunTime:0.000216s ]
NOTIC: [8] Use of undefined constant news_id - assumed 'news_id' D:\xampp\htdocs\chikwong\NewRPJ\Application\Runtime\Cache\Admin\5dc7cb56e7e8cd7601e6f40f87c141e0.php 第 187 行.
INFO: Run Behavior\ParseTemplateBehavior [ RunTime:0.055286s ]
INFO: [ view_parse ] --END-- [ RunTime:0.055500s ]
INFO: [ view_filter ] --START--
INFO: Run Behavior\WriteHtmlCacheBehavior [ RunTime:0.000306s ]
INFO: [ view_filter ] --END-- [ RunTime:0.000353s ]
INFO: [ app_end ] --START--
INFO: Run Behavior\ShowPageTraceBehavior [ RunTime:0.000970s ]
INFO: [ app_end ] --END-- [ RunTime:0.001051s ]

[ 2019-08-30T12:11:42+08:00 ] ::1 /chikwong/NewRPJ/index.php/Admin/Attachment/attachment_list.html
INFO: [ app_init ] --START--
INFO: Run Behavior\BuildLiteBehavior [ RunTime:0.000018s ]
INFO: [ app_init ] --END-- [ RunTime:0.000257s ]
INFO: [ app_begin ] --START--
INFO: Run Behavior\ReadHtmlCacheBehavior [ RunTime:0.000340s ]
INFO: [ app_begin ] --END-- [ RunTime:0.000383s ]
SQL: SHOW COLUMNS FROM `rpj_attachment` [ RunTime:0.0562s ]
SQL: SELECT * FROM `rpj_attachment`  [ RunTime:0.0582s ]
INFO: [ view_parse ] --START--
INFO: [ template_filter ] --START--
INFO: Run Behavior\ContentReplaceBehavior [ RunTime:0.000132s ]
INFO: [ template_filter ] --END-- [ RunTime:0.000218s ]
NOTIC: [8] Use of undefined constant id - assumed 'id' D:\xampp\htdocs\chikwong\NewRPJ\Application\Runtime\Cache\Admin\cac97b875347bebeb1cdcddb020abc6e.php 第 188 行.
NOTIC: [8] Use of undefined constant id - assumed 'id' D:\xampp\htdocs\chikwong\NewRPJ\Application\Runtime\Cache\Admin\cac97b875347bebeb1cdcddb020abc6e.php 第 188 行.
NOTIC: [8] Use of undefined constant id - assumed 'id' D:\xampp\htdocs\chikwong\NewRPJ\Application\Runtime\Cache\Admin\cac97b875347bebeb1cdcddb020abc6e.php 第 188 行.
INFO: Run Behavior\ParseTemplateBehavior [ RunTime:0.043924s ]
INFO: [ view_parse ] --END-- [ RunTime:0.044066s ]
INFO: [ view_filter ] --START--
INFO: Run Behavior\WriteHtmlCacheBehavior [ RunTime:0.000406s ]
INFO: [ view_filter ] --END-- [ RunTime:0.000464s ]
INFO: [ app_end ] --START--
INFO: Run Behavior\ShowPageTraceBehavior [ RunTime:0.001012s ]
INFO: [ app_end ] --END-- [ RunTime:0.001114s ]

