[ 2019-12-23T20:49:42+08:00 ] ::1 /NewRPJ/index.php/admin/index/index
INFO: [ app_init ] --START--
INFO: Run Behavior\BuildLiteBehavior [ RunTime:0.000053s ]
INFO: [ app_init ] --END-- [ RunTime:0.001225s ]
INFO: [ app_begin ] --START--
INFO: Run Behavior\ReadHtmlCacheBehavior [ RunTime:0.000843s ]
INFO: [ app_begin ] --END-- [ RunTime:0.000883s ]
INFO: [ view_parse ] --START--
INFO: [ template_filter ] --START--
INFO: Run Behavior\ContentReplaceBehavior [ RunTime:0.000197s ]
INFO: [ template_filter ] --END-- [ RunTime:0.000237s ]
INFO: Run Behavior\ParseTemplateBehavior [ RunTime:0.010753s ]
INFO: [ view_parse ] --END-- [ RunTime:0.010787s ]
INFO: [ view_filter ] --START--
INFO: Run Behavior\WriteHtmlCacheBehavior [ RunTime:0.000443s ]
INFO: [ view_filter ] --END-- [ RunTime:0.000469s ]
INFO: [ app_end ] --START--
INFO: Run Behavior\ShowPageTraceBehavior [ RunTime:0.001093s ]
INFO: [ app_end ] --END-- [ RunTime:0.001127s ]

[ 2019-12-23T20:49:43+08:00 ] ::1 /NewRPJ/index.php/Admin/Introduce/introduce.html
INFO: [ app_init ] --START--
INFO: Run Behavior\BuildLiteBehavior [ RunTime:0.000013s ]
INFO: [ app_init ] --END-- [ RunTime:0.000352s ]
INFO: [ app_begin ] --START--
INFO: Run Behavior\ReadHtmlCacheBehavior [ RunTime:0.000510s ]
INFO: [ app_begin ] --END-- [ RunTime:0.000555s ]
INFO: [ view_parse ] --START--
INFO: [ template_filter ] --START--
INFO: Run Behavior\ContentReplaceBehavior [ RunTime:0.000030s ]
INFO: [ template_filter ] --END-- [ RunTime:0.000067s ]
INFO: Run Behavior\ParseTemplateBehavior [ RunTime:0.008173s ]
INFO: [ view_parse ] --END-- [ RunTime:0.008209s ]
INFO: [ view_filter ] --START--
INFO: Run Behavior\WriteHtmlCacheBehavior [ RunTime:0.000195s ]
INFO: [ view_filter ] --END-- [ RunTime:0.000218s ]
INFO: [ app_end ] --START--
INFO: Run Behavior\ShowPageTraceBehavior [ RunTime:0.000546s ]
INFO: [ app_end ] --END-- [ RunTime:0.000570s ]

[ 2019-12-23T20:49:46+08:00 ] ::1 /NewRPJ/index.php/Admin/company/company_edit.html
INFO: [ app_init ] --START--
INFO: Run Behavior\BuildLiteBehavior [ RunTime:0.000012s ]
INFO: [ app_init ] --END-- [ RunTime:0.000350s ]
INFO: [ app_begin ] --START--
INFO: Run Behavior\ReadHtmlCacheBehavior [ RunTime:0.000469s ]
INFO: [ app_begin ] --END-- [ RunTime:0.000500s ]
SQL: SHOW COLUMNS FROM `rpj_company` [ RunTime:0.0423s ]
SQL: SELECT * FROM `rpj_company` WHERE `id` = 1 LIMIT 1   [ RunTime:0.0420s ]
INFO: [ view_parse ] --START--
INFO: [ template_filter ] --START--
INFO: Run Behavior\ContentReplaceBehavior [ RunTime:0.000060s ]
INFO: [ template_filter ] --END-- [ RunTime:0.000091s ]
INFO: Run Behavior\ParseTemplateBehavior [ RunTime:0.008837s ]
INFO: [ view_parse ] --END-- [ RunTime:0.008866s ]
INFO: [ view_filter ] --START--
INFO: Run Behavior\WriteHtmlCacheBehavior [ RunTime:0.000207s ]
INFO: [ view_filter ] --END-- [ RunTime:0.000230s ]
INFO: [ app_end ] --START--
INFO: Run Behavior\ShowPageTraceBehavior [ RunTime:0.000575s ]
INFO: [ app_end ] --END-- [ RunTime:0.000603s ]

[ 2019-12-23T20:49:50+08:00 ] ::1 /NewRPJ/index.php/Admin/brand/brand_list.html
INFO: [ app_init ] --START--
INFO: Run Behavior\BuildLiteBehavior [ RunTime:0.000011s ]
INFO: [ app_init ] --END-- [ RunTime:0.000342s ]
INFO: [ app_begin ] --START--
INFO: Run Behavior\ReadHtmlCacheBehavior [ RunTime:0.000462s ]
INFO: [ app_begin ] --END-- [ RunTime:0.000492s ]
SQL: SHOW COLUMNS FROM `rpj_brand` [ RunTime:0.0421s ]
SQL: SELECT * FROM `rpj_brand`  [ RunTime:0.0412s ]
INFO: [ view_parse ] --START--
INFO: [ template_filter ] --START--
INFO: Run Behavior\ContentReplaceBehavior [ RunTime:0.000068s ]
INFO: [ template_filter ] --END-- [ RunTime:0.000099s ]
NOTIC: [2] Use of undefined constant brand_id - assumed 'brand_id' (this will throw an Error in a future version of PHP) /Users/chikwongyip/rpj/NewRPJ/Application/Runtime/Cache/Admin/141d3e8e8840e90d168b4c918cada876.php 第 188 行.
NOTIC: [2] Use of undefined constant brand_id - assumed 'brand_id' (this will throw an Error in a future version of PHP) /Users/chikwongyip/rpj/NewRPJ/Application/Runtime/Cache/Admin/141d3e8e8840e90d168b4c918cada876.php 第 188 行.
INFO: Run Behavior\ParseTemplateBehavior [ RunTime:0.009607s ]
INFO: [ view_parse ] --END-- [ RunTime:0.009634s ]
INFO: [ view_filter ] --START--
INFO: Run Behavior\WriteHtmlCacheBehavior [ RunTime:0.000211s ]
INFO: [ view_filter ] --END-- [ RunTime:0.000234s ]
INFO: [ app_end ] --START--
INFO: Run Behavior\ShowPageTraceBehavior [ RunTime:0.000581s ]
INFO: [ app_end ] --END-- [ RunTime:0.000609s ]

[ 2019-12-23T20:49:53+08:00 ] ::1 /NewRPJ/index.php/Admin/appfield/appfield_list.html
INFO: [ app_init ] --START--
INFO: Run Behavior\BuildLiteBehavior [ RunTime:0.000011s ]
INFO: [ app_init ] --END-- [ RunTime:0.000339s ]
INFO: [ app_begin ] --START--
INFO: Run Behavior\ReadHtmlCacheBehavior [ RunTime:0.000458s ]
INFO: [ app_begin ] --END-- [ RunTime:0.000489s ]
SQL: SHOW COLUMNS FROM `rpj_appfield` [ RunTime:0.0422s ]
SQL: SELECT * FROM `rpj_appfield`  [ RunTime:0.0413s ]
INFO: [ view_parse ] --START--
INFO: [ template_filter ] --START--
INFO: Run Behavior\ContentReplaceBehavior [ RunTime:0.000063s ]
INFO: [ template_filter ] --END-- [ RunTime:0.000093s ]
NOTIC: [2] Use of undefined constant app_id - assumed 'app_id' (this will throw an Error in a future version of PHP) /Users/chikwongyip/rpj/NewRPJ/Application/Runtime/Cache/Admin/9d3d0f15c83fdfc5ada3dd2f0d3ae056.php 第 188 行.
NOTIC: [2] Use of undefined constant app_id - assumed 'app_id' (this will throw an Error in a future version of PHP) /Users/chikwongyip/rpj/NewRPJ/Application/Runtime/Cache/Admin/9d3d0f15c83fdfc5ada3dd2f0d3ae056.php 第 188 行.
NOTIC: [2] Use of undefined constant app_id - assumed 'app_id' (this will throw an Error in a future version of PHP) /Users/chikwongyip/rpj/NewRPJ/Application/Runtime/Cache/Admin/9d3d0f15c83fdfc5ada3dd2f0d3ae056.php 第 188 行.
INFO: Run Behavior\ParseTemplateBehavior [ RunTime:0.009417s ]
INFO: [ view_parse ] --END-- [ RunTime:0.009445s ]
INFO: [ view_filter ] --START--
INFO: Run Behavior\WriteHtmlCacheBehavior [ RunTime:0.000210s ]
INFO: [ view_filter ] --END-- [ RunTime:0.000234s ]
INFO: [ app_end ] --START--
INFO: Run Behavior\ShowPageTraceBehavior [ RunTime:0.000599s ]
INFO: [ app_end ] --END-- [ RunTime:0.000633s ]

[ 2019-12-23T20:49:58+08:00 ] ::1 /NewRPJ/index.php/Admin/product/product_list.html
INFO: [ app_init ] --START--
INFO: Run Behavior\BuildLiteBehavior [ RunTime:0.000016s ]
INFO: [ app_init ] --END-- [ RunTime:0.000429s ]
INFO: [ app_begin ] --START--
INFO: Run Behavior\ReadHtmlCacheBehavior [ RunTime:0.000501s ]
INFO: [ app_begin ] --END-- [ RunTime:0.000532s ]
SQL: SHOW COLUMNS FROM `rpj_product` [ RunTime:0.0423s ]
SQL: SELECT * FROM `rpj_product` INNER JOIN rpj_brand ON rpj_product.brand_id = rpj_brand.brand_id   [ RunTime:0.0419s ]
INFO: [ view_parse ] --START--
INFO: [ template_filter ] --START--
INFO: Run Behavior\ContentReplaceBehavior [ RunTime:0.000097s ]
INFO: [ template_filter ] --END-- [ RunTime:0.000129s ]
NOTIC: [2] Use of undefined constant product_id - assumed 'product_id' (this will throw an Error in a future version of PHP) /Users/chikwongyip/rpj/NewRPJ/Application/Runtime/Cache/Admin/527ac73b321bc66eb5b723d07450871f.php 第 200 行.
INFO: Run Behavior\ParseTemplateBehavior [ RunTime:0.011053s ]
INFO: [ view_parse ] --END-- [ RunTime:0.011081s ]
INFO: [ view_filter ] --START--
INFO: Run Behavior\WriteHtmlCacheBehavior [ RunTime:0.000222s ]
INFO: [ view_filter ] --END-- [ RunTime:0.000246s ]
INFO: [ app_end ] --START--
INFO: Run Behavior\ShowPageTraceBehavior [ RunTime:0.000600s ]
INFO: [ app_end ] --END-- [ RunTime:0.000630s ]

[ 2019-12-23T20:50:00+08:00 ] ::1 /NewRPJ/index.php/admin/index/loupanchart.html
INFO: [ app_init ] --START--
INFO: Run Behavior\BuildLiteBehavior [ RunTime:0.000011s ]
INFO: [ app_init ] --END-- [ RunTime:0.000336s ]
INFO: [ app_begin ] --START--
INFO: Run Behavior\ReadHtmlCacheBehavior [ RunTime:0.000477s ]
INFO: [ app_begin ] --END-- [ RunTime:0.000512s ]
ERR: 非法操作:loupanchart

[ 2019-12-23T20:50:11+08:00 ] ::1 /NewRPJ/index.php/admin/index/loupanchart.html
INFO: [ app_init ] --START--
INFO: Run Behavior\BuildLiteBehavior [ RunTime:0.000017s ]
INFO: [ app_init ] --END-- [ RunTime:0.000535s ]
INFO: [ app_begin ] --START--
INFO: Run Behavior\ReadHtmlCacheBehavior [ RunTime:0.000541s ]
INFO: [ app_begin ] --END-- [ RunTime:0.000575s ]
ERR: 非法操作:loupanchart

[ 2019-12-23T21:04:22+08:00 ] ::1 /NewRPJ/index.php/admin/index/index
INFO: [ app_init ] --START--
INFO: Run Behavior\BuildLiteBehavior [ RunTime:0.000015s ]
INFO: [ app_init ] --END-- [ RunTime:0.000439s ]
INFO: [ app_begin ] --START--
INFO: Run Behavior\ReadHtmlCacheBehavior [ RunTime:0.000516s ]
INFO: [ app_begin ] --END-- [ RunTime:0.000547s ]
INFO: [ view_parse ] --START--
INFO: [ template_filter ] --START--
INFO: Run Behavior\ContentReplaceBehavior [ RunTime:0.000120s ]
INFO: [ template_filter ] --END-- [ RunTime:0.000155s ]
INFO: Run Behavior\ParseTemplateBehavior [ RunTime:0.008219s ]
INFO: [ view_parse ] --END-- [ RunTime:0.008251s ]
INFO: [ view_filter ] --START--
INFO: Run Behavior\WriteHtmlCacheBehavior [ RunTime:0.000339s ]
INFO: [ view_filter ] --END-- [ RunTime:0.000367s ]
INFO: [ app_end ] --START--
INFO: Run Behavior\ShowPageTraceBehavior [ RunTime:0.002157s ]
INFO: [ app_end ] --END-- [ RunTime:0.002227s ]

[ 2019-12-23T21:04:22+08:00 ] ::1 /NewRPJ/index.php/Admin/Introduce/introduce.html
INFO: [ app_init ] --START--
INFO: Run Behavior\BuildLiteBehavior [ RunTime:0.000017s ]
INFO: [ app_init ] --END-- [ RunTime:0.000499s ]
INFO: [ app_begin ] --START--
INFO: Run Behavior\ReadHtmlCacheBehavior [ RunTime:0.000521s ]
INFO: [ app_begin ] --END-- [ RunTime:0.000552s ]
INFO: [ view_parse ] --START--
INFO: [ template_filter ] --START--
INFO: Run Behavior\ContentReplaceBehavior [ RunTime:0.000063s ]
INFO: [ template_filter ] --END-- [ RunTime:0.000099s ]
INFO: Run Behavior\ParseTemplateBehavior [ RunTime:0.006657s ]
INFO: [ view_parse ] --END-- [ RunTime:0.006688s ]
INFO: [ view_filter ] --START--
INFO: Run Behavior\WriteHtmlCacheBehavior [ RunTime:0.000214s ]
INFO: [ view_filter ] --END-- [ RunTime:0.000237s ]
INFO: [ app_end ] --START--
INFO: Run Behavior\ShowPageTraceBehavior [ RunTime:0.000678s ]
INFO: [ app_end ] --END-- [ RunTime:0.000704s ]

[ 2019-12-23T21:04:25+08:00 ] ::1 /NewRPJ/index.php/Admin/brand/brand_list.html
INFO: [ app_init ] --START--
INFO: Run Behavior\BuildLiteBehavior [ RunTime:0.000011s ]
INFO: [ app_init ] --END-- [ RunTime:0.000335s ]
INFO: [ app_begin ] --START--
INFO: Run Behavior\ReadHtmlCacheBehavior [ RunTime:0.000452s ]
INFO: [ app_begin ] --END-- [ RunTime:0.000481s ]
SQL: SHOW COLUMNS FROM `rpj_brand` [ RunTime:0.0417s ]
SQL: SELECT * FROM `rpj_brand`  [ RunTime:0.0408s ]
INFO: [ view_parse ] --START--
INFO: [ template_filter ] --START--
INFO: Run Behavior\ContentReplaceBehavior [ RunTime:0.000070s ]
INFO: [ template_filter ] --END-- [ RunTime:0.000101s ]
NOTIC: [2] Use of undefined constant brand_id - assumed 'brand_id' (this will throw an Error in a future version of PHP) /Users/chikwongyip/rpj/NewRPJ/Application/Runtime/Cache/Admin/141d3e8e8840e90d168b4c918cada876.php 第 188 行.
NOTIC: [2] Use of undefined constant brand_id - assumed 'brand_id' (this will throw an Error in a future version of PHP) /Users/chikwongyip/rpj/NewRPJ/Application/Runtime/Cache/Admin/141d3e8e8840e90d168b4c918cada876.php 第 188 行.
INFO: Run Behavior\ParseTemplateBehavior [ RunTime:0.007611s ]
INFO: [ view_parse ] --END-- [ RunTime:0.007639s ]
INFO: [ view_filter ] --START--
INFO: Run Behavior\WriteHtmlCacheBehavior [ RunTime:0.000215s ]
INFO: [ view_filter ] --END-- [ RunTime:0.000238s ]
INFO: [ app_end ] --START--
INFO: Run Behavior\ShowPageTraceBehavior [ RunTime:0.000611s ]
INFO: [ app_end ] --END-- [ RunTime:0.000648s ]

[ 2019-12-23T21:04:27+08:00 ] ::1 /NewRPJ/index.php/Admin/appfield/appfield_list.html
INFO: [ app_init ] --START--
INFO: Run Behavior\BuildLiteBehavior [ RunTime:0.000015s ]
INFO: [ app_init ] --END-- [ RunTime:0.000364s ]
INFO: [ app_begin ] --START--
INFO: Run Behavior\ReadHtmlCacheBehavior [ RunTime:0.000482s ]
INFO: [ app_begin ] --END-- [ RunTime:0.000519s ]
SQL: SHOW COLUMNS FROM `rpj_appfield` [ RunTime:0.0425s ]
SQL: SELECT * FROM `rpj_appfield`  [ RunTime:0.0422s ]
INFO: [ view_parse ] --START--
INFO: [ template_filter ] --START--
INFO: Run Behavior\ContentReplaceBehavior [ RunTime:0.000063s ]
INFO: [ template_filter ] --END-- [ RunTime:0.000093s ]
NOTIC: [2] Use of undefined constant app_id - assumed 'app_id' (this will throw an Error in a future version of PHP) /Users/chikwongyip/rpj/NewRPJ/Application/Runtime/Cache/Admin/9d3d0f15c83fdfc5ada3dd2f0d3ae056.php 第 188 行.
NOTIC: [2] Use of undefined constant app_id - assumed 'app_id' (this will throw an Error in a future version of PHP) /Users/chikwongyip/rpj/NewRPJ/Application/Runtime/Cache/Admin/9d3d0f15c83fdfc5ada3dd2f0d3ae056.php 第 188 行.
NOTIC: [2] Use of undefined constant app_id - assumed 'app_id' (this will throw an Error in a future version of PHP) /Users/chikwongyip/rpj/NewRPJ/Application/Runtime/Cache/Admin/9d3d0f15c83fdfc5ada3dd2f0d3ae056.php 第 188 行.
INFO: Run Behavior\ParseTemplateBehavior [ RunTime:0.007377s ]
INFO: [ view_parse ] --END-- [ RunTime:0.007405s ]
INFO: [ view_filter ] --START--
INFO: Run Behavior\WriteHtmlCacheBehavior [ RunTime:0.000214s ]
INFO: [ view_filter ] --END-- [ RunTime:0.000239s ]
INFO: [ app_end ] --START--
INFO: Run Behavior\ShowPageTraceBehavior [ RunTime:0.000599s ]
INFO: [ app_end ] --END-- [ RunTime:0.000628s ]

[ 2019-12-23T21:04:30+08:00 ] ::1 /NewRPJ/index.php/Admin/product/product_list.html
INFO: [ app_init ] --START--
INFO: Run Behavior\BuildLiteBehavior [ RunTime:0.000011s ]
INFO: [ app_init ] --END-- [ RunTime:0.000338s ]
INFO: [ app_begin ] --START--
INFO: Run Behavior\ReadHtmlCacheBehavior [ RunTime:0.000460s ]
INFO: [ app_begin ] --END-- [ RunTime:0.000488s ]
SQL: SHOW COLUMNS FROM `rpj_product` [ RunTime:0.0408s ]
SQL: SELECT * FROM `rpj_product` INNER JOIN rpj_brand ON rpj_product.brand_id = rpj_brand.brand_id   [ RunTime:0.0404s ]
INFO: [ view_parse ] --START--
INFO: [ template_filter ] --START--
INFO: Run Behavior\ContentReplaceBehavior [ RunTime:0.000065s ]
INFO: [ template_filter ] --END-- [ RunTime:0.000096s ]
NOTIC: [2] Use of undefined constant product_id - assumed 'product_id' (this will throw an Error in a future version of PHP) /Users/chikwongyip/rpj/NewRPJ/Application/Runtime/Cache/Admin/527ac73b321bc66eb5b723d07450871f.php 第 200 行.
INFO: Run Behavior\ParseTemplateBehavior [ RunTime:0.008148s ]
INFO: [ view_parse ] --END-- [ RunTime:0.008177s ]
INFO: [ view_filter ] --START--
INFO: Run Behavior\WriteHtmlCacheBehavior [ RunTime:0.000210s ]
INFO: [ view_filter ] --END-- [ RunTime:0.000235s ]
INFO: [ app_end ] --START--
INFO: Run Behavior\ShowPageTraceBehavior [ RunTime:0.000572s ]
INFO: [ app_end ] --END-- [ RunTime:0.000605s ]

[ 2019-12-23T21:04:34+08:00 ] ::1 /NewRPJ/index.php/Admin/Attachment/attachment_list.html
INFO: [ app_init ] --START--
INFO: Run Behavior\BuildLiteBehavior [ RunTime:0.000011s ]
INFO: [ app_init ] --END-- [ RunTime:0.000337s ]
INFO: [ app_begin ] --START--
INFO: Run Behavior\ReadHtmlCacheBehavior [ RunTime:0.000458s ]
INFO: [ app_begin ] --END-- [ RunTime:0.000488s ]
SQL: SHOW COLUMNS FROM `rpj_attachment` [ RunTime:0.0403s ]
SQL: SELECT * FROM `rpj_attachment`  [ RunTime:0.0405s ]
INFO: [ view_parse ] --START--
INFO: [ template_filter ] --START--
INFO: Run Behavior\ContentReplaceBehavior [ RunTime:0.000064s ]
INFO: [ template_filter ] --END-- [ RunTime:0.000093s ]
NOTIC: [2] Use of undefined constant id - assumed 'id' (this will throw an Error in a future version of PHP) /Users/chikwongyip/rpj/NewRPJ/Application/Runtime/Cache/Admin/cac97b875347bebeb1cdcddb020abc6e.php 第 188 行.
NOTIC: [2] Use of undefined constant id - assumed 'id' (this will throw an Error in a future version of PHP) /Users/chikwongyip/rpj/NewRPJ/Application/Runtime/Cache/Admin/cac97b875347bebeb1cdcddb020abc6e.php 第 188 行.
NOTIC: [2] Use of undefined constant id - assumed 'id' (this will throw an Error in a future version of PHP) /Users/chikwongyip/rpj/NewRPJ/Application/Runtime/Cache/Admin/cac97b875347bebeb1cdcddb020abc6e.php 第 188 行.
INFO: Run Behavior\ParseTemplateBehavior [ RunTime:0.009582s ]
INFO: [ view_parse ] --END-- [ RunTime:0.009610s ]
INFO: [ view_filter ] --START--
INFO: Run Behavior\WriteHtmlCacheBehavior [ RunTime:0.000219s ]
INFO: [ view_filter ] --END-- [ RunTime:0.000244s ]
INFO: [ app_end ] --START--
INFO: Run Behavior\ShowPageTraceBehavior [ RunTime:0.000701s ]
INFO: [ app_end ] --END-- [ RunTime:0.000736s ]

[ 2019-12-23T21:04:46+08:00 ] ::1 /NewRPJ/index.php/Admin/news/news_list.html
INFO: [ app_init ] --START--
INFO: Run Behavior\BuildLiteBehavior [ RunTime:0.000015s ]
INFO: [ app_init ] --END-- [ RunTime:0.000426s ]
INFO: [ app_begin ] --START--
INFO: Run Behavior\ReadHtmlCacheBehavior [ RunTime:0.000499s ]
INFO: [ app_begin ] --END-- [ RunTime:0.000530s ]
SQL: SHOW COLUMNS FROM `rpj_news` [ RunTime:0.0457s ]
SQL: SELECT * FROM `rpj_news`  [ RunTime:0.0436s ]
INFO: [ view_parse ] --START--
INFO: [ template_filter ] --START--
INFO: Run Behavior\ContentReplaceBehavior [ RunTime:0.000097s ]
INFO: [ template_filter ] --END-- [ RunTime:0.000128s ]
NOTIC: [2] Use of undefined constant news_id - assumed 'news_id' (this will throw an Error in a future version of PHP) /Users/chikwongyip/rpj/NewRPJ/Application/Runtime/Cache/Admin/5dc7cb56e7e8cd7601e6f40f87c141e0.php 第 187 行.
INFO: Run Behavior\ParseTemplateBehavior [ RunTime:0.010472s ]
INFO: [ view_parse ] --END-- [ RunTime:0.010500s ]
INFO: [ view_filter ] --START--
INFO: Run Behavior\WriteHtmlCacheBehavior [ RunTime:0.000224s ]
INFO: [ view_filter ] --END-- [ RunTime:0.000247s ]
INFO: [ app_end ] --START--
INFO: Run Behavior\ShowPageTraceBehavior [ RunTime:0.000600s ]
INFO: [ app_end ] --END-- [ RunTime:0.000627s ]

[ 2019-12-23T21:04:51+08:00 ] ::1 /NewRPJ/index.php/admin/index/loupanchart.html
INFO: [ app_init ] --START--
INFO: Run Behavior\BuildLiteBehavior [ RunTime:0.000012s ]
INFO: [ app_init ] --END-- [ RunTime:0.000362s ]
INFO: [ app_begin ] --START--
INFO: Run Behavior\ReadHtmlCacheBehavior [ RunTime:0.000470s ]
INFO: [ app_begin ] --END-- [ RunTime:0.000500s ]
ERR: 非法操作:loupanchart

[ 2019-12-23T21:04:54+08:00 ] ::1 /NewRPJ/index.php/Admin/appfield/appfield_list.html
INFO: [ app_init ] --START--
INFO: Run Behavior\BuildLiteBehavior [ RunTime:0.000011s ]
INFO: [ app_init ] --END-- [ RunTime:0.000343s ]
INFO: [ app_begin ] --START--
INFO: Run Behavior\ReadHtmlCacheBehavior [ RunTime:0.000461s ]
INFO: [ app_begin ] --END-- [ RunTime:0.000490s ]
SQL: SHOW COLUMNS FROM `rpj_appfield` [ RunTime:0.0448s ]
SQL: SELECT * FROM `rpj_appfield`  [ RunTime:0.0409s ]
INFO: [ view_parse ] --START--
INFO: [ template_filter ] --START--
INFO: Run Behavior\ContentReplaceBehavior [ RunTime:0.000064s ]
INFO: [ template_filter ] --END-- [ RunTime:0.000094s ]
NOTIC: [2] Use of undefined constant app_id - assumed 'app_id' (this will throw an Error in a future version of PHP) /Users/chikwongyip/rpj/NewRPJ/Application/Runtime/Cache/Admin/9d3d0f15c83fdfc5ada3dd2f0d3ae056.php 第 188 行.
NOTIC: [2] Use of undefined constant app_id - assumed 'app_id' (this will throw an Error in a future version of PHP) /Users/chikwongyip/rpj/NewRPJ/Application/Runtime/Cache/Admin/9d3d0f15c83fdfc5ada3dd2f0d3ae056.php 第 188 行.
NOTIC: [2] Use of undefined constant app_id - assumed 'app_id' (this will throw an Error in a future version of PHP) /Users/chikwongyip/rpj/NewRPJ/Application/Runtime/Cache/Admin/9d3d0f15c83fdfc5ada3dd2f0d3ae056.php 第 188 行.
INFO: Run Behavior\ParseTemplateBehavior [ RunTime:0.007326s ]
INFO: [ view_parse ] --END-- [ RunTime:0.007355s ]
INFO: [ view_filter ] --START--
INFO: Run Behavior\WriteHtmlCacheBehavior [ RunTime:0.000212s ]
INFO: [ view_filter ] --END-- [ RunTime:0.000237s ]
INFO: [ app_end ] --START--
INFO: Run Behavior\ShowPageTraceBehavior [ RunTime:0.000587s ]
INFO: [ app_end ] --END-- [ RunTime:0.000653s ]

[ 2019-12-23T21:04:58+08:00 ] ::1 /NewRPJ/index.php/Admin/brand/brand_list.html
INFO: [ app_init ] --START--
INFO: Run Behavior\BuildLiteBehavior [ RunTime:0.000011s ]
INFO: [ app_init ] --END-- [ RunTime:0.000342s ]
INFO: [ app_begin ] --START--
INFO: Run Behavior\ReadHtmlCacheBehavior [ RunTime:0.000466s ]
INFO: [ app_begin ] --END-- [ RunTime:0.000495s ]
SQL: SHOW COLUMNS FROM `rpj_brand` [ RunTime:0.0436s ]
SQL: SELECT * FROM `rpj_brand`  [ RunTime:0.0430s ]
INFO: [ view_parse ] --START--
INFO: [ template_filter ] --START--
INFO: Run Behavior\ContentReplaceBehavior [ RunTime:0.000068s ]
INFO: [ template_filter ] --END-- [ RunTime:0.000098s ]
NOTIC: [2] Use of undefined constant brand_id - assumed 'brand_id' (this will throw an Error in a future version of PHP) /Users/chikwongyip/rpj/NewRPJ/Application/Runtime/Cache/Admin/141d3e8e8840e90d168b4c918cada876.php 第 188 行.
NOTIC: [2] Use of undefined constant brand_id - assumed 'brand_id' (this will throw an Error in a future version of PHP) /Users/chikwongyip/rpj/NewRPJ/Application/Runtime/Cache/Admin/141d3e8e8840e90d168b4c918cada876.php 第 188 行.
INFO: Run Behavior\ParseTemplateBehavior [ RunTime:0.007196s ]
INFO: [ view_parse ] --END-- [ RunTime:0.007224s ]
INFO: [ view_filter ] --START--
INFO: Run Behavior\WriteHtmlCacheBehavior [ RunTime:0.000214s ]
INFO: [ view_filter ] --END-- [ RunTime:0.000239s ]
INFO: [ app_end ] --START--
INFO: Run Behavior\ShowPageTraceBehavior [ RunTime:0.000580s ]
INFO: [ app_end ] --END-- [ RunTime:0.000637s ]

[ 2019-12-23T21:05:01+08:00 ] ::1 /NewRPJ/index.php/Admin/product/product_list.html
INFO: [ app_init ] --START--
INFO: Run Behavior\BuildLiteBehavior [ RunTime:0.000010s ]
INFO: [ app_init ] --END-- [ RunTime:0.000340s ]
INFO: [ app_begin ] --START--
INFO: Run Behavior\ReadHtmlCacheBehavior [ RunTime:0.000458s ]
INFO: [ app_begin ] --END-- [ RunTime:0.000486s ]
SQL: SHOW COLUMNS FROM `rpj_product` [ RunTime:0.0413s ]
SQL: SELECT * FROM `rpj_product` INNER JOIN rpj_brand ON rpj_product.brand_id = rpj_brand.brand_id   [ RunTime:0.0411s ]
INFO: [ view_parse ] --START--
INFO: [ template_filter ] --START--
INFO: Run Behavior\ContentReplaceBehavior [ RunTime:0.000065s ]
INFO: [ template_filter ] --END-- [ RunTime:0.000095s ]
NOTIC: [2] Use of undefined constant product_id - assumed 'product_id' (this will throw an Error in a future version of PHP) /Users/chikwongyip/rpj/NewRPJ/Application/Runtime/Cache/Admin/527ac73b321bc66eb5b723d07450871f.php 第 200 行.
INFO: Run Behavior\ParseTemplateBehavior [ RunTime:0.007984s ]
INFO: [ view_parse ] --END-- [ RunTime:0.008012s ]
INFO: [ view_filter ] --START--
INFO: Run Behavior\WriteHtmlCacheBehavior [ RunTime:0.000205s ]
INFO: [ view_filter ] --END-- [ RunTime:0.000230s ]
INFO: [ app_end ] --START--
INFO: Run Behavior\ShowPageTraceBehavior [ RunTime:0.000569s ]
INFO: [ app_end ] --END-- [ RunTime:0.000598s ]

[ 2019-12-23T21:05:05+08:00 ] ::1 /NewRPJ/index.php/admin/product/product_edit/product_id/2.html
INFO: [ app_init ] --START--
INFO: Run Behavior\BuildLiteBehavior [ RunTime:0.000012s ]
INFO: [ app_init ] --END-- [ RunTime:0.000364s ]
INFO: [ app_begin ] --START--
INFO: Run Behavior\ReadHtmlCacheBehavior [ RunTime:0.000482s ]
INFO: [ app_begin ] --END-- [ RunTime:0.000512s ]
SQL: SHOW COLUMNS FROM `rpj_product` [ RunTime:0.0421s ]
SQL: SELECT * FROM `rpj_product` INNER JOIN rpj_brand ON rpj_product.brand_id = rpj_brand.brand_id  WHERE `product_id` = '2' LIMIT 1   [ RunTime:0.0419s ]
INFO: [ view_parse ] --START--
INFO: [ template_filter ] --START--
INFO: Run Behavior\ContentReplaceBehavior [ RunTime:0.000064s ]
INFO: [ template_filter ] --END-- [ RunTime:0.000097s ]
INFO: Run Behavior\ParseTemplateBehavior [ RunTime:0.008762s ]
INFO: [ view_parse ] --END-- [ RunTime:0.008794s ]
INFO: [ view_filter ] --START--
INFO: Run Behavior\WriteHtmlCacheBehavior [ RunTime:0.000206s ]
INFO: [ view_filter ] --END-- [ RunTime:0.000230s ]
INFO: [ app_end ] --START--
INFO: Run Behavior\ShowPageTraceBehavior [ RunTime:0.000537s ]
INFO: [ app_end ] --END-- [ RunTime:0.000561s ]

[ 2019-12-23T21:05:18+08:00 ] ::1 /NewRPJ/index.php/admin/product/product_list.html
INFO: [ app_init ] --START--
INFO: Run Behavior\BuildLiteBehavior [ RunTime:0.000011s ]
INFO: [ app_init ] --END-- [ RunTime:0.000363s ]
INFO: [ app_begin ] --START--
INFO: Run Behavior\ReadHtmlCacheBehavior [ RunTime:0.000474s ]
INFO: [ app_begin ] --END-- [ RunTime:0.000506s ]
SQL: SHOW COLUMNS FROM `rpj_product` [ RunTime:0.0453s ]
SQL: SELECT * FROM `rpj_product` INNER JOIN rpj_brand ON rpj_product.brand_id = rpj_brand.brand_id   [ RunTime:0.0431s ]
INFO: [ view_parse ] --START--
INFO: [ template_filter ] --START--
INFO: Run Behavior\ContentReplaceBehavior [ RunTime:0.000067s ]
INFO: [ template_filter ] --END-- [ RunTime:0.000100s ]
NOTIC: [2] Use of undefined constant product_id - assumed 'product_id' (this will throw an Error in a future version of PHP) /Users/chikwongyip/rpj/NewRPJ/Application/Runtime/Cache/Admin/527ac73b321bc66eb5b723d07450871f.php 第 200 行.
INFO: Run Behavior\ParseTemplateBehavior [ RunTime:0.008475s ]
INFO: [ view_parse ] --END-- [ RunTime:0.008506s ]
INFO: [ view_filter ] --START--
INFO: Run Behavior\WriteHtmlCacheBehavior [ RunTime:0.000227s ]
INFO: [ view_filter ] --END-- [ RunTime:0.000252s ]
INFO: [ app_end ] --START--
INFO: Run Behavior\ShowPageTraceBehavior [ RunTime:0.000594s ]
INFO: [ app_end ] --END-- [ RunTime:0.000628s ]

[ 2019-12-23T21:05:29+08:00 ] ::1 /NewRPJ/index.php/Admin/news/news_list.html
INFO: [ app_init ] --START--
INFO: Run Behavior\BuildLiteBehavior [ RunTime:0.000012s ]
INFO: [ app_init ] --END-- [ RunTime:0.000375s ]
INFO: [ app_begin ] --START--
INFO: Run Behavior\ReadHtmlCacheBehavior [ RunTime:0.000472s ]
INFO: [ app_begin ] --END-- [ RunTime:0.000504s ]
SQL: SHOW COLUMNS FROM `rpj_news` [ RunTime:0.0414s ]
SQL: SELECT * FROM `rpj_news`  [ RunTime:0.0407s ]
INFO: [ view_parse ] --START--
INFO: [ template_filter ] --START--
INFO: Run Behavior\ContentReplaceBehavior [ RunTime:0.000101s ]
INFO: [ template_filter ] --END-- [ RunTime:0.000138s ]
NOTIC: [2] Use of undefined constant news_id - assumed 'news_id' (this will throw an Error in a future version of PHP) /Users/chikwongyip/rpj/NewRPJ/Application/Runtime/Cache/Admin/5dc7cb56e7e8cd7601e6f40f87c141e0.php 第 187 行.
INFO: Run Behavior\ParseTemplateBehavior [ RunTime:0.047563s ]
INFO: [ view_parse ] --END-- [ RunTime:0.047600s ]
INFO: [ view_filter ] --START--
INFO: Run Behavior\WriteHtmlCacheBehavior [ RunTime:0.000249s ]
INFO: [ view_filter ] --END-- [ RunTime:0.000276s ]
INFO: [ app_end ] --START--
INFO: Run Behavior\ShowPageTraceBehavior [ RunTime:0.000698s ]
INFO: [ app_end ] --END-- [ RunTime:0.000730s ]

[ 2019-12-23T21:05:31+08:00 ] ::1 /NewRPJ/index.php/Admin/Attachment/attachment_list.html
INFO: [ app_init ] --START--
INFO: Run Behavior\BuildLiteBehavior [ RunTime:0.000011s ]
INFO: [ app_init ] --END-- [ RunTime:0.000334s ]
INFO: [ app_begin ] --START--
INFO: Run Behavior\ReadHtmlCacheBehavior [ RunTime:0.000454s ]
INFO: [ app_begin ] --END-- [ RunTime:0.000483s ]
SQL: SHOW COLUMNS FROM `rpj_attachment` [ RunTime:0.0433s ]
SQL: SELECT * FROM `rpj_attachment`  [ RunTime:0.0426s ]
INFO: [ view_parse ] --START--
INFO: [ template_filter ] --START--
INFO: Run Behavior\ContentReplaceBehavior [ RunTime:0.000063s ]
INFO: [ template_filter ] --END-- [ RunTime:0.000094s ]
NOTIC: [2] Use of undefined constant id - assumed 'id' (this will throw an Error in a future version of PHP) /Users/chikwongyip/rpj/NewRPJ/Application/Runtime/Cache/Admin/cac97b875347bebeb1cdcddb020abc6e.php 第 188 行.
NOTIC: [2] Use of undefined constant id - assumed 'id' (this will throw an Error in a future version of PHP) /Users/chikwongyip/rpj/NewRPJ/Application/Runtime/Cache/Admin/cac97b875347bebeb1cdcddb020abc6e.php 第 188 行.
NOTIC: [2] Use of undefined constant id - assumed 'id' (this will throw an Error in a future version of PHP) /Users/chikwongyip/rpj/NewRPJ/Application/Runtime/Cache/Admin/cac97b875347bebeb1cdcddb020abc6e.php 第 188 行.
INFO: Run Behavior\ParseTemplateBehavior [ RunTime:0.007384s ]
INFO: [ view_parse ] --END-- [ RunTime:0.007413s ]
INFO: [ view_filter ] --START--
INFO: Run Behavior\WriteHtmlCacheBehavior [ RunTime:0.000223s ]
INFO: [ view_filter ] --END-- [ RunTime:0.000247s ]
INFO: [ app_end ] --START--
INFO: Run Behavior\ShowPageTraceBehavior [ RunTime:0.000583s ]
INFO: [ app_end ] --END-- [ RunTime:0.000638s ]

[ 2019-12-23T21:05:35+08:00 ] ::1 /NewRPJ/index.php/admin/index/loupanchart.html
INFO: [ app_init ] --START--
INFO: Run Behavior\BuildLiteBehavior [ RunTime:0.000011s ]
INFO: [ app_init ] --END-- [ RunTime:0.000340s ]
INFO: [ app_begin ] --START--
INFO: Run Behavior\ReadHtmlCacheBehavior [ RunTime:0.000463s ]
INFO: [ app_begin ] --END-- [ RunTime:0.000494s ]
ERR: 非法操作:loupanchart

[ 2019-12-23T21:05:38+08:00 ] ::1 /NewRPJ/index.php/Admin/company/company_edit.html
INFO: [ app_init ] --START--
INFO: Run Behavior\BuildLiteBehavior [ RunTime:0.000011s ]
INFO: [ app_init ] --END-- [ RunTime:0.000337s ]
INFO: [ app_begin ] --START--
INFO: Run Behavior\ReadHtmlCacheBehavior [ RunTime:0.000459s ]
INFO: [ app_begin ] --END-- [ RunTime:0.000489s ]
SQL: SHOW COLUMNS FROM `rpj_company` [ RunTime:0.0438s ]
SQL: SELECT * FROM `rpj_company` WHERE `id` = 1 LIMIT 1   [ RunTime:0.0433s ]
INFO: [ view_parse ] --START--
INFO: [ template_filter ] --START--
INFO: Run Behavior\ContentReplaceBehavior [ RunTime:0.000062s ]
INFO: [ template_filter ] --END-- [ RunTime:0.000094s ]
INFO: Run Behavior\ParseTemplateBehavior [ RunTime:0.006868s ]
INFO: [ view_parse ] --END-- [ RunTime:0.006901s ]
INFO: [ view_filter ] --START--
INFO: Run Behavior\WriteHtmlCacheBehavior [ RunTime:0.000210s ]
INFO: [ view_filter ] --END-- [ RunTime:0.000235s ]
INFO: [ app_end ] --START--
INFO: Run Behavior\ShowPageTraceBehavior [ RunTime:0.001143s ]
INFO: [ app_end ] --END-- [ RunTime:0.001175s ]

[ 2019-12-23T21:05:42+08:00 ] ::1 /NewRPJ/index.php/Admin/brand/brand_list.html
INFO: [ app_init ] --START--
INFO: Run Behavior\BuildLiteBehavior [ RunTime:0.000011s ]
INFO: [ app_init ] --END-- [ RunTime:0.000333s ]
INFO: [ app_begin ] --START--
INFO: Run Behavior\ReadHtmlCacheBehavior [ RunTime:0.000455s ]
INFO: [ app_begin ] --END-- [ RunTime:0.000484s ]
SQL: SHOW COLUMNS FROM `rpj_brand` [ RunTime:0.0426s ]
SQL: SELECT * FROM `rpj_brand`  [ RunTime:0.0420s ]
INFO: [ view_parse ] --START--
INFO: [ template_filter ] --START--
INFO: Run Behavior\ContentReplaceBehavior [ RunTime:0.000068s ]
INFO: [ template_filter ] --END-- [ RunTime:0.000097s ]
NOTIC: [2] Use of undefined constant brand_id - assumed 'brand_id' (this will throw an Error in a future version of PHP) /Users/chikwongyip/rpj/NewRPJ/Application/Runtime/Cache/Admin/141d3e8e8840e90d168b4c918cada876.php 第 188 行.
NOTIC: [2] Use of undefined constant brand_id - assumed 'brand_id' (this will throw an Error in a future version of PHP) /Users/chikwongyip/rpj/NewRPJ/Application/Runtime/Cache/Admin/141d3e8e8840e90d168b4c918cada876.php 第 188 行.
INFO: Run Behavior\ParseTemplateBehavior [ RunTime:0.007166s ]
INFO: [ view_parse ] --END-- [ RunTime:0.007193s ]
INFO: [ view_filter ] --START--
INFO: Run Behavior\WriteHtmlCacheBehavior [ RunTime:0.000246s ]
INFO: [ view_filter ] --END-- [ RunTime:0.000269s ]
INFO: [ app_end ] --START--
INFO: Run Behavior\ShowPageTraceBehavior [ RunTime:0.000571s ]
INFO: [ app_end ] --END-- [ RunTime:0.000599s ]

[ 2019-12-23T21:05:46+08:00 ] ::1 /NewRPJ/index.php/admin/brand/brand_edit/brand_id/12.html
INFO: [ app_init ] --START--
INFO: Run Behavior\BuildLiteBehavior [ RunTime:0.000012s ]
INFO: [ app_init ] --END-- [ RunTime:0.000337s ]
INFO: [ app_begin ] --START--
INFO: Run Behavior\ReadHtmlCacheBehavior [ RunTime:0.000454s ]
INFO: [ app_begin ] --END-- [ RunTime:0.000484s ]
SQL: SHOW COLUMNS FROM `rpj_brand` [ RunTime:0.0433s ]
SQL: SELECT * FROM `rpj_brand` WHERE `brand_id` = 12 LIMIT 1   [ RunTime:0.0429s ]
INFO: [ view_parse ] --START--
INFO: [ template_filter ] --START--
INFO: Run Behavior\ContentReplaceBehavior [ RunTime:0.000058s ]
INFO: [ template_filter ] --END-- [ RunTime:0.000088s ]
NOTIC: [8] Undefined variable: a /Users/chikwongyip/rpj/NewRPJ/Application/Runtime/Cache/Admin/85ccb53b04da278fd27edcc1d620c244.php 第 164 行.
INFO: Run Behavior\ParseTemplateBehavior [ RunTime:0.009844s ]
INFO: [ view_parse ] --END-- [ RunTime:0.009873s ]
INFO: [ view_filter ] --START--
INFO: Run Behavior\WriteHtmlCacheBehavior [ RunTime:0.000207s ]
INFO: [ view_filter ] --END-- [ RunTime:0.000231s ]
INFO: [ app_end ] --START--
INFO: Run Behavior\ShowPageTraceBehavior [ RunTime:0.000581s ]
INFO: [ app_end ] --END-- [ RunTime:0.000607s ]

[ 2019-12-23T21:05:47+08:00 ] ::1 /NewRPJ/index.php/admin/brand/brand_list.html
INFO: [ app_init ] --START--
INFO: Run Behavior\BuildLiteBehavior [ RunTime:0.000012s ]
INFO: [ app_init ] --END-- [ RunTime:0.000412s ]
INFO: [ app_begin ] --START--
INFO: Run Behavior\ReadHtmlCacheBehavior [ RunTime:0.000564s ]
INFO: [ app_begin ] --END-- [ RunTime:0.000603s ]
SQL: SHOW COLUMNS FROM `rpj_brand` [ RunTime:0.0432s ]
SQL: SELECT * FROM `rpj_brand`  [ RunTime:0.0424s ]
INFO: [ view_parse ] --START--
INFO: [ template_filter ] --START--
INFO: Run Behavior\ContentReplaceBehavior [ RunTime:0.000070s ]
INFO: [ template_filter ] --END-- [ RunTime:0.000103s ]
NOTIC: [2] Use of undefined constant brand_id - assumed 'brand_id' (this will throw an Error in a future version of PHP) /Users/chikwongyip/rpj/NewRPJ/Application/Runtime/Cache/Admin/141d3e8e8840e90d168b4c918cada876.php 第 188 行.
NOTIC: [2] Use of undefined constant brand_id - assumed 'brand_id' (this will throw an Error in a future version of PHP) /Users/chikwongyip/rpj/NewRPJ/Application/Runtime/Cache/Admin/141d3e8e8840e90d168b4c918cada876.php 第 188 行.
INFO: Run Behavior\ParseTemplateBehavior [ RunTime:0.007330s ]
INFO: [ view_parse ] --END-- [ RunTime:0.007368s ]
INFO: [ view_filter ] --START--
INFO: Run Behavior\WriteHtmlCacheBehavior [ RunTime:0.000222s ]
INFO: [ view_filter ] --END-- [ RunTime:0.000248s ]
INFO: [ app_end ] --START--
INFO: Run Behavior\ShowPageTraceBehavior [ RunTime:0.000615s ]
INFO: [ app_end ] --END-- [ RunTime:0.000654s ]

[ 2019-12-23T21:05:49+08:00 ] ::1 /NewRPJ/index.php/Admin/appfield/appfield_list.html
INFO: [ app_init ] --START--
INFO: Run Behavior\BuildLiteBehavior [ RunTime:0.000013s ]
INFO: [ app_init ] --END-- [ RunTime:0.000354s ]
INFO: [ app_begin ] --START--
INFO: Run Behavior\ReadHtmlCacheBehavior [ RunTime:0.000463s ]
INFO: [ app_begin ] --END-- [ RunTime:0.000495s ]
SQL: SHOW COLUMNS FROM `rpj_appfield` [ RunTime:0.0438s ]
SQL: SELECT * FROM `rpj_appfield`  [ RunTime:0.0432s ]
INFO: [ view_parse ] --START--
INFO: [ template_filter ] --START--
INFO: Run Behavior\ContentReplaceBehavior [ RunTime:0.000064s ]
INFO: [ template_filter ] --END-- [ RunTime:0.000094s ]
NOTIC: [2] Use of undefined constant app_id - assumed 'app_id' (this will throw an Error in a future version of PHP) /Users/chikwongyip/rpj/NewRPJ/Application/Runtime/Cache/Admin/9d3d0f15c83fdfc5ada3dd2f0d3ae056.php 第 188 行.
NOTIC: [2] Use of undefined constant app_id - assumed 'app_id' (this will throw an Error in a future version of PHP) /Users/chikwongyip/rpj/NewRPJ/Application/Runtime/Cache/Admin/9d3d0f15c83fdfc5ada3dd2f0d3ae056.php 第 188 行.
NOTIC: [2] Use of undefined constant app_id - assumed 'app_id' (this will throw an Error in a future version of PHP) /Users/chikwongyip/rpj/NewRPJ/Application/Runtime/Cache/Admin/9d3d0f15c83fdfc5ada3dd2f0d3ae056.php 第 188 行.
INFO: Run Behavior\ParseTemplateBehavior [ RunTime:0.007030s ]
INFO: [ view_parse ] --END-- [ RunTime:0.007059s ]
INFO: [ view_filter ] --START--
INFO: Run Behavior\WriteHtmlCacheBehavior [ RunTime:0.000209s ]
INFO: [ view_filter ] --END-- [ RunTime:0.000232s ]
INFO: [ app_end ] --START--
INFO: Run Behavior\ShowPageTraceBehavior [ RunTime:0.000571s ]
INFO: [ app_end ] --END-- [ RunTime:0.000738s ]

[ 2019-12-23T21:05:51+08:00 ] ::1 /NewRPJ/index.php/Admin/product/product_list.html
INFO: [ app_init ] --START--
INFO: Run Behavior\BuildLiteBehavior [ RunTime:0.000011s ]
INFO: [ app_init ] --END-- [ RunTime:0.000339s ]
INFO: [ app_begin ] --START--
INFO: Run Behavior\ReadHtmlCacheBehavior [ RunTime:0.000454s ]
INFO: [ app_begin ] --END-- [ RunTime:0.000483s ]
SQL: SHOW COLUMNS FROM `rpj_product` [ RunTime:0.0411s ]
SQL: SELECT * FROM `rpj_product` INNER JOIN rpj_brand ON rpj_product.brand_id = rpj_brand.brand_id   [ RunTime:0.0410s ]
INFO: [ view_parse ] --START--
INFO: [ template_filter ] --START--
INFO: Run Behavior\ContentReplaceBehavior [ RunTime:0.000064s ]
INFO: [ template_filter ] --END-- [ RunTime:0.000094s ]
NOTIC: [2] Use of undefined constant product_id - assumed 'product_id' (this will throw an Error in a future version of PHP) /Users/chikwongyip/rpj/NewRPJ/Application/Runtime/Cache/Admin/527ac73b321bc66eb5b723d07450871f.php 第 200 行.
INFO: Run Behavior\ParseTemplateBehavior [ RunTime:0.007636s ]
INFO: [ view_parse ] --END-- [ RunTime:0.007664s ]
INFO: [ view_filter ] --START--
INFO: Run Behavior\WriteHtmlCacheBehavior [ RunTime:0.000205s ]
INFO: [ view_filter ] --END-- [ RunTime:0.000229s ]
INFO: [ app_end ] --START--
INFO: Run Behavior\ShowPageTraceBehavior [ RunTime:0.000567s ]
INFO: [ app_end ] --END-- [ RunTime:0.000600s ]

[ 2019-12-23T21:07:57+08:00 ] ::1 /NewRPJ/index.php/Admin/Attachment/attachment_list.html
INFO: [ app_init ] --START--
INFO: Run Behavior\BuildLiteBehavior [ RunTime:0.000011s ]
INFO: [ app_init ] --END-- [ RunTime:0.000362s ]
INFO: [ app_begin ] --START--
INFO: Run Behavior\ReadHtmlCacheBehavior [ RunTime:0.000472s ]
INFO: [ app_begin ] --END-- [ RunTime:0.000502s ]
SQL: SHOW COLUMNS FROM `rpj_attachment` [ RunTime:0.0419s ]
SQL: SELECT * FROM `rpj_attachment`  [ RunTime:0.0412s ]
INFO: [ view_parse ] --START--
INFO: [ template_filter ] --START--
INFO: Run Behavior\ContentReplaceBehavior [ RunTime:0.000063s ]
INFO: [ template_filter ] --END-- [ RunTime:0.000096s ]
NOTIC: [2] Use of undefined constant id - assumed 'id' (this will throw an Error in a future version of PHP) /Users/chikwongyip/rpj/NewRPJ/Application/Runtime/Cache/Admin/cac97b875347bebeb1cdcddb020abc6e.php 第 188 行.
NOTIC: [2] Use of undefined constant id - assumed 'id' (this will throw an Error in a future version of PHP) /Users/chikwongyip/rpj/NewRPJ/Application/Runtime/Cache/Admin/cac97b875347bebeb1cdcddb020abc6e.php 第 188 行.
NOTIC: [2] Use of undefined constant id - assumed 'id' (this will throw an Error in a future version of PHP) /Users/chikwongyip/rpj/NewRPJ/Application/Runtime/Cache/Admin/cac97b875347bebeb1cdcddb020abc6e.php 第 188 行.
INFO: Run Behavior\ParseTemplateBehavior [ RunTime:0.007813s ]
INFO: [ view_parse ] --END-- [ RunTime:0.007844s ]
INFO: [ view_filter ] --START--
INFO: Run Behavior\WriteHtmlCacheBehavior [ RunTime:0.000242s ]
INFO: [ view_filter ] --END-- [ RunTime:0.000266s ]
INFO: [ app_end ] --START--
INFO: Run Behavior\ShowPageTraceBehavior [ RunTime:0.000616s ]
INFO: [ app_end ] --END-- [ RunTime:0.000647s ]

[ 2019-12-23T21:12:34+08:00 ] ::1 /NewRPJ/index.php/admin/index/index
INFO: [ app_init ] --START--
INFO: Run Behavior\BuildLiteBehavior [ RunTime:0.000011s ]
INFO: [ app_init ] --END-- [ RunTime:0.000357s ]
INFO: [ app_begin ] --START--
INFO: Run Behavior\ReadHtmlCacheBehavior [ RunTime:0.000473s ]
INFO: [ app_begin ] --END-- [ RunTime:0.000503s ]
INFO: [ view_parse ] --START--
INFO: [ template_filter ] --START--
INFO: Run Behavior\ContentReplaceBehavior [ RunTime:0.000098s ]
INFO: [ template_filter ] --END-- [ RunTime:0.000134s ]
INFO: Run Behavior\ParseTemplateBehavior [ RunTime:0.007241s ]
INFO: [ view_parse ] --END-- [ RunTime:0.007272s ]
INFO: [ view_filter ] --START--
INFO: Run Behavior\WriteHtmlCacheBehavior [ RunTime:0.000262s ]
INFO: [ view_filter ] --END-- [ RunTime:0.000287s ]
INFO: [ app_end ] --START--
INFO: Run Behavior\ShowPageTraceBehavior [ RunTime:0.000806s ]
INFO: [ app_end ] --END-- [ RunTime:0.000844s ]

[ 2019-12-23T21:12:34+08:00 ] ::1 /NewRPJ/index.php/Admin/Introduce/introduce.html
INFO: [ app_init ] --START--
INFO: Run Behavior\BuildLiteBehavior [ RunTime:0.000013s ]
INFO: [ app_init ] --END-- [ RunTime:0.000384s ]
INFO: [ app_begin ] --START--
INFO: Run Behavior\ReadHtmlCacheBehavior [ RunTime:0.000720s ]
INFO: [ app_begin ] --END-- [ RunTime:0.000755s ]
INFO: [ view_parse ] --START--
INFO: [ template_filter ] --START--
INFO: Run Behavior\ContentReplaceBehavior [ RunTime:0.000033s ]
INFO: [ template_filter ] --END-- [ RunTime:0.000076s ]
INFO: Run Behavior\ParseTemplateBehavior [ RunTime:0.007137s ]
INFO: [ view_parse ] --END-- [ RunTime:0.007169s ]
INFO: [ view_filter ] --START--
INFO: Run Behavior\WriteHtmlCacheBehavior [ RunTime:0.000222s ]
INFO: [ view_filter ] --END-- [ RunTime:0.000246s ]
INFO: [ app_end ] --START--
INFO: Run Behavior\ShowPageTraceBehavior [ RunTime:0.000579s ]
INFO: [ app_end ] --END-- [ RunTime:0.000605s ]

[ 2019-12-23T21:12:39+08:00 ] ::1 /NewRPJ/index.php/Admin/prod_att/prod_att_list.html
INFO: [ app_init ] --START--
INFO: Run Behavior\BuildLiteBehavior [ RunTime:0.000011s ]
INFO: [ app_init ] --END-- [ RunTime:0.000338s ]
INFO: [ app_begin ] --START--
INFO: Run Behavior\ReadHtmlCacheBehavior [ RunTime:0.000456s ]
INFO: [ app_begin ] --END-- [ RunTime:0.000485s ]
ERR: 无法加载控制器:Prod_att

[ 2019-12-23T21:19:21+08:00 ] ::1 /NewRPJ/index.php/admin/index/index
INFO: [ app_init ] --START--
INFO: Run Behavior\BuildLiteBehavior [ RunTime:0.000012s ]
INFO: [ app_init ] --END-- [ RunTime:0.000398s ]
INFO: [ app_begin ] --START--
INFO: Run Behavior\ReadHtmlCacheBehavior [ RunTime:0.000480s ]
INFO: [ app_begin ] --END-- [ RunTime:0.000512s ]
INFO: [ view_parse ] --START--
INFO: [ template_filter ] --START--
INFO: Run Behavior\ContentReplaceBehavior [ RunTime:0.000093s ]
INFO: [ template_filter ] --END-- [ RunTime:0.000122s ]
INFO: Run Behavior\ParseTemplateBehavior [ RunTime:0.007313s ]
INFO: [ view_parse ] --END-- [ RunTime:0.007344s ]
INFO: [ view_filter ] --START--
INFO: Run Behavior\WriteHtmlCacheBehavior [ RunTime:0.000225s ]
INFO: [ view_filter ] --END-- [ RunTime:0.000250s ]
INFO: [ app_end ] --START--
INFO: Run Behavior\ShowPageTraceBehavior [ RunTime:0.002807s ]
INFO: [ app_end ] --END-- [ RunTime:0.002849s ]

[ 2019-12-23T21:19:22+08:00 ] ::1 /NewRPJ/index.php/Admin/Introduce/introduce.html
INFO: [ app_init ] --START--
INFO: Run Behavior\BuildLiteBehavior [ RunTime:0.000011s ]
INFO: [ app_init ] --END-- [ RunTime:0.000349s ]
INFO: [ app_begin ] --START--
INFO: Run Behavior\ReadHtmlCacheBehavior [ RunTime:0.003505s ]
INFO: [ app_begin ] --END-- [ RunTime:0.003553s ]
INFO: [ view_parse ] --START--
INFO: [ template_filter ] --START--
INFO: Run Behavior\ContentReplaceBehavior [ RunTime:0.000030s ]
INFO: [ template_filter ] --END-- [ RunTime:0.000064s ]
INFO: Run Behavior\ParseTemplateBehavior [ RunTime:0.005186s ]
INFO: [ view_parse ] --END-- [ RunTime:0.005220s ]
INFO: [ view_filter ] --START--
INFO: Run Behavior\WriteHtmlCacheBehavior [ RunTime:0.000197s ]
INFO: [ view_filter ] --END-- [ RunTime:0.000221s ]
INFO: [ app_end ] --START--
INFO: Run Behavior\ShowPageTraceBehavior [ RunTime:0.000549s ]
INFO: [ app_end ] --END-- [ RunTime:0.000574s ]

[ 2019-12-23T21:19:25+08:00 ] ::1 /NewRPJ/index.php/Admin/prod_att/prod_att_list.html
INFO: [ app_init ] --START--
INFO: Run Behavior\BuildLiteBehavior [ RunTime:0.000011s ]
INFO: [ app_init ] --END-- [ RunTime:0.000337s ]
INFO: [ app_begin ] --START--
INFO: Run Behavior\ReadHtmlCacheBehavior [ RunTime:0.000452s ]
INFO: [ app_begin ] --END-- [ RunTime:0.000482s ]
ERR: 无法加载控制器:Prod_att

[ 2019-12-23T21:20:10+08:00 ] ::1 /NewRPJ/index.php/admin/index/index
INFO: [ app_init ] --START--
INFO: Run Behavior\BuildLiteBehavior [ RunTime:0.000015s ]
INFO: [ app_init ] --END-- [ RunTime:0.000483s ]
INFO: [ app_begin ] --START--
INFO: Run Behavior\ReadHtmlCacheBehavior [ RunTime:0.000551s ]
INFO: [ app_begin ] --END-- [ RunTime:0.000586s ]
INFO: [ view_parse ] --START--
INFO: [ template_filter ] --START--
INFO: Run Behavior\ContentReplaceBehavior [ RunTime:0.000128s ]
INFO: [ template_filter ] --END-- [ RunTime:0.000168s ]
INFO: Run Behavior\ParseTemplateBehavior [ RunTime:0.008895s ]
INFO: [ view_parse ] --END-- [ RunTime:0.008930s ]
INFO: [ view_filter ] --START--
INFO: Run Behavior\WriteHtmlCacheBehavior [ RunTime:0.000316s ]
INFO: [ view_filter ] --END-- [ RunTime:0.000348s ]
INFO: [ app_end ] --START--
INFO: Run Behavior\ShowPageTraceBehavior [ RunTime:0.001618s ]
INFO: [ app_end ] --END-- [ RunTime:0.001657s ]

[ 2019-12-23T21:20:11+08:00 ] ::1 /NewRPJ/index.php/Admin/Introduce/introduce.html
INFO: [ app_init ] --START--
INFO: Run Behavior\BuildLiteBehavior [ RunTime:0.000013s ]
INFO: [ app_init ] --END-- [ RunTime:0.000565s ]
INFO: [ app_begin ] --START--
INFO: Run Behavior\ReadHtmlCacheBehavior [ RunTime:0.000552s ]
INFO: [ app_begin ] --END-- [ RunTime:0.000635s ]
INFO: [ view_parse ] --START--
INFO: [ template_filter ] --START--
INFO: Run Behavior\ContentReplaceBehavior [ RunTime:0.000027s ]
INFO: [ template_filter ] --END-- [ RunTime:0.000057s ]
INFO: Run Behavior\ParseTemplateBehavior [ RunTime:0.005187s ]
INFO: [ view_parse ] --END-- [ RunTime:0.005216s ]
INFO: [ view_filter ] --START--
INFO: Run Behavior\WriteHtmlCacheBehavior [ RunTime:0.000195s ]
INFO: [ view_filter ] --END-- [ RunTime:0.000218s ]
INFO: [ app_end ] --START--
INFO: Run Behavior\ShowPageTraceBehavior [ RunTime:0.000543s ]
INFO: [ app_end ] --END-- [ RunTime:0.000568s ]

[ 2019-12-23T21:20:12+08:00 ] ::1 /NewRPJ/index.php/Admin/prod_att/prod_att_list.html
INFO: [ app_init ] --START--
INFO: Run Behavior\BuildLiteBehavior [ RunTime:0.000011s ]
INFO: [ app_init ] --END-- [ RunTime:0.000334s ]
INFO: [ app_begin ] --START--
INFO: Run Behavior\ReadHtmlCacheBehavior [ RunTime:0.000449s ]
INFO: [ app_begin ] --END-- [ RunTime:0.000478s ]
ERR: 无法加载控制器:Prod_att

[ 2019-12-23T21:22:04+08:00 ] ::1 /NewRPJ/index.php/admin/index/index
INFO: [ app_init ] --START--
INFO: Run Behavior\BuildLiteBehavior [ RunTime:0.000012s ]
INFO: [ app_init ] --END-- [ RunTime:0.000374s ]
INFO: [ app_begin ] --START--
INFO: Run Behavior\ReadHtmlCacheBehavior [ RunTime:0.000479s ]
INFO: [ app_begin ] --END-- [ RunTime:0.000509s ]
INFO: [ view_parse ] --START--
INFO: [ template_filter ] --START--
INFO: Run Behavior\ContentReplaceBehavior [ RunTime:0.000092s ]
INFO: [ template_filter ] --END-- [ RunTime:0.000121s ]
INFO: Run Behavior\ParseTemplateBehavior [ RunTime:0.006941s ]
INFO: [ view_parse ] --END-- [ RunTime:0.006969s ]
INFO: [ view_filter ] --START--
INFO: Run Behavior\WriteHtmlCacheBehavior [ RunTime:0.000227s ]
INFO: [ view_filter ] --END-- [ RunTime:0.000250s ]
INFO: [ app_end ] --START--
INFO: Run Behavior\ShowPageTraceBehavior [ RunTime:0.001766s ]
INFO: [ app_end ] --END-- [ RunTime:0.001811s ]

[ 2019-12-23T21:22:04+08:00 ] ::1 /NewRPJ/index.php/Admin/Introduce/introduce.html
INFO: [ app_init ] --START--
INFO: Run Behavior\BuildLiteBehavior [ RunTime:0.000012s ]
INFO: [ app_init ] --END-- [ RunTime:0.000338s ]
INFO: [ app_begin ] --START--
INFO: Run Behavior\ReadHtmlCacheBehavior [ RunTime:0.000531s ]
INFO: [ app_begin ] --END-- [ RunTime:0.000591s ]
INFO: [ view_parse ] --START--
INFO: [ template_filter ] --START--
INFO: Run Behavior\ContentReplaceBehavior [ RunTime:0.000031s ]
INFO: [ template_filter ] --END-- [ RunTime:0.000070s ]
INFO: Run Behavior\ParseTemplateBehavior [ RunTime:0.007513s ]
INFO: [ view_parse ] --END-- [ RunTime:0.007549s ]
INFO: [ view_filter ] --START--
INFO: Run Behavior\WriteHtmlCacheBehavior [ RunTime:0.000214s ]
INFO: [ view_filter ] --END-- [ RunTime:0.000239s ]
INFO: [ app_end ] --START--
INFO: Run Behavior\ShowPageTraceBehavior [ RunTime:0.000577s ]
INFO: [ app_end ] --END-- [ RunTime:0.000603s ]

[ 2019-12-23T21:22:06+08:00 ] ::1 /NewRPJ/index.php/Admin/prod_att/prod_att_list.html
INFO: [ app_init ] --START--
INFO: Run Behavior\BuildLiteBehavior [ RunTime:0.000012s ]
INFO: [ app_init ] --END-- [ RunTime:0.000352s ]
INFO: [ app_begin ] --START--
INFO: Run Behavior\ReadHtmlCacheBehavior [ RunTime:0.000502s ]
INFO: [ app_begin ] --END-- [ RunTime:0.000536s ]
ERR: 无法加载控制器:Prod_att

[ 2019-12-23T21:22:11+08:00 ] ::1 /NewRPJ/index.php/Admin/news/news_list.html
INFO: [ app_init ] --START--
INFO: Run Behavior\BuildLiteBehavior [ RunTime:0.000010s ]
INFO: [ app_init ] --END-- [ RunTime:0.000334s ]
INFO: [ app_begin ] --START--
INFO: Run Behavior\ReadHtmlCacheBehavior [ RunTime:0.000456s ]
INFO: [ app_begin ] --END-- [ RunTime:0.000484s ]
SQL: SHOW COLUMNS FROM `rpj_news` [ RunTime:0.0407s ]
SQL: SELECT * FROM `rpj_news`  [ RunTime:0.0403s ]
INFO: [ view_parse ] --START--
INFO: [ template_filter ] --START--
INFO: Run Behavior\ContentReplaceBehavior [ RunTime:0.000063s ]
INFO: [ template_filter ] --END-- [ RunTime:0.000093s ]
NOTIC: [2] Use of undefined constant news_id - assumed 'news_id' (this will throw an Error in a future version of PHP) /Users/chikwongyip/rpj/NewRPJ/Application/Runtime/Cache/Admin/5dc7cb56e7e8cd7601e6f40f87c141e0.php 第 187 行.
INFO: Run Behavior\ParseTemplateBehavior [ RunTime:0.007331s ]
INFO: [ view_parse ] --END-- [ RunTime:0.007359s ]
INFO: [ view_filter ] --START--
INFO: Run Behavior\WriteHtmlCacheBehavior [ RunTime:0.000208s ]
INFO: [ view_filter ] --END-- [ RunTime:0.000232s ]
INFO: [ app_end ] --START--
INFO: Run Behavior\ShowPageTraceBehavior [ RunTime:0.000577s ]
INFO: [ app_end ] --END-- [ RunTime:0.000603s ]

[ 2019-12-23T21:22:12+08:00 ] ::1 /NewRPJ/index.php/Admin/prod_att/prod_att_list.html
INFO: [ app_init ] --START--
INFO: Run Behavior\BuildLiteBehavior [ RunTime:0.000012s ]
INFO: [ app_init ] --END-- [ RunTime:0.000341s ]
INFO: [ app_begin ] --START--
INFO: Run Behavior\ReadHtmlCacheBehavior [ RunTime:0.000475s ]
INFO: [ app_begin ] --END-- [ RunTime:0.000504s ]
ERR: 无法加载控制器:Prod_att

[ 2019-12-23T21:25:56+08:00 ] ::1 /NewRPJ/index.php/admin/index/index
INFO: [ app_init ] --START--
INFO: Run Behavior\BuildLiteBehavior [ RunTime:0.000012s ]
INFO: [ app_init ] --END-- [ RunTime:0.000381s ]
INFO: [ app_begin ] --START--
INFO: Run Behavior\ReadHtmlCacheBehavior [ RunTime:0.000479s ]
INFO: [ app_begin ] --END-- [ RunTime:0.000509s ]
INFO: [ view_parse ] --START--
INFO: [ template_filter ] --START--
INFO: Run Behavior\ContentReplaceBehavior [ RunTime:0.000094s ]
INFO: [ template_filter ] --END-- [ RunTime:0.000127s ]
INFO: Run Behavior\ParseTemplateBehavior [ RunTime:0.046418s ]
INFO: [ view_parse ] --END-- [ RunTime:0.046461s ]
INFO: [ view_filter ] --START--
INFO: Run Behavior\WriteHtmlCacheBehavior [ RunTime:0.000261s ]
INFO: [ view_filter ] --END-- [ RunTime:0.000287s ]
INFO: [ app_end ] --START--
INFO: Run Behavior\ShowPageTraceBehavior [ RunTime:0.006815s ]
INFO: [ app_end ] --END-- [ RunTime:0.006866s ]

[ 2019-12-23T21:25:56+08:00 ] ::1 /NewRPJ/index.php/Admin/Introduce/introduce.html
INFO: [ app_init ] --START--
INFO: Run Behavior\BuildLiteBehavior [ RunTime:0.000013s ]
INFO: [ app_init ] --END-- [ RunTime:0.000402s ]
INFO: [ app_begin ] --START--
INFO: Run Behavior\ReadHtmlCacheBehavior [ RunTime:0.000502s ]
INFO: [ app_begin ] --END-- [ RunTime:0.000537s ]
INFO: [ view_parse ] --START--
INFO: [ template_filter ] --START--
INFO: Run Behavior\ContentReplaceBehavior [ RunTime:0.000044s ]
INFO: [ template_filter ] --END-- [ RunTime:0.000105s ]
INFO: Run Behavior\ParseTemplateBehavior [ RunTime:0.006348s ]
INFO: [ view_parse ] --END-- [ RunTime:0.006384s ]
INFO: [ view_filter ] --START--
INFO: Run Behavior\WriteHtmlCacheBehavior [ RunTime:0.000586s ]
INFO: [ view_filter ] --END-- [ RunTime:0.000616s ]
INFO: [ app_end ] --START--
INFO: Run Behavior\ShowPageTraceBehavior [ RunTime:0.001868s ]
INFO: [ app_end ] --END-- [ RunTime:0.002895s ]

[ 2019-12-23T21:25:59+08:00 ] ::1 /NewRPJ/index.php/Admin/prod_att/prod_att_list.html
INFO: [ app_init ] --START--
INFO: Run Behavior\BuildLiteBehavior [ RunTime:0.000012s ]
INFO: [ app_init ] --END-- [ RunTime:0.000346s ]
INFO: [ app_begin ] --START--
INFO: Run Behavior\ReadHtmlCacheBehavior [ RunTime:0.000459s ]
INFO: [ app_begin ] --END-- [ RunTime:0.000489s ]
ERR: 无法加载控制器:Prod_att

[ 2019-12-23T21:29:01+08:00 ] ::1 /NewRPJ/index.php/admin/index/index
INFO: [ app_init ] --START--
INFO: Run Behavior\BuildLiteBehavior [ RunTime:0.000015s ]
INFO: [ app_init ] --END-- [ RunTime:0.000439s ]
INFO: [ app_begin ] --START--
INFO: Run Behavior\ReadHtmlCacheBehavior [ RunTime:0.000511s ]
INFO: [ app_begin ] --END-- [ RunTime:0.000542s ]
INFO: [ view_parse ] --START--
INFO: [ template_filter ] --START--
INFO: Run Behavior\ContentReplaceBehavior [ RunTime:0.000126s ]
INFO: [ template_filter ] --END-- [ RunTime:0.000156s ]
INFO: Run Behavior\ParseTemplateBehavior [ RunTime:0.007988s ]
INFO: [ view_parse ] --END-- [ RunTime:0.008016s ]
INFO: [ view_filter ] --START--
INFO: Run Behavior\WriteHtmlCacheBehavior [ RunTime:0.000238s ]
INFO: [ view_filter ] --END-- [ RunTime:0.000262s ]
INFO: [ app_end ] --START--
INFO: Run Behavior\ShowPageTraceBehavior [ RunTime:0.000922s ]
INFO: [ app_end ] --END-- [ RunTime:0.000954s ]

[ 2019-12-23T21:29:01+08:00 ] ::1 /NewRPJ/index.php/Admin/Introduce/introduce.html
INFO: [ app_init ] --START--
INFO: Run Behavior\BuildLiteBehavior [ RunTime:0.000011s ]
INFO: [ app_init ] --END-- [ RunTime:0.000352s ]
INFO: [ app_begin ] --START--
INFO: Run Behavior\ReadHtmlCacheBehavior [ RunTime:0.000537s ]
INFO: [ app_begin ] --END-- [ RunTime:0.000572s ]
INFO: [ view_parse ] --START--
INFO: [ template_filter ] --START--
INFO: Run Behavior\ContentReplaceBehavior [ RunTime:0.000030s ]
INFO: [ template_filter ] --END-- [ RunTime:0.000070s ]
INFO: Run Behavior\ParseTemplateBehavior [ RunTime:0.007339s ]
INFO: [ view_parse ] --END-- [ RunTime:0.007369s ]
INFO: [ view_filter ] --START--
INFO: Run Behavior\WriteHtmlCacheBehavior [ RunTime:0.000198s ]
INFO: [ view_filter ] --END-- [ RunTime:0.000221s ]
INFO: [ app_end ] --START--
INFO: Run Behavior\ShowPageTraceBehavior [ RunTime:0.000553s ]
INFO: [ app_end ] --END-- [ RunTime:0.000577s ]

[ 2019-12-23T21:29:12+08:00 ] ::1 /NewRPJ/index.php/Admin/prodatt/prodatt_list.html
INFO: [ app_init ] --START--
INFO: Run Behavior\BuildLiteBehavior [ RunTime:0.000015s ]
INFO: [ app_init ] --END-- [ RunTime:0.000423s ]
INFO: [ app_begin ] --START--
INFO: Run Behavior\ReadHtmlCacheBehavior [ RunTime:0.000492s ]
INFO: [ app_begin ] --END-- [ RunTime:0.000523s ]
SQL: SHOW COLUMNS FROM `rpj_prod_att` [ RunTime:0.0422s ]
INFO: [ view_parse ] --START--
INFO: [ template_filter ] --START--
INFO: Run Behavior\ContentReplaceBehavior [ RunTime:0.000104s ]
INFO: [ template_filter ] --END-- [ RunTime:0.000138s ]
NOTIC: [8] Undefined variable: attach /Users/chikwongyip/rpj/NewRPJ/Application/Runtime/Cache/Admin/395a2e82d826ceeef2eba5e36dd95355.php 第 183 行.
INFO: Run Behavior\ParseTemplateBehavior [ RunTime:0.008767s ]
INFO: [ view_parse ] --END-- [ RunTime:0.008796s ]
INFO: [ view_filter ] --START--
INFO: Run Behavior\WriteHtmlCacheBehavior [ RunTime:0.000229s ]
INFO: [ view_filter ] --END-- [ RunTime:0.000253s ]
INFO: [ app_end ] --START--
INFO: Run Behavior\ShowPageTraceBehavior [ RunTime:0.000578s ]
INFO: [ app_end ] --END-- [ RunTime:0.000604s ]

[ 2019-12-23T21:30:02+08:00 ] ::1 /NewRPJ/index.php/admin/index/index
INFO: [ app_init ] --START--
INFO: Run Behavior\BuildLiteBehavior [ RunTime:0.000012s ]
INFO: [ app_init ] --END-- [ RunTime:0.000391s ]
INFO: [ app_begin ] --START--
INFO: Run Behavior\ReadHtmlCacheBehavior [ RunTime:0.000511s ]
INFO: [ app_begin ] --END-- [ RunTime:0.000549s ]
INFO: [ view_parse ] --START--
INFO: [ template_filter ] --START--
INFO: Run Behavior\ContentReplaceBehavior [ RunTime:0.000094s ]
INFO: [ template_filter ] --END-- [ RunTime:0.000126s ]
INFO: Run Behavior\ParseTemplateBehavior [ RunTime:0.007025s ]
INFO: [ view_parse ] --END-- [ RunTime:0.007054s ]
INFO: [ view_filter ] --START--
INFO: Run Behavior\WriteHtmlCacheBehavior [ RunTime:0.000228s ]
INFO: [ view_filter ] --END-- [ RunTime:0.000252s ]
INFO: [ app_end ] --START--
INFO: Run Behavior\ShowPageTraceBehavior [ RunTime:0.001131s ]
INFO: [ app_end ] --END-- [ RunTime:0.001194s ]

[ 2019-12-23T21:30:03+08:00 ] ::1 /NewRPJ/index.php/Admin/Introduce/introduce.html
INFO: [ app_init ] --START--
INFO: Run Behavior\BuildLiteBehavior [ RunTime:0.000015s ]
INFO: [ app_init ] --END-- [ RunTime:0.000629s ]
INFO: [ app_begin ] --START--
INFO: Run Behavior\ReadHtmlCacheBehavior [ RunTime:0.000575s ]
INFO: [ app_begin ] --END-- [ RunTime:0.000611s ]
INFO: [ view_parse ] --START--
INFO: [ template_filter ] --START--
INFO: Run Behavior\ContentReplaceBehavior [ RunTime:0.000031s ]
INFO: [ template_filter ] --END-- [ RunTime:0.000068s ]
INFO: Run Behavior\ParseTemplateBehavior [ RunTime:0.005558s ]
INFO: [ view_parse ] --END-- [ RunTime:0.005589s ]
INFO: [ view_filter ] --START--
INFO: Run Behavior\WriteHtmlCacheBehavior [ RunTime:0.000200s ]
INFO: [ view_filter ] --END-- [ RunTime:0.000222s ]
INFO: [ app_end ] --START--
INFO: Run Behavior\ShowPageTraceBehavior [ RunTime:0.000569s ]
INFO: [ app_end ] --END-- [ RunTime:0.000593s ]

[ 2019-12-23T21:30:06+08:00 ] ::1 /NewRPJ/index.php/Admin/prodatt/prodatt_list.html
INFO: [ app_init ] --START--
INFO: Run Behavior\BuildLiteBehavior [ RunTime:0.000012s ]
INFO: [ app_init ] --END-- [ RunTime:0.000346s ]
INFO: [ app_begin ] --START--
INFO: Run Behavior\ReadHtmlCacheBehavior [ RunTime:0.000459s ]
INFO: [ app_begin ] --END-- [ RunTime:0.000489s ]
SQL: SHOW COLUMNS FROM `rpj_prod_att` [ RunTime:0.0422s ]
INFO: [ view_parse ] --START--
INFO: [ template_filter ] --START--
INFO: Run Behavior\ContentReplaceBehavior [ RunTime:0.000062s ]
INFO: [ template_filter ] --END-- [ RunTime:0.000092s ]
NOTIC: [8] Undefined variable: attach /Users/chikwongyip/rpj/NewRPJ/Application/Runtime/Cache/Admin/395a2e82d826ceeef2eba5e36dd95355.php 第 183 行.
INFO: Run Behavior\ParseTemplateBehavior [ RunTime:0.007353s ]
INFO: [ view_parse ] --END-- [ RunTime:0.007382s ]
INFO: [ view_filter ] --START--
INFO: Run Behavior\WriteHtmlCacheBehavior [ RunTime:0.000211s ]
INFO: [ view_filter ] --END-- [ RunTime:0.000234s ]
NOTIC: [2] Cannot modify header information - headers already sent by (output started at /Users/chikwongyip/rpj/NewRPJ/Application/Admin/Controller/ProdattController.class.php:7) /Users/chikwongyip/rpj/NewRPJ/ThinkPHP/Library/Think/View.class.php 第 91 行.
NOTIC: [2] Cannot modify header information - headers already sent by (output started at /Users/chikwongyip/rpj/NewRPJ/Application/Admin/Controller/ProdattController.class.php:7) /Users/chikwongyip/rpj/NewRPJ/ThinkPHP/Library/Think/View.class.php 第 92 行.
NOTIC: [2] Cannot modify header information - headers already sent by (output started at /Users/chikwongyip/rpj/NewRPJ/Application/Admin/Controller/ProdattController.class.php:7) /Users/chikwongyip/rpj/NewRPJ/ThinkPHP/Library/Think/View.class.php 第 93 行.
INFO: [ app_end ] --START--
INFO: Run Behavior\ShowPageTraceBehavior [ RunTime:0.000720s ]
INFO: [ app_end ] --END-- [ RunTime:0.000754s ]

[ 2019-12-23T21:30:27+08:00 ] ::1 /NewRPJ/index.php/admin/index/index
INFO: [ app_init ] --START--
INFO: Run Behavior\BuildLiteBehavior [ RunTime:0.000012s ]
INFO: [ app_init ] --END-- [ RunTime:0.000425s ]
INFO: [ app_begin ] --START--
INFO: Run Behavior\ReadHtmlCacheBehavior [ RunTime:0.000488s ]
INFO: [ app_begin ] --END-- [ RunTime:0.000519s ]
INFO: [ view_parse ] --START--
INFO: [ template_filter ] --START--
INFO: Run Behavior\ContentReplaceBehavior [ RunTime:0.000139s ]
INFO: [ template_filter ] --END-- [ RunTime:0.000181s ]
INFO: Run Behavior\ParseTemplateBehavior [ RunTime:0.007313s ]
INFO: [ view_parse ] --END-- [ RunTime:0.007343s ]
INFO: [ view_filter ] --START--
INFO: Run Behavior\WriteHtmlCacheBehavior [ RunTime:0.000230s ]
INFO: [ view_filter ] --END-- [ RunTime:0.000255s ]
INFO: [ app_end ] --START--
INFO: Run Behavior\ShowPageTraceBehavior [ RunTime:0.000615s ]
INFO: [ app_end ] --END-- [ RunTime:0.000645s ]

[ 2019-12-23T21:30:27+08:00 ] ::1 /NewRPJ/index.php/Admin/Introduce/introduce.html
INFO: [ app_init ] --START--
INFO: Run Behavior\BuildLiteBehavior [ RunTime:0.000012s ]
INFO: [ app_init ] --END-- [ RunTime:0.000366s ]
INFO: [ app_begin ] --START--
INFO: Run Behavior\ReadHtmlCacheBehavior [ RunTime:0.000480s ]
INFO: [ app_begin ] --END-- [ RunTime:0.000509s ]
INFO: [ view_parse ] --START--
INFO: [ template_filter ] --START--
INFO: Run Behavior\ContentReplaceBehavior [ RunTime:0.000033s ]
INFO: [ template_filter ] --END-- [ RunTime:0.000075s ]
INFO: Run Behavior\ParseTemplateBehavior [ RunTime:0.006822s ]
INFO: [ view_parse ] --END-- [ RunTime:0.007031s ]
INFO: [ view_filter ] --START--
INFO: Run Behavior\WriteHtmlCacheBehavior [ RunTime:0.000493s ]
INFO: [ view_filter ] --END-- [ RunTime:0.000523s ]
INFO: [ app_end ] --START--
INFO: Run Behavior\ShowPageTraceBehavior [ RunTime:0.000807s ]
INFO: [ app_end ] --END-- [ RunTime:0.000837s ]

[ 2019-12-23T21:39:48+08:00 ] ::1 /NewRPJ/index.php/admin/index/index
INFO: [ app_init ] --START--
INFO: Run Behavior\BuildLiteBehavior [ RunTime:0.000011s ]
INFO: [ app_init ] --END-- [ RunTime:0.000375s ]
INFO: [ app_begin ] --START--
INFO: Run Behavior\ReadHtmlCacheBehavior [ RunTime:0.000487s ]
INFO: [ app_begin ] --END-- [ RunTime:0.000519s ]
INFO: [ view_parse ] --START--
INFO: [ template_filter ] --START--
INFO: Run Behavior\ContentReplaceBehavior [ RunTime:0.000096s ]
INFO: [ template_filter ] --END-- [ RunTime:0.000131s ]
INFO: Run Behavior\ParseTemplateBehavior [ RunTime:0.007584s ]
INFO: [ view_parse ] --END-- [ RunTime:0.007619s ]
INFO: [ view_filter ] --START--
INFO: Run Behavior\WriteHtmlCacheBehavior [ RunTime:0.000316s ]
INFO: [ view_filter ] --END-- [ RunTime:0.000346s ]
INFO: [ app_end ] --START--
INFO: Run Behavior\ShowPageTraceBehavior [ RunTime:0.000791s ]
INFO: [ app_end ] --END-- [ RunTime:0.000825s ]

[ 2019-12-23T21:39:48+08:00 ] ::1 /NewRPJ/index.php/Admin/Introduce/introduce.html
INFO: [ app_init ] --START--
INFO: Run Behavior\BuildLiteBehavior [ RunTime:0.000013s ]
INFO: [ app_init ] --END-- [ RunTime:0.000387s ]
INFO: [ app_begin ] --START--
INFO: Run Behavior\ReadHtmlCacheBehavior [ RunTime:0.000822s ]
INFO: [ app_begin ] --END-- [ RunTime:0.000878s ]
INFO: [ view_parse ] --START--
INFO: [ template_filter ] --START--
INFO: Run Behavior\ContentReplaceBehavior [ RunTime:0.000040s ]
INFO: [ template_filter ] --END-- [ RunTime:0.000578s ]
INFO: Run Behavior\ParseTemplateBehavior [ RunTime:0.008493s ]
INFO: [ view_parse ] --END-- [ RunTime:0.008533s ]
INFO: [ view_filter ] --START--
INFO: Run Behavior\WriteHtmlCacheBehavior [ RunTime:0.000259s ]
INFO: [ view_filter ] --END-- [ RunTime:0.000284s ]
INFO: [ app_end ] --START--
INFO: Run Behavior\ShowPageTraceBehavior [ RunTime:0.000652s ]
INFO: [ app_end ] --END-- [ RunTime:0.000693s ]

[ 2019-12-23T21:39:52+08:00 ] ::1 /NewRPJ/index.php/Admin/prodatt/prodatt_list.html
INFO: [ app_init ] --START--
INFO: Run Behavior\BuildLiteBehavior [ RunTime:0.000010s ]
INFO: [ app_init ] --END-- [ RunTime:0.000336s ]
INFO: [ app_begin ] --START--
INFO: Run Behavior\ReadHtmlCacheBehavior [ RunTime:0.000454s ]
INFO: [ app_begin ] --END-- [ RunTime:0.000483s ]
SQL: SHOW COLUMNS FROM `rpj_prod_att` [ RunTime:0.0424s ]
SQL: SELECT * FROM `rpj_prod_att` INNER JOIN rpj_product ON rpj_product.product_id = rpj_prod_att.product_id   [ RunTime:0.0424s ]
INFO: [ view_parse ] --START--
INFO: [ template_filter ] --START--
INFO: Run Behavior\ContentReplaceBehavior [ RunTime:0.000075s ]
INFO: [ template_filter ] --END-- [ RunTime:0.000105s ]
NOTIC: [8] Undefined variable: attach /Users/chikwongyip/rpj/NewRPJ/Application/Runtime/Cache/Admin/395a2e82d826ceeef2eba5e36dd95355.php 第 183 行.
INFO: Run Behavior\ParseTemplateBehavior [ RunTime:0.007255s ]
INFO: [ view_parse ] --END-- [ RunTime:0.007283s ]
INFO: [ view_filter ] --START--
INFO: Run Behavior\WriteHtmlCacheBehavior [ RunTime:0.000206s ]
INFO: [ view_filter ] --END-- [ RunTime:0.000230s ]
NOTIC: [2] Cannot modify header information - headers already sent by (output started at /Users/chikwongyip/rpj/NewRPJ/Application/Admin/Controller/ProdattController.class.php:11) /Users/chikwongyip/rpj/NewRPJ/ThinkPHP/Library/Think/View.class.php 第 91 行.
NOTIC: [2] Cannot modify header information - headers already sent by (output started at /Users/chikwongyip/rpj/NewRPJ/Application/Admin/Controller/ProdattController.class.php:11) /Users/chikwongyip/rpj/NewRPJ/ThinkPHP/Library/Think/View.class.php 第 92 行.
NOTIC: [2] Cannot modify header information - headers already sent by (output started at /Users/chikwongyip/rpj/NewRPJ/Application/Admin/Controller/ProdattController.class.php:11) /Users/chikwongyip/rpj/NewRPJ/ThinkPHP/Library/Think/View.class.php 第 93 行.
INFO: [ app_end ] --START--
INFO: Run Behavior\ShowPageTraceBehavior [ RunTime:0.000574s ]
INFO: [ app_end ] --END-- [ RunTime:0.000598s ]

