[ 2019-12-13T11:28:29+08:00 ] ::1 /chikwong/NewRPJ/index.php/Admin/index/index
INFO: [ app_init ] --START--
INFO: Run Behavior\BuildLiteBehavior [ RunTime:0.000018s ]
INFO: [ app_init ] --END-- [ RunTime:0.091833s ]
INFO: [ app_begin ] --START--
INFO: Run Behavior\ReadHtmlCacheBehavior [ RunTime:0.027812s ]
INFO: [ app_begin ] --END-- [ RunTime:0.027895s ]
INFO: [ view_parse ] --START--
INFO: [ template_filter ] --START--
INFO: Run Behavior\ContentReplaceBehavior [ RunTime:0.013470s ]
INFO: [ template_filter ] --END-- [ RunTime:0.013528s ]
INFO: Run Behavior\ParseTemplateBehavior [ RunTime:0.518066s ]
INFO: [ view_parse ] --END-- [ RunTime:0.518121s ]
INFO: [ view_filter ] --START--
INFO: Run Behavior\WriteHtmlCacheBehavior [ RunTime:0.040318s ]
INFO: [ view_filter ] --END-- [ RunTime:0.040354s ]
INFO: [ app_end ] --START--
INFO: Run Behavior\ShowPageTraceBehavior [ RunTime:0.115485s ]
INFO: [ app_end ] --END-- [ RunTime:0.115540s ]

[ 2019-12-13T11:28:29+08:00 ] ::1 /chikwong/NewRPJ/index.php/Admin/Introduce/introduce.html
INFO: [ app_init ] --START--
INFO: Run Behavior\BuildLiteBehavior [ RunTime:0.000010s ]
INFO: [ app_init ] --END-- [ RunTime:0.000282s ]
INFO: [ app_begin ] --START--
INFO: Run Behavior\ReadHtmlCacheBehavior [ RunTime:0.000358s ]
INFO: [ app_begin ] --END-- [ RunTime:0.000404s ]
INFO: [ view_parse ] --START--
INFO: [ template_filter ] --START--
INFO: Run Behavior\ContentReplaceBehavior [ RunTime:0.000063s ]
INFO: [ template_filter ] --END-- [ RunTime:0.000143s ]
INFO: Run Behavior\ParseTemplateBehavior [ RunTime:0.114602s ]
INFO: [ view_parse ] --END-- [ RunTime:0.114687s ]
INFO: [ view_filter ] --START--
INFO: Run Behavior\WriteHtmlCacheBehavior [ RunTime:0.001318s ]
INFO: [ view_filter ] --END-- [ RunTime:0.001386s ]
INFO: [ app_end ] --START--
INFO: Run Behavior\ShowPageTraceBehavior [ RunTime:0.000705s ]
INFO: [ app_end ] --END-- [ RunTime:0.000801s ]

[ 2019-12-13T11:28:35+08:00 ] ::1 /chikwong/NewRPJ/index.php/Admin/company/company_edit.html
INFO: [ app_init ] --START--
INFO: Run Behavior\BuildLiteBehavior [ RunTime:0.000017s ]
INFO: [ app_init ] --END-- [ RunTime:0.000525s ]
INFO: [ app_begin ] --START--
INFO: Run Behavior\ReadHtmlCacheBehavior [ RunTime:0.000644s ]
INFO: [ app_begin ] --END-- [ RunTime:0.000723s ]
SQL: SHOW COLUMNS FROM `rpj_company` [ RunTime:0.0714s ]
SQL: SELECT * FROM `rpj_company` WHERE `id` = 1 LIMIT 1   [ RunTime:0.0546s ]
INFO: [ view_parse ] --START--
INFO: [ template_filter ] --START--
INFO: Run Behavior\ContentReplaceBehavior [ RunTime:0.000108s ]
INFO: [ template_filter ] --END-- [ RunTime:0.000169s ]
INFO: Run Behavior\ParseTemplateBehavior [ RunTime:0.089380s ]
INFO: [ view_parse ] --END-- [ RunTime:0.089421s ]
INFO: [ view_filter ] --START--
INFO: Run Behavior\WriteHtmlCacheBehavior [ RunTime:0.000192s ]
INFO: [ view_filter ] --END-- [ RunTime:0.000215s ]
INFO: [ app_end ] --START--
INFO: Run Behavior\ShowPageTraceBehavior [ RunTime:0.000615s ]
INFO: [ app_end ] --END-- [ RunTime:0.000684s ]

[ 2019-12-13T11:28:43+08:00 ] ::1 /chikwong/NewRPJ/index.php/Admin/brand/brand_list.html
INFO: [ app_init ] --START--
INFO: Run Behavior\BuildLiteBehavior [ RunTime:0.000015s ]
INFO: [ app_init ] --END-- [ RunTime:0.000504s ]
INFO: [ app_begin ] --START--
INFO: Run Behavior\ReadHtmlCacheBehavior [ RunTime:0.000631s ]
INFO: [ app_begin ] --END-- [ RunTime:0.000680s ]
SQL: SHOW COLUMNS FROM `rpj_brand` [ RunTime:0.0550s ]
SQL: SELECT * FROM `rpj_brand`  [ RunTime:0.0549s ]
INFO: [ view_parse ] --START--
INFO: [ template_filter ] --START--
INFO: Run Behavior\ContentReplaceBehavior [ RunTime:0.000238s ]
INFO: [ template_filter ] --END-- [ RunTime:0.000371s ]
NOTIC: [8] Use of undefined constant brand_id - assumed 'brand_id' D:\xampp\htdocs\chikwong\NewRPJ\Application\Runtime\Cache\Admin\141d3e8e8840e90d168b4c918cada876.php 第 188 行.
NOTIC: [8] Use of undefined constant brand_id - assumed 'brand_id' D:\xampp\htdocs\chikwong\NewRPJ\Application\Runtime\Cache\Admin\141d3e8e8840e90d168b4c918cada876.php 第 188 行.
INFO: Run Behavior\ParseTemplateBehavior [ RunTime:0.522869s ]
INFO: [ view_parse ] --END-- [ RunTime:0.522907s ]
INFO: [ view_filter ] --START--
INFO: Run Behavior\WriteHtmlCacheBehavior [ RunTime:0.000328s ]
INFO: [ view_filter ] --END-- [ RunTime:0.000360s ]
INFO: [ app_end ] --START--
INFO: Run Behavior\ShowPageTraceBehavior [ RunTime:0.000812s ]
INFO: [ app_end ] --END-- [ RunTime:0.000889s ]

[ 2019-12-13T11:28:47+08:00 ] ::1 /chikwong/NewRPJ/index.php/Admin/appfield/appfield_list.html
INFO: [ app_init ] --START--
INFO: Run Behavior\BuildLiteBehavior [ RunTime:0.000011s ]
INFO: [ app_init ] --END-- [ RunTime:0.000333s ]
INFO: [ app_begin ] --START--
INFO: Run Behavior\ReadHtmlCacheBehavior [ RunTime:0.000467s ]
INFO: [ app_begin ] --END-- [ RunTime:0.000515s ]
SQL: SHOW COLUMNS FROM `rpj_appfield` [ RunTime:0.0543s ]
SQL: SELECT * FROM `rpj_appfield`  [ RunTime:0.0526s ]
INFO: [ view_parse ] --START--
INFO: [ template_filter ] --START--
INFO: Run Behavior\ContentReplaceBehavior [ RunTime:0.000050s ]
INFO: [ template_filter ] --END-- [ RunTime:0.000083s ]
NOTIC: [8] Use of undefined constant app_id - assumed 'app_id' D:\xampp\htdocs\chikwong\NewRPJ\Application\Runtime\Cache\Admin\9d3d0f15c83fdfc5ada3dd2f0d3ae056.php 第 188 行.
NOTIC: [8] Use of undefined constant app_id - assumed 'app_id' D:\xampp\htdocs\chikwong\NewRPJ\Application\Runtime\Cache\Admin\9d3d0f15c83fdfc5ada3dd2f0d3ae056.php 第 188 行.
NOTIC: [8] Use of undefined constant app_id - assumed 'app_id' D:\xampp\htdocs\chikwong\NewRPJ\Application\Runtime\Cache\Admin\9d3d0f15c83fdfc5ada3dd2f0d3ae056.php 第 188 行.
INFO: Run Behavior\ParseTemplateBehavior [ RunTime:0.053347s ]
INFO: [ view_parse ] --END-- [ RunTime:0.053394s ]
INFO: [ view_filter ] --START--
INFO: Run Behavior\WriteHtmlCacheBehavior [ RunTime:0.000312s ]
INFO: [ view_filter ] --END-- [ RunTime:0.000336s ]
INFO: [ app_end ] --START--
INFO: Run Behavior\ShowPageTraceBehavior [ RunTime:0.000574s ]
INFO: [ app_end ] --END-- [ RunTime:0.000641s ]

[ 2019-12-13T11:28:49+08:00 ] ::1 /chikwong/NewRPJ/index.php/Admin/product/product_list.html
INFO: [ app_init ] --START--
INFO: Run Behavior\BuildLiteBehavior [ RunTime:0.000013s ]
INFO: [ app_init ] --END-- [ RunTime:0.000341s ]
INFO: [ app_begin ] --START--
INFO: Run Behavior\ReadHtmlCacheBehavior [ RunTime:0.000371s ]
INFO: [ app_begin ] --END-- [ RunTime:0.000416s ]
SQL: SHOW COLUMNS FROM `rpj_product` [ RunTime:0.0531s ]
SQL: SELECT * FROM `rpj_product` INNER JOIN rpj_brand ON rpj_product.brand_id = rpj_brand.brand_id   [ RunTime:0.0561s ]
INFO: [ view_parse ] --START--
INFO: [ template_filter ] --START--
INFO: Run Behavior\ContentReplaceBehavior [ RunTime:0.000084s ]
INFO: [ template_filter ] --END-- [ RunTime:0.000131s ]
NOTIC: [8] Use of undefined constant product_id - assumed 'product_id' D:\xampp\htdocs\chikwong\NewRPJ\Application\Runtime\Cache\Admin\527ac73b321bc66eb5b723d07450871f.php 第 200 行.
INFO: Run Behavior\ParseTemplateBehavior [ RunTime:0.063231s ]
INFO: [ view_parse ] --END-- [ RunTime:0.063276s ]
INFO: [ view_filter ] --START--
INFO: Run Behavior\WriteHtmlCacheBehavior [ RunTime:0.000255s ]
INFO: [ view_filter ] --END-- [ RunTime:0.000283s ]
INFO: [ app_end ] --START--
INFO: Run Behavior\ShowPageTraceBehavior [ RunTime:0.000904s ]
INFO: [ app_end ] --END-- [ RunTime:0.000989s ]

[ 2019-12-13T11:28:50+08:00 ] ::1 /chikwong/NewRPJ/index.php/Admin/index/loupanchart.html
INFO: [ app_init ] --START--
INFO: Run Behavior\BuildLiteBehavior [ RunTime:0.000013s ]
INFO: [ app_init ] --END-- [ RunTime:0.000399s ]
INFO: [ app_begin ] --START--
INFO: Run Behavior\ReadHtmlCacheBehavior [ RunTime:0.000424s ]
INFO: [ app_begin ] --END-- [ RunTime:0.000475s ]
ERR: 非法操作:loupanchart

[ 2019-12-13T11:28:52+08:00 ] ::1 /chikwong/NewRPJ/index.php/Admin/index/loupanchart.html
INFO: [ app_init ] --START--
INFO: Run Behavior\BuildLiteBehavior [ RunTime:0.000010s ]
INFO: [ app_init ] --END-- [ RunTime:0.000298s ]
INFO: [ app_begin ] --START--
INFO: Run Behavior\ReadHtmlCacheBehavior [ RunTime:0.000311s ]
INFO: [ app_begin ] --END-- [ RunTime:0.000347s ]
ERR: 非法操作:loupanchart

[ 2019-12-13T11:28:53+08:00 ] ::1 /chikwong/NewRPJ/index.php/Admin/news/news_list.html
INFO: [ app_init ] --START--
INFO: Run Behavior\BuildLiteBehavior [ RunTime:0.000011s ]
INFO: [ app_init ] --END-- [ RunTime:0.000332s ]
INFO: [ app_begin ] --START--
INFO: Run Behavior\ReadHtmlCacheBehavior [ RunTime:0.000394s ]
INFO: [ app_begin ] --END-- [ RunTime:0.000439s ]
SQL: SHOW COLUMNS FROM `rpj_news` [ RunTime:0.0542s ]
SQL: SELECT * FROM `rpj_news`  [ RunTime:0.0534s ]
INFO: [ view_parse ] --START--
INFO: [ template_filter ] --START--
INFO: Run Behavior\ContentReplaceBehavior [ RunTime:0.000053s ]
INFO: [ template_filter ] --END-- [ RunTime:0.000089s ]
NOTIC: [8] Use of undefined constant news_id - assumed 'news_id' D:\xampp\htdocs\chikwong\NewRPJ\Application\Runtime\Cache\Admin\5dc7cb56e7e8cd7601e6f40f87c141e0.php 第 187 行.
INFO: Run Behavior\ParseTemplateBehavior [ RunTime:0.101193s ]
INFO: [ view_parse ] --END-- [ RunTime:0.101245s ]
INFO: [ view_filter ] --START--
INFO: Run Behavior\WriteHtmlCacheBehavior [ RunTime:0.000327s ]
INFO: [ view_filter ] --END-- [ RunTime:0.000372s ]
INFO: [ app_end ] --START--
INFO: Run Behavior\ShowPageTraceBehavior [ RunTime:0.000609s ]
INFO: [ app_end ] --END-- [ RunTime:0.000686s ]

[ 2019-12-13T11:28:54+08:00 ] ::1 /chikwong/NewRPJ/index.php/Admin/Attachment/attachment_list.html
INFO: [ app_init ] --START--
INFO: Run Behavior\BuildLiteBehavior [ RunTime:0.000012s ]
INFO: [ app_init ] --END-- [ RunTime:0.000366s ]
INFO: [ app_begin ] --START--
INFO: Run Behavior\ReadHtmlCacheBehavior [ RunTime:0.000355s ]
INFO: [ app_begin ] --END-- [ RunTime:0.000398s ]
SQL: SHOW COLUMNS FROM `rpj_attachment` [ RunTime:0.0565s ]
SQL: SELECT * FROM `rpj_attachment`  [ RunTime:0.0551s ]
INFO: [ view_parse ] --START--
INFO: [ template_filter ] --START--
INFO: Run Behavior\ContentReplaceBehavior [ RunTime:0.000081s ]
INFO: [ template_filter ] --END-- [ RunTime:0.000139s ]
NOTIC: [8] Use of undefined constant id - assumed 'id' D:\xampp\htdocs\chikwong\NewRPJ\Application\Runtime\Cache\Admin\cac97b875347bebeb1cdcddb020abc6e.php 第 188 行.
NOTIC: [8] Use of undefined constant id - assumed 'id' D:\xampp\htdocs\chikwong\NewRPJ\Application\Runtime\Cache\Admin\cac97b875347bebeb1cdcddb020abc6e.php 第 188 行.
NOTIC: [8] Use of undefined constant id - assumed 'id' D:\xampp\htdocs\chikwong\NewRPJ\Application\Runtime\Cache\Admin\cac97b875347bebeb1cdcddb020abc6e.php 第 188 行.
INFO: Run Behavior\ParseTemplateBehavior [ RunTime:0.183114s ]
INFO: [ view_parse ] --END-- [ RunTime:0.183173s ]
INFO: [ view_filter ] --START--
INFO: Run Behavior\WriteHtmlCacheBehavior [ RunTime:0.000362s ]
INFO: [ view_filter ] --END-- [ RunTime:0.000413s ]
INFO: [ app_end ] --START--
INFO: Run Behavior\ShowPageTraceBehavior [ RunTime:0.000708s ]
INFO: [ app_end ] --END-- [ RunTime:0.000865s ]

[ 2019-12-13T11:28:58+08:00 ] ::1 /chikwong/NewRPJ/index.php/Admin/product/product_list.html
INFO: [ app_init ] --START--
INFO: Run Behavior\BuildLiteBehavior [ RunTime:0.000012s ]
INFO: [ app_init ] --END-- [ RunTime:0.000282s ]
INFO: [ app_begin ] --START--
INFO: Run Behavior\ReadHtmlCacheBehavior [ RunTime:0.000311s ]
INFO: [ app_begin ] --END-- [ RunTime:0.000345s ]
SQL: SHOW COLUMNS FROM `rpj_product` [ RunTime:0.0570s ]
SQL: SELECT * FROM `rpj_product` INNER JOIN rpj_brand ON rpj_product.brand_id = rpj_brand.brand_id   [ RunTime:0.0566s ]
INFO: [ view_parse ] --START--
INFO: [ template_filter ] --START--
INFO: Run Behavior\ContentReplaceBehavior [ RunTime:0.000165s ]
INFO: [ template_filter ] --END-- [ RunTime:0.000269s ]
NOTIC: [8] Use of undefined constant product_id - assumed 'product_id' D:\xampp\htdocs\chikwong\NewRPJ\Application\Runtime\Cache\Admin\527ac73b321bc66eb5b723d07450871f.php 第 200 行.
INFO: Run Behavior\ParseTemplateBehavior [ RunTime:0.042683s ]
INFO: [ view_parse ] --END-- [ RunTime:0.042828s ]
INFO: [ view_filter ] --START--
INFO: Run Behavior\WriteHtmlCacheBehavior [ RunTime:0.000252s ]
INFO: [ view_filter ] --END-- [ RunTime:0.000283s ]
INFO: [ app_end ] --START--
INFO: Run Behavior\ShowPageTraceBehavior [ RunTime:0.000771s ]
INFO: [ app_end ] --END-- [ RunTime:0.000849s ]

[ 2019-12-13T11:28:59+08:00 ] ::1 /chikwong/NewRPJ/index.php/Admin/index/loupanchart.html
INFO: [ app_init ] --START--
INFO: Run Behavior\BuildLiteBehavior [ RunTime:0.000012s ]
INFO: [ app_init ] --END-- [ RunTime:0.000321s ]
INFO: [ app_begin ] --START--
INFO: Run Behavior\ReadHtmlCacheBehavior [ RunTime:0.001264s ]
INFO: [ app_begin ] --END-- [ RunTime:0.001326s ]
ERR: 非法操作:loupanchart

[ 2019-12-13T11:29:01+08:00 ] ::1 /chikwong/NewRPJ/index.php/Admin/product/product_list.html
INFO: [ app_init ] --START--
INFO: Run Behavior\BuildLiteBehavior [ RunTime:0.000009s ]
INFO: [ app_init ] --END-- [ RunTime:0.000249s ]
INFO: [ app_begin ] --START--
INFO: Run Behavior\ReadHtmlCacheBehavior [ RunTime:0.000308s ]
INFO: [ app_begin ] --END-- [ RunTime:0.000342s ]
SQL: SHOW COLUMNS FROM `rpj_product` [ RunTime:0.0554s ]
SQL: SELECT * FROM `rpj_product` INNER JOIN rpj_brand ON rpj_product.brand_id = rpj_brand.brand_id   [ RunTime:0.0570s ]
INFO: [ view_parse ] --START--
INFO: [ template_filter ] --START--
INFO: Run Behavior\ContentReplaceBehavior [ RunTime:0.000056s ]
INFO: [ template_filter ] --END-- [ RunTime:0.000089s ]
NOTIC: [8] Use of undefined constant product_id - assumed 'product_id' D:\xampp\htdocs\chikwong\NewRPJ\Application\Runtime\Cache\Admin\527ac73b321bc66eb5b723d07450871f.php 第 200 行.
INFO: Run Behavior\ParseTemplateBehavior [ RunTime:0.026321s ]
INFO: [ view_parse ] --END-- [ RunTime:0.026366s ]
INFO: [ view_filter ] --START--
INFO: Run Behavior\WriteHtmlCacheBehavior [ RunTime:0.000313s ]
INFO: [ view_filter ] --END-- [ RunTime:0.000338s ]
INFO: [ app_end ] --START--
INFO: Run Behavior\ShowPageTraceBehavior [ RunTime:0.000568s ]
INFO: [ app_end ] --END-- [ RunTime:0.000633s ]

[ 2019-12-13T14:35:55+08:00 ] ::1 /chikwong/NewRPJ/index.php/Admin/index/loupanchart.html
INFO: [ app_init ] --START--
INFO: Run Behavior\BuildLiteBehavior [ RunTime:0.000009s ]
INFO: [ app_init ] --END-- [ RunTime:0.000333s ]
INFO: [ app_begin ] --START--
INFO: Run Behavior\ReadHtmlCacheBehavior [ RunTime:0.000372s ]
INFO: [ app_begin ] --END-- [ RunTime:0.000407s ]
ERR: 非法操作:loupanchart

