[ 2020-05-14T10:13:44+08:00 ] ::1 /chikwong/NewRPJ/index.php/admin/index/index
INFO: [ app_init ] --START--
INFO: Run Behavior\BuildLiteBehavior [ RunTime:0.000008s ]
INFO: [ app_init ] --END-- [ RunTime:0.000261s ]
INFO: [ app_begin ] --START--
INFO: Run Behavior\ReadHtmlCacheBehavior [ RunTime:0.000418s ]
INFO: [ app_begin ] --END-- [ RunTime:0.000477s ]
INFO: [ view_parse ] --START--
INFO: [ template_filter ] --START--
INFO: Run Behavior\ContentReplaceBehavior [ RunTime:0.000234s ]
INFO: [ template_filter ] --END-- [ RunTime:0.000316s ]
INFO: Run Behavior\ParseTemplateBehavior [ RunTime:0.067984s ]
INFO: [ view_parse ] --END-- [ RunTime:0.068045s ]
INFO: [ view_filter ] --START--
INFO: Run Behavior\WriteHtmlCacheBehavior [ RunTime:0.000311s ]
INFO: [ view_filter ] --END-- [ RunTime:0.000338s ]
INFO: [ app_end ] --START--
INFO: Run Behavior\ShowPageTraceBehavior [ RunTime:0.001053s ]
INFO: [ app_end ] --END-- [ RunTime:0.001269s ]

[ 2020-05-14T10:13:44+08:00 ] ::1 /chikwong/NewRPJ/index.php/Admin/Introduce/introduce.html
INFO: [ app_init ] --START--
INFO: Run Behavior\BuildLiteBehavior [ RunTime:0.000014s ]
INFO: [ app_init ] --END-- [ RunTime:0.000382s ]
INFO: [ app_begin ] --START--
INFO: Run Behavior\ReadHtmlCacheBehavior [ RunTime:0.000468s ]
INFO: [ app_begin ] --END-- [ RunTime:0.000535s ]
INFO: [ view_parse ] --START--
INFO: [ template_filter ] --START--
INFO: Run Behavior\ContentReplaceBehavior [ RunTime:0.000046s ]
INFO: [ template_filter ] --END-- [ RunTime:0.000119s ]
INFO: Run Behavior\ParseTemplateBehavior [ RunTime:0.018604s ]
INFO: [ view_parse ] --END-- [ RunTime:0.018672s ]
INFO: [ view_filter ] --START--
INFO: Run Behavior\WriteHtmlCacheBehavior [ RunTime:0.000267s ]
INFO: [ view_filter ] --END-- [ RunTime:0.000307s ]
INFO: [ app_end ] --START--
INFO: Run Behavior\ShowPageTraceBehavior [ RunTime:0.000796s ]
INFO: [ app_end ] --END-- [ RunTime:0.000856s ]

[ 2020-05-14T10:13:48+08:00 ] ::1 /chikwong/NewRPJ/index.php/Admin/Attachment/attachment_list.html
INFO: [ app_init ] --START--
INFO: Run Behavior\BuildLiteBehavior [ RunTime:0.000016s ]
INFO: [ app_init ] --END-- [ RunTime:0.000509s ]
INFO: [ app_begin ] --START--
INFO: Run Behavior\ReadHtmlCacheBehavior [ RunTime:0.000535s ]
INFO: [ app_begin ] --END-- [ RunTime:0.000604s ]
SQL: SHOW COLUMNS FROM `rpj_attachment` [ RunTime:0.0536s ]
SQL: SELECT * FROM `rpj_attachment` INNER JOIN rpj_procategory on rpj_procategory.category_id = rpj_attachment.category_id INNER JOIN rpj_brand on rpj_brand.brand_id = rpj_attachment.brand_id   [ RunTime:0.0528s ]
INFO: [ view_parse ] --START--
INFO: [ template_filter ] --START--
INFO: Run Behavior\ContentReplaceBehavior [ RunTime:0.000052s ]
INFO: [ template_filter ] --END-- [ RunTime:0.000087s ]
NOTIC: [8] Use of undefined constant id - assumed 'id' D:\xampp\htdocs\chikwong\NewRPJ\Application\Runtime\Cache\Admin\cac97b875347bebeb1cdcddb020abc6e.php 第 192 行.
NOTIC: [8] Use of undefined constant id - assumed 'id' D:\xampp\htdocs\chikwong\NewRPJ\Application\Runtime\Cache\Admin\cac97b875347bebeb1cdcddb020abc6e.php 第 192 行.
NOTIC: [8] Use of undefined constant id - assumed 'id' D:\xampp\htdocs\chikwong\NewRPJ\Application\Runtime\Cache\Admin\cac97b875347bebeb1cdcddb020abc6e.php 第 192 行.
INFO: Run Behavior\ParseTemplateBehavior [ RunTime:0.005858s ]
INFO: [ view_parse ] --END-- [ RunTime:0.005895s ]
INFO: [ view_filter ] --START--
INFO: Run Behavior\WriteHtmlCacheBehavior [ RunTime:0.000180s ]
INFO: [ view_filter ] --END-- [ RunTime:0.000203s ]
INFO: [ app_end ] --START--
INFO: Run Behavior\ShowPageTraceBehavior [ RunTime:0.000486s ]
INFO: [ app_end ] --END-- [ RunTime:0.000571s ]

[ 2020-05-14T10:13:52+08:00 ] ::1 /chikwong/NewRPJ/index.php/admin/attachment/attachment_edit/id/17.html
INFO: [ app_init ] --START--
INFO: Run Behavior\BuildLiteBehavior [ RunTime:0.000009s ]
INFO: [ app_init ] --END-- [ RunTime:0.000293s ]
INFO: [ app_begin ] --START--
INFO: Run Behavior\ReadHtmlCacheBehavior [ RunTime:0.000675s ]
INFO: [ app_begin ] --END-- [ RunTime:0.000740s ]
SQL: SHOW COLUMNS FROM `rpj_attachment` [ RunTime:0.0531s ]
SQL: SHOW COLUMNS FROM `rpj_brand` [ RunTime:0.0515s ]
SQL: SHOW COLUMNS FROM `rpj_procategory` [ RunTime:0.0526s ]
SQL: SELECT * FROM `rpj_brand`  [ RunTime:0.0528s ]
SQL: SELECT * FROM `rpj_procategory`  [ RunTime:0.0523s ]
SQL: SELECT * FROM `rpj_attachment` WHERE `id` = 17 LIMIT 1   [ RunTime:0.0527s ]
INFO: [ view_parse ] --START--
INFO: [ template_filter ] --START--
INFO: Run Behavior\ContentReplaceBehavior [ RunTime:0.000106s ]
INFO: [ template_filter ] --END-- [ RunTime:0.000172s ]
NOTIC: [8] Undefined index: url D:\xampp\htdocs\chikwong\NewRPJ\Application\Runtime\Cache\Admin\8fd0f34d1877b79d79cde7c37ff68d4d.php 第 180 行.
INFO: Run Behavior\ParseTemplateBehavior [ RunTime:0.018300s ]
INFO: [ view_parse ] --END-- [ RunTime:0.018410s ]
INFO: [ view_filter ] --START--
INFO: Run Behavior\WriteHtmlCacheBehavior [ RunTime:0.000476s ]
INFO: [ view_filter ] --END-- [ RunTime:0.000521s ]
INFO: [ app_end ] --START--
INFO: Run Behavior\ShowPageTraceBehavior [ RunTime:0.000655s ]
INFO: [ app_end ] --END-- [ RunTime:0.000705s ]

[ 2020-05-14T10:14:05+08:00 ] ::1 /chikwong/NewRPJ/index.php/admin/attachment/attachment_list.html
INFO: [ app_init ] --START--
INFO: Run Behavior\BuildLiteBehavior [ RunTime:0.000014s ]
INFO: [ app_init ] --END-- [ RunTime:0.000778s ]
INFO: [ app_begin ] --START--
INFO: Run Behavior\ReadHtmlCacheBehavior [ RunTime:0.000415s ]
INFO: [ app_begin ] --END-- [ RunTime:0.000472s ]
SQL: SHOW COLUMNS FROM `rpj_attachment` [ RunTime:0.0544s ]
SQL: SELECT * FROM `rpj_attachment` INNER JOIN rpj_procategory on rpj_procategory.category_id = rpj_attachment.category_id INNER JOIN rpj_brand on rpj_brand.brand_id = rpj_attachment.brand_id   [ RunTime:0.0549s ]
INFO: [ view_parse ] --START--
INFO: [ template_filter ] --START--
INFO: Run Behavior\ContentReplaceBehavior [ RunTime:0.000115s ]
INFO: [ template_filter ] --END-- [ RunTime:0.000186s ]
NOTIC: [8] Use of undefined constant id - assumed 'id' D:\xampp\htdocs\chikwong\NewRPJ\Application\Runtime\Cache\Admin\cac97b875347bebeb1cdcddb020abc6e.php 第 192 行.
NOTIC: [8] Use of undefined constant id - assumed 'id' D:\xampp\htdocs\chikwong\NewRPJ\Application\Runtime\Cache\Admin\cac97b875347bebeb1cdcddb020abc6e.php 第 192 行.
NOTIC: [8] Use of undefined constant id - assumed 'id' D:\xampp\htdocs\chikwong\NewRPJ\Application\Runtime\Cache\Admin\cac97b875347bebeb1cdcddb020abc6e.php 第 192 行.
INFO: Run Behavior\ParseTemplateBehavior [ RunTime:0.023827s ]
INFO: [ view_parse ] --END-- [ RunTime:0.023930s ]
INFO: [ view_filter ] --START--
INFO: Run Behavior\WriteHtmlCacheBehavior [ RunTime:0.000481s ]
INFO: [ view_filter ] --END-- [ RunTime:0.000528s ]
INFO: [ app_end ] --START--
INFO: Run Behavior\ShowPageTraceBehavior [ RunTime:0.001015s ]
INFO: [ app_end ] --END-- [ RunTime:0.001104s ]

[ 2020-05-14T10:14:09+08:00 ] ::1 /chikwong/NewRPJ/index.php/admin/attachment/attachment_edit/id/16.html
INFO: [ app_init ] --START--
INFO: Run Behavior\BuildLiteBehavior [ RunTime:0.000011s ]
INFO: [ app_init ] --END-- [ RunTime:0.000322s ]
INFO: [ app_begin ] --START--
INFO: Run Behavior\ReadHtmlCacheBehavior [ RunTime:0.000867s ]
INFO: [ app_begin ] --END-- [ RunTime:0.000960s ]
SQL: SHOW COLUMNS FROM `rpj_attachment` [ RunTime:0.0529s ]
SQL: SHOW COLUMNS FROM `rpj_brand` [ RunTime:0.0553s ]
SQL: SHOW COLUMNS FROM `rpj_procategory` [ RunTime:0.0539s ]
SQL: SELECT * FROM `rpj_brand`  [ RunTime:0.0528s ]
SQL: SELECT * FROM `rpj_procategory`  [ RunTime:0.0529s ]
SQL: SELECT * FROM `rpj_attachment` WHERE `id` = 16 LIMIT 1   [ RunTime:0.0535s ]
INFO: [ view_parse ] --START--
INFO: [ template_filter ] --START--
INFO: Run Behavior\ContentReplaceBehavior [ RunTime:0.000143s ]
INFO: [ template_filter ] --END-- [ RunTime:0.000239s ]
NOTIC: [8] Undefined index: url D:\xampp\htdocs\chikwong\NewRPJ\Application\Runtime\Cache\Admin\8fd0f34d1877b79d79cde7c37ff68d4d.php 第 180 行.
INFO: Run Behavior\ParseTemplateBehavior [ RunTime:0.019903s ]
INFO: [ view_parse ] --END-- [ RunTime:0.020013s ]
INFO: [ view_filter ] --START--
INFO: Run Behavior\WriteHtmlCacheBehavior [ RunTime:0.000373s ]
INFO: [ view_filter ] --END-- [ RunTime:0.000440s ]
INFO: [ app_end ] --START--
INFO: Run Behavior\ShowPageTraceBehavior [ RunTime:0.000646s ]
INFO: [ app_end ] --END-- [ RunTime:0.000706s ]

[ 2020-05-14T10:14:14+08:00 ] ::1 /chikwong/NewRPJ/index.php/admin/attachment/attachment_list.html
INFO: [ app_init ] --START--
INFO: Run Behavior\BuildLiteBehavior [ RunTime:0.000025s ]
INFO: [ app_init ] --END-- [ RunTime:0.000386s ]
INFO: [ app_begin ] --START--
INFO: Run Behavior\ReadHtmlCacheBehavior [ RunTime:0.001078s ]
INFO: [ app_begin ] --END-- [ RunTime:0.001239s ]
SQL: SHOW COLUMNS FROM `rpj_attachment` [ RunTime:0.0529s ]
SQL: SELECT * FROM `rpj_attachment` INNER JOIN rpj_procategory on rpj_procategory.category_id = rpj_attachment.category_id INNER JOIN rpj_brand on rpj_brand.brand_id = rpj_attachment.brand_id   [ RunTime:0.0533s ]
INFO: [ view_parse ] --START--
INFO: [ template_filter ] --START--
INFO: Run Behavior\ContentReplaceBehavior [ RunTime:0.000212s ]
INFO: [ template_filter ] --END-- [ RunTime:0.000351s ]
NOTIC: [8] Use of undefined constant id - assumed 'id' D:\xampp\htdocs\chikwong\NewRPJ\Application\Runtime\Cache\Admin\cac97b875347bebeb1cdcddb020abc6e.php 第 192 行.
NOTIC: [8] Use of undefined constant id - assumed 'id' D:\xampp\htdocs\chikwong\NewRPJ\Application\Runtime\Cache\Admin\cac97b875347bebeb1cdcddb020abc6e.php 第 192 行.
NOTIC: [8] Use of undefined constant id - assumed 'id' D:\xampp\htdocs\chikwong\NewRPJ\Application\Runtime\Cache\Admin\cac97b875347bebeb1cdcddb020abc6e.php 第 192 行.
INFO: Run Behavior\ParseTemplateBehavior [ RunTime:0.023088s ]
INFO: [ view_parse ] --END-- [ RunTime:0.023202s ]
INFO: [ view_filter ] --START--
INFO: Run Behavior\WriteHtmlCacheBehavior [ RunTime:0.000502s ]
INFO: [ view_filter ] --END-- [ RunTime:0.000573s ]
INFO: [ app_end ] --START--
INFO: Run Behavior\ShowPageTraceBehavior [ RunTime:0.001134s ]
INFO: [ app_end ] --END-- [ RunTime:0.001254s ]

[ 2020-05-14T10:14:29+08:00 ] ::1 /chikwong/NewRPJ/index.php/admin/attachment/attachment_edit/id/17.html
INFO: [ app_init ] --START--
INFO: Run Behavior\BuildLiteBehavior [ RunTime:0.000010s ]
INFO: [ app_init ] --END-- [ RunTime:0.000282s ]
INFO: [ app_begin ] --START--
INFO: Run Behavior\ReadHtmlCacheBehavior [ RunTime:0.000359s ]
INFO: [ app_begin ] --END-- [ RunTime:0.000400s ]
SQL: SHOW COLUMNS FROM `rpj_attachment` [ RunTime:0.0519s ]
SQL: SHOW COLUMNS FROM `rpj_brand` [ RunTime:0.0538s ]
SQL: SHOW COLUMNS FROM `rpj_procategory` [ RunTime:0.0531s ]
SQL: SELECT * FROM `rpj_brand`  [ RunTime:0.0528s ]
SQL: SELECT * FROM `rpj_procategory`  [ RunTime:0.0523s ]
SQL: SELECT * FROM `rpj_attachment` WHERE `id` = 17 LIMIT 1   [ RunTime:0.0531s ]
INFO: [ view_parse ] --START--
INFO: [ template_filter ] --START--
INFO: Run Behavior\ContentReplaceBehavior [ RunTime:0.000129s ]
INFO: [ template_filter ] --END-- [ RunTime:0.000212s ]
NOTIC: [8] Undefined index: url D:\xampp\htdocs\chikwong\NewRPJ\Application\Runtime\Cache\Admin\8fd0f34d1877b79d79cde7c37ff68d4d.php 第 180 行.
INFO: Run Behavior\ParseTemplateBehavior [ RunTime:0.017822s ]
INFO: [ view_parse ] --END-- [ RunTime:0.017927s ]
INFO: [ view_filter ] --START--
INFO: Run Behavior\WriteHtmlCacheBehavior [ RunTime:0.000339s ]
INFO: [ view_filter ] --END-- [ RunTime:0.000396s ]
INFO: [ app_end ] --START--
INFO: Run Behavior\ShowPageTraceBehavior [ RunTime:0.000612s ]
INFO: [ app_end ] --END-- [ RunTime:0.000670s ]

[ 2020-05-14T10:14:34+08:00 ] ::1 /chikwong/NewRPJ/index.php/admin/attachment/attachment_list.html
INFO: [ app_init ] --START--
INFO: Run Behavior\BuildLiteBehavior [ RunTime:0.000048s ]
INFO: [ app_init ] --END-- [ RunTime:0.000424s ]
INFO: [ app_begin ] --START--
INFO: Run Behavior\ReadHtmlCacheBehavior [ RunTime:0.000570s ]
INFO: [ app_begin ] --END-- [ RunTime:0.000651s ]
SQL: SHOW COLUMNS FROM `rpj_attachment` [ RunTime:0.0520s ]
SQL: SELECT * FROM `rpj_attachment` INNER JOIN rpj_procategory on rpj_procategory.category_id = rpj_attachment.category_id INNER JOIN rpj_brand on rpj_brand.brand_id = rpj_attachment.brand_id   [ RunTime:0.0523s ]
INFO: [ view_parse ] --START--
INFO: [ template_filter ] --START--
INFO: Run Behavior\ContentReplaceBehavior [ RunTime:0.000071s ]
INFO: [ template_filter ] --END-- [ RunTime:0.000114s ]
NOTIC: [8] Use of undefined constant id - assumed 'id' D:\xampp\htdocs\chikwong\NewRPJ\Application\Runtime\Cache\Admin\cac97b875347bebeb1cdcddb020abc6e.php 第 192 行.
NOTIC: [8] Use of undefined constant id - assumed 'id' D:\xampp\htdocs\chikwong\NewRPJ\Application\Runtime\Cache\Admin\cac97b875347bebeb1cdcddb020abc6e.php 第 192 行.
NOTIC: [8] Use of undefined constant id - assumed 'id' D:\xampp\htdocs\chikwong\NewRPJ\Application\Runtime\Cache\Admin\cac97b875347bebeb1cdcddb020abc6e.php 第 192 行.
INFO: Run Behavior\ParseTemplateBehavior [ RunTime:0.007608s ]
INFO: [ view_parse ] --END-- [ RunTime:0.007670s ]
INFO: [ view_filter ] --START--
INFO: Run Behavior\WriteHtmlCacheBehavior [ RunTime:0.000222s ]
INFO: [ view_filter ] --END-- [ RunTime:0.000251s ]
INFO: [ app_end ] --START--
INFO: Run Behavior\ShowPageTraceBehavior [ RunTime:0.000512s ]
INFO: [ app_end ] --END-- [ RunTime:0.000578s ]

[ 2020-05-14T10:14:36+08:00 ] ::1 /chikwong/NewRPJ/index.php/admin/attachment/attachment_edit/id/16.html
INFO: [ app_init ] --START--
INFO: Run Behavior\BuildLiteBehavior [ RunTime:0.000009s ]
INFO: [ app_init ] --END-- [ RunTime:0.000279s ]
INFO: [ app_begin ] --START--
INFO: Run Behavior\ReadHtmlCacheBehavior [ RunTime:0.000432s ]
INFO: [ app_begin ] --END-- [ RunTime:0.000541s ]
SQL: SHOW COLUMNS FROM `rpj_attachment` [ RunTime:0.0551s ]
SQL: SHOW COLUMNS FROM `rpj_brand` [ RunTime:0.0537s ]
SQL: SHOW COLUMNS FROM `rpj_procategory` [ RunTime:0.0540s ]
SQL: SELECT * FROM `rpj_brand`  [ RunTime:0.0532s ]
SQL: SELECT * FROM `rpj_procategory`  [ RunTime:0.0520s ]
SQL: SELECT * FROM `rpj_attachment` WHERE `id` = 16 LIMIT 1   [ RunTime:0.0532s ]
INFO: [ view_parse ] --START--
INFO: [ template_filter ] --START--
INFO: Run Behavior\ContentReplaceBehavior [ RunTime:0.000077s ]
INFO: [ template_filter ] --END-- [ RunTime:0.000125s ]
NOTIC: [8] Undefined index: url D:\xampp\htdocs\chikwong\NewRPJ\Application\Runtime\Cache\Admin\8fd0f34d1877b79d79cde7c37ff68d4d.php 第 180 行.
INFO: Run Behavior\ParseTemplateBehavior [ RunTime:0.010976s ]
INFO: [ view_parse ] --END-- [ RunTime:0.011059s ]
INFO: [ view_filter ] --START--
INFO: Run Behavior\WriteHtmlCacheBehavior [ RunTime:0.000298s ]
INFO: [ view_filter ] --END-- [ RunTime:0.000341s ]
INFO: [ app_end ] --START--
INFO: Run Behavior\ShowPageTraceBehavior [ RunTime:0.000462s ]
INFO: [ app_end ] --END-- [ RunTime:0.000507s ]

[ 2020-05-14T10:14:39+08:00 ] ::1 /chikwong/NewRPJ/index.php/admin/attachment/attachment_list.html
INFO: [ app_init ] --START--
INFO: Run Behavior\BuildLiteBehavior [ RunTime:0.000009s ]
INFO: [ app_init ] --END-- [ RunTime:0.000237s ]
INFO: [ app_begin ] --START--
INFO: Run Behavior\ReadHtmlCacheBehavior [ RunTime:0.000283s ]
INFO: [ app_begin ] --END-- [ RunTime:0.000316s ]
SQL: SHOW COLUMNS FROM `rpj_attachment` [ RunTime:0.0534s ]
SQL: SELECT * FROM `rpj_attachment` INNER JOIN rpj_procategory on rpj_procategory.category_id = rpj_attachment.category_id INNER JOIN rpj_brand on rpj_brand.brand_id = rpj_attachment.brand_id   [ RunTime:0.0542s ]
INFO: [ view_parse ] --START--
INFO: [ template_filter ] --START--
INFO: Run Behavior\ContentReplaceBehavior [ RunTime:0.000241s ]
INFO: [ template_filter ] --END-- [ RunTime:0.000462s ]
NOTIC: [8] Use of undefined constant id - assumed 'id' D:\xampp\htdocs\chikwong\NewRPJ\Application\Runtime\Cache\Admin\cac97b875347bebeb1cdcddb020abc6e.php 第 192 行.
NOTIC: [8] Use of undefined constant id - assumed 'id' D:\xampp\htdocs\chikwong\NewRPJ\Application\Runtime\Cache\Admin\cac97b875347bebeb1cdcddb020abc6e.php 第 192 行.
NOTIC: [8] Use of undefined constant id - assumed 'id' D:\xampp\htdocs\chikwong\NewRPJ\Application\Runtime\Cache\Admin\cac97b875347bebeb1cdcddb020abc6e.php 第 192 行.
INFO: Run Behavior\ParseTemplateBehavior [ RunTime:0.027684s ]
INFO: [ view_parse ] --END-- [ RunTime:0.027849s ]
INFO: [ view_filter ] --START--
INFO: Run Behavior\WriteHtmlCacheBehavior [ RunTime:0.000679s ]
INFO: [ view_filter ] --END-- [ RunTime:0.000765s ]
INFO: [ app_end ] --START--
INFO: Run Behavior\ShowPageTraceBehavior [ RunTime:0.001441s ]
INFO: [ app_end ] --END-- [ RunTime:0.001581s ]

[ 2020-05-14T10:14:40+08:00 ] ::1 /chikwong/NewRPJ/index.php/admin/attachment/attachment_edit/id/15.html
INFO: [ app_init ] --START--
INFO: Run Behavior\BuildLiteBehavior [ RunTime:0.000017s ]
INFO: [ app_init ] --END-- [ RunTime:0.000474s ]
INFO: [ app_begin ] --START--
INFO: Run Behavior\ReadHtmlCacheBehavior [ RunTime:0.000595s ]
INFO: [ app_begin ] --END-- [ RunTime:0.000646s ]
SQL: SHOW COLUMNS FROM `rpj_attachment` [ RunTime:0.0530s ]
SQL: SHOW COLUMNS FROM `rpj_brand` [ RunTime:0.0529s ]
SQL: SHOW COLUMNS FROM `rpj_procategory` [ RunTime:0.0529s ]
SQL: SELECT * FROM `rpj_brand`  [ RunTime:0.0516s ]
SQL: SELECT * FROM `rpj_procategory`  [ RunTime:0.0528s ]
SQL: SELECT * FROM `rpj_attachment` WHERE `id` = 15 LIMIT 1   [ RunTime:0.0530s ]
INFO: [ view_parse ] --START--
INFO: [ template_filter ] --START--
INFO: Run Behavior\ContentReplaceBehavior [ RunTime:0.000082s ]
INFO: [ template_filter ] --END-- [ RunTime:0.000133s ]
NOTIC: [8] Undefined index: url D:\xampp\htdocs\chikwong\NewRPJ\Application\Runtime\Cache\Admin\8fd0f34d1877b79d79cde7c37ff68d4d.php 第 180 行.
INFO: Run Behavior\ParseTemplateBehavior [ RunTime:0.008984s ]
INFO: [ view_parse ] --END-- [ RunTime:0.009045s ]
INFO: [ view_filter ] --START--
INFO: Run Behavior\WriteHtmlCacheBehavior [ RunTime:0.000269s ]
INFO: [ view_filter ] --END-- [ RunTime:0.000308s ]
INFO: [ app_end ] --START--
INFO: Run Behavior\ShowPageTraceBehavior [ RunTime:0.000503s ]
INFO: [ app_end ] --END-- [ RunTime:0.000552s ]

[ 2020-05-14T10:14:41+08:00 ] ::1 /chikwong/NewRPJ/index.php/admin/attachment/attachment_list.html
INFO: [ app_init ] --START--
INFO: Run Behavior\BuildLiteBehavior [ RunTime:0.000020s ]
INFO: [ app_init ] --END-- [ RunTime:0.000505s ]
INFO: [ app_begin ] --START--
INFO: Run Behavior\ReadHtmlCacheBehavior [ RunTime:0.000608s ]
INFO: [ app_begin ] --END-- [ RunTime:0.000697s ]
SQL: SHOW COLUMNS FROM `rpj_attachment` [ RunTime:0.0521s ]
SQL: SELECT * FROM `rpj_attachment` INNER JOIN rpj_procategory on rpj_procategory.category_id = rpj_attachment.category_id INNER JOIN rpj_brand on rpj_brand.brand_id = rpj_attachment.brand_id   [ RunTime:0.0527s ]
INFO: [ view_parse ] --START--
INFO: [ template_filter ] --START--
INFO: Run Behavior\ContentReplaceBehavior [ RunTime:0.000227s ]
INFO: [ template_filter ] --END-- [ RunTime:0.000362s ]
NOTIC: [8] Use of undefined constant id - assumed 'id' D:\xampp\htdocs\chikwong\NewRPJ\Application\Runtime\Cache\Admin\cac97b875347bebeb1cdcddb020abc6e.php 第 192 行.
NOTIC: [8] Use of undefined constant id - assumed 'id' D:\xampp\htdocs\chikwong\NewRPJ\Application\Runtime\Cache\Admin\cac97b875347bebeb1cdcddb020abc6e.php 第 192 行.
NOTIC: [8] Use of undefined constant id - assumed 'id' D:\xampp\htdocs\chikwong\NewRPJ\Application\Runtime\Cache\Admin\cac97b875347bebeb1cdcddb020abc6e.php 第 192 行.
INFO: Run Behavior\ParseTemplateBehavior [ RunTime:0.023243s ]
INFO: [ view_parse ] --END-- [ RunTime:0.023379s ]
INFO: [ view_filter ] --START--
INFO: Run Behavior\WriteHtmlCacheBehavior [ RunTime:0.000698s ]
INFO: [ view_filter ] --END-- [ RunTime:0.000823s ]
INFO: [ app_end ] --START--
INFO: Run Behavior\ShowPageTraceBehavior [ RunTime:0.001650s ]
INFO: [ app_end ] --END-- [ RunTime:0.001821s ]

[ 2020-05-14T10:15:40+08:00 ] ::1 /chikwong/NewRPJ/index.php/admin/index/index
INFO: [ app_init ] --START--
INFO: Run Behavior\BuildLiteBehavior [ RunTime:0.000017s ]
INFO: [ app_init ] --END-- [ RunTime:0.000602s ]
INFO: [ app_begin ] --START--
INFO: Run Behavior\ReadHtmlCacheBehavior [ RunTime:0.000420s ]
INFO: [ app_begin ] --END-- [ RunTime:0.000460s ]
INFO: [ view_parse ] --START--
INFO: [ template_filter ] --START--
INFO: Run Behavior\ContentReplaceBehavior [ RunTime:0.000129s ]
INFO: [ template_filter ] --END-- [ RunTime:0.000200s ]
INFO: Run Behavior\ParseTemplateBehavior [ RunTime:0.008177s ]
INFO: [ view_parse ] --END-- [ RunTime:0.008225s ]
INFO: [ view_filter ] --START--
INFO: Run Behavior\WriteHtmlCacheBehavior [ RunTime:0.000272s ]
INFO: [ view_filter ] --END-- [ RunTime:0.000301s ]
INFO: [ app_end ] --START--
INFO: Run Behavior\ShowPageTraceBehavior [ RunTime:0.000657s ]
INFO: [ app_end ] --END-- [ RunTime:0.000761s ]

[ 2020-05-14T10:15:40+08:00 ] ::1 /chikwong/NewRPJ/index.php/Admin/Introduce/introduce.html
INFO: [ app_init ] --START--
INFO: Run Behavior\BuildLiteBehavior [ RunTime:0.000017s ]
INFO: [ app_init ] --END-- [ RunTime:0.000489s ]
INFO: [ app_begin ] --START--
INFO: Run Behavior\ReadHtmlCacheBehavior [ RunTime:0.000540s ]
INFO: [ app_begin ] --END-- [ RunTime:0.000604s ]
INFO: [ view_parse ] --START--
INFO: [ template_filter ] --START--
INFO: Run Behavior\ContentReplaceBehavior [ RunTime:0.000043s ]
INFO: [ template_filter ] --END-- [ RunTime:0.000102s ]
INFO: Run Behavior\ParseTemplateBehavior [ RunTime:0.008962s ]
INFO: [ view_parse ] --END-- [ RunTime:0.009032s ]
INFO: [ view_filter ] --START--
INFO: Run Behavior\WriteHtmlCacheBehavior [ RunTime:0.000252s ]
INFO: [ view_filter ] --END-- [ RunTime:0.000286s ]
INFO: [ app_end ] --START--
INFO: Run Behavior\ShowPageTraceBehavior [ RunTime:0.000497s ]
INFO: [ app_end ] --END-- [ RunTime:0.000545s ]

[ 2020-05-14T10:15:43+08:00 ] ::1 /chikwong/NewRPJ/index.php/Admin/Attachment/attachment_list.html
INFO: [ app_init ] --START--
INFO: Run Behavior\BuildLiteBehavior [ RunTime:0.000008s ]
INFO: [ app_init ] --END-- [ RunTime:0.000239s ]
INFO: [ app_begin ] --START--
INFO: Run Behavior\ReadHtmlCacheBehavior [ RunTime:0.000285s ]
INFO: [ app_begin ] --END-- [ RunTime:0.000318s ]
SQL: SHOW COLUMNS FROM `rpj_attachment` [ RunTime:0.0531s ]
SQL: SELECT * FROM `rpj_attachment` INNER JOIN rpj_procategory on rpj_procategory.category_id = rpj_attachment.category_id INNER JOIN rpj_brand on rpj_brand.brand_id = rpj_attachment.brand_id   [ RunTime:0.0531s ]
INFO: [ view_parse ] --START--
INFO: [ template_filter ] --START--
INFO: Run Behavior\ContentReplaceBehavior [ RunTime:0.000166s ]
INFO: [ template_filter ] --END-- [ RunTime:0.000265s ]
NOTIC: [8] Use of undefined constant id - assumed 'id' D:\xampp\htdocs\chikwong\NewRPJ\Application\Runtime\Cache\Admin\cac97b875347bebeb1cdcddb020abc6e.php 第 192 行.
NOTIC: [8] Use of undefined constant id - assumed 'id' D:\xampp\htdocs\chikwong\NewRPJ\Application\Runtime\Cache\Admin\cac97b875347bebeb1cdcddb020abc6e.php 第 192 行.
NOTIC: [8] Use of undefined constant id - assumed 'id' D:\xampp\htdocs\chikwong\NewRPJ\Application\Runtime\Cache\Admin\cac97b875347bebeb1cdcddb020abc6e.php 第 192 行.
INFO: Run Behavior\ParseTemplateBehavior [ RunTime:0.016399s ]
INFO: [ view_parse ] --END-- [ RunTime:0.016493s ]
INFO: [ view_filter ] --START--
INFO: Run Behavior\WriteHtmlCacheBehavior [ RunTime:0.000475s ]
INFO: [ view_filter ] --END-- [ RunTime:0.000534s ]
INFO: [ app_end ] --START--
INFO: Run Behavior\ShowPageTraceBehavior [ RunTime:0.001175s ]
INFO: [ app_end ] --END-- [ RunTime:0.001305s ]

[ 2020-05-14T10:15:48+08:00 ] ::1 /chikwong/NewRPJ/index.php/admin/attachment/attachment_edit/id/17.html
INFO: [ app_init ] --START--
INFO: Run Behavior\BuildLiteBehavior [ RunTime:0.000009s ]
INFO: [ app_init ] --END-- [ RunTime:0.000253s ]
INFO: [ app_begin ] --START--
INFO: Run Behavior\ReadHtmlCacheBehavior [ RunTime:0.000290s ]
INFO: [ app_begin ] --END-- [ RunTime:0.000323s ]
SQL: SHOW COLUMNS FROM `rpj_attachment` [ RunTime:0.0538s ]
SQL: SHOW COLUMNS FROM `rpj_brand` [ RunTime:0.0531s ]
SQL: SHOW COLUMNS FROM `rpj_procategory` [ RunTime:0.0528s ]
SQL: SELECT * FROM `rpj_brand`  [ RunTime:0.0529s ]
SQL: SELECT * FROM `rpj_procategory`  [ RunTime:0.0534s ]
SQL: SELECT * FROM `rpj_attachment` WHERE `id` = 17 LIMIT 1   [ RunTime:0.0529s ]
INFO: [ view_parse ] --START--
INFO: [ template_filter ] --START--
INFO: Run Behavior\ContentReplaceBehavior [ RunTime:0.000071s ]
INFO: [ template_filter ] --END-- [ RunTime:0.000120s ]
NOTIC: [8] Undefined index: url D:\xampp\htdocs\chikwong\NewRPJ\Application\Runtime\Cache\Admin\8fd0f34d1877b79d79cde7c37ff68d4d.php 第 180 行.
INFO: Run Behavior\ParseTemplateBehavior [ RunTime:0.014362s ]
INFO: [ view_parse ] --END-- [ RunTime:0.014424s ]
INFO: [ view_filter ] --START--
INFO: Run Behavior\WriteHtmlCacheBehavior [ RunTime:0.000303s ]
INFO: [ view_filter ] --END-- [ RunTime:0.000354s ]
INFO: [ app_end ] --START--
INFO: Run Behavior\ShowPageTraceBehavior [ RunTime:0.000526s ]
INFO: [ app_end ] --END-- [ RunTime:0.000565s ]

[ 2020-05-14T10:15:52+08:00 ] ::1 /chikwong/NewRPJ/index.php/admin/attachment/attachment_list.html
INFO: [ app_init ] --START--
INFO: Run Behavior\BuildLiteBehavior [ RunTime:0.000011s ]
INFO: [ app_init ] --END-- [ RunTime:0.000282s ]
INFO: [ app_begin ] --START--
INFO: Run Behavior\ReadHtmlCacheBehavior [ RunTime:0.000321s ]
INFO: [ app_begin ] --END-- [ RunTime:0.000358s ]
SQL: SHOW COLUMNS FROM `rpj_attachment` [ RunTime:0.0534s ]
SQL: SELECT * FROM `rpj_attachment` INNER JOIN rpj_procategory on rpj_procategory.category_id = rpj_attachment.category_id INNER JOIN rpj_brand on rpj_brand.brand_id = rpj_attachment.brand_id   [ RunTime:0.0542s ]
INFO: [ view_parse ] --START--
INFO: [ template_filter ] --START--
INFO: Run Behavior\ContentReplaceBehavior [ RunTime:0.000132s ]
INFO: [ template_filter ] --END-- [ RunTime:0.000220s ]
NOTIC: [8] Use of undefined constant id - assumed 'id' D:\xampp\htdocs\chikwong\NewRPJ\Application\Runtime\Cache\Admin\cac97b875347bebeb1cdcddb020abc6e.php 第 192 行.
NOTIC: [8] Use of undefined constant id - assumed 'id' D:\xampp\htdocs\chikwong\NewRPJ\Application\Runtime\Cache\Admin\cac97b875347bebeb1cdcddb020abc6e.php 第 192 行.
NOTIC: [8] Use of undefined constant id - assumed 'id' D:\xampp\htdocs\chikwong\NewRPJ\Application\Runtime\Cache\Admin\cac97b875347bebeb1cdcddb020abc6e.php 第 192 行.
INFO: Run Behavior\ParseTemplateBehavior [ RunTime:0.019165s ]
INFO: [ view_parse ] --END-- [ RunTime:0.019269s ]
INFO: [ view_filter ] --START--
INFO: Run Behavior\WriteHtmlCacheBehavior [ RunTime:0.000328s ]
INFO: [ view_filter ] --END-- [ RunTime:0.000376s ]
INFO: [ app_end ] --START--
INFO: Run Behavior\ShowPageTraceBehavior [ RunTime:0.000981s ]
INFO: [ app_end ] --END-- [ RunTime:0.001066s ]

[ 2020-05-14T10:15:54+08:00 ] ::1 /chikwong/NewRPJ/index.php/admin/attachment/attachment_edit/id/16.html
INFO: [ app_init ] --START--
INFO: Run Behavior\BuildLiteBehavior [ RunTime:0.000010s ]
INFO: [ app_init ] --END-- [ RunTime:0.000256s ]
INFO: [ app_begin ] --START--
INFO: Run Behavior\ReadHtmlCacheBehavior [ RunTime:0.000282s ]
INFO: [ app_begin ] --END-- [ RunTime:0.000315s ]
SQL: SHOW COLUMNS FROM `rpj_attachment` [ RunTime:0.0527s ]
SQL: SHOW COLUMNS FROM `rpj_brand` [ RunTime:0.0524s ]
SQL: SHOW COLUMNS FROM `rpj_procategory` [ RunTime:0.0522s ]
SQL: SELECT * FROM `rpj_brand`  [ RunTime:0.0522s ]
SQL: SELECT * FROM `rpj_procategory`  [ RunTime:0.0556s ]
SQL: SELECT * FROM `rpj_attachment` WHERE `id` = 16 LIMIT 1   [ RunTime:0.0523s ]
INFO: [ view_parse ] --START--
INFO: [ template_filter ] --START--
INFO: Run Behavior\ContentReplaceBehavior [ RunTime:0.000055s ]
INFO: [ template_filter ] --END-- [ RunTime:0.000092s ]
NOTIC: [8] Undefined index: url D:\xampp\htdocs\chikwong\NewRPJ\Application\Runtime\Cache\Admin\8fd0f34d1877b79d79cde7c37ff68d4d.php 第 180 行.
INFO: Run Behavior\ParseTemplateBehavior [ RunTime:0.006579s ]
INFO: [ view_parse ] --END-- [ RunTime:0.006624s ]
INFO: [ view_filter ] --START--
INFO: Run Behavior\WriteHtmlCacheBehavior [ RunTime:0.000189s ]
INFO: [ view_filter ] --END-- [ RunTime:0.000215s ]
INFO: [ app_end ] --START--
INFO: Run Behavior\ShowPageTraceBehavior [ RunTime:0.000355s ]
INFO: [ app_end ] --END-- [ RunTime:0.000382s ]

[ 2020-05-14T10:15:56+08:00 ] ::1 /chikwong/NewRPJ/index.php/admin/attachment/attachment_list.html
INFO: [ app_init ] --START--
INFO: Run Behavior\BuildLiteBehavior [ RunTime:0.000010s ]
INFO: [ app_init ] --END-- [ RunTime:0.000268s ]
INFO: [ app_begin ] --START--
INFO: Run Behavior\ReadHtmlCacheBehavior [ RunTime:0.000292s ]
INFO: [ app_begin ] --END-- [ RunTime:0.000335s ]
SQL: SHOW COLUMNS FROM `rpj_attachment` [ RunTime:0.0542s ]
SQL: SELECT * FROM `rpj_attachment` INNER JOIN rpj_procategory on rpj_procategory.category_id = rpj_attachment.category_id INNER JOIN rpj_brand on rpj_brand.brand_id = rpj_attachment.brand_id   [ RunTime:0.0541s ]
INFO: [ view_parse ] --START--
INFO: [ template_filter ] --START--
INFO: Run Behavior\ContentReplaceBehavior [ RunTime:0.000136s ]
INFO: [ template_filter ] --END-- [ RunTime:0.000232s ]
NOTIC: [8] Use of undefined constant id - assumed 'id' D:\xampp\htdocs\chikwong\NewRPJ\Application\Runtime\Cache\Admin\cac97b875347bebeb1cdcddb020abc6e.php 第 192 行.
NOTIC: [8] Use of undefined constant id - assumed 'id' D:\xampp\htdocs\chikwong\NewRPJ\Application\Runtime\Cache\Admin\cac97b875347bebeb1cdcddb020abc6e.php 第 192 行.
NOTIC: [8] Use of undefined constant id - assumed 'id' D:\xampp\htdocs\chikwong\NewRPJ\Application\Runtime\Cache\Admin\cac97b875347bebeb1cdcddb020abc6e.php 第 192 行.
INFO: Run Behavior\ParseTemplateBehavior [ RunTime:0.016966s ]
INFO: [ view_parse ] --END-- [ RunTime:0.017128s ]
INFO: [ view_filter ] --START--
INFO: Run Behavior\WriteHtmlCacheBehavior [ RunTime:0.000650s ]
INFO: [ view_filter ] --END-- [ RunTime:0.000755s ]
INFO: [ app_end ] --START--
INFO: Run Behavior\ShowPageTraceBehavior [ RunTime:0.001076s ]
INFO: [ app_end ] --END-- [ RunTime:0.001180s ]

[ 2020-05-14T10:15:57+08:00 ] ::1 /chikwong/NewRPJ/index.php/admin/attachment/attachment_edit/id/15.html
INFO: [ app_init ] --START--
INFO: Run Behavior\BuildLiteBehavior [ RunTime:0.000012s ]
INFO: [ app_init ] --END-- [ RunTime:0.000361s ]
INFO: [ app_begin ] --START--
INFO: Run Behavior\ReadHtmlCacheBehavior [ RunTime:0.000456s ]
INFO: [ app_begin ] --END-- [ RunTime:0.000509s ]
SQL: SHOW COLUMNS FROM `rpj_attachment` [ RunTime:0.0524s ]
SQL: SHOW COLUMNS FROM `rpj_brand` [ RunTime:0.0531s ]
SQL: SHOW COLUMNS FROM `rpj_procategory` [ RunTime:0.0523s ]
SQL: SELECT * FROM `rpj_brand`  [ RunTime:0.0519s ]
SQL: SELECT * FROM `rpj_procategory`  [ RunTime:0.0518s ]
SQL: SELECT * FROM `rpj_attachment` WHERE `id` = 15 LIMIT 1   [ RunTime:0.0521s ]
INFO: [ view_parse ] --START--
INFO: [ template_filter ] --START--
INFO: Run Behavior\ContentReplaceBehavior [ RunTime:0.000117s ]
INFO: [ template_filter ] --END-- [ RunTime:0.000188s ]
NOTIC: [8] Undefined index: url D:\xampp\htdocs\chikwong\NewRPJ\Application\Runtime\Cache\Admin\8fd0f34d1877b79d79cde7c37ff68d4d.php 第 180 行.
INFO: Run Behavior\ParseTemplateBehavior [ RunTime:0.013468s ]
INFO: [ view_parse ] --END-- [ RunTime:0.013560s ]
INFO: [ view_filter ] --START--
INFO: Run Behavior\WriteHtmlCacheBehavior [ RunTime:0.000397s ]
INFO: [ view_filter ] --END-- [ RunTime:0.000454s ]
INFO: [ app_end ] --START--
INFO: Run Behavior\ShowPageTraceBehavior [ RunTime:0.000792s ]
INFO: [ app_end ] --END-- [ RunTime:0.000860s ]

[ 2020-05-14T10:15:59+08:00 ] ::1 /chikwong/NewRPJ/index.php/admin/attachment/attachment_list.html
INFO: [ app_init ] --START--
INFO: Run Behavior\BuildLiteBehavior [ RunTime:0.000009s ]
INFO: [ app_init ] --END-- [ RunTime:0.000265s ]
INFO: [ app_begin ] --START--
INFO: Run Behavior\ReadHtmlCacheBehavior [ RunTime:0.000329s ]
INFO: [ app_begin ] --END-- [ RunTime:0.000376s ]
SQL: SHOW COLUMNS FROM `rpj_attachment` [ RunTime:0.0550s ]
SQL: SELECT * FROM `rpj_attachment` INNER JOIN rpj_procategory on rpj_procategory.category_id = rpj_attachment.category_id INNER JOIN rpj_brand on rpj_brand.brand_id = rpj_attachment.brand_id   [ RunTime:0.0528s ]
INFO: [ view_parse ] --START--
INFO: [ template_filter ] --START--
INFO: Run Behavior\ContentReplaceBehavior [ RunTime:0.000077s ]
INFO: [ template_filter ] --END-- [ RunTime:0.000122s ]
NOTIC: [8] Use of undefined constant id - assumed 'id' D:\xampp\htdocs\chikwong\NewRPJ\Application\Runtime\Cache\Admin\cac97b875347bebeb1cdcddb020abc6e.php 第 192 行.
NOTIC: [8] Use of undefined constant id - assumed 'id' D:\xampp\htdocs\chikwong\NewRPJ\Application\Runtime\Cache\Admin\cac97b875347bebeb1cdcddb020abc6e.php 第 192 行.
NOTIC: [8] Use of undefined constant id - assumed 'id' D:\xampp\htdocs\chikwong\NewRPJ\Application\Runtime\Cache\Admin\cac97b875347bebeb1cdcddb020abc6e.php 第 192 行.
INFO: Run Behavior\ParseTemplateBehavior [ RunTime:0.008773s ]
INFO: [ view_parse ] --END-- [ RunTime:0.008820s ]
INFO: [ view_filter ] --START--
INFO: Run Behavior\WriteHtmlCacheBehavior [ RunTime:0.000235s ]
INFO: [ view_filter ] --END-- [ RunTime:0.000271s ]
INFO: [ app_end ] --START--
INFO: Run Behavior\ShowPageTraceBehavior [ RunTime:0.000679s ]
INFO: [ app_end ] --END-- [ RunTime:0.000746s ]

