[ 2020-03-29T21:23:13+08:00 ] ::1 /NewRPJ/index.php/admin/index/index
INFO: [ app_init ] --START--
INFO: Run Behavior\BuildLiteBehavior [ RunTime:0.000056s ]
INFO: [ app_init ] --END-- [ RunTime:0.000998s ]
INFO: [ app_begin ] --START--
INFO: Run Behavior\ReadHtmlCacheBehavior [ RunTime:0.000947s ]
INFO: [ app_begin ] --END-- [ RunTime:0.000992s ]
INFO: [ view_parse ] --START--
INFO: [ template_filter ] --START--
INFO: Run Behavior\ContentReplaceBehavior [ RunTime:0.000317s ]
INFO: [ template_filter ] --END-- [ RunTime:0.000366s ]
NOTIC: [2] file_put_contents(./Application/Runtime/Cache/Admin/b595b808c2ebeeeb0478ffc30bb4e87a.php): failed to open stream: Permission denied /Users/chikwongyip/rpj/NewRPJ/ThinkPHP/Library/Think/Storage/Driver/File.class.php 第 47 行.
ERR: _STORAGE_WRITE_ERROR_:./Application/Runtime/Cache/Admin/b595b808c2ebeeeb0478ffc30bb4e87a.php

[ 2020-03-29T21:23:58+08:00 ] ::1 /NewRPJ/index.php/admin/index/index
INFO: [ app_init ] --START--
INFO: Run Behavior\BuildLiteBehavior [ RunTime:0.000021s ]
INFO: [ app_init ] --END-- [ RunTime:0.000477s ]
INFO: [ app_begin ] --START--
INFO: Run Behavior\ReadHtmlCacheBehavior [ RunTime:0.000589s ]
INFO: [ app_begin ] --END-- [ RunTime:0.000627s ]
INFO: [ view_parse ] --START--
INFO: [ template_filter ] --START--
INFO: Run Behavior\ContentReplaceBehavior [ RunTime:0.000127s ]
INFO: [ template_filter ] --END-- [ RunTime:0.000166s ]
INFO: Run Behavior\ParseTemplateBehavior [ RunTime:0.008643s ]
INFO: [ view_parse ] --END-- [ RunTime:0.008677s ]
INFO: [ view_filter ] --START--
INFO: Run Behavior\WriteHtmlCacheBehavior [ RunTime:0.000261s ]
INFO: [ view_filter ] --END-- [ RunTime:0.000285s ]
INFO: [ app_end ] --START--
INFO: Run Behavior\ShowPageTraceBehavior [ RunTime:0.003526s ]
INFO: [ app_end ] --END-- [ RunTime:0.003601s ]

[ 2020-03-29T21:23:59+08:00 ] ::1 /NewRPJ/index.php/Admin/Introduce/introduce.html
INFO: [ app_init ] --START--
INFO: Run Behavior\BuildLiteBehavior [ RunTime:0.000022s ]
INFO: [ app_init ] --END-- [ RunTime:0.000589s ]
INFO: [ app_begin ] --START--
INFO: Run Behavior\ReadHtmlCacheBehavior [ RunTime:0.000552s ]
INFO: [ app_begin ] --END-- [ RunTime:0.000585s ]
INFO: [ view_parse ] --START--
INFO: [ template_filter ] --START--
INFO: Run Behavior\ContentReplaceBehavior [ RunTime:0.000066s ]
INFO: [ template_filter ] --END-- [ RunTime:0.000107s ]
INFO: Run Behavior\ParseTemplateBehavior [ RunTime:0.054847s ]
INFO: [ view_parse ] --END-- [ RunTime:0.054897s ]
INFO: [ view_filter ] --START--
INFO: Run Behavior\WriteHtmlCacheBehavior [ RunTime:0.000882s ]
INFO: [ view_filter ] --END-- [ RunTime:0.001086s ]
INFO: [ app_end ] --START--
INFO: Run Behavior\ShowPageTraceBehavior [ RunTime:0.005765s ]
INFO: [ app_end ] --END-- [ RunTime:0.005811s ]

[ 2020-03-29T21:24:34+08:00 ] ::1 /NewRPJ/index.php/Admin/productpic/productpic_list.html
INFO: [ app_init ] --START--
INFO: Run Behavior\BuildLiteBehavior [ RunTime:0.000021s ]
INFO: [ app_init ] --END-- [ RunTime:0.000471s ]
INFO: [ app_begin ] --START--
INFO: Run Behavior\ReadHtmlCacheBehavior [ RunTime:0.000570s ]
INFO: [ app_begin ] --END-- [ RunTime:0.000600s ]
SQL: select rpj_product_pic.pic_id,
                                                          rpj_product_pic.product_id,
                                                          rpj_product_pic.product_pic,
                                                          rpj_product.product_name
                                                  from rpj_product_pic
                                                  inner join rpj_product on rpj_product_pic.product_id = rpj_product.product_id [ RunTime:0.0436s ]
INFO: [ view_parse ] --START--
INFO: [ template_filter ] --START--
INFO: Run Behavior\ContentReplaceBehavior [ RunTime:0.000108s ]
INFO: [ template_filter ] --END-- [ RunTime:0.000147s ]
NOTIC: [2] Use of undefined constant pic_id - assumed 'pic_id' (this will throw an Error in a future version of PHP) /Users/chikwongyip/rpj/NewRPJ/Application/Runtime/Cache/Admin/159018613a3f0dacd2018373a8985092.php 第 188 行.
NOTIC: [2] Use of undefined constant pic_id - assumed 'pic_id' (this will throw an Error in a future version of PHP) /Users/chikwongyip/rpj/NewRPJ/Application/Runtime/Cache/Admin/159018613a3f0dacd2018373a8985092.php 第 188 行.
NOTIC: [2] Use of undefined constant pic_id - assumed 'pic_id' (this will throw an Error in a future version of PHP) /Users/chikwongyip/rpj/NewRPJ/Application/Runtime/Cache/Admin/159018613a3f0dacd2018373a8985092.php 第 188 行.
INFO: Run Behavior\ParseTemplateBehavior [ RunTime:0.008571s ]
INFO: [ view_parse ] --END-- [ RunTime:0.008601s ]
INFO: [ view_filter ] --START--
INFO: Run Behavior\WriteHtmlCacheBehavior [ RunTime:0.000248s ]
INFO: [ view_filter ] --END-- [ RunTime:0.000272s ]
INFO: [ app_end ] --START--
INFO: Run Behavior\ShowPageTraceBehavior [ RunTime:0.000883s ]
INFO: [ app_end ] --END-- [ RunTime:0.000926s ]

[ 2020-03-29T21:24:50+08:00 ] ::1 /NewRPJ/index.php/admin/productpic/productpic_add.html
INFO: [ app_init ] --START--
INFO: Run Behavior\BuildLiteBehavior [ RunTime:0.000013s ]
INFO: [ app_init ] --END-- [ RunTime:0.000389s ]
INFO: [ app_begin ] --START--
INFO: Run Behavior\ReadHtmlCacheBehavior [ RunTime:0.000499s ]
INFO: [ app_begin ] --END-- [ RunTime:0.000529s ]
SQL: SHOW COLUMNS FROM `rpj_product_pic` [ RunTime:0.0442s ]
SQL: SHOW COLUMNS FROM `rpj_product` [ RunTime:0.0440s ]
SQL: SELECT * FROM `rpj_product`  [ RunTime:0.0446s ]
INFO: [ view_parse ] --START--
INFO: [ template_filter ] --START--
INFO: Run Behavior\ContentReplaceBehavior [ RunTime:0.000059s ]
INFO: [ template_filter ] --END-- [ RunTime:0.000095s ]
INFO: Run Behavior\ParseTemplateBehavior [ RunTime:0.007259s ]
INFO: [ view_parse ] --END-- [ RunTime:0.007298s ]
INFO: [ view_filter ] --START--
INFO: Run Behavior\WriteHtmlCacheBehavior [ RunTime:0.000251s ]
INFO: [ view_filter ] --END-- [ RunTime:0.000278s ]
INFO: [ app_end ] --START--
INFO: Run Behavior\ShowPageTraceBehavior [ RunTime:0.000603s ]
INFO: [ app_end ] --END-- [ RunTime:0.000632s ]

[ 2020-03-29T21:27:07+08:00 ] ::1 /NewRPJ/index.php/admin/productpic/productpic_add.html
INFO: [ app_init ] --START--
INFO: Run Behavior\BuildLiteBehavior [ RunTime:0.000011s ]
INFO: [ app_init ] --END-- [ RunTime:0.000369s ]
INFO: [ app_begin ] --START--
INFO: Run Behavior\ReadHtmlCacheBehavior [ RunTime:0.000475s ]
INFO: [ app_begin ] --END-- [ RunTime:0.000507s ]
SQL: SHOW COLUMNS FROM `rpj_product_pic` [ RunTime:0.0446s ]
SQL: SHOW COLUMNS FROM `rpj_product` [ RunTime:0.0438s ]
SQL: SELECT * FROM `rpj_product`  [ RunTime:0.0442s ]
NOTIC: [2] call_user_func() expects parameter 1 to be a valid callback, no array or string given /Users/chikwongyip/rpj/NewRPJ/ThinkPHP/Library/Think/Upload.class.php 第 170 行.
NOTIC: [8] Undefined index: is_active /Users/chikwongyip/rpj/NewRPJ/Application/Admin/Controller/ProductpicController.class.php 第 31 行.
NOTIC: [8] Undefined index: savePath /Users/chikwongyip/rpj/NewRPJ/Application/Admin/Controller/ProductpicController.class.php 第 34 行.
ERR: 不存在的图像文件

[ 2020-03-29T21:27:25+08:00 ] ::1 /NewRPJ/index.php/admin/index/index
INFO: [ app_init ] --START--
INFO: Run Behavior\BuildLiteBehavior [ RunTime:0.000020s ]
INFO: [ app_init ] --END-- [ RunTime:0.000500s ]
INFO: [ app_begin ] --START--
INFO: Run Behavior\ReadHtmlCacheBehavior [ RunTime:0.000596s ]
INFO: [ app_begin ] --END-- [ RunTime:0.000635s ]
INFO: [ view_parse ] --START--
INFO: [ template_filter ] --START--
INFO: Run Behavior\ContentReplaceBehavior [ RunTime:0.000134s ]
INFO: [ template_filter ] --END-- [ RunTime:0.000176s ]
INFO: Run Behavior\ParseTemplateBehavior [ RunTime:0.009702s ]
INFO: [ view_parse ] --END-- [ RunTime:0.009734s ]
INFO: [ view_filter ] --START--
INFO: Run Behavior\WriteHtmlCacheBehavior [ RunTime:0.000244s ]
INFO: [ view_filter ] --END-- [ RunTime:0.000269s ]
INFO: [ app_end ] --START--
INFO: Run Behavior\ShowPageTraceBehavior [ RunTime:0.000680s ]
INFO: [ app_end ] --END-- [ RunTime:0.000710s ]

[ 2020-03-29T21:27:25+08:00 ] ::1 /NewRPJ/index.php/Admin/Introduce/introduce.html
INFO: [ app_init ] --START--
INFO: Run Behavior\BuildLiteBehavior [ RunTime:0.000013s ]
INFO: [ app_init ] --END-- [ RunTime:0.000380s ]
INFO: [ app_begin ] --START--
INFO: Run Behavior\ReadHtmlCacheBehavior [ RunTime:0.001456s ]
INFO: [ app_begin ] --END-- [ RunTime:0.001499s ]
INFO: [ view_parse ] --START--
INFO: [ template_filter ] --START--
INFO: Run Behavior\ContentReplaceBehavior [ RunTime:0.000030s ]
INFO: [ template_filter ] --END-- [ RunTime:0.000072s ]
INFO: Run Behavior\ParseTemplateBehavior [ RunTime:0.005882s ]
INFO: [ view_parse ] --END-- [ RunTime:0.005918s ]
INFO: [ view_filter ] --START--
INFO: Run Behavior\WriteHtmlCacheBehavior [ RunTime:0.000494s ]
INFO: [ view_filter ] --END-- [ RunTime:0.000524s ]
INFO: [ app_end ] --START--
INFO: Run Behavior\ShowPageTraceBehavior [ RunTime:0.000619s ]
INFO: [ app_end ] --END-- [ RunTime:0.000647s ]

[ 2020-03-29T21:35:44+08:00 ] ::1 /NewRPJ/index.php/admin/index/index
INFO: [ app_init ] --START--
INFO: Run Behavior\BuildLiteBehavior [ RunTime:0.000020s ]
INFO: [ app_init ] --END-- [ RunTime:0.000455s ]
INFO: [ app_begin ] --START--
INFO: Run Behavior\ReadHtmlCacheBehavior [ RunTime:0.000516s ]
INFO: [ app_begin ] --END-- [ RunTime:0.000545s ]
INFO: [ view_parse ] --START--
INFO: [ template_filter ] --START--
INFO: Run Behavior\ContentReplaceBehavior [ RunTime:0.000130s ]
INFO: [ template_filter ] --END-- [ RunTime:0.000172s ]
INFO: Run Behavior\ParseTemplateBehavior [ RunTime:0.008910s ]
INFO: [ view_parse ] --END-- [ RunTime:0.008941s ]
INFO: [ view_filter ] --START--
INFO: Run Behavior\WriteHtmlCacheBehavior [ RunTime:0.000261s ]
INFO: [ view_filter ] --END-- [ RunTime:0.000286s ]
INFO: [ app_end ] --START--
INFO: Run Behavior\ShowPageTraceBehavior [ RunTime:0.005479s ]
INFO: [ app_end ] --END-- [ RunTime:0.005560s ]

[ 2020-03-29T21:35:45+08:00 ] ::1 /NewRPJ/index.php/Admin/Introduce/introduce.html
INFO: [ app_init ] --START--
INFO: Run Behavior\BuildLiteBehavior [ RunTime:0.000012s ]
INFO: [ app_init ] --END-- [ RunTime:0.000376s ]
INFO: [ app_begin ] --START--
INFO: Run Behavior\ReadHtmlCacheBehavior [ RunTime:0.001830s ]
INFO: [ app_begin ] --END-- [ RunTime:0.001869s ]
INFO: [ view_parse ] --START--
INFO: [ template_filter ] --START--
INFO: Run Behavior\ContentReplaceBehavior [ RunTime:0.000034s ]
INFO: [ template_filter ] --END-- [ RunTime:0.000077s ]
INFO: Run Behavior\ParseTemplateBehavior [ RunTime:0.058202s ]
INFO: [ view_parse ] --END-- [ RunTime:0.058256s ]
INFO: [ view_filter ] --START--
INFO: Run Behavior\WriteHtmlCacheBehavior [ RunTime:0.000233s ]
INFO: [ view_filter ] --END-- [ RunTime:0.000258s ]
INFO: [ app_end ] --START--
INFO: Run Behavior\ShowPageTraceBehavior [ RunTime:0.003129s ]
INFO: [ app_end ] --END-- [ RunTime:0.003169s ]

[ 2020-03-29T21:35:47+08:00 ] ::1 /NewRPJ/index.php/Admin/productpic/productpic_list.html
INFO: [ app_init ] --START--
INFO: Run Behavior\BuildLiteBehavior [ RunTime:0.000011s ]
INFO: [ app_init ] --END-- [ RunTime:0.000363s ]
INFO: [ app_begin ] --START--
INFO: Run Behavior\ReadHtmlCacheBehavior [ RunTime:0.000582s ]
INFO: [ app_begin ] --END-- [ RunTime:0.000612s ]
SQL: select rpj_product_pic.pic_id,
                                                          rpj_product_pic.product_id,
                                                          rpj_product_pic.product_pic,
                                                          rpj_product.product_name
                                                  from rpj_product_pic
                                                  inner join rpj_product on rpj_product_pic.product_id = rpj_product.product_id [ RunTime:0.0418s ]
INFO: [ view_parse ] --START--
INFO: [ template_filter ] --START--
INFO: Run Behavior\ContentReplaceBehavior [ RunTime:0.000066s ]
INFO: [ template_filter ] --END-- [ RunTime:0.000096s ]
NOTIC: [2] Use of undefined constant pic_id - assumed 'pic_id' (this will throw an Error in a future version of PHP) /Users/chikwongyip/rpj/NewRPJ/Application/Runtime/Cache/Admin/159018613a3f0dacd2018373a8985092.php 第 188 行.
NOTIC: [2] Use of undefined constant pic_id - assumed 'pic_id' (this will throw an Error in a future version of PHP) /Users/chikwongyip/rpj/NewRPJ/Application/Runtime/Cache/Admin/159018613a3f0dacd2018373a8985092.php 第 188 行.
NOTIC: [2] Use of undefined constant pic_id - assumed 'pic_id' (this will throw an Error in a future version of PHP) /Users/chikwongyip/rpj/NewRPJ/Application/Runtime/Cache/Admin/159018613a3f0dacd2018373a8985092.php 第 188 行.
INFO: Run Behavior\ParseTemplateBehavior [ RunTime:0.007557s ]
INFO: [ view_parse ] --END-- [ RunTime:0.007586s ]
INFO: [ view_filter ] --START--
INFO: Run Behavior\WriteHtmlCacheBehavior [ RunTime:0.000207s ]
INFO: [ view_filter ] --END-- [ RunTime:0.000231s ]
INFO: [ app_end ] --START--
INFO: Run Behavior\ShowPageTraceBehavior [ RunTime:0.000684s ]
INFO: [ app_end ] --END-- [ RunTime:0.000718s ]

[ 2020-03-29T21:35:49+08:00 ] ::1 /NewRPJ/index.php/admin/productpic/productpic_add.html
INFO: [ app_init ] --START--
INFO: Run Behavior\BuildLiteBehavior [ RunTime:0.000012s ]
INFO: [ app_init ] --END-- [ RunTime:0.000341s ]
INFO: [ app_begin ] --START--
INFO: Run Behavior\ReadHtmlCacheBehavior [ RunTime:0.000457s ]
INFO: [ app_begin ] --END-- [ RunTime:0.000487s ]
SQL: SHOW COLUMNS FROM `rpj_product_pic` [ RunTime:0.0416s ]
SQL: SHOW COLUMNS FROM `rpj_product` [ RunTime:0.0415s ]
SQL: SELECT * FROM `rpj_product`  [ RunTime:0.0413s ]
INFO: [ view_parse ] --START--
INFO: [ template_filter ] --START--
INFO: Run Behavior\ContentReplaceBehavior [ RunTime:0.000058s ]
INFO: [ template_filter ] --END-- [ RunTime:0.000089s ]
INFO: Run Behavior\ParseTemplateBehavior [ RunTime:0.006860s ]
INFO: [ view_parse ] --END-- [ RunTime:0.006891s ]
INFO: [ view_filter ] --START--
INFO: Run Behavior\WriteHtmlCacheBehavior [ RunTime:0.000207s ]
INFO: [ view_filter ] --END-- [ RunTime:0.000231s ]
INFO: [ app_end ] --START--
INFO: Run Behavior\ShowPageTraceBehavior [ RunTime:0.000568s ]
INFO: [ app_end ] --END-- [ RunTime:0.000593s ]

[ 2020-03-29T21:35:58+08:00 ] ::1 /NewRPJ/index.php/admin/productpic/productpic_add.html
INFO: [ app_init ] --START--
INFO: Run Behavior\BuildLiteBehavior [ RunTime:0.000010s ]
INFO: [ app_init ] --END-- [ RunTime:0.000350s ]
INFO: [ app_begin ] --START--
INFO: Run Behavior\ReadHtmlCacheBehavior [ RunTime:0.000457s ]
INFO: [ app_begin ] --END-- [ RunTime:0.000488s ]
SQL: SHOW COLUMNS FROM `rpj_product_pic` [ RunTime:0.0412s ]
SQL: SHOW COLUMNS FROM `rpj_product` [ RunTime:0.0412s ]
SQL: SELECT * FROM `rpj_product`  [ RunTime:0.0412s ]
NOTIC: [2] call_user_func() expects parameter 1 to be a valid callback, no array or string given /Users/chikwongyip/rpj/NewRPJ/ThinkPHP/Library/Think/Upload.class.php 第 170 行.
NOTIC: [8] Undefined index: is_active /Users/chikwongyip/rpj/NewRPJ/Application/Admin/Controller/ProductpicController.class.php 第 31 行.
NOTIC: [8] Undefined index: savePath /Users/chikwongyip/rpj/NewRPJ/Application/Admin/Controller/ProductpicController.class.php 第 34 行.
ERR: 不存在的图像文件

[ 2020-03-29T21:36:41+08:00 ] ::1 /NewRPJ/index.php/admin/index/index
INFO: [ app_init ] --START--
INFO: Run Behavior\BuildLiteBehavior [ RunTime:0.000019s ]
INFO: [ app_init ] --END-- [ RunTime:0.000435s ]
INFO: [ app_begin ] --START--
INFO: Run Behavior\ReadHtmlCacheBehavior [ RunTime:0.000501s ]
INFO: [ app_begin ] --END-- [ RunTime:0.000530s ]
INFO: [ view_parse ] --START--
INFO: [ template_filter ] --START--
INFO: Run Behavior\ContentReplaceBehavior [ RunTime:0.000130s ]
INFO: [ template_filter ] --END-- [ RunTime:0.000168s ]
INFO: Run Behavior\ParseTemplateBehavior [ RunTime:0.009543s ]
INFO: [ view_parse ] --END-- [ RunTime:0.009570s ]
INFO: [ view_filter ] --START--
INFO: Run Behavior\WriteHtmlCacheBehavior [ RunTime:0.000235s ]
INFO: [ view_filter ] --END-- [ RunTime:0.000259s ]
INFO: [ app_end ] --START--
INFO: Run Behavior\ShowPageTraceBehavior [ RunTime:0.000660s ]
INFO: [ app_end ] --END-- [ RunTime:0.000690s ]

[ 2020-03-29T21:36:41+08:00 ] ::1 /NewRPJ/index.php/Admin/Introduce/introduce.html
INFO: [ app_init ] --START--
INFO: Run Behavior\BuildLiteBehavior [ RunTime:0.000016s ]
INFO: [ app_init ] --END-- [ RunTime:0.000553s ]
INFO: [ app_begin ] --START--
INFO: Run Behavior\ReadHtmlCacheBehavior [ RunTime:0.035372s ]
INFO: [ app_begin ] --END-- [ RunTime:0.035420s ]
INFO: [ view_parse ] --START--
INFO: [ template_filter ] --START--
INFO: Run Behavior\ContentReplaceBehavior [ RunTime:0.000031s ]
INFO: [ template_filter ] --END-- [ RunTime:0.000069s ]
INFO: Run Behavior\ParseTemplateBehavior [ RunTime:0.007866s ]
INFO: [ view_parse ] --END-- [ RunTime:0.008283s ]
INFO: [ view_filter ] --START--
INFO: Run Behavior\WriteHtmlCacheBehavior [ RunTime:0.000219s ]
INFO: [ view_filter ] --END-- [ RunTime:0.000242s ]
INFO: [ app_end ] --START--
INFO: Run Behavior\ShowPageTraceBehavior [ RunTime:0.000557s ]
INFO: [ app_end ] --END-- [ RunTime:0.000582s ]

[ 2020-03-29T21:38:27+08:00 ] ::1 /NewRPJ/index.php/admin/index/index
INFO: [ app_init ] --START--
INFO: Run Behavior\BuildLiteBehavior [ RunTime:0.000011s ]
INFO: [ app_init ] --END-- [ RunTime:0.000352s ]
INFO: [ app_begin ] --START--
INFO: Run Behavior\ReadHtmlCacheBehavior [ RunTime:0.000465s ]
INFO: [ app_begin ] --END-- [ RunTime:0.000494s ]
INFO: [ view_parse ] --START--
INFO: [ template_filter ] --START--
INFO: Run Behavior\ContentReplaceBehavior [ RunTime:0.000093s ]
INFO: [ template_filter ] --END-- [ RunTime:0.000121s ]
INFO: Run Behavior\ParseTemplateBehavior [ RunTime:0.006800s ]
INFO: [ view_parse ] --END-- [ RunTime:0.006830s ]
INFO: [ view_filter ] --START--
INFO: Run Behavior\WriteHtmlCacheBehavior [ RunTime:0.000220s ]
INFO: [ view_filter ] --END-- [ RunTime:0.000244s ]
INFO: [ app_end ] --START--
INFO: Run Behavior\ShowPageTraceBehavior [ RunTime:0.000639s ]
INFO: [ app_end ] --END-- [ RunTime:0.000674s ]

[ 2020-03-29T21:38:27+08:00 ] ::1 /NewRPJ/index.php/Admin/Introduce/introduce.html
INFO: [ app_init ] --START--
INFO: Run Behavior\BuildLiteBehavior [ RunTime:0.000013s ]
INFO: [ app_init ] --END-- [ RunTime:0.000524s ]
INFO: [ app_begin ] --START--
INFO: Run Behavior\ReadHtmlCacheBehavior [ RunTime:0.000501s ]
INFO: [ app_begin ] --END-- [ RunTime:0.000531s ]
INFO: [ view_parse ] --START--
INFO: [ template_filter ] --START--
INFO: Run Behavior\ContentReplaceBehavior [ RunTime:0.000031s ]
INFO: [ template_filter ] --END-- [ RunTime:0.000066s ]
INFO: Run Behavior\ParseTemplateBehavior [ RunTime:0.006268s ]
INFO: [ view_parse ] --END-- [ RunTime:0.006303s ]
INFO: [ view_filter ] --START--
INFO: Run Behavior\WriteHtmlCacheBehavior [ RunTime:0.000221s ]
INFO: [ view_filter ] --END-- [ RunTime:0.000246s ]
INFO: [ app_end ] --START--
INFO: Run Behavior\ShowPageTraceBehavior [ RunTime:0.004568s ]
INFO: [ app_end ] --END-- [ RunTime:0.004614s ]

[ 2020-03-29T21:38:30+08:00 ] ::1 /NewRPJ/index.php/Admin/productpic/productpic_list.html
INFO: [ app_init ] --START--
INFO: Run Behavior\BuildLiteBehavior [ RunTime:0.000013s ]
INFO: [ app_init ] --END-- [ RunTime:0.000356s ]
INFO: [ app_begin ] --START--
INFO: Run Behavior\ReadHtmlCacheBehavior [ RunTime:0.000462s ]
INFO: [ app_begin ] --END-- [ RunTime:0.000491s ]
ERR: syntax error, unexpected 'var_dump' (T_STRING)

[ 2020-03-29T21:39:33+08:00 ] ::1 /NewRPJ/index.php/admin/index/index
INFO: [ app_init ] --START--
INFO: Run Behavior\BuildLiteBehavior [ RunTime:0.000012s ]
INFO: [ app_init ] --END-- [ RunTime:0.000360s ]
INFO: [ app_begin ] --START--
INFO: Run Behavior\ReadHtmlCacheBehavior [ RunTime:0.000465s ]
INFO: [ app_begin ] --END-- [ RunTime:0.000495s ]
INFO: [ view_parse ] --START--
INFO: [ template_filter ] --START--
INFO: Run Behavior\ContentReplaceBehavior [ RunTime:0.000100s ]
INFO: [ template_filter ] --END-- [ RunTime:0.000139s ]
INFO: Run Behavior\ParseTemplateBehavior [ RunTime:0.007895s ]
INFO: [ view_parse ] --END-- [ RunTime:0.007959s ]
INFO: [ view_filter ] --START--
INFO: Run Behavior\WriteHtmlCacheBehavior [ RunTime:0.000235s ]
INFO: [ view_filter ] --END-- [ RunTime:0.000260s ]
INFO: [ app_end ] --START--
INFO: Run Behavior\ShowPageTraceBehavior [ RunTime:0.001242s ]
INFO: [ app_end ] --END-- [ RunTime:0.001279s ]

[ 2020-03-29T21:39:33+08:00 ] ::1 /NewRPJ/index.php/Admin/Introduce/introduce.html
INFO: [ app_init ] --START--
INFO: Run Behavior\BuildLiteBehavior [ RunTime:0.000011s ]
INFO: [ app_init ] --END-- [ RunTime:0.000373s ]
INFO: [ app_begin ] --START--
INFO: Run Behavior\ReadHtmlCacheBehavior [ RunTime:0.000546s ]
INFO: [ app_begin ] --END-- [ RunTime:0.000596s ]
INFO: [ view_parse ] --START--
INFO: [ template_filter ] --START--
INFO: Run Behavior\ContentReplaceBehavior [ RunTime:0.000030s ]
INFO: [ template_filter ] --END-- [ RunTime:0.000072s ]
INFO: Run Behavior\ParseTemplateBehavior [ RunTime:0.009578s ]
INFO: [ view_parse ] --END-- [ RunTime:0.009883s ]
INFO: [ view_filter ] --START--
INFO: Run Behavior\WriteHtmlCacheBehavior [ RunTime:0.000220s ]
INFO: [ view_filter ] --END-- [ RunTime:0.000243s ]
INFO: [ app_end ] --START--
INFO: Run Behavior\ShowPageTraceBehavior [ RunTime:0.000552s ]
INFO: [ app_end ] --END-- [ RunTime:0.000578s ]

[ 2020-03-29T21:39:35+08:00 ] ::1 /NewRPJ/index.php/Admin/prodatt/prodatt_list.html
INFO: [ app_init ] --START--
INFO: Run Behavior\BuildLiteBehavior [ RunTime:0.000012s ]
INFO: [ app_init ] --END-- [ RunTime:0.000459s ]
INFO: [ app_begin ] --START--
INFO: Run Behavior\ReadHtmlCacheBehavior [ RunTime:0.000483s ]
INFO: [ app_begin ] --END-- [ RunTime:0.000513s ]
SQL: SHOW COLUMNS FROM `rpj_prod_att` [ RunTime:0.0418s ]
SQL: SELECT * FROM `rpj_prod_att` INNER JOIN rpj_product ON rpj_product.product_id = rpj_prod_att.product_id   [ RunTime:0.0415s ]
INFO: [ view_parse ] --START--
INFO: [ template_filter ] --START--
INFO: Run Behavior\ContentReplaceBehavior [ RunTime:0.000063s ]
INFO: [ template_filter ] --END-- [ RunTime:0.000093s ]
NOTIC: [2] Use of undefined constant att_id - assumed 'att_id' (this will throw an Error in a future version of PHP) /Users/chikwongyip/rpj/NewRPJ/Application/Runtime/Cache/Admin/395a2e82d826ceeef2eba5e36dd95355.php 第 190 行.
INFO: Run Behavior\ParseTemplateBehavior [ RunTime:0.008409s ]
INFO: [ view_parse ] --END-- [ RunTime:0.008448s ]
INFO: [ view_filter ] --START--
INFO: Run Behavior\WriteHtmlCacheBehavior [ RunTime:0.000246s ]
INFO: [ view_filter ] --END-- [ RunTime:0.000273s ]
INFO: [ app_end ] --START--
INFO: Run Behavior\ShowPageTraceBehavior [ RunTime:0.000607s ]
INFO: [ app_end ] --END-- [ RunTime:0.000634s ]

[ 2020-03-29T21:39:37+08:00 ] ::1 /NewRPJ/index.php/Admin/productpic/productpic_list.html
INFO: [ app_init ] --START--
INFO: Run Behavior\BuildLiteBehavior [ RunTime:0.000037s ]
INFO: [ app_init ] --END-- [ RunTime:0.000375s ]
INFO: [ app_begin ] --START--
INFO: Run Behavior\ReadHtmlCacheBehavior [ RunTime:0.000461s ]
INFO: [ app_begin ] --END-- [ RunTime:0.000493s ]
SQL: select rpj_product_pic.pic_id,
                                                          rpj_product_pic.product_id,
                                                          rpj_product_pic.product_pic,
                                                          rpj_product.product_name
                                                  from rpj_product_pic
                                                  inner join rpj_product on rpj_product_pic.product_id = rpj_product.product_id [ RunTime:0.0430s ]
INFO: [ view_parse ] --START--
INFO: [ template_filter ] --START--
INFO: Run Behavior\ContentReplaceBehavior [ RunTime:0.000066s ]
INFO: [ template_filter ] --END-- [ RunTime:0.000101s ]
NOTIC: [2] Use of undefined constant pic_id - assumed 'pic_id' (this will throw an Error in a future version of PHP) /Users/chikwongyip/rpj/NewRPJ/Application/Runtime/Cache/Admin/159018613a3f0dacd2018373a8985092.php 第 188 行.
NOTIC: [2] Use of undefined constant pic_id - assumed 'pic_id' (this will throw an Error in a future version of PHP) /Users/chikwongyip/rpj/NewRPJ/Application/Runtime/Cache/Admin/159018613a3f0dacd2018373a8985092.php 第 188 行.
NOTIC: [2] Use of undefined constant pic_id - assumed 'pic_id' (this will throw an Error in a future version of PHP) /Users/chikwongyip/rpj/NewRPJ/Application/Runtime/Cache/Admin/159018613a3f0dacd2018373a8985092.php 第 188 行.
INFO: Run Behavior\ParseTemplateBehavior [ RunTime:0.007740s ]
INFO: [ view_parse ] --END-- [ RunTime:0.007769s ]
INFO: [ view_filter ] --START--
INFO: Run Behavior\WriteHtmlCacheBehavior [ RunTime:0.000216s ]
INFO: [ view_filter ] --END-- [ RunTime:0.000241s ]
INFO: [ app_end ] --START--
INFO: Run Behavior\ShowPageTraceBehavior [ RunTime:0.000586s ]
INFO: [ app_end ] --END-- [ RunTime:0.000615s ]

[ 2020-03-29T21:39:41+08:00 ] ::1 /NewRPJ/index.php/admin/productpic/productpic_add.html
INFO: [ app_init ] --START--
INFO: Run Behavior\BuildLiteBehavior [ RunTime:0.000020s ]
INFO: [ app_init ] --END-- [ RunTime:0.000444s ]
INFO: [ app_begin ] --START--
INFO: Run Behavior\ReadHtmlCacheBehavior [ RunTime:0.000511s ]
INFO: [ app_begin ] --END-- [ RunTime:0.000541s ]
SQL: SHOW COLUMNS FROM `rpj_product_pic` [ RunTime:0.0419s ]
SQL: SHOW COLUMNS FROM `rpj_product` [ RunTime:0.0420s ]
SQL: SELECT * FROM `rpj_product`  [ RunTime:0.0417s ]
INFO: [ view_parse ] --START--
INFO: [ template_filter ] --START--
INFO: Run Behavior\ContentReplaceBehavior [ RunTime:0.000098s ]
INFO: [ template_filter ] --END-- [ RunTime:0.000128s ]
INFO: Run Behavior\ParseTemplateBehavior [ RunTime:0.007656s ]
INFO: [ view_parse ] --END-- [ RunTime:0.007689s ]
INFO: [ view_filter ] --START--
INFO: Run Behavior\WriteHtmlCacheBehavior [ RunTime:0.000226s ]
INFO: [ view_filter ] --END-- [ RunTime:0.000250s ]
INFO: [ app_end ] --START--
INFO: Run Behavior\ShowPageTraceBehavior [ RunTime:0.000575s ]
INFO: [ app_end ] --END-- [ RunTime:0.000600s ]

[ 2020-03-29T21:39:52+08:00 ] ::1 /NewRPJ/index.php/admin/productpic/productpic_add.html
INFO: [ app_init ] --START--
INFO: Run Behavior\BuildLiteBehavior [ RunTime:0.000011s ]
INFO: [ app_init ] --END-- [ RunTime:0.000348s ]
INFO: [ app_begin ] --START--
INFO: Run Behavior\ReadHtmlCacheBehavior [ RunTime:0.000461s ]
INFO: [ app_begin ] --END-- [ RunTime:0.000490s ]
SQL: SHOW COLUMNS FROM `rpj_product_pic` [ RunTime:0.0441s ]
SQL: SHOW COLUMNS FROM `rpj_product` [ RunTime:0.0427s ]
SQL: SELECT * FROM `rpj_product`  [ RunTime:0.0443s ]
NOTIC: [2] call_user_func() expects parameter 1 to be a valid callback, no array or string given /Users/chikwongyip/rpj/NewRPJ/ThinkPHP/Library/Think/Upload.class.php 第 170 行.
NOTIC: [8] Undefined index: is_active /Users/chikwongyip/rpj/NewRPJ/Application/Admin/Controller/ProductpicController.class.php 第 31 行.
NOTIC: [8] Undefined index: savePath /Users/chikwongyip/rpj/NewRPJ/Application/Admin/Controller/ProductpicController.class.php 第 34 行.

[ 2020-03-29T21:42:59+08:00 ] ::1 /NewRPJ/index.php/admin/index/index
INFO: [ app_init ] --START--
INFO: Run Behavior\BuildLiteBehavior [ RunTime:0.000011s ]
INFO: [ app_init ] --END-- [ RunTime:0.000365s ]
INFO: [ app_begin ] --START--
INFO: Run Behavior\ReadHtmlCacheBehavior [ RunTime:0.000474s ]
INFO: [ app_begin ] --END-- [ RunTime:0.000504s ]
INFO: [ view_parse ] --START--
INFO: [ template_filter ] --START--
INFO: Run Behavior\ContentReplaceBehavior [ RunTime:0.000093s ]
INFO: [ template_filter ] --END-- [ RunTime:0.000121s ]
INFO: Run Behavior\ParseTemplateBehavior [ RunTime:0.006791s ]
INFO: [ view_parse ] --END-- [ RunTime:0.006821s ]
INFO: [ view_filter ] --START--
INFO: Run Behavior\WriteHtmlCacheBehavior [ RunTime:0.000219s ]
INFO: [ view_filter ] --END-- [ RunTime:0.000242s ]
INFO: [ app_end ] --START--
INFO: Run Behavior\ShowPageTraceBehavior [ RunTime:0.000572s ]
INFO: [ app_end ] --END-- [ RunTime:0.000602s ]

[ 2020-03-29T21:42:59+08:00 ] ::1 /NewRPJ/index.php/Admin/Introduce/introduce.html
INFO: [ app_init ] --START--
INFO: Run Behavior\BuildLiteBehavior [ RunTime:0.000013s ]
INFO: [ app_init ] --END-- [ RunTime:0.000372s ]
INFO: [ app_begin ] --START--
INFO: Run Behavior\ReadHtmlCacheBehavior [ RunTime:0.000663s ]
INFO: [ app_begin ] --END-- [ RunTime:0.000698s ]
INFO: [ view_parse ] --START--
INFO: [ template_filter ] --START--
INFO: Run Behavior\ContentReplaceBehavior [ RunTime:0.000033s ]
INFO: [ template_filter ] --END-- [ RunTime:0.000075s ]
INFO: Run Behavior\ParseTemplateBehavior [ RunTime:0.011932s ]
INFO: [ view_parse ] --END-- [ RunTime:0.011967s ]
INFO: [ view_filter ] --START--
INFO: Run Behavior\WriteHtmlCacheBehavior [ RunTime:0.000222s ]
INFO: [ view_filter ] --END-- [ RunTime:0.000247s ]
INFO: [ app_end ] --START--
INFO: Run Behavior\ShowPageTraceBehavior [ RunTime:0.000576s ]
INFO: [ app_end ] --END-- [ RunTime:0.000603s ]

[ 2020-03-29T21:43:01+08:00 ] ::1 /NewRPJ/index.php/Admin/productpic/productpic_list.html
INFO: [ app_init ] --START--
INFO: Run Behavior\BuildLiteBehavior [ RunTime:0.000011s ]
INFO: [ app_init ] --END-- [ RunTime:0.000344s ]
INFO: [ app_begin ] --START--
INFO: Run Behavior\ReadHtmlCacheBehavior [ RunTime:0.000460s ]
INFO: [ app_begin ] --END-- [ RunTime:0.000490s ]
SQL: select rpj_product_pic.pic_id,
                                                          rpj_product_pic.product_id,
                                                          rpj_product_pic.product_pic,
                                                          rpj_product.product_name
                                                  from rpj_product_pic
                                                  inner join rpj_product on rpj_product_pic.product_id = rpj_product.product_id [ RunTime:0.0418s ]
INFO: [ view_parse ] --START--
INFO: [ template_filter ] --START--
INFO: Run Behavior\ContentReplaceBehavior [ RunTime:0.000065s ]
INFO: [ template_filter ] --END-- [ RunTime:0.000096s ]
NOTIC: [2] Use of undefined constant pic_id - assumed 'pic_id' (this will throw an Error in a future version of PHP) /Users/chikwongyip/rpj/NewRPJ/Application/Runtime/Cache/Admin/159018613a3f0dacd2018373a8985092.php 第 188 行.
NOTIC: [2] Use of undefined constant pic_id - assumed 'pic_id' (this will throw an Error in a future version of PHP) /Users/chikwongyip/rpj/NewRPJ/Application/Runtime/Cache/Admin/159018613a3f0dacd2018373a8985092.php 第 188 行.
NOTIC: [2] Use of undefined constant pic_id - assumed 'pic_id' (this will throw an Error in a future version of PHP) /Users/chikwongyip/rpj/NewRPJ/Application/Runtime/Cache/Admin/159018613a3f0dacd2018373a8985092.php 第 188 行.
INFO: Run Behavior\ParseTemplateBehavior [ RunTime:0.007708s ]
INFO: [ view_parse ] --END-- [ RunTime:0.007737s ]
INFO: [ view_filter ] --START--
INFO: Run Behavior\WriteHtmlCacheBehavior [ RunTime:0.000215s ]
INFO: [ view_filter ] --END-- [ RunTime:0.000240s ]
INFO: [ app_end ] --START--
INFO: Run Behavior\ShowPageTraceBehavior [ RunTime:0.000594s ]
INFO: [ app_end ] --END-- [ RunTime:0.000623s ]

[ 2020-03-29T21:43:03+08:00 ] ::1 /NewRPJ/index.php/admin/productpic/productpic_add.html
INFO: [ app_init ] --START--
INFO: Run Behavior\BuildLiteBehavior [ RunTime:0.000012s ]
INFO: [ app_init ] --END-- [ RunTime:0.000343s ]
INFO: [ app_begin ] --START--
INFO: Run Behavior\ReadHtmlCacheBehavior [ RunTime:0.000504s ]
INFO: [ app_begin ] --END-- [ RunTime:0.000537s ]
SQL: SHOW COLUMNS FROM `rpj_product_pic` [ RunTime:0.0426s ]
SQL: SHOW COLUMNS FROM `rpj_product` [ RunTime:0.0425s ]
SQL: SELECT * FROM `rpj_product`  [ RunTime:0.0421s ]
INFO: [ view_parse ] --START--
INFO: [ template_filter ] --START--
INFO: Run Behavior\ContentReplaceBehavior [ RunTime:0.000059s ]
INFO: [ template_filter ] --END-- [ RunTime:0.000088s ]
INFO: Run Behavior\ParseTemplateBehavior [ RunTime:0.006753s ]
INFO: [ view_parse ] --END-- [ RunTime:0.006784s ]
INFO: [ view_filter ] --START--
INFO: Run Behavior\WriteHtmlCacheBehavior [ RunTime:0.000207s ]
INFO: [ view_filter ] --END-- [ RunTime:0.000231s ]
INFO: [ app_end ] --START--
INFO: Run Behavior\ShowPageTraceBehavior [ RunTime:0.000557s ]
INFO: [ app_end ] --END-- [ RunTime:0.000582s ]

[ 2020-03-29T21:43:09+08:00 ] ::1 /NewRPJ/index.php/admin/productpic/productpic_add.html
INFO: [ app_init ] --START--
INFO: Run Behavior\BuildLiteBehavior [ RunTime:0.000017s ]
INFO: [ app_init ] --END-- [ RunTime:0.000418s ]
INFO: [ app_begin ] --START--
INFO: Run Behavior\ReadHtmlCacheBehavior [ RunTime:0.000507s ]
INFO: [ app_begin ] --END-- [ RunTime:0.000539s ]
SQL: SHOW COLUMNS FROM `rpj_product_pic` [ RunTime:0.0423s ]
SQL: SHOW COLUMNS FROM `rpj_product` [ RunTime:0.0421s ]
SQL: SELECT * FROM `rpj_product`  [ RunTime:0.0421s ]
NOTIC: [2] call_user_func() expects parameter 1 to be a valid callback, no array or string given /Users/chikwongyip/rpj/NewRPJ/ThinkPHP/Library/Think/Upload.class.php 第 170 行.
NOTIC: [8] Undefined index: is_active /Users/chikwongyip/rpj/NewRPJ/Application/Admin/Controller/ProductpicController.class.php 第 31 行.
NOTIC: [8] Undefined index: savePath /Users/chikwongyip/rpj/NewRPJ/Application/Admin/Controller/ProductpicController.class.php 第 34 行.
ERR: 不存在的图像文件

[ 2020-03-29T21:43:46+08:00 ] ::1 /NewRPJ/index.php/admin/index/index
INFO: [ app_init ] --START--
INFO: Run Behavior\BuildLiteBehavior [ RunTime:0.000011s ]
INFO: [ app_init ] --END-- [ RunTime:0.000356s ]
INFO: [ app_begin ] --START--
INFO: Run Behavior\ReadHtmlCacheBehavior [ RunTime:0.000459s ]
INFO: [ app_begin ] --END-- [ RunTime:0.000491s ]
INFO: [ view_parse ] --START--
INFO: [ template_filter ] --START--
INFO: Run Behavior\ContentReplaceBehavior [ RunTime:0.000094s ]
INFO: [ template_filter ] --END-- [ RunTime:0.000123s ]
INFO: Run Behavior\ParseTemplateBehavior [ RunTime:0.006858s ]
INFO: [ view_parse ] --END-- [ RunTime:0.006889s ]
INFO: [ view_filter ] --START--
INFO: Run Behavior\WriteHtmlCacheBehavior [ RunTime:0.000224s ]
INFO: [ view_filter ] --END-- [ RunTime:0.000248s ]
INFO: [ app_end ] --START--
INFO: Run Behavior\ShowPageTraceBehavior [ RunTime:0.000650s ]
INFO: [ app_end ] --END-- [ RunTime:0.000684s ]

[ 2020-03-29T21:43:46+08:00 ] ::1 /NewRPJ/index.php/Admin/Introduce/introduce.html
INFO: [ app_init ] --START--
INFO: Run Behavior\BuildLiteBehavior [ RunTime:0.000014s ]
INFO: [ app_init ] --END-- [ RunTime:0.001559s ]
INFO: [ app_begin ] --START--
INFO: Run Behavior\ReadHtmlCacheBehavior [ RunTime:0.000511s ]
INFO: [ app_begin ] --END-- [ RunTime:0.000540s ]
INFO: [ view_parse ] --START--
INFO: [ template_filter ] --START--
INFO: Run Behavior\ContentReplaceBehavior [ RunTime:0.000032s ]
INFO: [ template_filter ] --END-- [ RunTime:0.000092s ]
INFO: Run Behavior\ParseTemplateBehavior [ RunTime:0.017621s ]
INFO: [ view_parse ] --END-- [ RunTime:0.017660s ]
INFO: [ view_filter ] --START--
INFO: Run Behavior\WriteHtmlCacheBehavior [ RunTime:0.000240s ]
INFO: [ view_filter ] --END-- [ RunTime:0.000265s ]
INFO: [ app_end ] --START--
INFO: Run Behavior\ShowPageTraceBehavior [ RunTime:0.000572s ]
INFO: [ app_end ] --END-- [ RunTime:0.000599s ]

[ 2020-03-29T21:43:48+08:00 ] ::1 /NewRPJ/index.php/Admin/productpic/productpic_list.html
INFO: [ app_init ] --START--
INFO: Run Behavior\BuildLiteBehavior [ RunTime:0.000012s ]
INFO: [ app_init ] --END-- [ RunTime:0.000344s ]
INFO: [ app_begin ] --START--
INFO: Run Behavior\ReadHtmlCacheBehavior [ RunTime:0.000476s ]
INFO: [ app_begin ] --END-- [ RunTime:0.000505s ]
SQL: select rpj_product_pic.pic_id,
                                                          rpj_product_pic.product_id,
                                                          rpj_product_pic.product_pic,
                                                          rpj_product.product_name
                                                  from rpj_product_pic
                                                  inner join rpj_product on rpj_product_pic.product_id = rpj_product.product_id [ RunTime:0.0423s ]
INFO: [ view_parse ] --START--
INFO: [ template_filter ] --START--
INFO: Run Behavior\ContentReplaceBehavior [ RunTime:0.000065s ]
INFO: [ template_filter ] --END-- [ RunTime:0.000097s ]
NOTIC: [2] Use of undefined constant pic_id - assumed 'pic_id' (this will throw an Error in a future version of PHP) /Users/chikwongyip/rpj/NewRPJ/Application/Runtime/Cache/Admin/159018613a3f0dacd2018373a8985092.php 第 188 行.
NOTIC: [2] Use of undefined constant pic_id - assumed 'pic_id' (this will throw an Error in a future version of PHP) /Users/chikwongyip/rpj/NewRPJ/Application/Runtime/Cache/Admin/159018613a3f0dacd2018373a8985092.php 第 188 行.
NOTIC: [2] Use of undefined constant pic_id - assumed 'pic_id' (this will throw an Error in a future version of PHP) /Users/chikwongyip/rpj/NewRPJ/Application/Runtime/Cache/Admin/159018613a3f0dacd2018373a8985092.php 第 188 行.
INFO: Run Behavior\ParseTemplateBehavior [ RunTime:0.007831s ]
INFO: [ view_parse ] --END-- [ RunTime:0.007864s ]
INFO: [ view_filter ] --START--
INFO: Run Behavior\WriteHtmlCacheBehavior [ RunTime:0.000226s ]
INFO: [ view_filter ] --END-- [ RunTime:0.000253s ]
INFO: [ app_end ] --START--
INFO: Run Behavior\ShowPageTraceBehavior [ RunTime:0.000595s ]
INFO: [ app_end ] --END-- [ RunTime:0.000624s ]

[ 2020-03-29T21:43:50+08:00 ] ::1 /NewRPJ/index.php/admin/productpic/productpic_add.html
INFO: [ app_init ] --START--
INFO: Run Behavior\BuildLiteBehavior [ RunTime:0.000012s ]
INFO: [ app_init ] --END-- [ RunTime:0.000371s ]
INFO: [ app_begin ] --START--
INFO: Run Behavior\ReadHtmlCacheBehavior [ RunTime:0.000524s ]
INFO: [ app_begin ] --END-- [ RunTime:0.000559s ]
SQL: SHOW COLUMNS FROM `rpj_product_pic` [ RunTime:0.0439s ]
SQL: SHOW COLUMNS FROM `rpj_product` [ RunTime:0.0413s ]
SQL: SELECT * FROM `rpj_product`  [ RunTime:0.0410s ]
INFO: [ view_parse ] --START--
INFO: [ template_filter ] --START--
INFO: Run Behavior\ContentReplaceBehavior [ RunTime:0.000057s ]
INFO: [ template_filter ] --END-- [ RunTime:0.000085s ]
INFO: Run Behavior\ParseTemplateBehavior [ RunTime:0.006719s ]
INFO: [ view_parse ] --END-- [ RunTime:0.006749s ]
INFO: [ view_filter ] --START--
INFO: Run Behavior\WriteHtmlCacheBehavior [ RunTime:0.000203s ]
INFO: [ view_filter ] --END-- [ RunTime:0.000227s ]
INFO: [ app_end ] --START--
INFO: Run Behavior\ShowPageTraceBehavior [ RunTime:0.000572s ]
INFO: [ app_end ] --END-- [ RunTime:0.000597s ]

[ 2020-03-29T21:43:59+08:00 ] ::1 /NewRPJ/index.php/admin/productpic/productpic_add.html
INFO: [ app_init ] --START--
INFO: Run Behavior\BuildLiteBehavior [ RunTime:0.000019s ]
INFO: [ app_init ] --END-- [ RunTime:0.000422s ]
INFO: [ app_begin ] --START--
INFO: Run Behavior\ReadHtmlCacheBehavior [ RunTime:0.000488s ]
INFO: [ app_begin ] --END-- [ RunTime:0.000519s ]
SQL: SHOW COLUMNS FROM `rpj_product_pic` [ RunTime:0.0424s ]
SQL: SHOW COLUMNS FROM `rpj_product` [ RunTime:0.0439s ]
SQL: SELECT * FROM `rpj_product`  [ RunTime:0.0424s ]
NOTIC: [2] call_user_func() expects parameter 1 to be a valid callback, no array or string given /Users/chikwongyip/rpj/NewRPJ/ThinkPHP/Library/Think/Upload.class.php 第 170 行.
NOTIC: [8] Undefined index: is_active /Users/chikwongyip/rpj/NewRPJ/Application/Admin/Controller/ProductpicController.class.php 第 31 行.
NOTIC: [8] Undefined index: savePath /Users/chikwongyip/rpj/NewRPJ/Application/Admin/Controller/ProductpicController.class.php 第 34 行.
ERR: 不存在的图像文件

[ 2020-03-29T21:48:09+08:00 ] ::1 /NewRPJ/index.php/admin/index/index
INFO: [ app_init ] --START--
INFO: Run Behavior\BuildLiteBehavior [ RunTime:0.000020s ]
INFO: [ app_init ] --END-- [ RunTime:0.000442s ]
INFO: [ app_begin ] --START--
INFO: Run Behavior\ReadHtmlCacheBehavior [ RunTime:0.000535s ]
INFO: [ app_begin ] --END-- [ RunTime:0.000569s ]
INFO: [ view_parse ] --START--
INFO: [ template_filter ] --START--
INFO: Run Behavior\ContentReplaceBehavior [ RunTime:0.000129s ]
INFO: [ template_filter ] --END-- [ RunTime:0.000168s ]
INFO: Run Behavior\ParseTemplateBehavior [ RunTime:0.009208s ]
INFO: [ view_parse ] --END-- [ RunTime:0.009242s ]
INFO: [ view_filter ] --START--
INFO: Run Behavior\WriteHtmlCacheBehavior [ RunTime:0.000268s ]
INFO: [ view_filter ] --END-- [ RunTime:0.000294s ]
INFO: [ app_end ] --START--
INFO: Run Behavior\ShowPageTraceBehavior [ RunTime:0.000677s ]
INFO: [ app_end ] --END-- [ RunTime:0.000706s ]

[ 2020-03-29T21:48:09+08:00 ] ::1 /NewRPJ/index.php/Admin/Introduce/introduce.html
INFO: [ app_init ] --START--
INFO: Run Behavior\BuildLiteBehavior [ RunTime:0.000013s ]
INFO: [ app_init ] --END-- [ RunTime:0.000357s ]
INFO: [ app_begin ] --START--
INFO: Run Behavior\ReadHtmlCacheBehavior [ RunTime:0.000494s ]
INFO: [ app_begin ] --END-- [ RunTime:0.000523s ]
INFO: [ view_parse ] --START--
INFO: [ template_filter ] --START--
INFO: Run Behavior\ContentReplaceBehavior [ RunTime:0.000037s ]
INFO: [ template_filter ] --END-- [ RunTime:0.000091s ]
INFO: Run Behavior\ParseTemplateBehavior [ RunTime:0.040727s ]
INFO: [ view_parse ] --END-- [ RunTime:0.040780s ]
INFO: [ view_filter ] --START--
INFO: Run Behavior\WriteHtmlCacheBehavior [ RunTime:0.004391s ]
INFO: [ view_filter ] --END-- [ RunTime:0.004494s ]
INFO: [ app_end ] --START--
INFO: Run Behavior\ShowPageTraceBehavior [ RunTime:0.000670s ]
INFO: [ app_end ] --END-- [ RunTime:0.000735s ]

[ 2020-03-29T21:48:11+08:00 ] ::1 /NewRPJ/index.php/Admin/productpic/productpic_list.html
INFO: [ app_init ] --START--
INFO: Run Behavior\BuildLiteBehavior [ RunTime:0.000012s ]
INFO: [ app_init ] --END-- [ RunTime:0.000423s ]
INFO: [ app_begin ] --START--
INFO: Run Behavior\ReadHtmlCacheBehavior [ RunTime:0.000493s ]
INFO: [ app_begin ] --END-- [ RunTime:0.000523s ]
SQL: select rpj_product_pic.pic_id,
                                                          rpj_product_pic.product_id,
                                                          rpj_product_pic.product_pic,
                                                          rpj_product.product_name
                                                  from rpj_product_pic
                                                  inner join rpj_product on rpj_product_pic.product_id = rpj_product.product_id [ RunTime:0.0419s ]
INFO: [ view_parse ] --START--
INFO: [ template_filter ] --START--
INFO: Run Behavior\ContentReplaceBehavior [ RunTime:0.000064s ]
INFO: [ template_filter ] --END-- [ RunTime:0.000092s ]
NOTIC: [2] Use of undefined constant pic_id - assumed 'pic_id' (this will throw an Error in a future version of PHP) /Users/chikwongyip/rpj/NewRPJ/Application/Runtime/Cache/Admin/159018613a3f0dacd2018373a8985092.php 第 188 行.
NOTIC: [2] Use of undefined constant pic_id - assumed 'pic_id' (this will throw an Error in a future version of PHP) /Users/chikwongyip/rpj/NewRPJ/Application/Runtime/Cache/Admin/159018613a3f0dacd2018373a8985092.php 第 188 行.
NOTIC: [2] Use of undefined constant pic_id - assumed 'pic_id' (this will throw an Error in a future version of PHP) /Users/chikwongyip/rpj/NewRPJ/Application/Runtime/Cache/Admin/159018613a3f0dacd2018373a8985092.php 第 188 行.
INFO: Run Behavior\ParseTemplateBehavior [ RunTime:0.007534s ]
INFO: [ view_parse ] --END-- [ RunTime:0.007561s ]
INFO: [ view_filter ] --START--
INFO: Run Behavior\WriteHtmlCacheBehavior [ RunTime:0.000209s ]
INFO: [ view_filter ] --END-- [ RunTime:0.000235s ]
INFO: [ app_end ] --START--
INFO: Run Behavior\ShowPageTraceBehavior [ RunTime:0.000736s ]
INFO: [ app_end ] --END-- [ RunTime:0.000766s ]

[ 2020-03-29T21:48:13+08:00 ] ::1 /NewRPJ/index.php/admin/productpic/productpic_add.html
INFO: [ app_init ] --START--
INFO: Run Behavior\BuildLiteBehavior [ RunTime:0.000012s ]
INFO: [ app_init ] --END-- [ RunTime:0.000345s ]
INFO: [ app_begin ] --START--
INFO: Run Behavior\ReadHtmlCacheBehavior [ RunTime:0.000513s ]
INFO: [ app_begin ] --END-- [ RunTime:0.000546s ]
SQL: SHOW COLUMNS FROM `rpj_product_pic` [ RunTime:0.0422s ]
SQL: SHOW COLUMNS FROM `rpj_product` [ RunTime:0.0423s ]
SQL: SELECT * FROM `rpj_product`  [ RunTime:0.0418s ]
INFO: [ view_parse ] --START--
INFO: [ template_filter ] --START--
INFO: Run Behavior\ContentReplaceBehavior [ RunTime:0.000059s ]
INFO: [ template_filter ] --END-- [ RunTime:0.000092s ]
INFO: Run Behavior\ParseTemplateBehavior [ RunTime:0.006876s ]
INFO: [ view_parse ] --END-- [ RunTime:0.006907s ]
INFO: [ view_filter ] --START--
INFO: Run Behavior\WriteHtmlCacheBehavior [ RunTime:0.000209s ]
INFO: [ view_filter ] --END-- [ RunTime:0.000233s ]
INFO: [ app_end ] --START--
INFO: Run Behavior\ShowPageTraceBehavior [ RunTime:0.000572s ]
INFO: [ app_end ] --END-- [ RunTime:0.000597s ]

[ 2020-03-29T21:48:19+08:00 ] ::1 /NewRPJ/index.php/admin/productpic/productpic_add.html
INFO: [ app_init ] --START--
INFO: Run Behavior\BuildLiteBehavior [ RunTime:0.000010s ]
INFO: [ app_init ] --END-- [ RunTime:0.000341s ]
INFO: [ app_begin ] --START--
INFO: Run Behavior\ReadHtmlCacheBehavior [ RunTime:0.000454s ]
INFO: [ app_begin ] --END-- [ RunTime:0.000484s ]
SQL: SHOW COLUMNS FROM `rpj_product_pic` [ RunTime:0.0432s ]
SQL: SHOW COLUMNS FROM `rpj_product` [ RunTime:0.0430s ]
SQL: SELECT * FROM `rpj_product`  [ RunTime:0.0426s ]
NOTIC: [2] call_user_func() expects parameter 1 to be a valid callback, no array or string given /Users/chikwongyip/rpj/NewRPJ/ThinkPHP/Library/Think/Upload.class.php 第 170 行.
NOTIC: [8] Undefined index: is_active /Users/chikwongyip/rpj/NewRPJ/Application/Admin/Controller/ProductpicController.class.php 第 31 行.
NOTIC: [8] Undefined index: savePath /Users/chikwongyip/rpj/NewRPJ/Application/Admin/Controller/ProductpicController.class.php 第 34 行.

[ 2020-03-29T21:50:01+08:00 ] ::1 /NewRPJ/index.php/admin/index/index
INFO: [ app_init ] --START--
INFO: Run Behavior\BuildLiteBehavior [ RunTime:0.000012s ]
INFO: [ app_init ] --END-- [ RunTime:0.000385s ]
INFO: [ app_begin ] --START--
INFO: Run Behavior\ReadHtmlCacheBehavior [ RunTime:0.000490s ]
INFO: [ app_begin ] --END-- [ RunTime:0.000520s ]
INFO: [ view_parse ] --START--
INFO: [ template_filter ] --START--
INFO: Run Behavior\ContentReplaceBehavior [ RunTime:0.000094s ]
INFO: [ template_filter ] --END-- [ RunTime:0.000122s ]
INFO: Run Behavior\ParseTemplateBehavior [ RunTime:0.006904s ]
INFO: [ view_parse ] --END-- [ RunTime:0.006932s ]
INFO: [ view_filter ] --START--
INFO: Run Behavior\WriteHtmlCacheBehavior [ RunTime:0.000235s ]
INFO: [ view_filter ] --END-- [ RunTime:0.000259s ]
INFO: [ app_end ] --START--
INFO: Run Behavior\ShowPageTraceBehavior [ RunTime:0.000580s ]
INFO: [ app_end ] --END-- [ RunTime:0.000609s ]

[ 2020-03-29T21:50:01+08:00 ] ::1 /NewRPJ/index.php/Admin/Introduce/introduce.html
INFO: [ app_init ] --START--
INFO: Run Behavior\BuildLiteBehavior [ RunTime:0.000013s ]
INFO: [ app_init ] --END-- [ RunTime:0.000391s ]
INFO: [ app_begin ] --START--
INFO: Run Behavior\ReadHtmlCacheBehavior [ RunTime:0.000505s ]
INFO: [ app_begin ] --END-- [ RunTime:0.000535s ]
INFO: [ view_parse ] --START--
INFO: [ template_filter ] --START--
INFO: Run Behavior\ContentReplaceBehavior [ RunTime:0.000032s ]
INFO: [ template_filter ] --END-- [ RunTime:0.000066s ]
INFO: Run Behavior\ParseTemplateBehavior [ RunTime:0.005293s ]
INFO: [ view_parse ] --END-- [ RunTime:0.005330s ]
INFO: [ view_filter ] --START--
INFO: Run Behavior\WriteHtmlCacheBehavior [ RunTime:0.000309s ]
INFO: [ view_filter ] --END-- [ RunTime:0.000336s ]
INFO: [ app_end ] --START--
INFO: Run Behavior\ShowPageTraceBehavior [ RunTime:0.000585s ]
INFO: [ app_end ] --END-- [ RunTime:0.000611s ]

[ 2020-03-29T21:50:09+08:00 ] ::1 /NewRPJ/index.php/admin/index/index
INFO: [ app_init ] --START--
INFO: Run Behavior\BuildLiteBehavior [ RunTime:0.000012s ]
INFO: [ app_init ] --END-- [ RunTime:0.000358s ]
INFO: [ app_begin ] --START--
INFO: Run Behavior\ReadHtmlCacheBehavior [ RunTime:0.000485s ]
INFO: [ app_begin ] --END-- [ RunTime:0.000516s ]
INFO: [ view_parse ] --START--
INFO: [ template_filter ] --START--
INFO: Run Behavior\ContentReplaceBehavior [ RunTime:0.000097s ]
INFO: [ template_filter ] --END-- [ RunTime:0.000132s ]
INFO: Run Behavior\ParseTemplateBehavior [ RunTime:0.007778s ]
INFO: [ view_parse ] --END-- [ RunTime:0.007806s ]
INFO: [ view_filter ] --START--
INFO: Run Behavior\WriteHtmlCacheBehavior [ RunTime:0.000239s ]
INFO: [ view_filter ] --END-- [ RunTime:0.000263s ]
INFO: [ app_end ] --START--
INFO: Run Behavior\ShowPageTraceBehavior [ RunTime:0.001371s ]
INFO: [ app_end ] --END-- [ RunTime:0.001430s ]

[ 2020-03-29T21:50:09+08:00 ] ::1 /NewRPJ/index.php/Admin/Introduce/introduce.html
INFO: [ app_init ] --START--
INFO: Run Behavior\BuildLiteBehavior [ RunTime:0.000017s ]
INFO: [ app_init ] --END-- [ RunTime:0.012060s ]
INFO: [ app_begin ] --START--
INFO: Run Behavior\ReadHtmlCacheBehavior [ RunTime:0.000548s ]
INFO: [ app_begin ] --END-- [ RunTime:0.000584s ]
INFO: [ view_parse ] --START--
INFO: [ template_filter ] --START--
INFO: Run Behavior\ContentReplaceBehavior [ RunTime:0.000028s ]
INFO: [ template_filter ] --END-- [ RunTime:0.000062s ]
INFO: Run Behavior\ParseTemplateBehavior [ RunTime:0.005525s ]
INFO: [ view_parse ] --END-- [ RunTime:0.005560s ]
INFO: [ view_filter ] --START--
INFO: Run Behavior\WriteHtmlCacheBehavior [ RunTime:0.000226s ]
INFO: [ view_filter ] --END-- [ RunTime:0.000252s ]
INFO: [ app_end ] --START--
INFO: Run Behavior\ShowPageTraceBehavior [ RunTime:0.000557s ]
INFO: [ app_end ] --END-- [ RunTime:0.000583s ]

[ 2020-03-29T21:50:10+08:00 ] ::1 /NewRPJ/index.php/Admin/productpic/productpic_list.html
INFO: [ app_init ] --START--
INFO: Run Behavior\BuildLiteBehavior [ RunTime:0.000013s ]
INFO: [ app_init ] --END-- [ RunTime:0.000741s ]
INFO: [ app_begin ] --START--
INFO: Run Behavior\ReadHtmlCacheBehavior [ RunTime:0.000501s ]
INFO: [ app_begin ] --END-- [ RunTime:0.000533s ]
SQL: select rpj_product_pic.pic_id,
                                                          rpj_product_pic.product_id,
                                                          rpj_product_pic.product_pic,
                                                          rpj_product.product_name
                                                  from rpj_product_pic
                                                  inner join rpj_product on rpj_product_pic.product_id = rpj_product.product_id [ RunTime:0.0425s ]
INFO: [ view_parse ] --START--
INFO: [ template_filter ] --START--
INFO: Run Behavior\ContentReplaceBehavior [ RunTime:0.000068s ]
INFO: [ template_filter ] --END-- [ RunTime:0.000105s ]
NOTIC: [2] Use of undefined constant pic_id - assumed 'pic_id' (this will throw an Error in a future version of PHP) /Users/chikwongyip/rpj/NewRPJ/Application/Runtime/Cache/Admin/159018613a3f0dacd2018373a8985092.php 第 188 行.
NOTIC: [2] Use of undefined constant pic_id - assumed 'pic_id' (this will throw an Error in a future version of PHP) /Users/chikwongyip/rpj/NewRPJ/Application/Runtime/Cache/Admin/159018613a3f0dacd2018373a8985092.php 第 188 行.
NOTIC: [2] Use of undefined constant pic_id - assumed 'pic_id' (this will throw an Error in a future version of PHP) /Users/chikwongyip/rpj/NewRPJ/Application/Runtime/Cache/Admin/159018613a3f0dacd2018373a8985092.php 第 188 行.
INFO: Run Behavior\ParseTemplateBehavior [ RunTime:0.008072s ]
INFO: [ view_parse ] --END-- [ RunTime:0.008104s ]
INFO: [ view_filter ] --START--
INFO: Run Behavior\WriteHtmlCacheBehavior [ RunTime:0.000225s ]
INFO: [ view_filter ] --END-- [ RunTime:0.000251s ]
INFO: [ app_end ] --START--
INFO: Run Behavior\ShowPageTraceBehavior [ RunTime:0.000648s ]
INFO: [ app_end ] --END-- [ RunTime:0.000681s ]

[ 2020-03-29T21:50:13+08:00 ] ::1 /NewRPJ/index.php/admin/productpic/productpic_add.html
INFO: [ app_init ] --START--
INFO: Run Behavior\BuildLiteBehavior [ RunTime:0.000012s ]
INFO: [ app_init ] --END-- [ RunTime:0.000370s ]
INFO: [ app_begin ] --START--
INFO: Run Behavior\ReadHtmlCacheBehavior [ RunTime:0.000475s ]
INFO: [ app_begin ] --END-- [ RunTime:0.000505s ]
SQL: SHOW COLUMNS FROM `rpj_product_pic` [ RunTime:0.0434s ]
SQL: SHOW COLUMNS FROM `rpj_product` [ RunTime:0.0410s ]
SQL: SELECT * FROM `rpj_product`  [ RunTime:0.0411s ]
INFO: [ view_parse ] --START--
INFO: [ template_filter ] --START--
INFO: Run Behavior\ContentReplaceBehavior [ RunTime:0.000060s ]
INFO: [ template_filter ] --END-- [ RunTime:0.000093s ]
INFO: Run Behavior\ParseTemplateBehavior [ RunTime:0.007086s ]
INFO: [ view_parse ] --END-- [ RunTime:0.007118s ]
INFO: [ view_filter ] --START--
INFO: Run Behavior\WriteHtmlCacheBehavior [ RunTime:0.000230s ]
INFO: [ view_filter ] --END-- [ RunTime:0.000255s ]
INFO: [ app_end ] --START--
INFO: Run Behavior\ShowPageTraceBehavior [ RunTime:0.000584s ]
INFO: [ app_end ] --END-- [ RunTime:0.000608s ]

[ 2020-03-29T21:50:20+08:00 ] ::1 /NewRPJ/index.php/admin/productpic/productpic_add.html
INFO: [ app_init ] --START--
INFO: Run Behavior\BuildLiteBehavior [ RunTime:0.000009s ]
INFO: [ app_init ] --END-- [ RunTime:0.000344s ]
INFO: [ app_begin ] --START--
INFO: Run Behavior\ReadHtmlCacheBehavior [ RunTime:0.000458s ]
INFO: [ app_begin ] --END-- [ RunTime:0.000489s ]
SQL: SHOW COLUMNS FROM `rpj_product_pic` [ RunTime:0.0445s ]
SQL: SHOW COLUMNS FROM `rpj_product` [ RunTime:0.0444s ]
SQL: SELECT * FROM `rpj_product`  [ RunTime:0.0445s ]
NOTIC: [2] call_user_func() expects parameter 1 to be a valid callback, no array or string given /Users/chikwongyip/rpj/NewRPJ/ThinkPHP/Library/Think/Upload.class.php 第 170 行.
NOTIC: [8] Undefined index: is_active /Users/chikwongyip/rpj/NewRPJ/Application/Admin/Controller/ProductpicController.class.php 第 31 行.
SQL: INSERT INTO `rpj_product_pic` (`product_id`,`product_pic`,`product_thumb`) VALUES ('2','/Upload/2020-03-29/5e80a79c404d4.jpg','/Upload/thumb/5e80a79c404d4.jpg') [ RunTime:0.0445s ]
INFO: [ view_parse ] --START--
INFO: [ template_filter ] --START--
INFO: Run Behavior\ContentReplaceBehavior [ RunTime:0.000057s ]
INFO: [ template_filter ] --END-- [ RunTime:0.000086s ]
INFO: Run Behavior\ParseTemplateBehavior [ RunTime:0.007018s ]
INFO: [ view_parse ] --END-- [ RunTime:0.007049s ]
INFO: [ view_filter ] --START--
INFO: Run Behavior\WriteHtmlCacheBehavior [ RunTime:0.000247s ]
INFO: [ view_filter ] --END-- [ RunTime:0.000270s ]
INFO: [ app_end ] --START--
INFO: Run Behavior\ShowPageTraceBehavior [ RunTime:0.000575s ]
INFO: [ app_end ] --END-- [ RunTime:0.000601s ]

[ 2020-03-29T21:51:07+08:00 ] ::1 /NewRPJ/index.php/admin/productpic/productpic_list.html
INFO: [ app_init ] --START--
INFO: Run Behavior\BuildLiteBehavior [ RunTime:0.000012s ]
INFO: [ app_init ] --END-- [ RunTime:0.000366s ]
INFO: [ app_begin ] --START--
INFO: Run Behavior\ReadHtmlCacheBehavior [ RunTime:0.000541s ]
INFO: [ app_begin ] --END-- [ RunTime:0.000581s ]
SQL: select rpj_product_pic.pic_id,
                                                          rpj_product_pic.product_id,
                                                          rpj_product_pic.product_pic,
                                                          rpj_product.product_name
                                                  from rpj_product_pic
                                                  inner join rpj_product on rpj_product_pic.product_id = rpj_product.product_id [ RunTime:0.0430s ]
INFO: [ view_parse ] --START--
INFO: [ template_filter ] --START--
INFO: Run Behavior\ContentReplaceBehavior [ RunTime:0.000095s ]
INFO: [ template_filter ] --END-- [ RunTime:0.000127s ]
NOTIC: [2] Use of undefined constant pic_id - assumed 'pic_id' (this will throw an Error in a future version of PHP) /Users/chikwongyip/rpj/NewRPJ/Application/Runtime/Cache/Admin/159018613a3f0dacd2018373a8985092.php 第 188 行.
NOTIC: [2] Use of undefined constant pic_id - assumed 'pic_id' (this will throw an Error in a future version of PHP) /Users/chikwongyip/rpj/NewRPJ/Application/Runtime/Cache/Admin/159018613a3f0dacd2018373a8985092.php 第 188 行.
NOTIC: [2] Use of undefined constant pic_id - assumed 'pic_id' (this will throw an Error in a future version of PHP) /Users/chikwongyip/rpj/NewRPJ/Application/Runtime/Cache/Admin/159018613a3f0dacd2018373a8985092.php 第 188 行.
NOTIC: [2] Use of undefined constant pic_id - assumed 'pic_id' (this will throw an Error in a future version of PHP) /Users/chikwongyip/rpj/NewRPJ/Application/Runtime/Cache/Admin/159018613a3f0dacd2018373a8985092.php 第 188 行.
INFO: Run Behavior\ParseTemplateBehavior [ RunTime:0.008328s ]
INFO: [ view_parse ] --END-- [ RunTime:0.008356s ]
INFO: [ view_filter ] --START--
INFO: Run Behavior\WriteHtmlCacheBehavior [ RunTime:0.000226s ]
INFO: [ view_filter ] --END-- [ RunTime:0.000250s ]
INFO: [ app_end ] --START--
INFO: Run Behavior\ShowPageTraceBehavior [ RunTime:0.000603s ]
INFO: [ app_end ] --END-- [ RunTime:0.000632s ]

[ 2020-03-29T21:54:39+08:00 ] ::1 /NewRPJ/index.php/admin/productpic/productpic_del.html?pic_id=2
INFO: [ app_init ] --START--
INFO: Run Behavior\BuildLiteBehavior [ RunTime:0.000012s ]
INFO: [ app_init ] --END-- [ RunTime:0.000362s ]
INFO: [ app_begin ] --START--
INFO: Run Behavior\ReadHtmlCacheBehavior [ RunTime:0.000478s ]
INFO: [ app_begin ] --END-- [ RunTime:0.000508s ]
SQL: SHOW COLUMNS FROM `rpj_product_pic` [ RunTime:0.0428s ]
SQL: DELETE FROM `rpj_product_pic` WHERE `pic_id` = 2 [ RunTime:0.0423s ]
SQL: select rpj_product_pic.pic_id,
                                                          rpj_product_pic.product_id,
                                                          rpj_product_pic.product_pic,
                                                          rpj_product.product_name
                                                  from rpj_product_pic
                                                  inner join rpj_product on rpj_product_pic.product_id = rpj_product.product_id [ RunTime:0.0424s ]
INFO: [ view_parse ] --START--
INFO: [ template_filter ] --START--
INFO: Run Behavior\ContentReplaceBehavior [ RunTime:0.000066s ]
INFO: [ template_filter ] --END-- [ RunTime:0.000101s ]
NOTIC: [2] Use of undefined constant pic_id - assumed 'pic_id' (this will throw an Error in a future version of PHP) /Users/chikwongyip/rpj/NewRPJ/Application/Runtime/Cache/Admin/78a8f5cfa25ba43c642e01270c65c362.php 第 188 行.
NOTIC: [2] Use of undefined constant pic_id - assumed 'pic_id' (this will throw an Error in a future version of PHP) /Users/chikwongyip/rpj/NewRPJ/Application/Runtime/Cache/Admin/78a8f5cfa25ba43c642e01270c65c362.php 第 188 行.
NOTIC: [2] Use of undefined constant pic_id - assumed 'pic_id' (this will throw an Error in a future version of PHP) /Users/chikwongyip/rpj/NewRPJ/Application/Runtime/Cache/Admin/78a8f5cfa25ba43c642e01270c65c362.php 第 188 行.
INFO: Run Behavior\ParseTemplateBehavior [ RunTime:0.008517s ]
INFO: [ view_parse ] --END-- [ RunTime:0.008545s ]
INFO: [ view_filter ] --START--
INFO: Run Behavior\WriteHtmlCacheBehavior [ RunTime:0.000232s ]
INFO: [ view_filter ] --END-- [ RunTime:0.000257s ]
INFO: [ app_end ] --START--
INFO: Run Behavior\ShowPageTraceBehavior [ RunTime:0.001075s ]
INFO: [ app_end ] --END-- [ RunTime:0.001166s ]

[ 2020-03-29T21:54:41+08:00 ] ::1 /NewRPJ/index.php/admin/productpic/productpic_del.html?pic_id=3
INFO: [ app_init ] --START--
INFO: Run Behavior\BuildLiteBehavior [ RunTime:0.000011s ]
INFO: [ app_init ] --END-- [ RunTime:0.000337s ]
INFO: [ app_begin ] --START--
INFO: Run Behavior\ReadHtmlCacheBehavior [ RunTime:0.000454s ]
INFO: [ app_begin ] --END-- [ RunTime:0.000482s ]
SQL: SHOW COLUMNS FROM `rpj_product_pic` [ RunTime:0.0427s ]
SQL: DELETE FROM `rpj_product_pic` WHERE `pic_id` = 3 [ RunTime:0.0413s ]
SQL: select rpj_product_pic.pic_id,
                                                          rpj_product_pic.product_id,
                                                          rpj_product_pic.product_pic,
                                                          rpj_product.product_name
                                                  from rpj_product_pic
                                                  inner join rpj_product on rpj_product_pic.product_id = rpj_product.product_id [ RunTime:0.0425s ]
INFO: [ view_parse ] --START--
INFO: [ template_filter ] --START--
INFO: Run Behavior\ContentReplaceBehavior [ RunTime:0.000066s ]
INFO: [ template_filter ] --END-- [ RunTime:0.000105s ]
NOTIC: [2] Use of undefined constant pic_id - assumed 'pic_id' (this will throw an Error in a future version of PHP) /Users/chikwongyip/rpj/NewRPJ/Application/Runtime/Cache/Admin/78a8f5cfa25ba43c642e01270c65c362.php 第 188 行.
NOTIC: [2] Use of undefined constant pic_id - assumed 'pic_id' (this will throw an Error in a future version of PHP) /Users/chikwongyip/rpj/NewRPJ/Application/Runtime/Cache/Admin/78a8f5cfa25ba43c642e01270c65c362.php 第 188 行.
INFO: Run Behavior\ParseTemplateBehavior [ RunTime:0.007956s ]
INFO: [ view_parse ] --END-- [ RunTime:0.007983s ]
INFO: [ view_filter ] --START--
INFO: Run Behavior\WriteHtmlCacheBehavior [ RunTime:0.000217s ]
INFO: [ view_filter ] --END-- [ RunTime:0.000242s ]
INFO: [ app_end ] --START--
INFO: Run Behavior\ShowPageTraceBehavior [ RunTime:0.000638s ]
INFO: [ app_end ] --END-- [ RunTime:0.000672s ]

[ 2020-03-29T21:54:43+08:00 ] ::1 /NewRPJ/index.php/admin/productpic/productpic_del.html?pic_id=4
INFO: [ app_init ] --START--
INFO: Run Behavior\BuildLiteBehavior [ RunTime:0.000013s ]
INFO: [ app_init ] --END-- [ RunTime:0.000444s ]
INFO: [ app_begin ] --START--
INFO: Run Behavior\ReadHtmlCacheBehavior [ RunTime:0.000468s ]
INFO: [ app_begin ] --END-- [ RunTime:0.000498s ]
SQL: SHOW COLUMNS FROM `rpj_product_pic` [ RunTime:0.0412s ]
SQL: DELETE FROM `rpj_product_pic` WHERE `pic_id` = 4 [ RunTime:0.0415s ]
SQL: select rpj_product_pic.pic_id,
                                                          rpj_product_pic.product_id,
                                                          rpj_product_pic.product_pic,
                                                          rpj_product.product_name
                                                  from rpj_product_pic
                                                  inner join rpj_product on rpj_product_pic.product_id = rpj_product.product_id [ RunTime:0.0417s ]
INFO: [ view_parse ] --START--
INFO: [ template_filter ] --START--
INFO: Run Behavior\ContentReplaceBehavior [ RunTime:0.000066s ]
INFO: [ template_filter ] --END-- [ RunTime:0.000103s ]
NOTIC: [2] Use of undefined constant pic_id - assumed 'pic_id' (this will throw an Error in a future version of PHP) /Users/chikwongyip/rpj/NewRPJ/Application/Runtime/Cache/Admin/78a8f5cfa25ba43c642e01270c65c362.php 第 188 行.
INFO: Run Behavior\ParseTemplateBehavior [ RunTime:0.008140s ]
INFO: [ view_parse ] --END-- [ RunTime:0.008175s ]
INFO: [ view_filter ] --START--
INFO: Run Behavior\WriteHtmlCacheBehavior [ RunTime:0.000249s ]
INFO: [ view_filter ] --END-- [ RunTime:0.000275s ]
INFO: [ app_end ] --START--
INFO: Run Behavior\ShowPageTraceBehavior [ RunTime:0.000563s ]
INFO: [ app_end ] --END-- [ RunTime:0.000590s ]

[ 2020-03-29T21:54:45+08:00 ] ::1 /NewRPJ/index.php/admin/productpic/productpic_del.html?pic_id=5
INFO: [ app_init ] --START--
INFO: Run Behavior\BuildLiteBehavior [ RunTime:0.000014s ]
INFO: [ app_init ] --END-- [ RunTime:0.001110s ]
INFO: [ app_begin ] --START--
INFO: Run Behavior\ReadHtmlCacheBehavior [ RunTime:0.000724s ]
INFO: [ app_begin ] --END-- [ RunTime:0.000997s ]
SQL: SHOW COLUMNS FROM `rpj_product_pic` [ RunTime:0.0421s ]
SQL: DELETE FROM `rpj_product_pic` WHERE `pic_id` = 5 [ RunTime:0.0414s ]
SQL: select rpj_product_pic.pic_id,
                                                          rpj_product_pic.product_id,
                                                          rpj_product_pic.product_pic,
                                                          rpj_product.product_name
                                                  from rpj_product_pic
                                                  inner join rpj_product on rpj_product_pic.product_id = rpj_product.product_id [ RunTime:0.0416s ]
INFO: [ view_parse ] --START--
INFO: [ template_filter ] --START--
INFO: Run Behavior\ContentReplaceBehavior [ RunTime:0.000064s ]
INFO: [ template_filter ] --END-- [ RunTime:0.000093s ]
INFO: Run Behavior\ParseTemplateBehavior [ RunTime:0.006884s ]
INFO: [ view_parse ] --END-- [ RunTime:0.006913s ]
INFO: [ view_filter ] --START--
INFO: Run Behavior\WriteHtmlCacheBehavior [ RunTime:0.000201s ]
INFO: [ view_filter ] --END-- [ RunTime:0.000225s ]
INFO: [ app_end ] --START--
INFO: Run Behavior\ShowPageTraceBehavior [ RunTime:0.000527s ]
INFO: [ app_end ] --END-- [ RunTime:0.000552s ]

[ 2020-03-29T21:54:51+08:00 ] ::1 /NewRPJ/index.php/admin/productpic/productpic_add.html
INFO: [ app_init ] --START--
INFO: Run Behavior\BuildLiteBehavior [ RunTime:0.000012s ]
INFO: [ app_init ] --END-- [ RunTime:0.000410s ]
INFO: [ app_begin ] --START--
INFO: Run Behavior\ReadHtmlCacheBehavior [ RunTime:0.000487s ]
INFO: [ app_begin ] --END-- [ RunTime:0.000517s ]
SQL: SHOW COLUMNS FROM `rpj_product_pic` [ RunTime:0.0415s ]
SQL: SHOW COLUMNS FROM `rpj_product` [ RunTime:0.0402s ]
SQL: SELECT * FROM `rpj_product`  [ RunTime:0.0410s ]
INFO: [ view_parse ] --START--
INFO: [ template_filter ] --START--
INFO: Run Behavior\ContentReplaceBehavior [ RunTime:0.000057s ]
INFO: [ template_filter ] --END-- [ RunTime:0.000086s ]
INFO: Run Behavior\ParseTemplateBehavior [ RunTime:0.006529s ]
INFO: [ view_parse ] --END-- [ RunTime:0.006560s ]
INFO: [ view_filter ] --START--
INFO: Run Behavior\WriteHtmlCacheBehavior [ RunTime:0.000203s ]
INFO: [ view_filter ] --END-- [ RunTime:0.000227s ]
INFO: [ app_end ] --START--
INFO: Run Behavior\ShowPageTraceBehavior [ RunTime:0.000518s ]
INFO: [ app_end ] --END-- [ RunTime:0.000542s ]

[ 2020-03-29T21:55:34+08:00 ] ::1 /NewRPJ/index.php/admin/productpic/productpic_add.html
INFO: [ app_init ] --START--
INFO: Run Behavior\BuildLiteBehavior [ RunTime:0.000010s ]
INFO: [ app_init ] --END-- [ RunTime:0.000351s ]
INFO: [ app_begin ] --START--
INFO: Run Behavior\ReadHtmlCacheBehavior [ RunTime:0.000468s ]
INFO: [ app_begin ] --END-- [ RunTime:0.000499s ]
SQL: SHOW COLUMNS FROM `rpj_product_pic` [ RunTime:0.0423s ]
SQL: SHOW COLUMNS FROM `rpj_product` [ RunTime:0.0423s ]
SQL: SELECT * FROM `rpj_product`  [ RunTime:0.0421s ]
NOTIC: [2] call_user_func() expects parameter 1 to be a valid callback, no array or string given /Users/chikwongyip/rpj/NewRPJ/ThinkPHP/Library/Think/Upload.class.php 第 170 行.
SQL: INSERT INTO `rpj_product_pic` (`product_id`,`product_pic`,`is_active`,`product_thumb`) VALUES ('2','/Upload/2020-03-29/5e80a8d5e15b3.jpg','X','/Upload/thumb/thumb_5e80a8d5e15b3.jpg') [ RunTime:0.0423s ]
INFO: [ view_parse ] --START--
INFO: [ template_filter ] --START--
INFO: Run Behavior\ContentReplaceBehavior [ RunTime:0.000059s ]
INFO: [ template_filter ] --END-- [ RunTime:0.000086s ]
INFO: Run Behavior\ParseTemplateBehavior [ RunTime:0.007001s ]
INFO: [ view_parse ] --END-- [ RunTime:0.007032s ]
INFO: [ view_filter ] --START--
INFO: Run Behavior\WriteHtmlCacheBehavior [ RunTime:0.000255s ]
INFO: [ view_filter ] --END-- [ RunTime:0.000278s ]
INFO: [ app_end ] --START--
INFO: Run Behavior\ShowPageTraceBehavior [ RunTime:0.000591s ]
INFO: [ app_end ] --END-- [ RunTime:0.000616s ]

[ 2020-03-29T21:55:42+08:00 ] ::1 /NewRPJ/index.php/admin/productpic/productpic_add.html
INFO: [ app_init ] --START--
INFO: Run Behavior\BuildLiteBehavior [ RunTime:0.000010s ]
INFO: [ app_init ] --END-- [ RunTime:0.000348s ]
INFO: [ app_begin ] --START--
INFO: Run Behavior\ReadHtmlCacheBehavior [ RunTime:0.000453s ]
INFO: [ app_begin ] --END-- [ RunTime:0.000483s ]
SQL: SHOW COLUMNS FROM `rpj_product_pic` [ RunTime:0.0419s ]
SQL: SHOW COLUMNS FROM `rpj_product` [ RunTime:0.0421s ]
SQL: SELECT * FROM `rpj_product`  [ RunTime:0.0421s ]
NOTIC: [2] call_user_func() expects parameter 1 to be a valid callback, no array or string given /Users/chikwongyip/rpj/NewRPJ/ThinkPHP/Library/Think/Upload.class.php 第 170 行.
NOTIC: [8] Undefined index: is_active /Users/chikwongyip/rpj/NewRPJ/Application/Admin/Controller/ProductpicController.class.php 第 31 行.
SQL: INSERT INTO `rpj_product_pic` (`product_id`,`product_pic`,`product_thumb`) VALUES ('2','/Upload/2020-03-29/5e80a8de12fab.jpg','/Upload/thumb/thumb_5e80a8de12fab.jpg') [ RunTime:0.0428s ]
INFO: [ view_parse ] --START--
INFO: [ template_filter ] --START--
INFO: Run Behavior\ContentReplaceBehavior [ RunTime:0.000060s ]
INFO: [ template_filter ] --END-- [ RunTime:0.000093s ]
INFO: Run Behavior\ParseTemplateBehavior [ RunTime:0.007385s ]
INFO: [ view_parse ] --END-- [ RunTime:0.007417s ]
INFO: [ view_filter ] --START--
INFO: Run Behavior\WriteHtmlCacheBehavior [ RunTime:0.000286s ]
INFO: [ view_filter ] --END-- [ RunTime:0.000311s ]
INFO: [ app_end ] --START--
INFO: Run Behavior\ShowPageTraceBehavior [ RunTime:0.000587s ]
INFO: [ app_end ] --END-- [ RunTime:0.000614s ]

[ 2020-03-29T21:55:48+08:00 ] ::1 /NewRPJ/index.php/admin/productpic/productpic_add.html
INFO: [ app_init ] --START--
INFO: Run Behavior\BuildLiteBehavior [ RunTime:0.000011s ]
INFO: [ app_init ] --END-- [ RunTime:0.000351s ]
INFO: [ app_begin ] --START--
INFO: Run Behavior\ReadHtmlCacheBehavior [ RunTime:0.000459s ]
INFO: [ app_begin ] --END-- [ RunTime:0.000490s ]
SQL: SHOW COLUMNS FROM `rpj_product_pic` [ RunTime:0.0417s ]
SQL: SHOW COLUMNS FROM `rpj_product` [ RunTime:0.0416s ]
SQL: SELECT * FROM `rpj_product`  [ RunTime:0.0417s ]
NOTIC: [2] call_user_func() expects parameter 1 to be a valid callback, no array or string given /Users/chikwongyip/rpj/NewRPJ/ThinkPHP/Library/Think/Upload.class.php 第 170 行.
NOTIC: [8] Undefined index: is_active /Users/chikwongyip/rpj/NewRPJ/Application/Admin/Controller/ProductpicController.class.php 第 31 行.
SQL: INSERT INTO `rpj_product_pic` (`product_id`,`product_pic`,`product_thumb`) VALUES ('2','/Upload/2020-03-29/5e80a8e42c059.jpg','/Upload/thumb/thumb_5e80a8e42c059.jpg') [ RunTime:0.0419s ]
INFO: [ view_parse ] --START--
INFO: [ template_filter ] --START--
INFO: Run Behavior\ContentReplaceBehavior [ RunTime:0.000059s ]
INFO: [ template_filter ] --END-- [ RunTime:0.000093s ]
INFO: Run Behavior\ParseTemplateBehavior [ RunTime:0.008600s ]
INFO: [ view_parse ] --END-- [ RunTime:0.008638s ]
INFO: [ view_filter ] --START--
INFO: Run Behavior\WriteHtmlCacheBehavior [ RunTime:0.000283s ]
INFO: [ view_filter ] --END-- [ RunTime:0.000307s ]
INFO: [ app_end ] --START--
INFO: Run Behavior\ShowPageTraceBehavior [ RunTime:0.002467s ]
INFO: [ app_end ] --END-- [ RunTime:0.002508s ]

[ 2020-03-29T21:55:53+08:00 ] ::1 /NewRPJ/index.php/admin/productpic/productpic_add.html
INFO: [ app_init ] --START--
INFO: Run Behavior\BuildLiteBehavior [ RunTime:0.000010s ]
INFO: [ app_init ] --END-- [ RunTime:0.000340s ]
INFO: [ app_begin ] --START--
INFO: Run Behavior\ReadHtmlCacheBehavior [ RunTime:0.000456s ]
INFO: [ app_begin ] --END-- [ RunTime:0.000486s ]
SQL: SHOW COLUMNS FROM `rpj_product_pic` [ RunTime:0.0417s ]
SQL: SHOW COLUMNS FROM `rpj_product` [ RunTime:0.0418s ]
SQL: SELECT * FROM `rpj_product`  [ RunTime:0.0416s ]
NOTIC: [2] call_user_func() expects parameter 1 to be a valid callback, no array or string given /Users/chikwongyip/rpj/NewRPJ/ThinkPHP/Library/Think/Upload.class.php 第 170 行.
NOTIC: [8] Undefined index: is_active /Users/chikwongyip/rpj/NewRPJ/Application/Admin/Controller/ProductpicController.class.php 第 31 行.
SQL: INSERT INTO `rpj_product_pic` (`product_id`,`product_pic`,`product_thumb`) VALUES ('2','/Upload/2020-03-29/5e80a8e97a63e.jpg','/Upload/thumb/thumb_5e80a8e97a63e.jpg') [ RunTime:0.0422s ]
INFO: [ view_parse ] --START--
INFO: [ template_filter ] --START--
INFO: Run Behavior\ContentReplaceBehavior [ RunTime:0.000060s ]
INFO: [ template_filter ] --END-- [ RunTime:0.000093s ]
INFO: Run Behavior\ParseTemplateBehavior [ RunTime:0.007172s ]
INFO: [ view_parse ] --END-- [ RunTime:0.007206s ]
INFO: [ view_filter ] --START--
INFO: Run Behavior\WriteHtmlCacheBehavior [ RunTime:0.000229s ]
INFO: [ view_filter ] --END-- [ RunTime:0.000252s ]
INFO: [ app_end ] --START--
INFO: Run Behavior\ShowPageTraceBehavior [ RunTime:0.000554s ]
INFO: [ app_end ] --END-- [ RunTime:0.000580s ]

[ 2020-03-29T21:55:55+08:00 ] ::1 /NewRPJ/index.php/admin/productpic/productpic_list.html
INFO: [ app_init ] --START--
INFO: Run Behavior\BuildLiteBehavior [ RunTime:0.000013s ]
INFO: [ app_init ] --END-- [ RunTime:0.000387s ]
INFO: [ app_begin ] --START--
INFO: Run Behavior\ReadHtmlCacheBehavior [ RunTime:0.000483s ]
INFO: [ app_begin ] --END-- [ RunTime:0.000512s ]
SQL: select rpj_product_pic.pic_id,
                                                          rpj_product_pic.product_id,
                                                          rpj_product_pic.product_pic,
                                                          rpj_product.product_name
                                                  from rpj_product_pic
                                                  inner join rpj_product on rpj_product_pic.product_id = rpj_product.product_id [ RunTime:0.0417s ]
INFO: [ view_parse ] --START--
INFO: [ template_filter ] --START--
INFO: Run Behavior\ContentReplaceBehavior [ RunTime:0.000067s ]
INFO: [ template_filter ] --END-- [ RunTime:0.000101s ]
NOTIC: [2] Use of undefined constant pic_id - assumed 'pic_id' (this will throw an Error in a future version of PHP) /Users/chikwongyip/rpj/NewRPJ/Application/Runtime/Cache/Admin/159018613a3f0dacd2018373a8985092.php 第 188 行.
NOTIC: [2] Use of undefined constant pic_id - assumed 'pic_id' (this will throw an Error in a future version of PHP) /Users/chikwongyip/rpj/NewRPJ/Application/Runtime/Cache/Admin/159018613a3f0dacd2018373a8985092.php 第 188 行.
NOTIC: [2] Use of undefined constant pic_id - assumed 'pic_id' (this will throw an Error in a future version of PHP) /Users/chikwongyip/rpj/NewRPJ/Application/Runtime/Cache/Admin/159018613a3f0dacd2018373a8985092.php 第 188 行.
NOTIC: [2] Use of undefined constant pic_id - assumed 'pic_id' (this will throw an Error in a future version of PHP) /Users/chikwongyip/rpj/NewRPJ/Application/Runtime/Cache/Admin/159018613a3f0dacd2018373a8985092.php 第 188 行.
INFO: Run Behavior\ParseTemplateBehavior [ RunTime:0.007184s ]
INFO: [ view_parse ] --END-- [ RunTime:0.007212s ]
INFO: [ view_filter ] --START--
INFO: Run Behavior\WriteHtmlCacheBehavior [ RunTime:0.000213s ]
INFO: [ view_filter ] --END-- [ RunTime:0.000236s ]
INFO: [ app_end ] --START--
INFO: Run Behavior\ShowPageTraceBehavior [ RunTime:0.000538s ]
INFO: [ app_end ] --END-- [ RunTime:0.000566s ]

