[ 2021-04-15T21:21:31+08:00 ] ::1 /NewRPJ/index.php/admin/login/login.html
INFO: [ app_init ] --START--
INFO: Run Behavior\BuildLiteBehavior [ RunTime:0.000009s ]
INFO: [ app_init ] --END-- [ RunTime:0.000372s ]
INFO: [ app_begin ] --START--
INFO: Run Behavior\ReadHtmlCacheBehavior [ RunTime:0.000332s ]
INFO: [ app_begin ] --END-- [ RunTime:0.000350s ]
INFO: [ view_parse ] --START--
INFO: [ template_filter ] --START--
INFO: Run Behavior\ContentReplaceBehavior [ RunTime:0.000040s ]
INFO: [ template_filter ] --END-- [ RunTime:0.000058s ]
INFO: Run Behavior\ParseTemplateBehavior [ RunTime:0.004805s ]
INFO: [ view_parse ] --END-- [ RunTime:0.004820s ]
INFO: [ view_filter ] --START--
INFO: Run Behavior\WriteHtmlCacheBehavior [ RunTime:0.000105s ]
INFO: [ view_filter ] --END-- [ RunTime:0.000114s ]
INFO: [ app_end ] --START--
INFO: Run Behavior\ShowPageTraceBehavior [ RunTime:0.000320s ]
INFO: [ app_end ] --END-- [ RunTime:0.000330s ]

[ 2021-04-15T21:21:36+08:00 ] ::1 /NewRPJ/index.php/admin/login/login.html
INFO: [ app_init ] --START--
INFO: Run Behavior\BuildLiteBehavior [ RunTime:0.000008s ]
INFO: [ app_init ] --END-- [ RunTime:0.000212s ]
INFO: [ app_begin ] --START--
INFO: Run Behavior\ReadHtmlCacheBehavior [ RunTime:0.000252s ]
INFO: [ app_begin ] --END-- [ RunTime:0.000264s ]
SQL: SHOW COLUMNS FROM `rpj_user` [ RunTime:0.0429s ]
SQL: SELECT * FROM `rpj_user` WHERE `username` = 'ADMIN' LIMIT 1   [ RunTime:0.0423s ]
INFO: [ view_parse ] --START--
INFO: [ template_filter ] --START--
INFO: Run Behavior\ContentReplaceBehavior [ RunTime:0.000132s ]
INFO: [ template_filter ] --END-- [ RunTime:0.000227s ]
INFO: Run Behavior\ParseTemplateBehavior [ RunTime:0.010580s ]
INFO: [ view_parse ] --END-- [ RunTime:0.010627s ]
INFO: [ view_filter ] --START--
INFO: Run Behavior\WriteHtmlCacheBehavior [ RunTime:0.000223s ]
INFO: [ view_filter ] --END-- [ RunTime:0.000240s ]
INFO: [ view_parse ] --START--
INFO: [ template_filter ] --START--
INFO: Run Behavior\ContentReplaceBehavior [ RunTime:0.000023s ]
INFO: [ template_filter ] --END-- [ RunTime:-0.003770s ]
INFO: Run Behavior\ParseTemplateBehavior [ RunTime:0.001441s ]
INFO: [ view_parse ] --END-- [ RunTime:-0.000667s ]
INFO: [ view_filter ] --START--
INFO: Run Behavior\WriteHtmlCacheBehavior [ RunTime:0.000004s ]
INFO: [ view_filter ] --END-- [ RunTime:-0.001881s ]
NOTIC: [2] Cannot modify header information - headers already sent by (output started at /Users/chikwongyip/Code/php/NewRPJ/ThinkPHP/Library/Think/View.class.php:95) /Users/chikwongyip/Code/php/NewRPJ/ThinkPHP/Library/Think/View.class.php 第 91 行.
NOTIC: [2] Cannot modify header information - headers already sent by (output started at /Users/chikwongyip/Code/php/NewRPJ/ThinkPHP/Library/Think/View.class.php:95) /Users/chikwongyip/Code/php/NewRPJ/ThinkPHP/Library/Think/View.class.php 第 92 行.
NOTIC: [2] Cannot modify header information - headers already sent by (output started at /Users/chikwongyip/Code/php/NewRPJ/ThinkPHP/Library/Think/View.class.php:95) /Users/chikwongyip/Code/php/NewRPJ/ThinkPHP/Library/Think/View.class.php 第 93 行.
INFO: [ app_end ] --START--
INFO: Run Behavior\ShowPageTraceBehavior [ RunTime:0.000437s ]
INFO: [ app_end ] --END-- [ RunTime:0.000450s ]

[ 2021-04-15T21:21:37+08:00 ] ::1 /NewRPJ/index.php/Admin/Index/index
INFO: [ app_init ] --START--
INFO: Run Behavior\BuildLiteBehavior [ RunTime:0.000008s ]
INFO: [ app_init ] --END-- [ RunTime:0.000192s ]
INFO: [ app_begin ] --START--
INFO: Run Behavior\ReadHtmlCacheBehavior [ RunTime:0.000234s ]
INFO: [ app_begin ] --END-- [ RunTime:0.000246s ]
INFO: [ view_parse ] --START--
INFO: [ template_filter ] --START--
INFO: Run Behavior\ContentReplaceBehavior [ RunTime:0.000074s ]
INFO: [ template_filter ] --END-- [ RunTime:0.000094s ]
INFO: Run Behavior\ParseTemplateBehavior [ RunTime:0.005380s ]
INFO: [ view_parse ] --END-- [ RunTime:0.005394s ]
INFO: [ view_filter ] --START--
INFO: Run Behavior\WriteHtmlCacheBehavior [ RunTime:0.000116s ]
INFO: [ view_filter ] --END-- [ RunTime:0.000125s ]
INFO: [ app_end ] --START--
INFO: Run Behavior\ShowPageTraceBehavior [ RunTime:0.000425s ]
INFO: [ app_end ] --END-- [ RunTime:0.000440s ]

[ 2021-04-15T21:21:37+08:00 ] ::1 /NewRPJ/index.php/Admin/Introduce/introduce.html
INFO: [ app_init ] --START--
INFO: Run Behavior\BuildLiteBehavior [ RunTime:0.000008s ]
INFO: [ app_init ] --END-- [ RunTime:0.000204s ]
INFO: [ app_begin ] --START--
INFO: Run Behavior\ReadHtmlCacheBehavior [ RunTime:0.000398s ]
INFO: [ app_begin ] --END-- [ RunTime:0.000415s ]
INFO: [ view_parse ] --START--
INFO: [ template_filter ] --START--
INFO: Run Behavior\ContentReplaceBehavior [ RunTime:0.000023s ]
INFO: [ template_filter ] --END-- [ RunTime:0.000049s ]
INFO: Run Behavior\ParseTemplateBehavior [ RunTime:0.006468s ]
INFO: [ view_parse ] --END-- [ RunTime:0.006494s ]
INFO: [ view_filter ] --START--
INFO: Run Behavior\WriteHtmlCacheBehavior [ RunTime:0.000118s ]
INFO: [ view_filter ] --END-- [ RunTime:0.000129s ]
INFO: [ app_end ] --START--
INFO: Run Behavior\ShowPageTraceBehavior [ RunTime:0.000324s ]
INFO: [ app_end ] --END-- [ RunTime:0.000337s ]

[ 2021-04-15T21:21:41+08:00 ] ::1 /NewRPJ/index.php/Admin/product/product_list.html
INFO: [ app_init ] --START--
INFO: Run Behavior\BuildLiteBehavior [ RunTime:0.000007s ]
INFO: [ app_init ] --END-- [ RunTime:0.000232s ]
INFO: [ app_begin ] --START--
INFO: Run Behavior\ReadHtmlCacheBehavior [ RunTime:0.000608s ]
INFO: [ app_begin ] --END-- [ RunTime:0.000625s ]
SQL: select * from rpj_product
                                  inner join rpj_procategory on rpj_product.category_id = rpj_procategory.category_id
                                  inner join rpj_brand       on rpj_product.brand_id    = rpj_brand.brand_id [ RunTime:0.0432s ]
INFO: [ view_parse ] --START--
INFO: [ template_filter ] --START--
INFO: Run Behavior\ContentReplaceBehavior [ RunTime:0.000063s ]
INFO: [ template_filter ] --END-- [ RunTime:0.000098s ]
NOTIC: [2] Use of undefined constant product_id - assumed 'product_id' (this will throw an Error in a future version of PHP) /Users/chikwongyip/Code/php/NewRPJ/Application/Runtime/Cache/Admin/527ac73b321bc66eb5b723d07450871f.php 第 207 行.
INFO: Run Behavior\ParseTemplateBehavior [ RunTime:0.008543s ]
INFO: [ view_parse ] --END-- [ RunTime:0.008565s ]
INFO: [ view_filter ] --START--
INFO: Run Behavior\WriteHtmlCacheBehavior [ RunTime:0.000143s ]
INFO: [ view_filter ] --END-- [ RunTime:0.000155s ]
INFO: [ app_end ] --START--
INFO: Run Behavior\ShowPageTraceBehavior [ RunTime:0.000433s ]
INFO: [ app_end ] --END-- [ RunTime:0.000446s ]

[ 2021-04-15T21:21:50+08:00 ] ::1 /NewRPJ/index.php/admin/product/product_edit/product_id/6.html
INFO: [ app_init ] --START--
INFO: Run Behavior\BuildLiteBehavior [ RunTime:0.000009s ]
INFO: [ app_init ] --END-- [ RunTime:0.000224s ]
INFO: [ app_begin ] --START--
INFO: Run Behavior\ReadHtmlCacheBehavior [ RunTime:0.000245s ]
INFO: [ app_begin ] --END-- [ RunTime:0.000257s ]
SQL: select * from rpj_product
                                                 inner join rpj_procategory on rpj_product.category_id = rpj_procategory.category_id
                                                 inner join rpj_brand on       rpj_product.brand_id    = rpj_brand.brand_id
                                                 where rpj_product.product_id = 6 [ RunTime:0.0435s ]
INFO: [ view_parse ] --START--
INFO: [ template_filter ] --START--
INFO: Run Behavior\ContentReplaceBehavior [ RunTime:0.000084s ]
INFO: [ template_filter ] --END-- [ RunTime:0.000113s ]
INFO: Run Behavior\ParseTemplateBehavior [ RunTime:0.007996s ]
INFO: [ view_parse ] --END-- [ RunTime:0.008020s ]
INFO: [ view_filter ] --START--
INFO: Run Behavior\WriteHtmlCacheBehavior [ RunTime:0.000153s ]
INFO: [ view_filter ] --END-- [ RunTime:0.000165s ]
INFO: [ app_end ] --START--
INFO: Run Behavior\ShowPageTraceBehavior [ RunTime:0.000439s ]
INFO: [ app_end ] --END-- [ RunTime:0.000453s ]

[ 2021-04-15T21:22:01+08:00 ] ::1 /NewRPJ/index.php/admin/product/product_submit.html
INFO: [ app_init ] --START--
INFO: Run Behavior\BuildLiteBehavior [ RunTime:0.000008s ]
INFO: [ app_init ] --END-- [ RunTime:0.000270s ]
INFO: [ app_begin ] --START--
INFO: Run Behavior\ReadHtmlCacheBehavior [ RunTime:0.000254s ]
INFO: [ app_begin ] --END-- [ RunTime:0.000267s ]
SQL: SHOW COLUMNS FROM `rpj_product` [ RunTime:0.0424s ]
SQL: SELECT * FROM `rpj_product` WHERE `product_id` = 6 LIMIT 1   [ RunTime:0.0423s ]
NOTIC: [2] call_user_func() expects parameter 1 to be a valid callback, no array or string given /Users/chikwongyip/Code/php/NewRPJ/ThinkPHP/Library/Think/Upload.class.php 第 170 行.
SQL: UPDATE `rpj_product` SET `brand_id`='17',`category_id`='9',`product_name`='Endosafe',`product_desc`=' Endosafe ? nexgen-PTSTM是一种快捷、方便的手持式分光光度计，它利 用一次性卡片进行准确、便捷、实时的内毒素检测。与第一代 Endosafe ? -PTSTM的相同之处在于使用符合美国药典细菌内毒素检查法要 求的检测方法，我们为其赋予了当今技术的先进特性，以满足您对减少样品 准备时间、简化数据输入、减少差异性与增强管理控制的需求。 nexgen-PTSTM灵活轻便，与上一代产品一样可用于常规质量控制实验室以 及样品采集现场。该系统的便携性及出其快速的结果获取能力加强了检测规 划并加快药物开发进程。
 1. 8GB的内存与可扩展的外部USB存储
 2. 1D / 2D条形码扫描器(选购)可避免手动输入样品信息，从而加快实验操作速度
 3. nexgen-PTSTM采用预校准一次性Endosafe?-PTSTM卡片进行动态显色试验，测定与样品内毒素浓度直接相关的颜色强 度。
超大彩色液晶触摸屏延续了您熟悉的实验室电子设备一贯的直观风格，发光 屏幕和易于识别的菜单图标使您能够连贯导览整个系统，便于您快速、便捷 地完成各检测步骤。',`product_pic`='/Upload/2021-04-15/60783df9c40c5.jpeg',`product_standard`=' 1.8GB的内存与可扩展的外部USB存储',`product_model`=' nexgen-PTS',`product_video`='   ',`product_logo`='/Upload/2021-04-14/6076f389c7c88.png',`top`='X',`product_pic300`=NULL WHERE `product_id` = 6 [ RunTime:0.0427s ]
INFO: [ view_parse ] --START--
INFO: [ template_filter ] --START--
INFO: Run Behavior\ContentReplaceBehavior [ RunTime:0.000071s ]
INFO: [ template_filter ] --END-- [ RunTime:0.000095s ]
NOTIC: [8] Undefined variable: product /Users/chikwongyip/Code/php/NewRPJ/Application/Runtime/Cache/Admin/aea838662f09cb93b114cf1490ba6adc.php 第 140 行.
NOTIC: [8] Undefined variable: product /Users/chikwongyip/Code/php/NewRPJ/Application/Runtime/Cache/Admin/aea838662f09cb93b114cf1490ba6adc.php 第 155 行.
NOTIC: [8] Undefined variable: product /Users/chikwongyip/Code/php/NewRPJ/Application/Runtime/Cache/Admin/aea838662f09cb93b114cf1490ba6adc.php 第 156 行.
NOTIC: [8] Undefined variable: product /Users/chikwongyip/Code/php/NewRPJ/Application/Runtime/Cache/Admin/aea838662f09cb93b114cf1490ba6adc.php 第 162 行.
NOTIC: [8] Undefined variable: product /Users/chikwongyip/Code/php/NewRPJ/Application/Runtime/Cache/Admin/aea838662f09cb93b114cf1490ba6adc.php 第 168 行.
NOTIC: [8] Undefined variable: product /Users/chikwongyip/Code/php/NewRPJ/Application/Runtime/Cache/Admin/aea838662f09cb93b114cf1490ba6adc.php 第 174 行.
NOTIC: [8] Undefined variable: product /Users/chikwongyip/Code/php/NewRPJ/Application/Runtime/Cache/Admin/aea838662f09cb93b114cf1490ba6adc.php 第 180 行.
NOTIC: [8] Undefined variable: product /Users/chikwongyip/Code/php/NewRPJ/Application/Runtime/Cache/Admin/aea838662f09cb93b114cf1490ba6adc.php 第 200 行.
INFO: Run Behavior\ParseTemplateBehavior [ RunTime:0.006965s ]
INFO: [ view_parse ] --END-- [ RunTime:0.006987s ]
INFO: [ view_filter ] --START--
INFO: Run Behavior\WriteHtmlCacheBehavior [ RunTime:0.000111s ]
INFO: [ view_filter ] --END-- [ RunTime:0.000120s ]
INFO: [ app_end ] --START--
INFO: Run Behavior\ShowPageTraceBehavior [ RunTime:0.000352s ]
INFO: [ app_end ] --END-- [ RunTime:0.000362s ]

[ 2021-04-15T21:22:04+08:00 ] ::1 /NewRPJ/index.php/admin/product/product_list.html
INFO: [ app_init ] --START--
INFO: Run Behavior\BuildLiteBehavior [ RunTime:0.000011s ]
INFO: [ app_init ] --END-- [ RunTime:0.000319s ]
INFO: [ app_begin ] --START--
INFO: Run Behavior\ReadHtmlCacheBehavior [ RunTime:0.000626s ]
INFO: [ app_begin ] --END-- [ RunTime:0.000651s ]
SQL: select * from rpj_product
                                  inner join rpj_procategory on rpj_product.category_id = rpj_procategory.category_id
                                  inner join rpj_brand       on rpj_product.brand_id    = rpj_brand.brand_id [ RunTime:0.0418s ]
INFO: [ view_parse ] --START--
INFO: [ template_filter ] --START--
INFO: Run Behavior\ContentReplaceBehavior [ RunTime:0.000048s ]
INFO: [ template_filter ] --END-- [ RunTime:0.000069s ]
NOTIC: [2] Use of undefined constant product_id - assumed 'product_id' (this will throw an Error in a future version of PHP) /Users/chikwongyip/Code/php/NewRPJ/Application/Runtime/Cache/Admin/527ac73b321bc66eb5b723d07450871f.php 第 207 行.
INFO: Run Behavior\ParseTemplateBehavior [ RunTime:0.005829s ]
INFO: [ view_parse ] --END-- [ RunTime:0.005846s ]
INFO: [ view_filter ] --START--
INFO: Run Behavior\WriteHtmlCacheBehavior [ RunTime:0.000113s ]
INFO: [ view_filter ] --END-- [ RunTime:0.000123s ]
INFO: [ app_end ] --START--
INFO: Run Behavior\ShowPageTraceBehavior [ RunTime:0.000438s ]
INFO: [ app_end ] --END-- [ RunTime:0.000455s ]

