[ 2021-04-07T21:25:12+08:00 ] ::1 /NewRPJ/index.php/admin/index/index
INFO: [ app_init ] --START--
INFO: Run Behavior\BuildLiteBehavior [ RunTime:0.000006s ]
INFO: [ app_init ] --END-- [ RunTime:0.000188s ]
INFO: [ app_begin ] --START--
INFO: Run Behavior\ReadHtmlCacheBehavior [ RunTime:0.000282s ]
INFO: [ app_begin ] --END-- [ RunTime:0.000299s ]
INFO: [ view_parse ] --START--
INFO: [ template_filter ] --START--
INFO: Run Behavior\ContentReplaceBehavior [ RunTime:0.000089s ]
INFO: [ template_filter ] --END-- [ RunTime:0.000120s ]
INFO: Run Behavior\ParseTemplateBehavior [ RunTime:0.005369s ]
INFO: [ view_parse ] --END-- [ RunTime:0.005382s ]
INFO: [ view_filter ] --START--
INFO: Run Behavior\WriteHtmlCacheBehavior [ RunTime:0.000115s ]
INFO: [ view_filter ] --END-- [ RunTime:0.000124s ]
INFO: [ app_end ] --START--
INFO: Run Behavior\ShowPageTraceBehavior [ RunTime:0.000332s ]
INFO: [ app_end ] --END-- [ RunTime:0.000344s ]

[ 2021-04-07T21:25:12+08:00 ] ::1 /NewRPJ/index.php/Admin/Introduce/introduce.html
INFO: [ app_init ] --START--
INFO: Run Behavior\BuildLiteBehavior [ RunTime:0.000007s ]
INFO: [ app_init ] --END-- [ RunTime:0.000204s ]
INFO: [ app_begin ] --START--
INFO: Run Behavior\ReadHtmlCacheBehavior [ RunTime:0.000289s ]
INFO: [ app_begin ] --END-- [ RunTime:0.000304s ]
INFO: [ view_parse ] --START--
INFO: [ template_filter ] --START--
INFO: Run Behavior\ContentReplaceBehavior [ RunTime:0.000018s ]
INFO: [ template_filter ] --END-- [ RunTime:0.000037s ]
INFO: Run Behavior\ParseTemplateBehavior [ RunTime:0.003662s ]
INFO: [ view_parse ] --END-- [ RunTime:0.003679s ]
INFO: [ view_filter ] --START--
INFO: Run Behavior\WriteHtmlCacheBehavior [ RunTime:0.000090s ]
INFO: [ view_filter ] --END-- [ RunTime:0.000100s ]
INFO: [ app_end ] --START--
INFO: Run Behavior\ShowPageTraceBehavior [ RunTime:0.000306s ]
INFO: [ app_end ] --END-- [ RunTime:0.000319s ]

[ 2021-04-07T21:25:26+08:00 ] ::1 /NewRPJ/index.php/Admin/company/company_edit.html
INFO: [ app_init ] --START--
INFO: Run Behavior\BuildLiteBehavior [ RunTime:0.000007s ]
INFO: [ app_init ] --END-- [ RunTime:0.000197s ]
INFO: [ app_begin ] --START--
INFO: Run Behavior\ReadHtmlCacheBehavior [ RunTime:0.000326s ]
INFO: [ app_begin ] --END-- [ RunTime:0.000343s ]
SQL: SHOW COLUMNS FROM `rpj_company` [ RunTime:0.0411s ]
SQL: SELECT * FROM `rpj_company` WHERE ( id=1 )  [ RunTime:0.0410s ]
INFO: [ view_parse ] --START--
INFO: [ template_filter ] --START--
INFO: Run Behavior\ContentReplaceBehavior [ RunTime:0.000068s ]
INFO: [ template_filter ] --END-- [ RunTime:0.000097s ]
INFO: Run Behavior\ParseTemplateBehavior [ RunTime:0.006093s ]
INFO: [ view_parse ] --END-- [ RunTime:0.006115s ]
INFO: [ view_filter ] --START--
INFO: Run Behavior\WriteHtmlCacheBehavior [ RunTime:0.000167s ]
INFO: [ view_filter ] --END-- [ RunTime:0.000182s ]
INFO: [ app_end ] --START--
INFO: Run Behavior\ShowPageTraceBehavior [ RunTime:0.000467s ]
INFO: [ app_end ] --END-- [ RunTime:0.000484s ]

[ 2021-04-07T21:31:55+08:00 ] ::1 /NewRPJ/index.php/admin/index/index
INFO: [ app_init ] --START--
INFO: Run Behavior\BuildLiteBehavior [ RunTime:0.000009s ]
INFO: [ app_init ] --END-- [ RunTime:0.000346s ]
INFO: [ app_begin ] --START--
INFO: Run Behavior\ReadHtmlCacheBehavior [ RunTime:0.000275s ]
INFO: [ app_begin ] --END-- [ RunTime:0.000287s ]
INFO: [ view_parse ] --START--
INFO: [ template_filter ] --START--
INFO: Run Behavior\ContentReplaceBehavior [ RunTime:0.000113s ]
INFO: [ template_filter ] --END-- [ RunTime:0.000145s ]
INFO: Run Behavior\ParseTemplateBehavior [ RunTime:0.005756s ]
INFO: [ view_parse ] --END-- [ RunTime:0.005773s ]
INFO: [ view_filter ] --START--
INFO: Run Behavior\WriteHtmlCacheBehavior [ RunTime:0.000172s ]
INFO: [ view_filter ] --END-- [ RunTime:0.000185s ]
INFO: [ app_end ] --START--
INFO: Run Behavior\ShowPageTraceBehavior [ RunTime:0.000354s ]
INFO: [ app_end ] --END-- [ RunTime:0.000371s ]

[ 2021-04-07T21:31:55+08:00 ] ::1 /NewRPJ/index.php/Admin/Introduce/introduce.html
INFO: [ app_init ] --START--
INFO: Run Behavior\BuildLiteBehavior [ RunTime:0.000006s ]
INFO: [ app_init ] --END-- [ RunTime:0.000168s ]
INFO: [ app_begin ] --START--
INFO: Run Behavior\ReadHtmlCacheBehavior [ RunTime:0.000225s ]
INFO: [ app_begin ] --END-- [ RunTime:0.000237s ]
INFO: [ view_parse ] --START--
INFO: [ template_filter ] --START--
INFO: Run Behavior\ContentReplaceBehavior [ RunTime:0.000018s ]
INFO: [ template_filter ] --END-- [ RunTime:0.000035s ]
INFO: Run Behavior\ParseTemplateBehavior [ RunTime:0.003692s ]
INFO: [ view_parse ] --END-- [ RunTime:0.003703s ]
INFO: [ view_filter ] --START--
INFO: Run Behavior\WriteHtmlCacheBehavior [ RunTime:0.000087s ]
INFO: [ view_filter ] --END-- [ RunTime:0.000096s ]
INFO: [ app_end ] --START--
INFO: Run Behavior\ShowPageTraceBehavior [ RunTime:0.000268s ]
INFO: [ app_end ] --END-- [ RunTime:0.000278s ]

[ 2021-04-07T21:33:00+08:00 ] ::1 /NewRPJ/index.php/Admin/company/company_edit.html
INFO: [ app_init ] --START--
INFO: Run Behavior\BuildLiteBehavior [ RunTime:0.000005s ]
INFO: [ app_init ] --END-- [ RunTime:0.000178s ]
INFO: [ app_begin ] --START--
INFO: Run Behavior\ReadHtmlCacheBehavior [ RunTime:0.000232s ]
INFO: [ app_begin ] --END-- [ RunTime:0.000243s ]
SQL: SHOW COLUMNS FROM `rpj_company` [ RunTime:0.0412s ]
SQL: SELECT * FROM `rpj_company` WHERE ( id=1 )  [ RunTime:0.0411s ]
INFO: [ view_parse ] --START--
INFO: [ template_filter ] --START--
INFO: Run Behavior\ContentReplaceBehavior [ RunTime:0.000078s ]
INFO: [ template_filter ] --END-- [ RunTime:0.000102s ]
INFO: Run Behavior\ParseTemplateBehavior [ RunTime:0.008085s ]
INFO: [ view_parse ] --END-- [ RunTime:0.008108s ]
INFO: [ view_filter ] --START--
INFO: Run Behavior\WriteHtmlCacheBehavior [ RunTime:0.000148s ]
INFO: [ view_filter ] --END-- [ RunTime:0.000162s ]
INFO: [ app_end ] --START--
INFO: Run Behavior\ShowPageTraceBehavior [ RunTime:0.000425s ]
INFO: [ app_end ] --END-- [ RunTime:0.000441s ]

[ 2021-04-07T21:33:00+08:00 ] ::1 /NewRPJ/index.php/Admin/company/company_edit.html
INFO: [ app_init ] --START--
INFO: Run Behavior\BuildLiteBehavior [ RunTime:0.000006s ]
INFO: [ app_init ] --END-- [ RunTime:0.000221s ]
INFO: [ app_begin ] --START--
INFO: Run Behavior\ReadHtmlCacheBehavior [ RunTime:0.000557s ]
INFO: [ app_begin ] --END-- [ RunTime:0.000595s ]
SQL: SHOW COLUMNS FROM `rpj_company` [ RunTime:0.0431s ]
SQL: SELECT * FROM `rpj_company` WHERE ( id=1 )  [ RunTime:0.0433s ]
INFO: [ view_parse ] --START--
INFO: [ template_filter ] --START--
INFO: Run Behavior\ContentReplaceBehavior [ RunTime:0.000106s ]
INFO: [ template_filter ] --END-- [ RunTime:0.000152s ]
INFO: Run Behavior\ParseTemplateBehavior [ RunTime:0.008983s ]
INFO: [ view_parse ] --END-- [ RunTime:0.009016s ]
INFO: [ view_filter ] --START--
INFO: Run Behavior\WriteHtmlCacheBehavior [ RunTime:0.000191s ]
INFO: [ view_filter ] --END-- [ RunTime:0.000206s ]
INFO: [ app_end ] --START--
INFO: Run Behavior\ShowPageTraceBehavior [ RunTime:0.000506s ]
INFO: [ app_end ] --END-- [ RunTime:0.000528s ]

[ 2021-04-07T21:33:26+08:00 ] ::1 /NewRPJ/index.php/admin/company/company_edit.html
INFO: [ app_init ] --START--
INFO: Run Behavior\BuildLiteBehavior [ RunTime:0.000005s ]
INFO: [ app_init ] --END-- [ RunTime:0.000167s ]
INFO: [ app_begin ] --START--
INFO: Run Behavior\ReadHtmlCacheBehavior [ RunTime:0.000225s ]
INFO: [ app_begin ] --END-- [ RunTime:0.000238s ]
SQL: SHOW COLUMNS FROM `rpj_company` [ RunTime:0.0451s ]
NOTIC: [2] call_user_func() expects parameter 1 to be a valid callback, no array or string given /Users/chikwongyip/Code/php/NewRPJ/ThinkPHP/Library/Think/Upload.class.php 第 170 行.
ERR: 不存在的图像文件

[ 2021-04-07T21:34:14+08:00 ] ::1 /NewRPJ/index.php/admin/index/index
INFO: [ app_init ] --START--
INFO: Run Behavior\BuildLiteBehavior [ RunTime:0.000006s ]
INFO: [ app_init ] --END-- [ RunTime:0.000186s ]
INFO: [ app_begin ] --START--
INFO: Run Behavior\ReadHtmlCacheBehavior [ RunTime:0.000358s ]
INFO: [ app_begin ] --END-- [ RunTime:0.000377s ]
INFO: [ view_parse ] --START--
INFO: [ template_filter ] --START--
INFO: Run Behavior\ContentReplaceBehavior [ RunTime:0.000090s ]
INFO: [ template_filter ] --END-- [ RunTime:0.000112s ]
INFO: Run Behavior\ParseTemplateBehavior [ RunTime:0.006142s ]
INFO: [ view_parse ] --END-- [ RunTime:0.006159s ]
INFO: [ view_filter ] --START--
INFO: Run Behavior\WriteHtmlCacheBehavior [ RunTime:0.000125s ]
INFO: [ view_filter ] --END-- [ RunTime:0.000134s ]
INFO: [ app_end ] --START--
INFO: Run Behavior\ShowPageTraceBehavior [ RunTime:0.000359s ]
INFO: [ app_end ] --END-- [ RunTime:0.000375s ]

[ 2021-04-07T21:34:14+08:00 ] ::1 /NewRPJ/index.php/Admin/Introduce/introduce.html
INFO: [ app_init ] --START--
INFO: Run Behavior\BuildLiteBehavior [ RunTime:0.000005s ]
INFO: [ app_init ] --END-- [ RunTime:0.000162s ]
INFO: [ app_begin ] --START--
INFO: Run Behavior\ReadHtmlCacheBehavior [ RunTime:0.000218s ]
INFO: [ app_begin ] --END-- [ RunTime:0.000231s ]
INFO: [ view_parse ] --START--
INFO: [ template_filter ] --START--
INFO: Run Behavior\ContentReplaceBehavior [ RunTime:0.000022s ]
INFO: [ template_filter ] --END-- [ RunTime:0.000041s ]
INFO: Run Behavior\ParseTemplateBehavior [ RunTime:0.003558s ]
INFO: [ view_parse ] --END-- [ RunTime:0.003574s ]
INFO: [ view_filter ] --START--
INFO: Run Behavior\WriteHtmlCacheBehavior [ RunTime:0.000088s ]
INFO: [ view_filter ] --END-- [ RunTime:0.000099s ]
INFO: [ app_end ] --START--
INFO: Run Behavior\ShowPageTraceBehavior [ RunTime:0.000284s ]
INFO: [ app_end ] --END-- [ RunTime:0.000294s ]

[ 2021-04-07T21:34:15+08:00 ] ::1 /NewRPJ/index.php/Admin/company/company_edit.html
INFO: [ app_init ] --START--
INFO: Run Behavior\BuildLiteBehavior [ RunTime:0.000007s ]
INFO: [ app_init ] --END-- [ RunTime:0.000177s ]
INFO: [ app_begin ] --START--
INFO: Run Behavior\ReadHtmlCacheBehavior [ RunTime:0.000229s ]
INFO: [ app_begin ] --END-- [ RunTime:0.000242s ]
SQL: SHOW COLUMNS FROM `rpj_company` [ RunTime:0.0435s ]
SQL: SELECT * FROM `rpj_company` WHERE ( id=1 )  [ RunTime:0.0432s ]
INFO: [ view_parse ] --START--
INFO: [ template_filter ] --START--
INFO: Run Behavior\ContentReplaceBehavior [ RunTime:0.000068s ]
INFO: [ template_filter ] --END-- [ RunTime:0.000094s ]
INFO: Run Behavior\ParseTemplateBehavior [ RunTime:0.007701s ]
INFO: [ view_parse ] --END-- [ RunTime:0.007726s ]
INFO: [ view_filter ] --START--
INFO: Run Behavior\WriteHtmlCacheBehavior [ RunTime:0.000149s ]
INFO: [ view_filter ] --END-- [ RunTime:0.000163s ]
INFO: [ app_end ] --START--
INFO: Run Behavior\ShowPageTraceBehavior [ RunTime:0.000430s ]
INFO: [ app_end ] --END-- [ RunTime:0.000446s ]

[ 2021-04-07T21:34:39+08:00 ] ::1 /NewRPJ/index.php/admin/company/company_edit.html
INFO: [ app_init ] --START--
INFO: Run Behavior\BuildLiteBehavior [ RunTime:0.000006s ]
INFO: [ app_init ] --END-- [ RunTime:0.000201s ]
INFO: [ app_begin ] --START--
INFO: Run Behavior\ReadHtmlCacheBehavior [ RunTime:0.000274s ]
INFO: [ app_begin ] --END-- [ RunTime:0.000288s ]
SQL: SHOW COLUMNS FROM `rpj_company` [ RunTime:0.0408s ]
NOTIC: [2] call_user_func() expects parameter 1 to be a valid callback, no array or string given /Users/chikwongyip/Code/php/NewRPJ/ThinkPHP/Library/Think/Upload.class.php 第 170 行.
ERR: 不存在的图像文件

[ 2021-04-07T21:36:40+08:00 ] ::1 /NewRPJ/index.php/admin/index/index
INFO: [ app_init ] --START--
INFO: Run Behavior\BuildLiteBehavior [ RunTime:0.000009s ]
INFO: [ app_init ] --END-- [ RunTime:0.000204s ]
INFO: [ app_begin ] --START--
INFO: Run Behavior\ReadHtmlCacheBehavior [ RunTime:0.000355s ]
INFO: [ app_begin ] --END-- [ RunTime:0.000372s ]
INFO: [ view_parse ] --START--
INFO: [ template_filter ] --START--
INFO: Run Behavior\ContentReplaceBehavior [ RunTime:0.000086s ]
INFO: [ template_filter ] --END-- [ RunTime:0.000111s ]
INFO: Run Behavior\ParseTemplateBehavior [ RunTime:0.007653s ]
INFO: [ view_parse ] --END-- [ RunTime:0.007819s ]
INFO: [ view_filter ] --START--
INFO: Run Behavior\WriteHtmlCacheBehavior [ RunTime:0.000771s ]
INFO: [ view_filter ] --END-- [ RunTime:0.000796s ]
INFO: [ app_end ] --START--
INFO: Run Behavior\ShowPageTraceBehavior [ RunTime:0.001534s ]
INFO: [ app_end ] --END-- [ RunTime:0.001558s ]

[ 2021-04-07T21:36:40+08:00 ] ::1 /NewRPJ/index.php/Admin/Introduce/introduce.html
INFO: [ app_init ] --START--
INFO: Run Behavior\BuildLiteBehavior [ RunTime:0.000007s ]
INFO: [ app_init ] --END-- [ RunTime:0.000170s ]
INFO: [ app_begin ] --START--
INFO: Run Behavior\ReadHtmlCacheBehavior [ RunTime:0.000230s ]
INFO: [ app_begin ] --END-- [ RunTime:0.000243s ]
INFO: [ view_parse ] --START--
INFO: [ template_filter ] --START--
INFO: Run Behavior\ContentReplaceBehavior [ RunTime:0.000022s ]
INFO: [ template_filter ] --END-- [ RunTime:0.000044s ]
INFO: Run Behavior\ParseTemplateBehavior [ RunTime:0.003439s ]
INFO: [ view_parse ] --END-- [ RunTime:0.003452s ]
INFO: [ view_filter ] --START--
INFO: Run Behavior\WriteHtmlCacheBehavior [ RunTime:0.000101s ]
INFO: [ view_filter ] --END-- [ RunTime:0.000111s ]
INFO: [ app_end ] --START--
INFO: Run Behavior\ShowPageTraceBehavior [ RunTime:0.000297s ]
INFO: [ app_end ] --END-- [ RunTime:0.000380s ]

[ 2021-04-07T21:39:51+08:00 ] ::1 /NewRPJ/index.php/admin/index/index
INFO: [ app_init ] --START--
INFO: Run Behavior\BuildLiteBehavior [ RunTime:0.000009s ]
INFO: [ app_init ] --END-- [ RunTime:0.000227s ]
INFO: [ app_begin ] --START--
INFO: Run Behavior\ReadHtmlCacheBehavior [ RunTime:0.000268s ]
INFO: [ app_begin ] --END-- [ RunTime:0.000281s ]
INFO: [ view_parse ] --START--
INFO: [ template_filter ] --START--
INFO: Run Behavior\ContentReplaceBehavior [ RunTime:0.000143s ]
INFO: [ template_filter ] --END-- [ RunTime:0.000173s ]
INFO: Run Behavior\ParseTemplateBehavior [ RunTime:0.007586s ]
INFO: [ view_parse ] --END-- [ RunTime:0.007606s ]
INFO: [ view_filter ] --START--
INFO: Run Behavior\WriteHtmlCacheBehavior [ RunTime:0.000208s ]
INFO: [ view_filter ] --END-- [ RunTime:0.000220s ]
INFO: [ app_end ] --START--
INFO: Run Behavior\ShowPageTraceBehavior [ RunTime:0.000368s ]
INFO: [ app_end ] --END-- [ RunTime:0.000382s ]

[ 2021-04-07T21:39:51+08:00 ] ::1 /NewRPJ/index.php/Admin/Introduce/introduce.html
INFO: [ app_init ] --START--
INFO: Run Behavior\BuildLiteBehavior [ RunTime:0.000006s ]
INFO: [ app_init ] --END-- [ RunTime:0.000167s ]
INFO: [ app_begin ] --START--
INFO: Run Behavior\ReadHtmlCacheBehavior [ RunTime:0.000220s ]
INFO: [ app_begin ] --END-- [ RunTime:0.000232s ]
INFO: [ view_parse ] --START--
INFO: [ template_filter ] --START--
INFO: Run Behavior\ContentReplaceBehavior [ RunTime:0.000018s ]
INFO: [ template_filter ] --END-- [ RunTime:0.000035s ]
INFO: Run Behavior\ParseTemplateBehavior [ RunTime:0.003491s ]
INFO: [ view_parse ] --END-- [ RunTime:0.003504s ]
INFO: [ view_filter ] --START--
INFO: Run Behavior\WriteHtmlCacheBehavior [ RunTime:0.000104s ]
INFO: [ view_filter ] --END-- [ RunTime:0.000113s ]
INFO: [ app_end ] --START--
INFO: Run Behavior\ShowPageTraceBehavior [ RunTime:0.000283s ]
INFO: [ app_end ] --END-- [ RunTime:0.000293s ]

[ 2021-04-07T21:39:54+08:00 ] ::1 /NewRPJ/index.php/Admin/company/company_edit.html
INFO: [ app_init ] --START--
INFO: Run Behavior\BuildLiteBehavior [ RunTime:0.000007s ]
INFO: [ app_init ] --END-- [ RunTime:0.000202s ]
INFO: [ app_begin ] --START--
INFO: Run Behavior\ReadHtmlCacheBehavior [ RunTime:0.000230s ]
INFO: [ app_begin ] --END-- [ RunTime:0.000243s ]
SQL: SHOW COLUMNS FROM `rpj_company` [ RunTime:0.0427s ]
SQL: SELECT * FROM `rpj_company` WHERE ( id=1 )  [ RunTime:0.0424s ]
INFO: [ view_parse ] --START--
INFO: [ template_filter ] --START--
INFO: Run Behavior\ContentReplaceBehavior [ RunTime:0.000077s ]
INFO: [ template_filter ] --END-- [ RunTime:0.000103s ]
INFO: Run Behavior\ParseTemplateBehavior [ RunTime:0.009209s ]
INFO: [ view_parse ] --END-- [ RunTime:0.009235s ]
INFO: [ view_filter ] --START--
INFO: Run Behavior\WriteHtmlCacheBehavior [ RunTime:0.000156s ]
INFO: [ view_filter ] --END-- [ RunTime:0.000170s ]
INFO: [ app_end ] --START--
INFO: Run Behavior\ShowPageTraceBehavior [ RunTime:0.000590s ]
INFO: [ app_end ] --END-- [ RunTime:0.000613s ]

[ 2021-04-07T21:40:05+08:00 ] ::1 /NewRPJ/index.php/admin/company/company_edit.html
INFO: [ app_init ] --START--
INFO: Run Behavior\BuildLiteBehavior [ RunTime:0.000009s ]
INFO: [ app_init ] --END-- [ RunTime:0.000241s ]
INFO: [ app_begin ] --START--
INFO: Run Behavior\ReadHtmlCacheBehavior [ RunTime:0.000269s ]
INFO: [ app_begin ] --END-- [ RunTime:0.000330s ]
SQL: SHOW COLUMNS FROM `rpj_company` [ RunTime:0.0408s ]
NOTIC: [2] call_user_func() expects parameter 1 to be a valid callback, no array or string given /Users/chikwongyip/Code/php/NewRPJ/ThinkPHP/Library/Think/Upload.class.php 第 170 行.
NOTIC: [2] imagepng(/Upload/606db63591d1f.png): failed to open stream: No such file or directory /Users/chikwongyip/Code/php/NewRPJ/ThinkPHP/Library/Think/Image/Driver/Gd.class.php 第 99 行.
SQL: UPDATE `rpj_company` SET `name`='广州瑞谱佳科技有限公司',`icp`='粤ICP备17010798号-1',`tel`='1882746582',`address`='广州市番禺区东环街乐享街8号419',`description`='                     广州瑞谱佳科技有限公司主要经营实验室仪器设备和耗材。我们代理和经销许多著名国外厂商的优质产品，主要的客户是制药、教育及科研等领域。 广州瑞谱佳科技有限公司立足华南，作为专业的服务型供应商，我们致力于为客户提供世界上先进的产品和专业的服务。我们的品牌资源有： Merckmillipore（超纯水、血清、细胞培养基、微生物检测、超滤、生命科学部门产品等）；美国ThermoFisher Scientific公司（Sorvall离心机、Forma箱体及安全柜、Nalgene塑料制品、Nunc细胞培养耗材、Fisherbrand及Labserv实验室耗材及小型仪器，ABgene试剂耗材等）；Leica公司（显微镜、组织处理设备等）；德国耶拿Analytik Jena（原子吸收光谱仪，拉曼光谱仪等）                       ',`email`='527439024@QQ.COM',`logo`='/Upload/606db63591d1f.png' WHERE ( id=1 ) [ RunTime:0.0410s ]
SQL: SELECT * FROM `rpj_company` WHERE ( id=1 )  [ RunTime:0.0409s ]
INFO: [ view_parse ] --START--
INFO: [ template_filter ] --START--
INFO: Run Behavior\ContentReplaceBehavior [ RunTime:0.000109s ]
INFO: [ template_filter ] --END-- [ RunTime:0.000137s ]
INFO: Run Behavior\ParseTemplateBehavior [ RunTime:0.008868s ]
INFO: [ view_parse ] --END-- [ RunTime:0.008902s ]
INFO: [ view_filter ] --START--
INFO: Run Behavior\WriteHtmlCacheBehavior [ RunTime:0.000217s ]
INFO: [ view_filter ] --END-- [ RunTime:0.000238s ]
INFO: [ app_end ] --START--
INFO: Run Behavior\ShowPageTraceBehavior [ RunTime:0.000703s ]
INFO: [ app_end ] --END-- [ RunTime:0.000734s ]

[ 2021-04-07T21:42:39+08:00 ] ::1 /NewRPJ/index.php/admin/company/company_edit.html
INFO: [ app_init ] --START--
INFO: Run Behavior\BuildLiteBehavior [ RunTime:0.000009s ]
INFO: [ app_init ] --END-- [ RunTime:0.000321s ]
INFO: [ app_begin ] --START--
INFO: Run Behavior\ReadHtmlCacheBehavior [ RunTime:0.000402s ]
INFO: [ app_begin ] --END-- [ RunTime:0.000422s ]
SQL: SHOW COLUMNS FROM `rpj_company` [ RunTime:0.0416s ]
NOTIC: [2] call_user_func() expects parameter 1 to be a valid callback, no array or string given /Users/chikwongyip/Code/php/NewRPJ/ThinkPHP/Library/Think/Upload.class.php 第 170 行.
SQL: UPDATE `rpj_company` SET `name`='广州瑞谱佳科技有限公司',`icp`='粤ICP备17010798号-1',`tel`='1882746582',`address`='广州市番禺区东环街乐享街8号419',`description`='                      广州瑞谱佳科技有限公司主要经营实验室仪器设备和耗材。我们代理和经销许多著名国外厂商的优质产品，主要的客户是制药、教育及科研等领域。 广州瑞谱佳科技有限公司立足华南，作为专业的服务型供应商，我们致力于为客户提供世界上先进的产品和专业的服务。我们的品牌资源有： Merckmillipore（超纯水、血清、细胞培养基、微生物检测、超滤、生命科学部门产品等）；美国ThermoFisher Scientific公司（Sorvall离心机、Forma箱体及安全柜、Nalgene塑料制品、Nunc细胞培养耗材、Fisherbrand及Labserv实验室耗材及小型仪器，ABgene试剂耗材等）；Leica公司（显微镜、组织处理设备等）；德国耶拿Analytik Jena（原子吸收光谱仪，拉曼光谱仪等）                        ',`email`='527439024@QQ.COM',`logo`='/Upload/2021-04-07/606db6cf09dc2.png' WHERE ( id=1 ) [ RunTime:0.0417s ]
SQL: SELECT * FROM `rpj_company` WHERE ( id=1 )  [ RunTime:0.0414s ]
INFO: [ view_parse ] --START--
INFO: [ template_filter ] --START--
INFO: Run Behavior\ContentReplaceBehavior [ RunTime:0.000118s ]
INFO: [ template_filter ] --END-- [ RunTime:0.000148s ]
INFO: Run Behavior\ParseTemplateBehavior [ RunTime:0.009042s ]
INFO: [ view_parse ] --END-- [ RunTime:0.009069s ]
INFO: [ view_filter ] --START--
INFO: Run Behavior\WriteHtmlCacheBehavior [ RunTime:0.000212s ]
INFO: [ view_filter ] --END-- [ RunTime:0.000232s ]
INFO: [ app_end ] --START--
INFO: Run Behavior\ShowPageTraceBehavior [ RunTime:0.000484s ]
INFO: [ app_end ] --END-- [ RunTime:0.000503s ]

[ 2021-04-07T21:55:16+08:00 ] ::1 /NewRPJ/index.php/Admin/brand/brand_list.html
INFO: [ app_init ] --START--
INFO: Run Behavior\BuildLiteBehavior [ RunTime:0.000009s ]
INFO: [ app_init ] --END-- [ RunTime:0.000496s ]
INFO: [ app_begin ] --START--
INFO: Run Behavior\ReadHtmlCacheBehavior [ RunTime:0.000590s ]
INFO: [ app_begin ] --END-- [ RunTime:0.000607s ]
SQL: SHOW COLUMNS FROM `rpj_brand` [ RunTime:0.0443s ]
SQL: SELECT * FROM `rpj_brand`  [ RunTime:0.0435s ]
INFO: [ view_parse ] --START--
INFO: [ template_filter ] --START--
INFO: Run Behavior\ContentReplaceBehavior [ RunTime:0.000060s ]
INFO: [ template_filter ] --END-- [ RunTime:0.000082s ]
NOTIC: [2] Use of undefined constant brand_id - assumed 'brand_id' (this will throw an Error in a future version of PHP) /Users/chikwongyip/Code/php/NewRPJ/Application/Runtime/Cache/Admin/141d3e8e8840e90d168b4c918cada876.php 第 188 行.
NOTIC: [2] Use of undefined constant brand_id - assumed 'brand_id' (this will throw an Error in a future version of PHP) /Users/chikwongyip/Code/php/NewRPJ/Application/Runtime/Cache/Admin/141d3e8e8840e90d168b4c918cada876.php 第 188 行.
NOTIC: [2] Use of undefined constant brand_id - assumed 'brand_id' (this will throw an Error in a future version of PHP) /Users/chikwongyip/Code/php/NewRPJ/Application/Runtime/Cache/Admin/141d3e8e8840e90d168b4c918cada876.php 第 188 行.
INFO: Run Behavior\ParseTemplateBehavior [ RunTime:0.009161s ]
INFO: [ view_parse ] --END-- [ RunTime:0.009188s ]
INFO: [ view_filter ] --START--
INFO: Run Behavior\WriteHtmlCacheBehavior [ RunTime:0.000415s ]
INFO: [ view_filter ] --END-- [ RunTime:0.000432s ]
INFO: [ app_end ] --START--
INFO: Run Behavior\ShowPageTraceBehavior [ RunTime:0.000591s ]
INFO: [ app_end ] --END-- [ RunTime:0.000608s ]

[ 2021-04-07T21:55:18+08:00 ] ::1 /NewRPJ/index.php/admin/brand/brand_add.html
INFO: [ app_init ] --START--
INFO: Run Behavior\BuildLiteBehavior [ RunTime:0.000009s ]
INFO: [ app_init ] --END-- [ RunTime:0.000194s ]
INFO: [ app_begin ] --START--
INFO: Run Behavior\ReadHtmlCacheBehavior [ RunTime:0.000281s ]
INFO: [ app_begin ] --END-- [ RunTime:0.000296s ]
SQL: SHOW COLUMNS FROM `rpj_brand` [ RunTime:0.0459s ]
INFO: [ view_parse ] --START--
INFO: [ template_filter ] --START--
INFO: Run Behavior\ContentReplaceBehavior [ RunTime:0.000066s ]
INFO: [ template_filter ] --END-- [ RunTime:0.000098s ]
INFO: Run Behavior\ParseTemplateBehavior [ RunTime:0.009375s ]
INFO: [ view_parse ] --END-- [ RunTime:0.009403s ]
INFO: [ view_filter ] --START--
INFO: Run Behavior\WriteHtmlCacheBehavior [ RunTime:0.000178s ]
INFO: [ view_filter ] --END-- [ RunTime:0.000194s ]
INFO: [ app_end ] --START--
INFO: Run Behavior\ShowPageTraceBehavior [ RunTime:0.000516s ]
INFO: [ app_end ] --END-- [ RunTime:0.000532s ]

